[Choosing CUDA device...]
NVIDIA A40
[Creating bb kernel...]
[Done creating bb kernel]
CHORD 8-bit baseband beamformer
J[t,p,f,b] = s[b,p,f] Σ[d] A[d,b,p,f] E[d,p,f,t]
Compiling kernel...
Allocating input data...
Setting up input data...
    freq=24 polr=0 time=3362 dish=119 beam=60 Eval=-3 - 5im Aval=-88 + 37im sval=7 Jval=4 + 3im
    freq=10 polr=1 time=10655 dish=257 beam=78 Eval=-6 - 3im Aval=-40 - 79im sval=8 Jval=0 + 2im
    freq=12 polr=0 time=31082 dish=402 beam=91 Eval=2 + 5im Aval=32 - 3im sval=8 Jval=0 + 1im
    freq=42 polr=1 time=21186 dish=218 beam=59 Eval=0 + 7im Aval=-49 - 22im sval=6 Jval=2 - 5im
    freq=27 polr=0 time=28172 dish=187 beam=20 Eval=1 - 6im Aval=-23 - 116im sval=8 Jval=-3 + 0im
    freq=5 polr=1 time=9830 dish=386 beam=18 Eval=5 - 3im Aval=78 + 105im sval=9 Jval=1 + 1im
    freq=2 polr=0 time=28496 dish=9 beam=12 Eval=6 + 7im Aval=-19 + 80im sval=8 Jval=-3 + 1im
    freq=15 polr=0 time=15183 dish=511 beam=14 Eval=-2 + 3im Aval=-41 + 29im sval=7 Jval=0 - 1im
    freq=6 polr=1 time=31192 dish=223 beam=13 Eval=3 + 3im Aval=81 - 125im sval=9 Jval=1 + 0im
    freq=19 polr=0 time=5987 dish=268 beam=58 Eval=7 + 0im Aval=-60 - 37im sval=8 Jval=-2 - 1im
    freq=28 polr=0 time=6996 dish=497 beam=16 Eval=1 - 6im Aval=95 - 49im sval=9 Jval=0 - 1im
    freq=17 polr=0 time=11715 dish=137 beam=23 Eval=-3 + 7im Aval=107 - 69im sval=9 Jval=0 + 2im
    freq=44 polr=1 time=4851 dish=353 beam=86 Eval=-3 - 6im Aval=-79 + 105im sval=7 Jval=7 + 1im
    freq=2 polr=0 time=28987 dish=100 beam=4 Eval=-5 - 4im Aval=123 - 47im sval=10 Jval=-1 + 0im
    freq=3 polr=0 time=19026 dish=59 beam=34 Eval=-6 - 2im Aval=-2 + 71im sval=6 Jval=2 - 7im
    freq=14 polr=1 time=11148 dish=424 beam=0 Eval=-6 + 6im Aval=-59 + 30im sval=9 Jval=0 - 1im
    freq=7 polr=0 time=29493 dish=199 beam=33 Eval=4 + 4im Aval=22 + 118im sval=7 Jval=-3 + 4im
    freq=28 polr=0 time=18028 dish=234 beam=35 Eval=-6 + 7im Aval=32 - 110im sval=7 Jval=5 + 7im
    freq=41 polr=1 time=17481 dish=71 beam=41 Eval=-2 - 3im Aval=-117 - 57im sval=7 Jval=1 + 4im
    freq=38 polr=1 time=22166 dish=370 beam=22 Eval=-1 - 3im Aval=-60 - 20im sval=7 Jval=0 + 2im
    freq=15 polr=1 time=5963 dish=326 beam=33 Eval=-5 - 4im Aval=49 + 121im sval=8 Jval=1 - 3im
    freq=40 polr=0 time=4057 dish=350 beam=22 Eval=5 + 3im Aval=10 + 31im sval=7 Jval=0 + 1im
    freq=31 polr=0 time=4011 dish=112 beam=68 Eval=7 + 0im Aval=56 + 75im sval=8 Jval=2 + 2im
    freq=26 polr=0 time=15726 dish=241 beam=68 Eval=3 - 2im Aval=32 - 15im sval=6 Jval=1 - 2im
    freq=31 polr=0 time=25286 dish=361 beam=4 Eval=0 + 2im Aval=82 + 22im sval=7 Jval=0 + 1im
    freq=13 polr=1 time=7638 dish=192 beam=33 Eval=3 + 5im Aval=-91 - 119im sval=9 Jval=1 - 2im
    freq=18 polr=0 time=7621 dish=310 beam=25 Eval=-2 + 5im Aval=108 + 1im sval=7 Jval=-2 + 4im
    freq=8 polr=1 time=15256 dish=313 beam=46 Eval=5 + 1im Aval=64 - 57im sval=8 Jval=1 - 1im
    freq=36 polr=0 time=6446 dish=504 beam=26 Eval=2 - 7im Aval=25 + 88im sval=10 Jval=1 + 0im
    freq=14 polr=0 time=18987 dish=466 beam=76 Eval=2 + 5im Aval=-74 - 20im sval=7 Jval=0 - 3im
    freq=11 polr=0 time=6541 dish=203 beam=11 Eval=-4 - 5im Aval=-124 + 25im sval=7 Jval=5 + 4im
    freq=23 polr=0 time=31670 dish=383 beam=38 Eval=-1 - 5im Aval=-91 - 6im sval=8 Jval=0 + 2im
    freq=25 polr=1 time=31716 dish=164 beam=35 Eval=5 + 0im Aval=11 - 74im sval=9 Jval=0 - 1im
    freq=42 polr=1 time=9608 dish=293 beam=31 Eval=-1 - 3im Aval=119 - 18im sval=8 Jval=-1 - 1im
    freq=12 polr=0 time=7445 dish=401 beam=82 Eval=-2 + 0im Aval=-86 - 69im sval=6 Jval=3 + 2im
    freq=23 polr=0 time=15439 dish=392 beam=87 Eval=5 - 1im Aval=-61 + 69im sval=8 Jval=-1 + 2im
    freq=10 polr=1 time=378 dish=337 beam=57 Eval=-7 + 5im Aval=-35 + 102im sval=10 Jval=0 - 1im
    freq=38 polr=0 time=22801 dish=274 beam=9 Eval=-6 + 4im Aval=63 - 67im sval=10 Jval=0 + 1im
    freq=1 polr=1 time=32767 dish=183 beam=21 Eval=-3 + 6im Aval=-31 + 47im sval=6 Jval=-3 - 5im
    freq=30 polr=0 time=28554 dish=346 beam=82 Eval=-7 + 3im Aval=80 + 24im sval=8 Jval=-2 + 0im
    freq=47 polr=1 time=3886 dish=50 beam=34 Eval=4 + 3im Aval=-35 + 82im sval=6 Jval=-6 + 4im
    freq=24 polr=1 time=29781 dish=469 beam=12 Eval=2 - 3im Aval=75 - 102im sval=9 Jval=0 - 1im
    freq=1 polr=1 time=24221 dish=306 beam=71 Eval=0 + 1im Aval=-99 - 61im sval=7 Jval=1 - 1im
    freq=25 polr=1 time=21881 dish=13 beam=48 Eval=-3 + 6im Aval=-107 + 24im sval=9 Jval=0 - 1im
    freq=10 polr=1 time=11890 dish=239 beam=27 Eval=5 - 6im Aval=20 - 91im sval=8 Jval=-2 - 2im
    freq=46 polr=1 time=9204 dish=496 beam=43 Eval=-2 - 5im Aval=50 - 51im sval=7 Jval=-3 - 1im
    freq=5 polr=0 time=31258 dish=332 beam=46 Eval=-3 + 1im Aval=-87 + 100im sval=8 Jval=1 - 1im
    freq=11 polr=0 time=3482 dish=310 beam=18 Eval=3 + 7im Aval=76 + 45im sval=8 Jval=0 + 3im
    freq=19 polr=0 time=19738 dish=397 beam=13 Eval=-5 + 2im Aval=-80 - 57im sval=9 Jval=1 + 0im
    freq=32 polr=1 time=9227 dish=231 beam=95 Eval=6 - 4im Aval=-2 + 41im sval=9 Jval=0 + 1im
    freq=45 polr=1 time=14638 dish=419 beam=20 Eval=5 - 6im Aval=121 - 21im sval=9 Jval=1 - 2im
    freq=19 polr=0 time=13470 dish=266 beam=54 Eval=-2 - 2im Aval=-91 + 66im sval=6 Jval=5 + 1im
    freq=22 polr=1 time=11985 dish=289 beam=5 Eval=-5 + 2im Aval=122 + 120im sval=7 Jval=-7 - 3im
    freq=37 polr=0 time=22948 dish=491 beam=34 Eval=-3 + 3im Aval=-18 + 109im sval=6 Jval=-4 - 6im
    freq=6 polr=0 time=10228 dish=511 beam=7 Eval=-3 - 4im Aval=31 + 98im sval=6 Jval=5 - 6im
    freq=12 polr=0 time=1325 dish=51 beam=54 Eval=2 - 1im Aval=46 + 109im sval=8 Jval=1 + 1im
    freq=4 polr=1 time=13170 dish=349 beam=43 Eval=7 - 3im Aval=48 + 81im sval=10 Jval=1 + 0im
    freq=3 polr=0 time=8841 dish=189 beam=33 Eval=2 + 3im Aval=-83 + 38im sval=7 Jval=-2 - 1im
    freq=8 polr=0 time=30723 dish=300 beam=16 Eval=2 + 1im Aval=-85 + 88im sval=6 Jval=-4 + 1im
    freq=32 polr=1 time=3323 dish=305 beam=52 Eval=-3 + 7im Aval=-4 - 3im sval=4 Jval=2 - 1im
    freq=36 polr=0 time=15831 dish=85 beam=46 Eval=5 + 1im Aval=-13 + 27im sval=7 Jval=-1 + 1im
    freq=6 polr=0 time=24327 dish=89 beam=68 Eval=-2 + 0im Aval=-77 + 105im sval=7 Jval=1 - 2im
    freq=30 polr=0 time=3990 dish=364 beam=52 Eval=-3 + 0im Aval=-92 - 92im sval=8 Jval=1 + 1im
    freq=46 polr=1 time=7286 dish=499 beam=81 Eval=7 + 2im Aval=-16 + 126im sval=8 Jval=-1 + 3im
    freq=38 polr=1 time=12775 dish=318 beam=19 Eval=-5 - 6im Aval=42 - 99im sval=8 Jval=-3 + 1im
    freq=6 polr=1 time=10105 dish=487 beam=11 Eval=-7 + 6im Aval=-29 + 65im sval=7 Jval=-1 - 5im
    freq=10 polr=0 time=24910 dish=401 beam=80 Eval=-6 + 3im Aval=49 + 53im sval=6 Jval=-7 - 3im
    freq=18 polr=0 time=5673 dish=425 beam=3 Eval=2 + 0im Aval=20 - 35im sval=7 Jval=0 - 1im
    freq=40 polr=1 time=6170 dish=236 beam=58 Eval=0 + 1im Aval=127 + 18im sval=7 Jval=0 + 1im
    freq=4 polr=0 time=24743 dish=153 beam=51 Eval=1 - 7im Aval=-127 - 99im sval=8 Jval=-3 + 3im
    freq=25 polr=1 time=10076 dish=480 beam=68 Eval=-3 + 4im Aval=113 + 121im sval=7 Jval=-6 + 1im
    freq=41 polr=0 time=2833 dish=0 beam=80 Eval=-1 + 2im Aval=62 - 24im sval=8 Jval=0 + 1im
    freq=2 polr=0 time=16819 dish=152 beam=66 Eval=5 + 3im Aval=109 - 80im sval=8 Jval=3 + 0im
    freq=11 polr=1 time=31514 dish=477 beam=84 Eval=3 - 4im Aval=76 + 78im sval=7 Jval=4 - 1im
    freq=26 polr=0 time=9954 dish=440 beam=7 Eval=2 - 3im Aval=-94 + 93im sval=8 Jval=0 + 2im
    freq=12 polr=0 time=7198 dish=1 beam=93 Eval=6 + 5im Aval=-52 - 69im sval=8 Jval=0 - 3im
    freq=24 polr=0 time=11914 dish=167 beam=9 Eval=7 + 3im Aval=-31 + 115im sval=10 Jval=-1 + 1im
    freq=30 polr=0 time=12015 dish=483 beam=56 Eval=5 - 5im Aval=29 - 74im sval=8 Jval=-1 - 2im
    freq=15 polr=0 time=3609 dish=6 beam=2 Eval=7 + 1im Aval=-91 - 88im sval=10 Jval=-1 - 1im
    freq=33 polr=0 time=18637 dish=486 beam=4 Eval=4 + 7im Aval=-95 + 18im sval=7 Jval=-4 - 5im
    freq=12 polr=0 time=9942 dish=383 beam=73 Eval=1 - 6im Aval=44 - 105im sval=9 Jval=-1 - 1im
    freq=26 polr=0 time=26475 dish=60 beam=46 Eval=2 - 3im Aval=52 - 68im sval=8 Jval=0 - 1im
    freq=7 polr=0 time=15320 dish=268 beam=16 Eval=5 - 1im Aval=-40 - 88im sval=8 Jval=-1 - 2im
    freq=21 polr=0 time=28840 dish=205 beam=28 Eval=-1 + 0im Aval=-33 + 116im sval=5 Jval=1 - 3im
    freq=24 polr=1 time=20167 dish=218 beam=57 Eval=0 + 7im Aval=-21 + 107im sval=8 Jval=-3 - 1im
    freq=0 polr=0 time=32693 dish=350 beam=24 Eval=-1 - 2im Aval=96 - 71im sval=8 Jval=-1 + 0im
    freq=29 polr=0 time=25685 dish=18 beam=18 Eval=3 - 1im Aval=107 - 47im sval=8 Jval=1 - 1im
    freq=16 polr=0 time=2046 dish=450 beam=82 Eval=2 - 7im Aval=14 - 55im sval=7 Jval=-3 - 2im
    freq=44 polr=0 time=7482 dish=387 beam=75 Eval=-5 + 0im Aval=-62 - 113im sval=9 Jval=1 + 1im
    freq=16 polr=1 time=26727 dish=322 beam=67 Eval=5 - 7im Aval=63 + 66im sval=9 Jval=2 + 0im
    freq=26 polr=0 time=14027 dish=184 beam=16 Eval=-1 - 1im Aval=84 - 64im sval=8 Jval=-1 + 0im
    freq=6 polr=0 time=8560 dish=371 beam=42 Eval=-7 - 5im Aval=44 - 119im sval=10 Jval=-1 + 1im
    freq=34 polr=0 time=21525 dish=406 beam=56 Eval=-2 - 6im Aval=2 - 38im sval=7 Jval=-2 + 1im
    freq=3 polr=1 time=20205 dish=178 beam=40 Eval=-5 + 4im Aval=-79 - 53im sval=10 Jval=1 + 0im
    freq=38 polr=0 time=9813 dish=419 beam=12 Eval=-4 + 0im Aval=-93 + 3im sval=6 Jval=6 + 0im
    freq=7 polr=1 time=27307 dish=101 beam=47 Eval=2 + 1im Aval=87 + 89im sval=6 Jval=1 + 4im
    freq=34 polr=1 time=3608 dish=92 beam=38 Eval=2 + 7im Aval=18 - 47im sval=9 Jval=1 + 0im
    freq=17 polr=0 time=4223 dish=84 beam=32 Eval=-7 + 4im Aval=83 - 19im sval=9 Jval=-1 + 1im
    freq=12 polr=1 time=30523 dish=456 beam=53 Eval=-4 - 1im Aval=73 - 30im sval=6 Jval=-5 + 1im
    freq=14 polr=1 time=27061 dish=478 beam=76 Eval=6 - 2im Aval=-29 - 99im sval=10 Jval=0 - 1im
    freq=36 polr=0 time=21127 dish=504 beam=1 Eval=-6 + 6im Aval=98 - 16im sval=9 Jval=-1 + 1im
    freq=44 polr=1 time=25247 dish=349 beam=86 Eval=1 - 7im Aval=70 - 113im sval=7 Jval=-6 - 5im
    freq=14 polr=1 time=15530 dish=411 beam=62 Eval=5 + 2im Aval=-31 - 63im sval=6 Jval=0 - 6im
    freq=6 polr=0 time=4116 dish=299 beam=43 Eval=-1 + 7im Aval=20 - 25im sval=8 Jval=1 + 1im
    freq=42 polr=1 time=7130 dish=243 beam=83 Eval=-7 - 4im Aval=-100 - 42im sval=7 Jval=4 + 5im
    freq=18 polr=0 time=28556 dish=84 beam=57 Eval=-5 + 4im Aval=83 + 42im sval=9 Jval=-1 + 0im
    freq=26 polr=0 time=20823 dish=333 beam=2 Eval=6 - 2im Aval=-77 - 3im sval=9 Jval=-1 + 0im
    freq=15 polr=0 time=10971 dish=405 beam=56 Eval=7 - 1im Aval=106 - 45im sval=10 Jval=1 + 0im
    freq=20 polr=1 time=23570 dish=292 beam=8 Eval=5 + 5im Aval=79 - 92im sval=9 Jval=2 + 0im
    freq=45 polr=1 time=32452 dish=397 beam=85 Eval=-3 - 4im Aval=76 - 93im sval=10 Jval=-1 + 0im
    freq=34 polr=1 time=14696 dish=356 beam=84 Eval=3 + 5im Aval=118 + 11im sval=7 Jval=2 + 5im
    freq=7 polr=0 time=348 dish=465 beam=70 Eval=4 - 4im Aval=91 - 87im sval=10 Jval=0 - 1im
    freq=4 polr=0 time=7960 dish=332 beam=70 Eval=-4 + 4im Aval=-101 - 19im sval=9 Jval=1 - 1im
    freq=7 polr=1 time=16837 dish=33 beam=8 Eval=-3 - 5im Aval=92 - 73im sval=9 Jval=-1 + 0im
    freq=21 polr=1 time=5599 dish=437 beam=18 Eval=-4 + 5im Aval=22 + 27im sval=8 Jval=-1 + 0im
    freq=21 polr=1 time=21170 dish=179 beam=52 Eval=4 - 6im Aval=95 + 87im sval=9 Jval=2 + 0im
    freq=24 polr=1 time=20482 dish=483 beam=82 Eval=3 - 7im Aval=-4 - 87im sval=7 Jval=-5 - 2im
    freq=34 polr=1 time=2353 dish=121 beam=25 Eval=-7 - 7im Aval=36 - 116im sval=11 Jval=-1 + 0im
    freq=33 polr=0 time=27073 dish=421 beam=6 Eval=-5 + 0im Aval=2 + 28im sval=8 Jval=0 - 1im
    freq=18 polr=0 time=6240 dish=85 beam=66 Eval=-4 - 3im Aval=74 - 36im sval=7 Jval=-3 - 1im
    freq=39 polr=1 time=17607 dish=245 beam=41 Eval=4 - 3im Aval=-126 - 46im sval=7 Jval=-5 + 2im
    freq=5 polr=0 time=24986 dish=478 beam=8 Eval=-4 + 7im Aval=81 - 30im sval=8 Jval=0 + 3im
    freq=45 polr=1 time=22339 dish=184 beam=62 Eval=4 - 5im Aval=-85 - 99im sval=10 Jval=-1 + 0im
    freq=18 polr=0 time=7118 dish=496 beam=40 Eval=5 - 7im Aval=75 - 110im sval=11 Jval=0 - 1im
    freq=5 polr=0 time=16868 dish=71 beam=55 Eval=-6 - 6im Aval=62 + 64im sval=9 Jval=0 - 1im
    freq=45 polr=0 time=14917 dish=332 beam=49 Eval=2 - 5im Aval=98 + 99im sval=7 Jval=5 - 2im
    freq=27 polr=1 time=32235 dish=48 beam=11 Eval=-5 + 6im Aval=7 - 61im sval=8 Jval=1 + 1im
    freq=42 polr=0 time=32556 dish=317 beam=87 Eval=-1 + 7im Aval=36 + 44im sval=8 Jval=-1 + 1im
    freq=0 polr=0 time=18276 dish=153 beam=43 Eval=6 - 4im Aval=-91 + 18im sval=7 Jval=-4 + 4im
    freq=2 polr=1 time=23016 dish=257 beam=43 Eval=-5 - 4im Aval=79 + 53im sval=10 Jval=0 - 1im
    freq=6 polr=1 time=13479 dish=248 beam=1 Eval=-4 + 0im Aval=108 - 49im sval=6 Jval=-7 + 3im
    freq=32 polr=1 time=28288 dish=190 beam=59 Eval=-5 + 5im Aval=15 + 122im sval=10 Jval=-1 - 1im
    freq=20 polr=0 time=16397 dish=193 beam=33 Eval=1 - 6im Aval=-81 + 74im sval=9 Jval=1 + 1im
    freq=19 polr=1 time=31967 dish=429 beam=67 Eval=5 - 3im Aval=85 + 115im sval=9 Jval=2 + 1im
    freq=21 polr=1 time=20030 dish=37 beam=46 Eval=0 + 5im Aval=-54 - 119im sval=8 Jval=2 - 1im
    freq=21 polr=1 time=3900 dish=276 beam=87 Eval=4 - 5im Aval=45 + 41im sval=6 Jval=6 - 1im
    freq=39 polr=0 time=26408 dish=470 beam=47 Eval=0 + 7im Aval=39 + 122im sval=9 Jval=-2 + 1im
    freq=5 polr=0 time=25492 dish=219 beam=32 Eval=-5 + 1im Aval=84 + 20im sval=6 Jval=-7 + 0im
    freq=47 polr=1 time=15007 dish=507 beam=61 Eval=-7 - 7im Aval=53 - 69im sval=7 Jval=-7 + 1im
    freq=25 polr=1 time=11004 dish=341 beam=53 Eval=-2 - 4im Aval=-61 + 63im sval=6 Jval=6 + 2im
    freq=31 polr=1 time=20923 dish=227 beam=60 Eval=6 - 6im Aval=33 - 122im sval=9 Jval=-1 - 2im
    freq=28 polr=1 time=15739 dish=6 beam=61 Eval=4 + 6im Aval=46 + 93im sval=9 Jval=-1 + 1im
    freq=41 polr=0 time=19691 dish=80 beam=77 Eval=-2 + 7im Aval=-89 - 115im sval=8 Jval=4 - 2im
    freq=32 polr=0 time=21309 dish=151 beam=49 Eval=1 + 2im Aval=-102 - 119im sval=6 Jval=2 - 5im
    freq=11 polr=0 time=15467 dish=163 beam=26 Eval=0 + 2im Aval=-108 + 41im sval=5 Jval=-2 - 7im
    freq=12 polr=0 time=15464 dish=312 beam=70 Eval=2 - 7im Aval=85 - 113im sval=7 Jval=-5 - 6im
    freq=16 polr=1 time=30000 dish=7 beam=40 Eval=3 - 1im Aval=107 - 81im sval=7 Jval=2 - 3im
    freq=14 polr=1 time=32039 dish=57 beam=23 Eval=-6 - 4im Aval=-77 + 59im sval=10 Jval=1 + 0im
    freq=42 polr=1 time=2486 dish=471 beam=0 Eval=-4 + 0im Aval=-86 - 23im sval=7 Jval=3 + 1im
    freq=40 polr=1 time=10815 dish=344 beam=51 Eval=-4 + 3im Aval=-67 + 12im sval=7 Jval=2 - 2im
    freq=39 polr=1 time=4982 dish=162 beam=65 Eval=4 - 7im Aval=100 + 79im sval=8 Jval=4 - 1im
    freq=29 polr=1 time=14414 dish=457 beam=80 Eval=-5 - 1im Aval=-121 + 66im sval=10 Jval=1 + 0im
    freq=10 polr=1 time=26355 dish=321 beam=61 Eval=-6 + 0im Aval=-84 - 101im sval=7 Jval=4 + 5im
    freq=33 polr=1 time=28436 dish=450 beam=53 Eval=7 + 7im Aval=-121 - 36im sval=10 Jval=-1 - 1im
    freq=13 polr=0 time=22474 dish=214 beam=55 Eval=-3 + 4im Aval=-62 - 47im sval=7 Jval=3 - 1im
    freq=13 polr=1 time=24067 dish=505 beam=53 Eval=-1 - 1im Aval=-6 + 41im sval=5 Jval=2 - 1im
    freq=2 polr=0 time=26574 dish=341 beam=40 Eval=-7 + 4im Aval=116 - 51im sval=8 Jval=-2 + 3im
    freq=30 polr=1 time=8729 dish=24 beam=8 Eval=-2 + 0im Aval=-81 + 49im sval=8 Jval=1 + 0im
    freq=1 polr=1 time=19356 dish=407 beam=14 Eval=3 + 2im Aval=-120 + 100im sval=8 Jval=-2 + 0im
    freq=46 polr=1 time=16528 dish=160 beam=32 Eval=-1 - 7im Aval=-35 + 77im sval=9 Jval=1 + 0im
    freq=33 polr=0 time=12391 dish=173 beam=2 Eval=1 - 1im Aval=-67 - 87im sval=7 Jval=-1 + 0im
    freq=8 polr=1 time=17791 dish=12 beam=45 Eval=-1 + 0im Aval=75 - 68im sval=5 Jval=-2 + 2im
    freq=38 polr=1 time=13715 dish=412 beam=93 Eval=0 - 2im Aval=57 + 92im sval=7 Jval=1 - 1im
    freq=14 polr=1 time=29590 dish=489 beam=56 Eval=-5 - 4im Aval=-110 + 23im sval=7 Jval=5 + 3im
    freq=41 polr=0 time=22226 dish=25 beam=43 Eval=0 - 4im Aval=-104 - 86im sval=7 Jval=-3 + 3im
    freq=22 polr=0 time=31498 dish=297 beam=60 Eval=-6 - 3im Aval=72 - 66im sval=9 Jval=-1 + 0im
    freq=20 polr=1 time=7164 dish=304 beam=14 Eval=-7 + 3im Aval=41 - 16im sval=6 Jval=-4 + 4im
    freq=16 polr=1 time=11509 dish=182 beam=78 Eval=4 + 7im Aval=7 - 28im sval=6 Jval=4 - 1im
    freq=38 polr=0 time=32758 dish=265 beam=18 Eval=0 + 3im Aval=54 - 95im sval=8 Jval=1 + 1im
    freq=0 polr=0 time=30633 dish=486 beam=5 Eval=-3 + 0im Aval=-70 + 5im sval=5 Jval=7 + 0im
    freq=19 polr=0 time=17034 dish=149 beam=72 Eval=-6 - 1im Aval=40 + 43im sval=6 Jval=-3 - 5im
    freq=37 polr=1 time=28285 dish=34 beam=90 Eval=-6 - 6im Aval=101 + 5im sval=10 Jval=-1 - 1im
    freq=4 polr=1 time=27187 dish=209 beam=91 Eval=0 - 4im Aval=53 - 63im sval=6 Jval=-4 - 3im
    freq=7 polr=1 time=7620 dish=75 beam=6 Eval=-2 + 1im Aval=-4 - 24im sval=4 Jval=2 + 3im
    freq=4 polr=1 time=6091 dish=151 beam=83 Eval=-6 - 2im Aval=-74 + 41im sval=7 Jval=4 - 1im
    freq=41 polr=1 time=9188 dish=164 beam=75 Eval=1 - 4im Aval=1 - 105im sval=8 Jval=-2 + 0im
    freq=29 polr=1 time=31107 dish=272 beam=45 Eval=1 - 7im Aval=-120 + 27im sval=10 Jval=0 + 1im
    freq=9 polr=1 time=6863 dish=282 beam=8 Eval=3 - 3im Aval=-120 - 107im sval=10 Jval=-1 + 0im
    freq=33 polr=0 time=8384 dish=201 beam=54 Eval=2 - 5im Aval=-18 + 127im sval=8 Jval=2 + 1im
    freq=31 polr=0 time=30184 dish=282 beam=94 Eval=-7 + 0im Aval=-125 - 38im sval=7 Jval=7 + 2im
    freq=29 polr=0 time=25426 dish=432 beam=44 Eval=4 + 0im Aval=26 - 13im sval=6 Jval=2 - 1im
    freq=28 polr=0 time=5519 dish=197 beam=94 Eval=0 + 6im Aval=-123 - 29im sval=7 Jval=1 - 6im
    freq=24 polr=1 time=13227 dish=143 beam=86 Eval=-2 + 1im Aval=115 + 0im sval=5 Jval=-7 + 4im
    freq=20 polr=0 time=2978 dish=308 beam=2 Eval=6 - 6im Aval=5 + 112im sval=8 Jval=3 + 3im
    freq=46 polr=1 time=30828 dish=169 beam=80 Eval=-7 + 1im Aval=22 + 66im sval=7 Jval=-2 - 3im
    freq=42 polr=0 time=21200 dish=467 beam=4 Eval=2 + 6im Aval=-34 + 40im sval=9 Jval=-1 + 0im
    freq=14 polr=1 time=237 dish=33 beam=36 Eval=-2 + 2im Aval=-126 + 34im sval=6 Jval=3 - 5im
    freq=33 polr=1 time=271 dish=417 beam=50 Eval=-5 + 7im Aval=-110 + 89im sval=10 Jval=0 - 1im
    freq=16 polr=1 time=31167 dish=138 beam=38 Eval=-2 + 7im Aval=19 - 46im sval=8 Jval=1 + 1im
    freq=34 polr=0 time=5337 dish=423 beam=39 Eval=3 - 1im Aval=-58 + 96im sval=6 Jval=-1 + 5im
    freq=41 polr=1 time=1727 dish=266 beam=82 Eval=4 + 6im Aval=-64 + 72im sval=8 Jval=-3 + 0im
    freq=4 polr=0 time=20326 dish=297 beam=30 Eval=3 + 4im Aval=101 - 114im sval=7 Jval=6 + 1im
    freq=21 polr=0 time=6796 dish=410 beam=77 Eval=7 - 4im Aval=-70 + 85im sval=7 Jval=-1 + 7im
    freq=41 polr=0 time=18166 dish=15 beam=33 Eval=0 - 3im Aval=60 - 18im sval=6 Jval=-1 - 3im
    freq=46 polr=0 time=11595 dish=182 beam=25 Eval=0 + 3im Aval=74 + 24im sval=7 Jval=-1 + 2im
    freq=30 polr=0 time=28054 dish=327 beam=56 Eval=-6 - 5im Aval=-44 - 115im sval=8 Jval=-1 + 4im
    freq=1 polr=0 time=21885 dish=449 beam=46 Eval=6 + 3im Aval=-12 - 96im sval=7 Jval=2 - 5im
    freq=13 polr=1 time=4685 dish=384 beam=3 Eval=-3 - 1im Aval=-113 - 93im sval=6 Jval=4 + 6im
    freq=32 polr=0 time=15655 dish=505 beam=61 Eval=0 - 4im Aval=21 + 9im sval=5 Jval=1 - 2im
    freq=1 polr=0 time=15309 dish=287 beam=75 Eval=-7 + 2im Aval=60 + 70im sval=9 Jval=-1 - 1im
    freq=34 polr=1 time=12915 dish=407 beam=64 Eval=-2 + 1im Aval=-16 - 8im sval=6 Jval=1 + 0im
    freq=35 polr=0 time=31593 dish=443 beam=42 Eval=0 + 4im Aval=-59 - 13im sval=6 Jval=1 - 4im
    freq=30 polr=1 time=17059 dish=378 beam=11 Eval=-3 + 6im Aval=-16 - 46im sval=6 Jval=5 + 1im
    freq=19 polr=0 time=32107 dish=11 beam=20 Eval=-7 - 7im Aval=88 - 103im sval=11 Jval=-1 + 0im
    freq=2 polr=0 time=24836 dish=112 beam=28 Eval=7 - 1im Aval=-124 + 127im sval=10 Jval=-1 + 1im
    freq=47 polr=0 time=14749 dish=254 beam=45 Eval=3 + 5im Aval=51 + 3im sval=7 Jval=1 + 2im
    freq=44 polr=0 time=16946 dish=266 beam=33 Eval=-1 - 6im Aval=-84 + 104im sval=10 Jval=1 + 0im
    freq=16 polr=1 time=22262 dish=313 beam=55 Eval=-5 - 6im Aval=6 + 68im sval=7 Jval=3 - 3im
    freq=38 polr=1 time=6036 dish=321 beam=25 Eval=-3 - 1im Aval=96 - 77im sval=8 Jval=-1 + 1im
    freq=43 polr=0 time=19495 dish=331 beam=50 Eval=5 + 0im Aval=117 - 97im sval=10 Jval=1 + 0im
    freq=22 polr=1 time=30827 dish=300 beam=67 Eval=-4 + 7im Aval=-106 + 110im sval=10 Jval=0 - 1im
    freq=9 polr=0 time=8621 dish=106 beam=56 Eval=-3 - 2im Aval=100 + 105im sval=8 Jval=0 - 2im
    freq=6 polr=1 time=17267 dish=38 beam=91 Eval=-2 - 4im Aval=-25 - 121im sval=7 Jval=-3 + 3im
    freq=17 polr=1 time=22379 dish=367 beam=18 Eval=-2 + 6im Aval=-18 - 90im sval=10 Jval=1 + 0im
    freq=34 polr=1 time=6152 dish=138 beam=92 Eval=1 + 0im Aval=-19 + 47im sval=4 Jval=-1 + 3im
    freq=15 polr=0 time=30411 dish=262 beam=82 Eval=-2 + 0im Aval=0 + 77im sval=7 Jval=0 - 1im
    freq=31 polr=0 time=14055 dish=423 beam=45 Eval=-1 + 6im Aval=-54 + 2im sval=8 Jval=0 - 1im
    freq=7 polr=1 time=22856 dish=289 beam=70 Eval=-6 + 3im Aval=-55 + 59im sval=7 Jval=1 - 4im
    freq=3 polr=0 time=12782 dish=112 beam=28 Eval=-2 + 3im Aval=-73 - 27im sval=5 Jval=7 - 5im
    freq=23 polr=0 time=15755 dish=38 beam=88 Eval=-1 - 4im Aval=-77 - 58im sval=8 Jval=-1 + 1im
    freq=9 polr=1 time=6261 dish=35 beam=70 Eval=6 + 4im Aval=-33 + 51im sval=8 Jval=-2 + 1im
    freq=40 polr=1 time=6874 dish=162 beam=46 Eval=6 + 1im Aval=-68 - 100im sval=10 Jval=0 - 1im
    freq=33 polr=0 time=8591 dish=276 beam=53 Eval=-3 + 3im Aval=29 - 104im sval=8 Jval=1 + 2im
    freq=22 polr=1 time=31414 dish=7 beam=47 Eval=-6 - 4im Aval=63 + 87im sval=10 Jval=0 - 1im
    freq=46 polr=0 time=24779 dish=331 beam=43 Eval=0 + 3im Aval=52 - 89im sval=8 Jval=1 + 1im
    freq=38 polr=1 time=32336 dish=94 beam=7 Eval=-6 + 2im Aval=-117 - 54im sval=9 Jval=2 + 0im
    freq=5 polr=0 time=13627 dish=430 beam=75 Eval=2 - 1im Aval=-40 + 13im sval=7 Jval=0 + 1im
    freq=25 polr=1 time=20036 dish=310 beam=91 Eval=-6 - 5im Aval=53 - 13im sval=6 Jval=-6 - 3im
    freq=26 polr=0 time=30997 dish=228 beam=73 Eval=1 + 2im Aval=48 + 65im sval=8 Jval=0 + 1im
    freq=38 polr=0 time=24663 dish=11 beam=37 Eval=0 + 2im Aval=-17 + 88im sval=7 Jval=-1 + 0im
    freq=27 polr=0 time=13524 dish=268 beam=82 Eval=1 + 5im Aval=54 - 105im sval=9 Jval=1 + 0im
    freq=10 polr=1 time=20675 dish=53 beam=78 Eval=-6 + 5im Aval=65 - 38im sval=8 Jval=-1 + 2im
    freq=10 polr=1 time=2364 dish=279 beam=25 Eval=5 + 2im Aval=-93 + 87im sval=8 Jval=-2 + 1im
    freq=42 polr=0 time=27968 dish=325 beam=44 Eval=2 + 5im Aval=59 - 117im sval=10 Jval=1 + 0im
    freq=9 polr=1 time=19411 dish=114 beam=11 Eval=7 - 5im Aval=120 - 116im sval=10 Jval=0 - 1im
    freq=39 polr=1 time=31994 dish=24 beam=70 Eval=6 + 3im Aval=75 - 81im sval=9 Jval=1 - 1im
    freq=9 polr=0 time=3764 dish=349 beam=54 Eval=0 - 4im Aval=-87 + 106im sval=9 Jval=1 + 1im
    freq=13 polr=1 time=18396 dish=121 beam=41 Eval=7 + 1im Aval=-25 - 10im sval=8 Jval=-1 + 0im
    freq=13 polr=1 time=27238 dish=240 beam=31 Eval=7 + 7im Aval=92 + 118im sval=10 Jval=0 + 1im
    freq=41 polr=0 time=2002 dish=505 beam=71 Eval=2 + 6im Aval=-51 - 83im sval=6 Jval=6 - 7im
    freq=17 polr=1 time=22594 dish=58 beam=40 Eval=7 + 4im Aval=64 + 63im sval=10 Jval=0 + 1im
    freq=16 polr=1 time=8072 dish=1 beam=71 Eval=-5 - 3im Aval=-97 - 41im sval=7 Jval=3 + 4im
    freq=30 polr=1 time=6733 dish=391 beam=82 Eval=-2 - 1im Aval=-50 - 114im sval=6 Jval=0 + 4im
    freq=6 polr=0 time=27198 dish=329 beam=33 Eval=-1 - 2im Aval=-92 - 19im sval=6 Jval=1 + 3im
    freq=40 polr=0 time=18430 dish=499 beam=80 Eval=-2 + 7im Aval=-11 - 123im sval=8 Jval=3 + 1im
    freq=31 polr=0 time=6463 dish=414 beam=20 Eval=-7 + 3im Aval=-98 - 13im sval=8 Jval=3 - 1im
    freq=28 polr=1 time=10996 dish=199 beam=86 Eval=-6 - 7im Aval=15 + 69im sval=7 Jval=3 - 4im
    freq=20 polr=1 time=7072 dish=241 beam=31 Eval=1 - 4im Aval=89 + 25im sval=8 Jval=1 - 1im
    freq=15 polr=0 time=19003 dish=55 beam=69 Eval=-2 - 4im Aval=67 - 88im sval=9 Jval=-1 + 0im
    freq=1 polr=0 time=18199 dish=431 beam=38 Eval=-4 + 5im Aval=66 + 86im sval=7 Jval=-5 + 0im
    freq=34 polr=0 time=23047 dish=331 beam=54 Eval=-2 - 7im Aval=-52 + 85im sval=9 Jval=1 + 0im
    freq=43 polr=1 time=27802 dish=34 beam=40 Eval=2 - 2im Aval=28 - 7im sval=7 Jval=0 - 1im
    freq=38 polr=0 time=25380 dish=261 beam=60 Eval=-6 + 2im Aval=-80 + 69im sval=10 Jval=0 - 1im
    freq=47 polr=0 time=27669 dish=107 beam=49 Eval=2 - 4im Aval=-98 + 34im sval=9 Jval=0 + 1im
    freq=5 polr=0 time=31645 dish=12 beam=56 Eval=6 + 5im Aval=-123 + 0im sval=7 Jval=-6 - 5im
    freq=37 polr=1 time=10241 dish=12 beam=79 Eval=-3 - 6im Aval=52 - 80im sval=9 Jval=-1 + 0im
    freq=41 polr=0 time=25189 dish=492 beam=90 Eval=-5 + 0im Aval=66 - 7im sval=8 Jval=-1 + 0im
    freq=15 polr=1 time=11012 dish=309 beam=82 Eval=1 - 5im Aval=-76 - 121im sval=10 Jval=-1 + 0im
    freq=8 polr=1 time=15696 dish=498 beam=1 Eval=-6 - 7im Aval=-59 - 23im sval=9 Jval=0 + 1im
    freq=15 polr=1 time=17227 dish=391 beam=73 Eval=4 + 0im Aval=-33 - 93im sval=8 Jval=0 - 1im
    freq=9 polr=1 time=19972 dish=379 beam=9 Eval=3 - 7im Aval=46 - 35im sval=6 Jval=-2 - 7im
    freq=43 polr=0 time=15576 dish=465 beam=56 Eval=1 - 7im Aval=-46 - 74im sval=9 Jval=-1 + 0im
    freq=13 polr=0 time=236 dish=46 beam=51 Eval=3 + 7im Aval=-64 - 39im sval=9 Jval=0 - 1im
    freq=45 polr=1 time=28961 dish=221 beam=3 Eval=7 - 7im Aval=73 - 63im sval=9 Jval=0 - 2im
    freq=11 polr=1 time=23893 dish=329 beam=5 Eval=3 + 6im Aval=55 - 46im sval=8 Jval=2 + 1im
    freq=17 polr=0 time=12244 dish=218 beam=8 Eval=-3 - 4im Aval=-108 + 27im sval=7 Jval=3 + 3im
    freq=14 polr=0 time=7905 dish=339 beam=61 Eval=-7 + 6im Aval=95 - 119im sval=9 Jval=0 + 3im
    freq=24 polr=1 time=17785 dish=427 beam=77 Eval=1 + 6im Aval=67 + 69im sval=8 Jval=-1 + 2im
    freq=6 polr=0 time=22124 dish=149 beam=62 Eval=1 + 2im Aval=52 - 15im sval=7 Jval=1 + 1im
    freq=15 polr=1 time=8832 dish=93 beam=71 Eval=6 - 1im Aval=-64 + 54im sval=7 Jval=-3 + 3im
    freq=34 polr=0 time=20537 dish=198 beam=68 Eval=-3 + 4im Aval=69 - 7im sval=7 Jval=-1 + 2im
    freq=43 polr=0 time=13110 dish=488 beam=36 Eval=0 + 5im Aval=-28 + 90im sval=7 Jval=-3 - 1im
    freq=23 polr=0 time=4627 dish=393 beam=88 Eval=0 - 4im Aval=-65 + 46im sval=8 Jval=1 + 1im
    freq=37 polr=1 time=2092 dish=139 beam=88 Eval=-3 + 5im Aval=32 + 112im sval=8 Jval=-3 - 1im
    freq=29 polr=1 time=3900 dish=253 beam=37 Eval=5 - 5im Aval=-48 - 84im sval=9 Jval=-1 + 0im
    freq=29 polr=1 time=20489 dish=85 beam=17 Eval=0 - 7im Aval=-90 - 21im sval=8 Jval=-1 + 2im
    freq=5 polr=1 time=2488 dish=67 beam=91 Eval=2 - 4im Aval=67 + 36im sval=8 Jval=1 - 1im
    freq=45 polr=1 time=8075 dish=344 beam=28 Eval=-2 + 3im Aval=-5 + 71im sval=7 Jval=-2 - 1im
    freq=35 polr=1 time=4327 dish=399 beam=47 Eval=0 - 1im Aval=-72 + 102im sval=7 Jval=1 + 1im
    freq=17 polr=1 time=11646 dish=455 beam=3 Eval=0 + 4im Aval=19 - 36im sval=5 Jval=5 + 3im
    freq=27 polr=0 time=5616 dish=78 beam=42 Eval=7 - 3im Aval=-42 + 100im sval=10 Jval=0 + 1im
    freq=32 polr=0 time=600 dish=232 beam=1 Eval=-7 - 5im Aval=-17 + 58im sval=6 Jval=6 - 5im
    freq=31 polr=1 time=19893 dish=174 beam=18 Eval=2 - 2im Aval=7 + 108im sval=7 Jval=2 + 2im
    freq=26 polr=0 time=16451 dish=428 beam=75 Eval=-2 + 6im Aval=50 - 34im sval=7 Jval=1 + 3im
    freq=22 polr=1 time=9834 dish=424 beam=27 Eval=0 - 5im Aval=20 + 117im sval=7 Jval=5 - 1im
    freq=6 polr=0 time=24659 dish=122 beam=58 Eval=-5 + 6im Aval=-7 - 39im sval=9 Jval=1 + 0im
    freq=20 polr=1 time=24005 dish=203 beam=23 Eval=-3 + 4im Aval=45 + 97im sval=8 Jval=-2 + 0im
    freq=37 polr=1 time=12570 dish=9 beam=33 Eval=-5 - 3im Aval=-96 + 45im sval=10 Jval=1 + 0im
    freq=20 polr=1 time=16407 dish=51 beam=26 Eval=-1 + 3im Aval=109 - 96im sval=8 Jval=1 + 2im
    freq=44 polr=0 time=1999 dish=300 beam=26 Eval=-6 + 1im Aval=-1 + 80im sval=8 Jval=0 - 2im
    freq=27 polr=1 time=786 dish=474 beam=44 Eval=7 - 5im Aval=-65 + 107im sval=10 Jval=0 + 1im
    freq=39 polr=1 time=1382 dish=263 beam=93 Eval=-2 - 5im Aval=53 + 46im sval=9 Jval=0 - 1im
    freq=16 polr=1 time=5683 dish=105 beam=2 Eval=3 - 1im Aval=-94 + 38im sval=6 Jval=-4 + 3im
    freq=40 polr=0 time=21834 dish=140 beam=5 Eval=-1 + 3im Aval=-125 + 50im sval=7 Jval=0 - 3im
    freq=46 polr=0 time=18392 dish=77 beam=31 Eval=-7 + 7im Aval=-93 + 85im sval=10 Jval=0 - 1im
    freq=8 polr=0 time=20145 dish=375 beam=56 Eval=-7 + 1im Aval=31 + 68im sval=7 Jval=-2 - 3im
    freq=37 polr=1 time=2006 dish=477 beam=64 Eval=5 + 0im Aval=-78 + 69im sval=6 Jval=-6 + 5im
    freq=32 polr=1 time=20424 dish=440 beam=2 Eval=-5 + 3im Aval=37 - 29im sval=7 Jval=-1 + 2im
    freq=20 polr=1 time=9719 dish=135 beam=65 Eval=-3 - 3im Aval=107 + 66im sval=10 Jval=0 - 1im
    freq=3 polr=1 time=31575 dish=510 beam=88 Eval=4 + 4im Aval=6 - 40im sval=5 Jval=6 - 4im
    freq=15 polr=1 time=14297 dish=325 beam=7 Eval=6 - 2im Aval=-5 + 74im sval=9 Jval=0 + 1im
    freq=47 polr=1 time=5524 dish=132 beam=57 Eval=-2 + 4im Aval=-101 + 63im sval=9 Jval=0 - 1im
    freq=12 polr=0 time=26530 dish=329 beam=5 Eval=5 + 3im Aval=43 - 64im sval=8 Jval=2 - 1im
    freq=18 polr=1 time=31464 dish=165 beam=37 Eval=-2 + 4im Aval=121 + 113im sval=8 Jval=-3 + 1im
    freq=7 polr=1 time=26876 dish=80 beam=94 Eval=-5 + 2im Aval=-43 + 86im sval=7 Jval=0 - 4im
    freq=39 polr=1 time=3142 dish=196 beam=92 Eval=-5 + 7im Aval=60 - 110im sval=8 Jval=2 + 4im
    freq=28 polr=0 time=5371 dish=383 beam=17 Eval=1 + 2im Aval=57 + 70im sval=6 Jval=-1 + 3im
    freq=3 polr=0 time=30657 dish=485 beam=42 Eval=-3 - 7im Aval=-28 + 84im sval=8 Jval=3 + 0im
    freq=42 polr=1 time=12963 dish=163 beam=83 Eval=-1 - 7im Aval=-127 - 37im sval=7 Jval=-1 + 7im
    freq=10 polr=0 time=15192 dish=257 beam=31 Eval=5 - 5im Aval=-36 + 3im sval=8 Jval=-1 + 1im
    freq=25 polr=1 time=13640 dish=373 beam=18 Eval=3 - 2im Aval=100 + 116im sval=7 Jval=4 + 1im
    freq=38 polr=1 time=16520 dish=7 beam=93 Eval=7 + 2im Aval=-96 - 39im sval=7 Jval=-5 - 4im
    freq=42 polr=0 time=5542 dish=162 beam=61 Eval=7 + 3im Aval=109 - 120im sval=10 Jval=1 + 0im
    freq=22 polr=1 time=5057 dish=471 beam=62 Eval=-5 + 2im Aval=-58 + 10im sval=6 Jval=4 - 3im
    freq=7 polr=0 time=10594 dish=390 beam=16 Eval=6 + 7im Aval=89 - 43im sval=8 Jval=3 + 1im
    freq=9 polr=1 time=15447 dish=334 beam=5 Eval=2 + 6im Aval=-114 - 8im sval=9 Jval=0 - 1im
    freq=44 polr=1 time=6100 dish=363 beam=40 Eval=-4 - 6im Aval=121 + 49im sval=9 Jval=0 - 2im
    freq=19 polr=1 time=13433 dish=294 beam=14 Eval=2 - 1im Aval=-34 - 40im sval=6 Jval=-2 - 1im
    freq=10 polr=0 time=692 dish=258 beam=66 Eval=0 + 4im Aval=54 - 75im sval=9 Jval=1 + 0im
    freq=24 polr=1 time=17052 dish=209 beam=15 Eval=0 - 1im Aval=89 + 18im sval=6 Jval=0 - 1im
    freq=11 polr=1 time=25649 dish=476 beam=59 Eval=2 - 1im Aval=122 - 87im sval=9 Jval=0 - 1im
    freq=42 polr=0 time=1900 dish=248 beam=37 Eval=2 - 6im Aval=-103 + 4im sval=8 Jval=-1 + 2im
    freq=32 polr=1 time=20211 dish=134 beam=42 Eval=3 + 4im Aval=99 - 12im sval=6 Jval=5 + 6im
    freq=32 polr=0 time=30893 dish=56 beam=23 Eval=-5 + 5im Aval=-20 + 79im sval=8 Jval=-1 - 2im
    freq=24 polr=0 time=18447 dish=450 beam=60 Eval=-1 + 7im Aval=-18 - 66im sval=7 Jval=4 + 0im
    freq=40 polr=0 time=22982 dish=2 beam=16 Eval=-5 - 1im Aval=-32 - 76im sval=8 Jval=0 + 2im
    freq=19 polr=1 time=15733 dish=461 beam=78 Eval=3 - 6im Aval=-43 - 2im sval=8 Jval=-1 + 1im
    freq=45 polr=1 time=26736 dish=373 beam=33 Eval=-2 + 3im Aval=-28 - 73im sval=7 Jval=2 + 1im
    freq=22 polr=0 time=19468 dish=286 beam=75 Eval=-6 - 4im Aval=25 + 93im sval=7 Jval=2 - 5im
    freq=1 polr=1 time=11907 dish=415 beam=47 Eval=-2 - 5im Aval=125 - 49im sval=10 Jval=0 - 1im
    freq=36 polr=0 time=19126 dish=121 beam=21 Eval=-7 + 6im Aval=115 - 106im sval=10 Jval=0 + 1im
    freq=19 polr=1 time=431 dish=326 beam=36 Eval=1 - 5im Aval=-11 - 49im sval=8 Jval=-1 + 0im
    freq=20 polr=1 time=9051 dish=379 beam=23 Eval=-7 - 1im Aval=77 - 90im sval=8 Jval=-2 + 2im
    freq=8 polr=0 time=9708 dish=137 beam=66 Eval=2 - 5im Aval=25 - 27im sval=6 Jval=-1 - 3im
    freq=35 polr=1 time=32544 dish=205 beam=50 Eval=-3 - 4im Aval=100 + 75im sval=10 Jval=0 - 1im
    freq=7 polr=0 time=13629 dish=420 beam=67 Eval=-1 - 7im Aval=-38 - 94im sval=10 Jval=-1 + 0im
    freq=6 polr=0 time=17526 dish=472 beam=53 Eval=-4 - 7im Aval=-37 + 106im sval=8 Jval=3 - 1im
    freq=47 polr=1 time=25159 dish=147 beam=4 Eval=4 - 5im Aval=27 - 29im sval=7 Jval=0 - 2im
    freq=12 polr=1 time=29771 dish=175 beam=22 Eval=-4 - 2im Aval=37 + 114im sval=9 Jval=0 - 1im
    freq=42 polr=0 time=3414 dish=395 beam=40 Eval=2 + 3im Aval=-18 - 41im sval=6 Jval=1 - 2im
    freq=9 polr=1 time=29078 dish=451 beam=58 Eval=7 + 7im Aval=16 - 40im sval=9 Jval=1 + 0im
    freq=37 polr=0 time=9647 dish=77 beam=87 Eval=-3 + 1im Aval=-87 - 57im sval=7 Jval=3 + 1im
    freq=20 polr=0 time=19736 dish=52 beam=50 Eval=-6 + 2im Aval=-123 - 65im sval=10 Jval=1 + 0im
    freq=46 polr=1 time=22024 dish=480 beam=70 Eval=2 + 0im Aval=-50 + 87im sval=6 Jval=-1 + 3im
    freq=38 polr=0 time=32574 dish=468 beam=24 Eval=6 - 4im Aval=-34 - 110im sval=10 Jval=-1 - 1im
    freq=46 polr=1 time=17212 dish=22 beam=66 Eval=3 + 3im Aval=-65 + 120im sval=8 Jval=-2 + 1im
    freq=41 polr=0 time=6276 dish=37 beam=23 Eval=2 + 7im Aval=102 + 14im sval=8 Jval=0 + 3im
    freq=7 polr=1 time=19123 dish=429 beam=53 Eval=3 + 1im Aval=4 - 117im sval=6 Jval=2 - 5im
    freq=24 polr=1 time=12715 dish=142 beam=22 Eval=7 - 2im Aval=-47 - 42im sval=9 Jval=-1 + 0im
    freq=3 polr=0 time=28035 dish=289 beam=49 Eval=-5 + 5im Aval=45 + 75im sval=8 Jval=-2 - 1im
    freq=28 polr=1 time=19509 dish=216 beam=21 Eval=3 - 4im Aval=-34 + 126im sval=8 Jval=2 + 2im
    freq=13 polr=0 time=8738 dish=203 beam=2 Eval=4 - 6im Aval=81 - 83im sval=8 Jval=-1 - 3im
    freq=29 polr=0 time=11282 dish=205 beam=5 Eval=0 - 4im Aval=91 - 59im sval=7 Jval=-2 - 3im
    freq=25 polr=1 time=21733 dish=249 beam=67 Eval=-3 - 1im Aval=38 - 36im sval=6 Jval=-2 + 1im
    freq=22 polr=0 time=25713 dish=3 beam=38 Eval=4 + 2im Aval=125 - 27im sval=7 Jval=4 + 1im
    freq=34 polr=1 time=28740 dish=111 beam=82 Eval=-6 - 3im Aval=118 - 93im sval=8 Jval=-4 + 1im
    freq=18 polr=1 time=1135 dish=180 beam=37 Eval=0 + 2im Aval=51 + 73im sval=8 Jval=-1 + 0im
    freq=45 polr=0 time=6444 dish=457 beam=0 Eval=1 + 1im Aval=118 - 3im sval=6 Jval=2 + 2im
    freq=18 polr=1 time=6809 dish=64 beam=89 Eval=1 + 3im Aval=58 - 42im sval=8 Jval=1 + 1im
    freq=20 polr=1 time=31148 dish=212 beam=70 Eval=-3 - 2im Aval=-127 + 88im sval=7 Jval=4 + 0im
    freq=25 polr=0 time=3158 dish=349 beam=52 Eval=-1 + 2im Aval=9 + 34im sval=4 Jval=-5 - 1im
    freq=25 polr=0 time=24675 dish=429 beam=4 Eval=-5 + 4im Aval=92 + 72im sval=9 Jval=-1 + 0im
    freq=1 polr=0 time=23673 dish=308 beam=74 Eval=-4 - 3im Aval=-99 + 15im sval=9 Jval=1 + 0im
    freq=25 polr=1 time=13326 dish=356 beam=12 Eval=4 - 4im Aval=121 - 125im sval=8 Jval=0 - 4im
    freq=3 polr=0 time=32140 dish=229 beam=34 Eval=1 - 2im Aval=-118 + 38im sval=6 Jval=-1 + 4im
    freq=28 polr=0 time=13558 dish=357 beam=7 Eval=5 + 7im Aval=47 - 108im sval=9 Jval=2 + 0im
    freq=5 polr=1 time=30331 dish=51 beam=6 Eval=2 - 1im Aval=-121 + 34im sval=5 Jval=-6 + 6im
    freq=26 polr=1 time=26701 dish=499 beam=38 Eval=5 - 4im Aval=20 - 56im sval=6 Jval=-2 - 6im
    freq=28 polr=0 time=8065 dish=7 beam=7 Eval=-4 + 6im Aval=122 - 44im sval=9 Jval=0 + 2im
    freq=6 polr=1 time=23117 dish=433 beam=6 Eval=6 + 1im Aval=32 - 32im sval=5 Jval=7 - 5im
    freq=42 polr=1 time=7957 dish=46 beam=38 Eval=-7 - 1im Aval=41 + 60im sval=8 Jval=-1 - 2im
    freq=1 polr=0 time=25587 dish=95 beam=67 Eval=6 - 7im Aval=-63 - 98im sval=9 Jval=-2 + 0im
    freq=18 polr=0 time=1874 dish=149 beam=93 Eval=2 - 7im Aval=-30 + 116im sval=9 Jval=1 + 1im
    freq=33 polr=1 time=18769 dish=113 beam=65 Eval=-4 - 7im Aval=-32 + 77im sval=10 Jval=1 + 0im
    freq=22 polr=0 time=32415 dish=178 beam=16 Eval=-2 + 3im Aval=7 - 11im sval=5 Jval=1 + 1im
    freq=40 polr=0 time=11133 dish=430 beam=66 Eval=5 - 5im Aval=27 - 60im sval=6 Jval=-3 - 7im
    freq=25 polr=0 time=6976 dish=482 beam=32 Eval=6 + 3im Aval=-71 + 113im sval=8 Jval=-3 + 2im
    freq=6 polr=1 time=27203 dish=75 beam=86 Eval=5 - 2im Aval=-14 - 95im sval=7 Jval=-2 - 3im
    freq=40 polr=1 time=31731 dish=472 beam=13 Eval=4 + 6im Aval=35 - 40im sval=6 Jval=6 + 1im
    freq=2 polr=1 time=17172 dish=305 beam=22 Eval=-4 - 3im Aval=12 - 89im sval=6 Jval=-5 + 5im
    freq=0 polr=0 time=30303 dish=433 beam=12 Eval=4 - 2im Aval=-35 - 21im sval=6 Jval=-3 + 0im
    freq=26 polr=0 time=442 dish=370 beam=57 Eval=1 + 6im Aval=-121 - 49im sval=8 Jval=1 - 3im
    freq=27 polr=1 time=10599 dish=55 beam=24 Eval=-2 - 4im Aval=-22 - 14im sval=6 Jval=0 + 2im
    freq=44 polr=1 time=13141 dish=263 beam=75 Eval=5 - 1im Aval=43 - 94im sval=8 Jval=0 - 2im
    freq=43 polr=1 time=17896 dish=471 beam=5 Eval=7 + 7im Aval=38 - 113im sval=10 Jval=1 - 1im
    freq=1 polr=1 time=21461 dish=298 beam=56 Eval=3 - 5im Aval=115 + 72im sval=7 Jval=6 - 3im
    freq=21 polr=1 time=24797 dish=415 beam=62 Eval=-5 + 3im Aval=-30 - 125im sval=7 Jval=4 + 4im
    freq=4 polr=1 time=7291 dish=58 beam=84 Eval=0 + 3im Aval=-17 - 63im sval=5 Jval=6 - 1im
    freq=19 polr=1 time=17503 dish=485 beam=21 Eval=0 + 4im Aval=39 - 90im sval=9 Jval=1 + 0im
    freq=11 polr=1 time=13888 dish=298 beam=10 Eval=5 - 5im Aval=48 - 108im sval=8 Jval=-1 - 3im
    freq=22 polr=0 time=32448 dish=0 beam=57 Eval=0 + 2im Aval=-79 - 106im sval=7 Jval=2 - 1im
    freq=1 polr=1 time=11228 dish=149 beam=47 Eval=6 + 5im Aval=70 - 36im sval=10 Jval=1 + 0im
    freq=42 polr=1 time=18635 dish=477 beam=40 Eval=1 - 4im Aval=31 + 104im sval=7 Jval=4 + 0im
    freq=7 polr=0 time=20951 dish=90 beam=70 Eval=4 - 1im Aval=99 + 116im sval=10 Jval=1 + 0im
    freq=0 polr=1 time=19096 dish=166 beam=47 Eval=4 - 5im Aval=42 - 49im sval=7 Jval=-1 - 3im
    freq=25 polr=1 time=6353 dish=234 beam=23 Eval=0 + 3im Aval=-98 - 86im sval=7 Jval=2 - 2im
    freq=24 polr=0 time=12424 dish=88 beam=23 Eval=3 - 6im Aval=9 - 98im sval=7 Jval=-4 - 3im
    freq=40 polr=0 time=25100 dish=489 beam=12 Eval=1 + 3im Aval=123 + 127im sval=7 Jval=-2 + 4im
    freq=15 polr=0 time=18527 dish=424 beam=16 Eval=3 + 3im Aval=-13 + 42im sval=7 Jval=-1 + 1im
    freq=39 polr=0 time=4038 dish=239 beam=12 Eval=-7 + 2im Aval=-13 + 59im sval=7 Jval=0 - 3im
    freq=2 polr=0 time=4243 dish=226 beam=52 Eval=-6 + 4im Aval=-19 + 40im sval=7 Jval=0 - 2im
    freq=37 polr=0 time=798 dish=273 beam=1 Eval=0 + 5im Aval=-14 + 35im sval=8 Jval=-1 + 0im
    freq=33 polr=1 time=9218 dish=125 beam=54 Eval=4 - 3im Aval=62 - 37im sval=9 Jval=0 - 1im
    freq=34 polr=0 time=16595 dish=387 beam=95 Eval=-5 + 0im Aval=-30 + 30im sval=6 Jval=2 - 2im
    freq=17 polr=1 time=16537 dish=47 beam=67 Eval=-4 + 1im Aval=111 - 118im sval=7 Jval=-3 + 5im
    freq=32 polr=1 time=20559 dish=192 beam=2 Eval=-2 - 5im Aval=-89 - 67im sval=7 Jval=-1 + 5im
    freq=47 polr=1 time=26994 dish=257 beam=64 Eval=6 - 3im Aval=-33 - 77im sval=9 Jval=-1 - 1im
    freq=38 polr=1 time=2343 dish=294 beam=77 Eval=6 - 4im Aval=-88 - 27im sval=8 Jval=-2 + 1im
    freq=0 polr=0 time=9709 dish=386 beam=24 Eval=-1 - 5im Aval=-45 - 50im sval=8 Jval=-1 + 1im
    freq=25 polr=0 time=9270 dish=186 beam=36 Eval=-4 - 6im Aval=-19 + 5im sval=7 Jval=1 + 1im
    freq=47 polr=1 time=241 dish=409 beam=95 Eval=-3 + 5im Aval=-71 - 12im sval=9 Jval=1 - 1im
    freq=39 polr=1 time=7980 dish=353 beam=55 Eval=-3 + 2im Aval=34 - 85im sval=9 Jval=0 + 1im
    freq=38 polr=0 time=6111 dish=73 beam=63 Eval=2 + 4im Aval=-2 - 94im sval=8 Jval=1 - 1im
    freq=33 polr=0 time=6033 dish=371 beam=29 Eval=-3 + 7im Aval=-109 - 39im sval=9 Jval=1 - 1im
    freq=36 polr=0 time=16517 dish=51 beam=35 Eval=6 - 7im Aval=4 + 36im sval=9 Jval=1 + 0im
    freq=37 polr=1 time=9765 dish=149 beam=0 Eval=7 - 7im Aval=23 - 116im sval=9 Jval=-1 - 2im
    freq=47 polr=0 time=3592 dish=271 beam=53 Eval=-1 - 6im Aval=18 - 34im sval=7 Jval=-2 - 1im
    freq=11 polr=1 time=9529 dish=57 beam=46 Eval=7 - 4im Aval=83 + 74im sval=9 Jval=2 + 0im
    freq=13 polr=1 time=15920 dish=48 beam=91 Eval=-5 + 4im Aval=50 - 29im sval=7 Jval=-1 + 3im
    freq=46 polr=0 time=10277 dish=114 beam=93 Eval=-6 + 5im Aval=-76 + 122im sval=10 Jval=0 - 1im
    freq=38 polr=1 time=4252 dish=356 beam=57 Eval=3 - 2im Aval=-48 + 117im sval=8 Jval=0 + 2im
    freq=28 polr=1 time=12312 dish=456 beam=80 Eval=-1 + 0im Aval=117 - 29im sval=7 Jval=-1 + 0im
    freq=29 polr=1 time=4558 dish=387 beam=64 Eval=-2 - 7im Aval=113 - 101im sval=10 Jval=-1 - 1im
    freq=13 polr=0 time=19927 dish=260 beam=7 Eval=7 - 3im Aval=-90 - 49im sval=9 Jval=-2 + 0im
    freq=31 polr=0 time=17472 dish=496 beam=50 Eval=-3 - 5im Aval=-38 + 39im sval=6 Jval=5 + 1im
    freq=38 polr=0 time=8104 dish=85 beam=22 Eval=1 - 7im Aval=53 - 55im sval=9 Jval=-1 - 1im
    freq=17 polr=1 time=28848 dish=347 beam=28 Eval=2 + 5im Aval=-47 - 93im sval=7 Jval=3 - 3im
    freq=28 polr=1 time=29746 dish=200 beam=40 Eval=-2 + 5im Aval=-81 - 40im sval=8 Jval=1 - 1im
    freq=15 polr=1 time=11281 dish=424 beam=5 Eval=4 - 5im Aval=-95 - 2im sval=6 Jval=-6 + 7im
    freq=44 polr=0 time=14472 dish=119 beam=25 Eval=2 - 6im Aval=82 - 62im sval=7 Jval=-2 - 5im
    freq=26 polr=0 time=11665 dish=94 beam=81 Eval=5 - 5im Aval=44 + 44im sval=8 Jval=2 + 0im
    freq=8 polr=0 time=15264 dish=39 beam=13 Eval=0 - 2im Aval=89 + 113im sval=6 Jval=4 - 3im
    freq=8 polr=0 time=26277 dish=220 beam=44 Eval=7 - 2im Aval=19 - 79im sval=8 Jval=0 - 2im
    freq=0 polr=1 time=9150 dish=349 beam=18 Eval=4 - 5im Aval=-63 - 44im sval=6 Jval=-7 + 2im
    freq=15 polr=0 time=5830 dish=261 beam=7 Eval=6 + 4im Aval=35 - 11im sval=7 Jval=2 + 1im
    freq=47 polr=0 time=29380 dish=407 beam=20 Eval=5 + 3im Aval=76 + 65im sval=8 Jval=1 + 2im
    freq=45 polr=0 time=16593 dish=221 beam=31 Eval=-1 - 7im Aval=-32 + 3im sval=8 Jval=0 + 1im
    freq=22 polr=1 time=11220 dish=436 beam=70 Eval=7 - 1im Aval=27 - 4im sval=8 Jval=1 + 0im
    freq=16 polr=1 time=15134 dish=66 beam=47 Eval=-6 - 1im Aval=-119 - 60im sval=10 Jval=1 + 0im
    freq=11 polr=1 time=2642 dish=133 beam=9 Eval=1 + 6im Aval=116 - 103im sval=10 Jval=1 + 1im
    freq=1 polr=1 time=22803 dish=331 beam=45 Eval=2 + 0im Aval=85 - 114im sval=6 Jval=3 - 3im
    freq=22 polr=1 time=1956 dish=379 beam=45 Eval=-6 - 3im Aval=2 + 77im sval=6 Jval=3 - 7im
    freq=25 polr=1 time=5961 dish=112 beam=84 Eval=-5 - 5im Aval=119 - 65im sval=9 Jval=-2 - 1im
    freq=30 polr=1 time=14786 dish=279 beam=91 Eval=-7 + 3im Aval=102 + 120im sval=8 Jval=-4 - 2im
    freq=6 polr=0 time=5845 dish=211 beam=45 Eval=4 - 3im Aval=4 + 75im sval=8 Jval=1 + 1im
    freq=27 polr=1 time=10133 dish=196 beam=50 Eval=-6 + 1im Aval=-101 - 81im sval=7 Jval=5 + 3im
    freq=30 polr=1 time=28665 dish=344 beam=75 Eval=-6 - 3im Aval=-61 + 117im sval=9 Jval=1 - 1im
    freq=45 polr=0 time=22938 dish=404 beam=55 Eval=-6 - 7im Aval=97 + 54im sval=10 Jval=0 - 1im
    freq=5 polr=0 time=13302 dish=91 beam=30 Eval=-3 + 5im Aval=99 - 36im sval=7 Jval=-1 + 5im
    freq=16 polr=0 time=16018 dish=381 beam=92 Eval=-3 - 1im Aval=38 + 105im sval=8 Jval=0 - 1im
    freq=1 polr=0 time=27249 dish=407 beam=73 Eval=1 - 3im Aval=-63 + 35im sval=5 Jval=1 + 7im
    freq=28 polr=1 time=18685 dish=2 beam=65 Eval=1 + 0im Aval=102 - 26im sval=5 Jval=3 - 1im
    freq=39 polr=0 time=11981 dish=330 beam=20 Eval=3 - 4im Aval=-38 - 114im sval=7 Jval=-4 - 1im
    freq=36 polr=1 time=1814 dish=299 beam=2 Eval=-1 + 1im Aval=127 + 31im sval=6 Jval=-2 + 2im
    freq=33 polr=0 time=16273 dish=18 beam=18 Eval=3 + 7im Aval=-94 - 14im sval=7 Jval=-1 - 5im
    freq=24 polr=0 time=15035 dish=319 beam=25 Eval=-5 + 5im Aval=-31 + 93im sval=7 Jval=-2 - 5im
    freq=16 polr=0 time=3293 dish=6 beam=95 Eval=-3 - 7im Aval=-63 - 85im sval=7 Jval=-3 + 5im
    freq=33 polr=1 time=21577 dish=407 beam=30 Eval=-4 - 3im Aval=127 - 91im sval=7 Jval=-6 + 0im
    freq=15 polr=0 time=197 dish=372 beam=64 Eval=7 + 7im Aval=-70 - 83im sval=9 Jval=0 - 2im
    freq=0 polr=0 time=27182 dish=339 beam=5 Eval=1 + 2im Aval=-101 - 41im sval=5 Jval=0 - 7im
    freq=27 polr=1 time=24719 dish=72 beam=81 Eval=3 + 3im Aval=-125 + 37im sval=9 Jval=-1 - 1im
    freq=35 polr=0 time=25495 dish=174 beam=79 Eval=0 - 3im Aval=-15 + 60im sval=7 Jval=1 + 0im
    freq=15 polr=0 time=23367 dish=141 beam=60 Eval=6 - 1im Aval=-59 + 37im sval=6 Jval=-5 + 4im
    freq=29 polr=1 time=31123 dish=185 beam=74 Eval=3 + 1im Aval=-100 - 9im sval=9 Jval=-1 + 0im
    freq=34 polr=1 time=2600 dish=414 beam=41 Eval=7 - 6im Aval=-8 - 59im sval=6 Jval=-6 - 6im
    freq=42 polr=0 time=14049 dish=372 beam=4 Eval=-5 + 3im Aval=0 + 71im sval=9 Jval=0 - 1im
    freq=6 polr=0 time=17924 dish=42 beam=45 Eval=-7 + 5im Aval=74 + 58im sval=8 Jval=-3 + 0im
    freq=24 polr=0 time=217 dish=73 beam=36 Eval=4 + 6im Aval=37 - 102im sval=7 Jval=6 - 1im
    freq=0 polr=1 time=4101 dish=54 beam=19 Eval=7 - 5im Aval=66 - 100im sval=10 Jval=0 - 1im
    freq=38 polr=1 time=17810 dish=277 beam=19 Eval=-1 - 4im Aval=62 - 75im sval=8 Jval=-1 - 1im
    freq=31 polr=1 time=3171 dish=66 beam=27 Eval=4 - 6im Aval=114 - 18im sval=10 Jval=0 - 1im
    freq=6 polr=1 time=25199 dish=285 beam=63 Eval=-4 - 4im Aval=-30 - 37im sval=7 Jval=0 + 2im
    freq=47 polr=0 time=28333 dish=75 beam=7 Eval=3 + 7im Aval=100 - 94im sval=8 Jval=4 + 2im
    freq=21 polr=0 time=31513 dish=502 beam=67 Eval=7 - 7im Aval=-15 + 121im sval=7 Jval=6 + 7im
    freq=41 polr=0 time=20652 dish=83 beam=74 Eval=0 + 4im Aval=93 - 43im sval=9 Jval=0 + 1im
    freq=22 polr=1 time=23791 dish=347 beam=24 Eval=-5 + 7im Aval=-14 + 123im sval=7 Jval=-6 - 6im
    freq=13 polr=1 time=20199 dish=296 beam=41 Eval=4 + 0im Aval=101 + 48im sval=8 Jval=2 + 1im
    freq=2 polr=1 time=10974 dish=66 beam=22 Eval=7 + 3im Aval=31 - 36im sval=6 Jval=5 - 2im
    freq=34 polr=0 time=23707 dish=495 beam=61 Eval=5 - 5im Aval=101 + 13im sval=8 Jval=2 - 2im
    freq=47 polr=0 time=20284 dish=93 beam=52 Eval=-1 + 0im Aval=-105 - 102im sval=6 Jval=2 + 2im
    freq=46 polr=0 time=28429 dish=130 beam=52 Eval=3 - 6im Aval=67 - 18im sval=9 Jval=0 - 1im
    freq=1 polr=0 time=20677 dish=122 beam=64 Eval=0 - 5im Aval=127 + 47im sval=10 Jval=0 - 1im
    freq=18 polr=1 time=19532 dish=388 beam=85 Eval=7 - 7im Aval=43 - 16im sval=9 Jval=0 - 1im
    freq=16 polr=0 time=13220 dish=72 beam=87 Eval=-1 + 3im Aval=59 - 17im sval=8 Jval=0 + 1im
    freq=20 polr=1 time=6407 dish=76 beam=64 Eval=-6 - 4im Aval=60 + 11im sval=8 Jval=-1 - 1im
    freq=28 polr=0 time=8817 dish=159 beam=43 Eval=-4 + 6im Aval=-37 + 120im sval=8 Jval=-2 - 3im
    freq=28 polr=1 time=26908 dish=109 beam=81 Eval=4 + 2im Aval=-28 + 77im sval=9 Jval=-1 + 1im
    freq=28 polr=1 time=19420 dish=188 beam=17 Eval=1 + 1im Aval=45 - 79im sval=8 Jval=1 + 0im
    freq=11 polr=0 time=27264 dish=73 beam=88 Eval=5 + 3im Aval=-41 - 112im sval=10 Jval=0 - 1im
    freq=29 polr=1 time=27022 dish=145 beam=29 Eval=-4 + 5im Aval=-105 - 11im sval=8 Jval=2 - 2im
    freq=26 polr=1 time=12475 dish=376 beam=50 Eval=-3 + 0im Aval=-124 + 115im sval=7 Jval=3 - 3im
    freq=38 polr=0 time=8453 dish=150 beam=63 Eval=-5 + 6im Aval=-44 - 53im sval=8 Jval=2 + 0im
    freq=27 polr=0 time=5849 dish=500 beam=74 Eval=-6 - 3im Aval=104 - 51im sval=10 Jval=-1 + 0im
    freq=9 polr=0 time=17183 dish=170 beam=21 Eval=-1 + 4im Aval=-32 + 20im sval=8 Jval=0 - 1im
    freq=11 polr=0 time=30011 dish=187 beam=78 Eval=-6 + 1im Aval=-88 + 107im sval=10 Jval=0 - 1im
    freq=10 polr=1 time=17350 dish=220 beam=6 Eval=1 + 0im Aval=71 - 90im sval=5 Jval=2 - 3im
    freq=44 polr=0 time=372 dish=126 beam=52 Eval=-5 + 4im Aval=-120 - 122im sval=8 Jval=4 + 1im
    freq=12 polr=1 time=18321 dish=34 beam=50 Eval=-7 - 6im Aval=-113 - 88im sval=10 Jval=0 + 1im
    freq=15 polr=1 time=19542 dish=310 beam=21 Eval=-5 + 2im Aval=101 - 81im sval=9 Jval=-1 + 1im
    freq=40 polr=0 time=12360 dish=80 beam=11 Eval=-4 - 1im Aval=122 - 71im sval=9 Jval=-1 + 0im
    freq=37 polr=1 time=27633 dish=353 beam=26 Eval=2 - 6im Aval=-94 + 64im sval=9 Jval=0 + 1im
    freq=20 polr=0 time=13729 dish=40 beam=48 Eval=3 - 5im Aval=37 + 113im sval=10 Jval=1 + 0im
    freq=4 polr=0 time=12211 dish=256 beam=60 Eval=7 + 3im Aval=-6 - 94im sval=9 Jval=0 - 1im
    freq=22 polr=1 time=18950 dish=169 beam=13 Eval=-4 - 7im Aval=102 + 7im sval=8 Jval=-1 - 3im
    freq=15 polr=1 time=25767 dish=375 beam=88 Eval=5 + 3im Aval=107 + 69im sval=8 Jval=1 + 3im
    freq=34 polr=0 time=16962 dish=440 beam=9 Eval=-5 - 3im Aval=-16 + 4im sval=7 Jval=1 + 0im
    freq=9 polr=0 time=29558 dish=404 beam=57 Eval=-3 - 2im Aval=-30 - 120im sval=9 Jval=0 + 1im
    freq=14 polr=1 time=10626 dish=402 beam=17 Eval=-2 + 2im Aval=-34 + 83im sval=5 Jval=-3 - 7im
    freq=20 polr=1 time=2742 dish=213 beam=5 Eval=-7 - 5im Aval=-74 + 28im sval=10 Jval=1 + 0im
    freq=21 polr=1 time=16096 dish=256 beam=69 Eval=-4 + 3im Aval=-86 - 42im sval=6 Jval=7 - 1im
    freq=4 polr=0 time=13822 dish=376 beam=71 Eval=-2 + 7im Aval=-61 - 51im sval=9 Jval=1 - 1im
    freq=36 polr=0 time=147 dish=432 beam=38 Eval=3 + 3im Aval=122 - 54im sval=8 Jval=2 + 1im
    freq=16 polr=1 time=24950 dish=36 beam=25 Eval=-6 + 1im Aval=88 - 72im sval=9 Jval=-1 + 1im
    freq=5 polr=0 time=10216 dish=171 beam=73 Eval=-1 + 5im Aval=111 + 1im sval=9 Jval=0 + 1im
    freq=39 polr=0 time=21163 dish=272 beam=20 Eval=-1 + 0im Aval=-61 + 75im sval=7 Jval=1 - 1im
    freq=7 polr=1 time=23378 dish=28 beam=81 Eval=5 - 2im Aval=47 - 37im sval=9 Jval=0 - 1im
    freq=20 polr=0 time=7836 dish=488 beam=9 Eval=-5 - 4im Aval=-70 - 113im sval=9 Jval=0 + 2im
    freq=45 polr=0 time=18671 dish=469 beam=53 Eval=-2 + 6im Aval=119 - 56im sval=8 Jval=0 + 3im
    freq=2 polr=1 time=5734 dish=167 beam=23 Eval=-2 + 4im Aval=-118 - 13im sval=9 Jval=1 - 1im
    freq=31 polr=0 time=3160 dish=311 beam=44 Eval=-3 + 0im Aval=16 + 4im sval=4 Jval=-3 + 0im
    freq=18 polr=1 time=14023 dish=510 beam=61 Eval=-7 + 6im Aval=25 - 50im sval=7 Jval=1 + 4im
    freq=26 polr=1 time=16978 dish=59 beam=66 Eval=3 - 2im Aval=68 + 27im sval=7 Jval=2 + 0im
    freq=5 polr=1 time=31422 dish=198 beam=61 Eval=0 + 2im Aval=-69 - 99im sval=7 Jval=2 - 1im
    freq=26 polr=1 time=5436 dish=265 beam=49 Eval=-1 + 5im Aval=38 + 41im sval=5 Jval=-7 + 5im
    freq=12 polr=1 time=6228 dish=75 beam=56 Eval=1 + 5im Aval=-111 - 14im sval=9 Jval=0 - 1im
    freq=35 polr=0 time=27070 dish=281 beam=26 Eval=6 - 4im Aval=-32 + 18im sval=8 Jval=0 + 1im
    freq=5 polr=0 time=23880 dish=89 beam=0 Eval=2 + 3im Aval=61 + 34im sval=7 Jval=0 + 2im
    freq=35 polr=0 time=211 dish=502 beam=64 Eval=-1 + 1im Aval=110 + 9im sval=7 Jval=-1 + 1im
    freq=41 polr=1 time=24905 dish=143 beam=82 Eval=6 + 6im Aval=-113 - 13im sval=8 Jval=-2 - 3im
    freq=8 polr=1 time=16171 dish=16 beam=83 Eval=-1 + 1im Aval=-4 - 122im sval=7 Jval=1 + 1im
    freq=45 polr=1 time=19341 dish=76 beam=28 Eval=-5 - 4im Aval=61 + 61im sval=7 Jval=0 - 4im
    freq=2 polr=1 time=23842 dish=237 beam=38 Eval=-1 + 1im Aval=91 + 69im sval=5 Jval=-5 + 1im
    freq=6 polr=0 time=31433 dish=56 beam=83 Eval=-7 - 3im Aval=-66 + 114im sval=9 Jval=2 - 1im
    freq=39 polr=0 time=26637 dish=194 beam=9 Eval=-4 - 1im Aval=-38 - 48im sval=6 Jval=2 + 4im
    freq=37 polr=0 time=4162 dish=252 beam=87 Eval=-7 + 4im Aval=-68 - 65im sval=7 Jval=6 + 1im
    freq=37 polr=0 time=2290 dish=19 beam=37 Eval=3 + 3im Aval=82 + 88im sval=10 Jval=0 + 1im
    freq=32 polr=0 time=30615 dish=472 beam=32 Eval=0 - 7im Aval=28 - 119im sval=9 Jval=-2 + 0im
    freq=0 polr=1 time=24273 dish=309 beam=78 Eval=5 - 5im Aval=-26 - 64im sval=7 Jval=-3 - 1im
    freq=34 polr=1 time=31337 dish=71 beam=49 Eval=-1 + 5im Aval=-100 - 72im sval=8 Jval=2 - 2im
    freq=16 polr=1 time=30606 dish=313 beam=72 Eval=-6 - 1im Aval=100 + 0im sval=7 Jval=-5 - 1im
    freq=3 polr=0 time=21048 dish=429 beam=57 Eval=7 - 2im Aval=127 - 50im sval=9 Jval=2 - 1im
    freq=36 polr=1 time=23592 dish=373 beam=26 Eval=-2 - 6im Aval=7 + 119im sval=7 Jval=6 - 2im
    freq=5 polr=0 time=14326 dish=155 beam=19 Eval=2 + 4im Aval=63 + 47im sval=7 Jval=0 + 3im
    freq=36 polr=1 time=6188 dish=443 beam=60 Eval=-1 - 6im Aval=17 + 95im sval=10 Jval=1 + 0im
    freq=2 polr=1 time=3498 dish=407 beam=89 Eval=-7 + 4im Aval=-93 - 113im sval=11 Jval=1 + 0im
    freq=29 polr=0 time=29847 dish=208 beam=71 Eval=3 - 4im Aval=-124 - 58im sval=7 Jval=-5 + 3im
    freq=2 polr=1 time=25960 dish=488 beam=26 Eval=-5 - 5im Aval=-38 + 111im sval=7 Jval=6 - 3im
    freq=17 polr=1 time=26159 dish=405 beam=40 Eval=6 - 5im Aval=88 + 63im sval=10 Jval=1 + 0im
    freq=9 polr=0 time=7668 dish=419 beam=94 Eval=3 - 2im Aval=-22 + 116im sval=8 Jval=1 + 2im
    freq=2 polr=0 time=20247 dish=458 beam=88 Eval=1 + 7im Aval=-37 - 67im sval=6 Jval=7 - 5im
    freq=35 polr=1 time=6934 dish=455 beam=46 Eval=-4 + 1im Aval=88 - 1im sval=8 Jval=-1 + 0im
    freq=1 polr=1 time=1601 dish=338 beam=42 Eval=1 + 4im Aval=-19 + 65im sval=7 Jval=-2 + 0im
    freq=32 polr=0 time=14768 dish=1 beam=74 Eval=3 + 1im Aval=81 - 34im sval=9 Jval=1 + 0im
    freq=6 polr=0 time=28313 dish=333 beam=74 Eval=-2 - 4im Aval=-69 - 120im sval=8 Jval=-1 + 2im
    freq=18 polr=0 time=8623 dish=508 beam=25 Eval=-1 + 2im Aval=-21 + 112im sval=7 Jval=-2 - 1im
    freq=45 polr=0 time=31279 dish=345 beam=53 Eval=7 - 7im Aval=116 + 86im sval=8 Jval=6 - 1im
    freq=15 polr=0 time=29977 dish=416 beam=45 Eval=6 + 5im Aval=-39 + 101im sval=8 Jval=-3 + 2im
    freq=25 polr=0 time=11271 dish=298 beam=9 Eval=3 - 5im Aval=-65 + 30im sval=8 Jval=0 + 2im
    freq=9 polr=0 time=25444 dish=282 beam=90 Eval=4 + 0im Aval=56 - 87im sval=8 Jval=1 - 1im
    freq=35 polr=0 time=23771 dish=459 beam=59 Eval=-4 - 3im Aval=80 - 102im sval=7 Jval=-5 + 1im
    freq=3 polr=1 time=16684 dish=342 beam=46 Eval=3 + 0im Aval=-115 + 26im sval=7 Jval=-3 + 1im
    freq=47 polr=0 time=30441 dish=380 beam=27 Eval=4 + 4im Aval=10 + 46im sval=5 Jval=-4 + 7im
    freq=0 polr=1 time=10259 dish=358 beam=27 Eval=-3 + 0im Aval=-65 - 25im sval=5 Jval=6 + 2im
    freq=10 polr=0 time=10174 dish=458 beam=60 Eval=0 + 5im Aval=53 + 106im sval=7 Jval=-4 + 2im
    freq=4 polr=1 time=28638 dish=201 beam=15 Eval=-3 + 3im Aval=-119 - 77im sval=10 Jval=1 + 0im
    freq=0 polr=1 time=27539 dish=425 beam=11 Eval=-6 - 5im Aval=-105 + 1im sval=10 Jval=1 + 1im
    freq=47 polr=0 time=16167 dish=88 beam=89 Eval=2 - 7im Aval=111 - 107im sval=10 Jval=-1 - 1im
    freq=10 polr=0 time=23372 dish=66 beam=1 Eval=-7 + 5im Aval=73 + 8im sval=8 Jval=-2 + 1im
    freq=23 polr=1 time=32314 dish=7 beam=65 Eval=4 - 1im Aval=-33 - 30im sval=8 Jval=-1 + 0im
    freq=34 polr=1 time=6164 dish=425 beam=75 Eval=2 - 2im Aval=113 - 12im sval=7 Jval=2 - 2im
    freq=44 polr=0 time=25920 dish=357 beam=18 Eval=-2 - 7im Aval=50 + 61im sval=8 Jval=1 - 2im
    freq=21 polr=1 time=24948 dish=293 beam=66 Eval=-1 - 1im Aval=-75 - 39im sval=7 Jval=0 + 1im
    freq=10 polr=0 time=4793 dish=304 beam=15 Eval=5 + 6im Aval=101 + 121im sval=9 Jval=0 + 2im
    freq=12 polr=1 time=31589 dish=389 beam=79 Eval=-2 + 6im Aval=-34 - 98im sval=10 Jval=1 + 0im
    freq=3 polr=0 time=11087 dish=130 beam=9 Eval=4 + 6im Aval=-66 - 103im sval=10 Jval=0 - 1im
    freq=2 polr=1 time=508 dish=186 beam=70 Eval=4 - 3im Aval=42 - 18im sval=6 Jval=2 - 3im
    freq=0 polr=1 time=12334 dish=335 beam=16 Eval=-3 + 1im Aval=-67 + 7im sval=7 Jval=2 - 1im
    freq=39 polr=0 time=5517 dish=153 beam=22 Eval=5 + 7im Aval=-80 + 107im sval=10 Jval=-1 + 0im
    freq=4 polr=1 time=7457 dish=51 beam=32 Eval=1 - 4im Aval=77 - 4im sval=7 Jval=1 - 2im
    freq=8 polr=0 time=15093 dish=389 beam=87 Eval=1 + 3im Aval=76 - 117im sval=8 Jval=2 + 0im
    freq=19 polr=1 time=27913 dish=509 beam=16 Eval=-4 - 4im Aval=65 - 100im sval=7 Jval=-5 + 1im
    freq=0 polr=0 time=3240 dish=1 beam=71 Eval=6 + 4im Aval=52 + 16im sval=6 Jval=4 + 5im
    freq=28 polr=1 time=12413 dish=210 beam=15 Eval=3 - 6im Aval=113 - 109im sval=10 Jval=0 - 1im
    freq=31 polr=1 time=26969 dish=236 beam=9 Eval=-4 + 4im Aval=87 - 63im sval=8 Jval=0 + 2im
    freq=21 polr=1 time=22110 dish=365 beam=20 Eval=-3 - 2im Aval=121 - 112im sval=9 Jval=-1 + 0im
    freq=16 polr=0 time=26359 dish=229 beam=13 Eval=-7 - 2im Aval=-52 - 62im sval=10 Jval=0 + 1im
    freq=23 polr=0 time=28610 dish=261 beam=82 Eval=1 - 5im Aval=-105 - 90im sval=10 Jval=-1 + 0im
    freq=29 polr=0 time=4906 dish=366 beam=94 Eval=2 + 2im Aval=-39 - 102im sval=6 Jval=2 - 4im
    freq=31 polr=1 time=5661 dish=320 beam=42 Eval=6 - 4im Aval=-82 + 75im sval=9 Jval=0 + 2im
    freq=30 polr=0 time=20633 dish=125 beam=44 Eval=-4 + 5im Aval=53 + 7im sval=8 Jval=-1 + 1im
    freq=11 polr=1 time=18674 dish=334 beam=33 Eval=3 + 7im Aval=-102 - 55im sval=9 Jval=0 - 2im
    freq=25 polr=1 time=32586 dish=465 beam=59 Eval=1 + 7im Aval=-32 - 78im sval=10 Jval=1 + 0im
    freq=13 polr=1 time=8113 dish=339 beam=55 Eval=-6 - 6im Aval=-35 - 99im sval=9 Jval=-1 + 2im
    freq=14 polr=0 time=12193 dish=210 beam=11 Eval=4 - 5im Aval=122 - 50im sval=7 Jval=2 - 6im
    freq=16 polr=0 time=20252 dish=47 beam=16 Eval=-2 + 2im Aval=0 + 36im sval=4 Jval=-4 - 4im
    freq=33 polr=0 time=5171 dish=259 beam=2 Eval=2 - 6im Aval=-92 + 5im sval=7 Jval=-1 + 4im
    freq=14 polr=0 time=29766 dish=259 beam=60 Eval=0 + 5im Aval=-26 + 13im sval=5 Jval=-2 - 4im
    freq=17 polr=1 time=8050 dish=487 beam=35 Eval=2 + 7im Aval=48 - 43im sval=6 Jval=6 + 4im
    freq=40 polr=1 time=21359 dish=7 beam=56 Eval=-5 + 4im Aval=-122 - 21im sval=10 Jval=1 + 0im
    freq=4 polr=1 time=30818 dish=402 beam=18 Eval=4 - 2im Aval=107 + 26im sval=8 Jval=2 + 0im
    freq=11 polr=0 time=24688 dish=247 beam=12 Eval=2 + 0im Aval=-62 - 40im sval=7 Jval=-1 - 1im
    freq=41 polr=0 time=9447 dish=282 beam=31 Eval=3 + 0im Aval=-104 - 38im sval=8 Jval=-1 + 0im
    freq=45 polr=0 time=9445 dish=435 beam=73 Eval=0 - 6im Aval=-30 - 50im sval=6 Jval=-5 + 3im
    freq=36 polr=0 time=5603 dish=469 beam=46 Eval=-5 + 5im Aval=70 + 12im sval=7 Jval=-3 + 2im
    freq=42 polr=0 time=7637 dish=134 beam=19 Eval=-6 + 3im Aval=105 + 11im sval=7 Jval=-5 + 2im
    freq=34 polr=1 time=15757 dish=485 beam=13 Eval=1 - 3im Aval=-83 - 108im sval=7 Jval=-3 + 1im
    freq=15 polr=0 time=32082 dish=378 beam=54 Eval=-1 - 4im Aval=52 + 81im sval=8 Jval=1 - 1im
    freq=34 polr=0 time=8716 dish=477 beam=57 Eval=-5 - 3im Aval=-121 + 62im sval=10 Jval=1 + 0im
    freq=18 polr=1 time=9950 dish=6 beam=43 Eval=3 - 4im Aval=123 + 119im sval=7 Jval=7 - 1im
    freq=42 polr=0 time=12196 dish=318 beam=14 Eval=-6 + 5im Aval=-103 - 116im sval=9 Jval=2 + 0im
    freq=38 polr=0 time=27842 dish=84 beam=7 Eval=5 - 1im Aval=23 + 118im sval=10 Jval=0 + 1im
    freq=17 polr=0 time=23426 dish=354 beam=29 Eval=6 - 7im Aval=-24 + 54im sval=7 Jval=2 + 4im
    freq=21 polr=0 time=1138 dish=181 beam=6 Eval=3 - 1im Aval=95 + 56im sval=9 Jval=1 + 0im
    freq=8 polr=0 time=10748 dish=240 beam=89 Eval=2 + 4im Aval=-4 + 104im sval=6 Jval=-7 + 3im
    freq=23 polr=0 time=26499 dish=4 beam=53 Eval=-3 + 6im Aval=55 - 118im sval=9 Jval=1 + 1im
    freq=35 polr=1 time=32259 dish=375 beam=86 Eval=-2 + 6im Aval=73 - 122im sval=10 Jval=1 + 1im
    freq=7 polr=1 time=12759 dish=491 beam=20 Eval=-3 + 4im Aval=-102 - 74im sval=10 Jval=1 + 0im
    freq=1 polr=0 time=21369 dish=47 beam=11 Eval=3 - 1im Aval=-61 - 43im sval=5 Jval=-7 - 2im
    freq=11 polr=0 time=13609 dish=466 beam=20 Eval=-2 + 6im Aval=113 + 58im sval=10 Jval=-1 + 1im
    freq=27 polr=0 time=17010 dish=462 beam=82 Eval=5 + 5im Aval=-76 - 113im sval=9 Jval=0 - 2im
    freq=21 polr=1 time=31663 dish=275 beam=12 Eval=-2 - 1im Aval=109 + 16im sval=5 Jval=-6 - 4im
    freq=38 polr=0 time=28849 dish=419 beam=63 Eval=-7 + 4im Aval=-92 - 11im sval=8 Jval=3 - 1im
    freq=13 polr=1 time=31049 dish=35 beam=4 Eval=-1 + 7im Aval=-34 + 93im sval=9 Jval=-1 - 1im
    freq=41 polr=0 time=4623 dish=248 beam=95 Eval=-2 - 4im Aval=-38 + 64im sval=9 Jval=1 + 0im
    freq=24 polr=0 time=17442 dish=242 beam=51 Eval=-6 - 5im Aval=-28 - 93im sval=7 Jval=-2 + 5im
    freq=22 polr=1 time=28016 dish=59 beam=70 Eval=4 + 6im Aval=-82 - 106im sval=8 Jval=1 - 4im
    freq=14 polr=1 time=14114 dish=201 beam=57 Eval=0 - 5im Aval=14 + 122im sval=10 Jval=1 + 0im
    freq=18 polr=1 time=31008 dish=229 beam=28 Eval=-2 - 6im Aval=52 - 43im sval=8 Jval=-1 - 1im
    freq=19 polr=1 time=3138 dish=237 beam=21 Eval=-2 + 3im Aval=120 - 20im sval=9 Jval=0 + 1im
    freq=14 polr=1 time=27445 dish=199 beam=22 Eval=2 - 6im Aval=-5 + 43im sval=6 Jval=4 + 2im
    freq=38 polr=1 time=19499 dish=290 beam=9 Eval=2 + 5im Aval=103 + 82im sval=9 Jval=0 + 1im
    freq=22 polr=0 time=23171 dish=472 beam=17 Eval=-5 + 4im Aval=-39 - 41im sval=6 Jval=6 + 1im
    freq=27 polr=0 time=30901 dish=231 beam=33 Eval=4 - 7im Aval=-14 + 12im sval=6 Jval=1 + 2im
    freq=15 polr=1 time=17108 dish=303 beam=32 Eval=5 - 3im Aval=36 + 5im sval=5 Jval=6 - 2im
    freq=44 polr=0 time=5667 dish=481 beam=19 Eval=1 - 6im Aval=77 - 114im sval=7 Jval=-5 - 4im
    freq=25 polr=1 time=8536 dish=196 beam=48 Eval=6 - 4im Aval=44 - 67im sval=9 Jval=0 - 1im
    freq=47 polr=0 time=18579 dish=197 beam=10 Eval=-6 + 6im Aval=96 + 100im sval=10 Jval=-1 + 0im
    freq=0 polr=0 time=19574 dish=12 beam=14 Eval=5 + 7im Aval=104 + 65im sval=8 Jval=0 + 4im
    freq=43 polr=0 time=28279 dish=475 beam=6 Eval=4 - 7im Aval=-87 - 10im sval=7 Jval=-3 + 4im
    freq=40 polr=1 time=9364 dish=389 beam=58 Eval=2 - 7im Aval=52 - 51im sval=7 Jval=-2 - 4im
    freq=38 polr=1 time=6297 dish=246 beam=19 Eval=-6 - 2im Aval=19 + 32im sval=8 Jval=0 - 1im
    freq=18 polr=0 time=26220 dish=28 beam=30 Eval=7 + 0im Aval=31 + 84im sval=9 Jval=0 + 1im
    freq=8 polr=1 time=28890 dish=28 beam=94 Eval=6 - 2im Aval=-66 + 47im sval=7 Jval=-2 + 3im
    freq=24 polr=1 time=19037 dish=478 beam=83 Eval=4 - 6im Aval=64 + 115im sval=8 Jval=4 + 0im
    freq=16 polr=0 time=28554 dish=138 beam=28 Eval=-4 + 5im Aval=-7 - 60im sval=6 Jval=5 + 3im
    freq=39 polr=0 time=26079 dish=105 beam=27 Eval=-2 + 6im Aval=-115 + 36im sval=7 Jval=0 - 6im
    freq=1 polr=0 time=7947 dish=386 beam=35 Eval=-2 + 7im Aval=122 - 50im sval=10 Jval=0 + 1im
    freq=35 polr=0 time=17587 dish=405 beam=14 Eval=-6 + 7im Aval=94 + 106im sval=9 Jval=-3 + 0im
    freq=20 polr=0 time=4952 dish=406 beam=61 Eval=-3 - 5im Aval=87 - 17im sval=9 Jval=-1 - 1im
    freq=34 polr=1 time=14520 dish=492 beam=64 Eval=3 + 1im Aval=124 + 43im sval=6 Jval=5 + 4im
    freq=40 polr=1 time=5485 dish=57 beam=36 Eval=6 + 1im Aval=-57 - 57im sval=7 Jval=-2 - 3im
    freq=0 polr=1 time=8741 dish=281 beam=53 Eval=6 - 3im Aval=-7 - 43im sval=8 Jval=-1 - 1im
    freq=40 polr=0 time=28164 dish=77 beam=17 Eval=3 - 5im Aval=108 - 23im sval=7 Jval=2 - 5im
    freq=29 polr=1 time=19216 dish=292 beam=12 Eval=3 - 2im Aval=-109 - 91im sval=7 Jval=-4 + 0im
    freq=0 polr=0 time=2491 dish=340 beam=29 Eval=4 - 3im Aval=-51 - 112im sval=9 Jval=-1 - 1im
    freq=16 polr=1 time=4113 dish=111 beam=62 Eval=-4 + 4im Aval=34 + 50im sval=9 Jval=-1 + 0im
    freq=37 polr=0 time=13838 dish=223 beam=2 Eval=0 - 2im Aval=7 + 18im sval=5 Jval=1 + 0im
    freq=4 polr=1 time=14500 dish=361 beam=14 Eval=-1 - 5im Aval=82 - 83im sval=9 Jval=-1 - 1im
    freq=40 polr=0 time=11 dish=326 beam=58 Eval=-5 - 1im Aval=-110 + 72im sval=9 Jval=1 + 0im
    freq=6 polr=1 time=579 dish=448 beam=65 Eval=3 - 1im Aval=-54 + 29im sval=8 Jval=-1 + 1im
    freq=13 polr=1 time=18336 dish=370 beam=17 Eval=-2 - 1im Aval=-81 + 13im sval=6 Jval=3 + 1im
    freq=4 polr=0 time=5484 dish=466 beam=4 Eval=-3 + 5im Aval=84 - 48im sval=8 Jval=0 + 2im
    freq=23 polr=1 time=24204 dish=384 beam=62 Eval=-3 - 3im Aval=67 + 40im sval=6 Jval=-1 - 5im
    freq=26 polr=0 time=19885 dish=391 beam=88 Eval=4 + 1im Aval=15 - 36im sval=5 Jval=3 - 4im
    freq=33 polr=1 time=26762 dish=44 beam=13 Eval=7 + 6im Aval=118 - 78im sval=8 Jval=5 + 1im
    freq=3 polr=0 time=18744 dish=412 beam=83 Eval=-6 - 7im Aval=106 - 107im sval=8 Jval=-5 + 0im
    freq=22 polr=0 time=3814 dish=382 beam=31 Eval=-3 - 7im Aval=24 + 105im sval=9 Jval=1 - 1im
    freq=18 polr=1 time=25145 dish=266 beam=24 Eval=1 + 4im Aval=47 + 65im sval=7 Jval=-2 + 2im
    freq=5 polr=1 time=18292 dish=441 beam=54 Eval=5 - 4im Aval=-39 + 59im sval=6 Jval=1 + 7im
    freq=12 polr=0 time=31604 dish=34 beam=73 Eval=-6 + 4im Aval=16 + 112im sval=9 Jval=-1 - 1im
    freq=45 polr=1 time=23533 dish=314 beam=36 Eval=4 - 6im Aval=-51 + 2im sval=9 Jval=0 + 1im
    freq=42 polr=1 time=12536 dish=389 beam=1 Eval=3 - 1im Aval=37 + 48im sval=7 Jval=1 + 1im
    freq=32 polr=0 time=6796 dish=116 beam=40 Eval=0 - 7im Aval=-75 + 117im sval=8 Jval=3 + 2im
    freq=37 polr=0 time=25357 dish=29 beam=66 Eval=1 - 3im Aval=98 + 23im sval=9 Jval=0 - 1im
    freq=36 polr=1 time=20416 dish=382 beam=24 Eval=-2 - 5im Aval=-113 + 34im sval=8 Jval=2 + 2im
    freq=23 polr=1 time=22559 dish=436 beam=34 Eval=3 + 2im Aval=-64 - 34im sval=8 Jval=0 - 1im
    freq=31 polr=0 time=28947 dish=408 beam=84 Eval=-6 + 2im Aval=-32 - 56im sval=8 Jval=1 + 1im
    freq=3 polr=0 time=7355 dish=251 beam=70 Eval=5 + 1im Aval=70 + 21im sval=7 Jval=3 + 1im
    freq=39 polr=0 time=378 dish=159 beam=90 Eval=-2 - 1im Aval=96 - 75im sval=8 Jval=-1 + 0im
    freq=7 polr=1 time=15453 dish=236 beam=15 Eval=6 - 5im Aval=2 + 61im sval=8 Jval=1 + 1im
    freq=27 polr=0 time=32622 dish=31 beam=69 Eval=-3 + 7im Aval=28 - 98im sval=7 Jval=5 + 4im
    freq=2 polr=0 time=30764 dish=349 beam=79 Eval=-2 - 3im Aval=-118 - 76im sval=8 Jval=0 + 2im
    freq=21 polr=1 time=22740 dish=194 beam=10 Eval=-7 - 5im Aval=47 - 23im sval=7 Jval=-3 - 1im
    freq=39 polr=1 time=16562 dish=25 beam=46 Eval=-1 + 2im Aval=-29 + 127im sval=7 Jval=-2 - 1im
    freq=43 polr=0 time=2317 dish=11 beam=72 Eval=0 + 1im Aval=-82 - 8im sval=5 Jval=0 - 2im
    freq=13 polr=0 time=19237 dish=242 beam=40 Eval=-7 + 6im Aval=-123 + 96im sval=9 Jval=1 - 3im
    freq=4 polr=1 time=32114 dish=456 beam=83 Eval=7 + 4im Aval=32 - 107im sval=7 Jval=5 - 5im
    freq=9 polr=0 time=19586 dish=63 beam=57 Eval=-3 + 5im Aval=-43 + 72im sval=9 Jval=0 - 1im
    freq=28 polr=0 time=25592 dish=324 beam=8 Eval=5 + 0im Aval=-8 + 105im sval=10 Jval=0 + 1im
    freq=47 polr=1 time=29232 dish=94 beam=24 Eval=5 - 3im Aval=30 - 54im sval=7 Jval=0 - 3im
    freq=41 polr=0 time=6561 dish=173 beam=71 Eval=-7 + 6im Aval=18 + 26im sval=6 Jval=-4 - 1im
    freq=12 polr=0 time=8492 dish=366 beam=35 Eval=2 - 7im Aval=-67 - 86im sval=10 Jval=-1 + 0im
    freq=3 polr=1 time=21757 dish=470 beam=10 Eval=-1 + 0im Aval=-79 + 73im sval=5 Jval=3 - 2im
    freq=43 polr=0 time=22041 dish=499 beam=27 Eval=-5 + 3im Aval=77 - 14im sval=6 Jval=-5 + 5im
    freq=44 polr=1 time=17671 dish=66 beam=87 Eval=7 - 5im Aval=89 + 117im sval=9 Jval=2 + 1im
    freq=39 polr=0 time=32331 dish=137 beam=66 Eval=-2 - 7im Aval=-2 + 92im sval=9 Jval=1 + 0im
    freq=15 polr=0 time=2042 dish=277 beam=45 Eval=7 + 7im Aval=-31 + 0im sval=8 Jval=-1 - 1im
    freq=37 polr=0 time=387 dish=307 beam=75 Eval=1 - 7im Aval=39 + 2im sval=6 Jval=1 - 4im
    freq=41 polr=1 time=1953 dish=421 beam=2 Eval=0 - 2im Aval=-119 - 16im sval=6 Jval=0 + 4im
    freq=34 polr=1 time=10419 dish=38 beam=81 Eval=-2 - 4im Aval=116 - 5im sval=8 Jval=-1 - 2im
    freq=15 polr=1 time=23568 dish=212 beam=22 Eval=3 - 7im Aval=83 - 107im sval=8 Jval=-2 - 4im
    freq=31 polr=1 time=11571 dish=191 beam=60 Eval=6 - 5im Aval=-84 + 113im sval=9 Jval=0 + 2im
    freq=42 polr=1 time=21213 dish=445 beam=12 Eval=-2 - 7im Aval=58 + 11im sval=7 Jval=0 - 3im
    freq=11 polr=1 time=12943 dish=457 beam=77 Eval=-7 - 1im Aval=5 + 66im sval=9 Jval=0 - 1im
    freq=33 polr=1 time=16334 dish=170 beam=74 Eval=5 + 2im Aval=-58 + 59im sval=6 Jval=-6 + 3im
    freq=27 polr=1 time=7931 dish=345 beam=88 Eval=-4 + 0im Aval=-89 + 10im sval=6 Jval=6 - 1im
    freq=13 polr=0 time=4622 dish=4 beam=2 Eval=7 + 5im Aval=116 + 79im sval=8 Jval=2 + 4im
    freq=14 polr=0 time=5352 dish=319 beam=3 Eval=1 - 1im Aval=-60 + 60im sval=6 Jval=0 + 2im
    freq=2 polr=1 time=18725 dish=478 beam=67 Eval=-4 + 4im Aval=77 + 18im sval=7 Jval=-3 + 2im
    freq=2 polr=0 time=5402 dish=174 beam=15 Eval=4 + 7im Aval=116 - 111im sval=9 Jval=2 + 1im
    freq=47 polr=0 time=31816 dish=230 beam=30 Eval=5 + 6im Aval=95 - 39im sval=7 Jval=6 + 3im
    freq=41 polr=0 time=31149 dish=161 beam=50 Eval=-6 + 6im Aval=-15 - 2im sval=4 Jval=7 - 5im
    freq=4 polr=1 time=8966 dish=420 beam=92 Eval=7 - 3im Aval=-85 + 93im sval=7 Jval=-2 + 7im
    freq=18 polr=0 time=1575 dish=430 beam=47 Eval=7 + 1im Aval=-41 + 95im sval=7 Jval=-3 + 5im
    freq=30 polr=0 time=22219 dish=68 beam=63 Eval=7 + 6im Aval=106 - 32im sval=7 Jval=7 + 3im
    freq=22 polr=0 time=32052 dish=302 beam=15 Eval=-4 - 3im Aval=-123 - 99im sval=8 Jval=1 + 3im
    freq=16 polr=1 time=12369 dish=420 beam=66 Eval=7 + 4im Aval=91 - 3im sval=10 Jval=1 + 0im
    freq=10 polr=1 time=2125 dish=504 beam=60 Eval=2 + 7im Aval=39 + 29im sval=7 Jval=-1 + 3im
    freq=0 polr=0 time=4768 dish=313 beam=50 Eval=-2 + 1im Aval=-73 - 8im sval=5 Jval=5 - 2im
    freq=8 polr=0 time=9037 dish=8 beam=44 Eval=-6 + 0im Aval=-11 - 46im sval=8 Jval=0 + 1im
    freq=44 polr=0 time=16342 dish=410 beam=47 Eval=-3 - 1im Aval=44 - 3im sval=8 Jval=-1 + 0im
    freq=14 polr=0 time=16710 dish=235 beam=0 Eval=2 + 3im Aval=-80 + 5im sval=7 Jval=-1 - 2im
    freq=38 polr=0 time=25726 dish=134 beam=38 Eval=-2 + 0im Aval=34 + 92im sval=7 Jval=0 - 1im
    freq=6 polr=1 time=6526 dish=37 beam=3 Eval=1 + 1im Aval=-75 - 126im sval=5 Jval=2 - 6im
    freq=39 polr=0 time=27701 dish=310 beam=50 Eval=-2 + 3im Aval=87 + 56im sval=9 Jval=-1 + 0im
    freq=37 polr=0 time=5207 dish=170 beam=19 Eval=-5 - 5im Aval=6 + 39im sval=6 Jval=3 - 3im
    freq=24 polr=0 time=19856 dish=31 beam=11 Eval=-4 + 7im Aval=-21 + 45im sval=8 Jval=-1 - 1im
    freq=30 polr=1 time=11064 dish=23 beam=8 Eval=6 + 5im Aval=120 - 127im sval=8 Jval=5 - 1im
    freq=14 polr=0 time=27110 dish=504 beam=35 Eval=6 + 3im Aval=83 - 118im sval=7 Jval=7 - 4im
    freq=44 polr=1 time=9984 dish=33 beam=55 Eval=-5 + 1im Aval=103 - 95im sval=8 Jval=-2 + 2im
    freq=24 polr=0 time=28883 dish=65 beam=39 Eval=-2 - 4im Aval=99 + 10im sval=9 Jval=0 - 1im
    freq=30 polr=1 time=28684 dish=274 beam=90 Eval=-4 + 5im Aval=-76 - 43im sval=7 Jval=4 - 2im
    freq=40 polr=0 time=4237 dish=255 beam=24 Eval=0 - 7im Aval=29 + 75im sval=8 Jval=2 - 1im
    freq=29 polr=0 time=29671 dish=138 beam=77 Eval=-3 - 6im Aval=-92 - 55im sval=7 Jval=0 + 6im
    freq=36 polr=0 time=24226 dish=182 beam=76 Eval=-7 + 3im Aval=-113 - 11im sval=8 Jval=3 - 1im
    freq=12 polr=0 time=22884 dish=161 beam=86 Eval=-3 - 1im Aval=105 + 28im sval=7 Jval=-2 - 1im
    freq=15 polr=1 time=32579 dish=53 beam=93 Eval=1 - 5im Aval=84 + 76im sval=8 Jval=2 - 1im
    freq=0 polr=1 time=8421 dish=439 beam=28 Eval=6 + 4im Aval=-86 - 104im sval=10 Jval=0 - 1im
    freq=29 polr=0 time=22675 dish=481 beam=64 Eval=-4 + 0im Aval=51 - 9im sval=8 Jval=-1 + 0im
    freq=27 polr=0 time=31135 dish=137 beam=31 Eval=-7 + 7im Aval=-12 + 4im sval=4 Jval=4 - 7im
    freq=18 polr=1 time=8378 dish=271 beam=39 Eval=-7 + 7im Aval=12 + 35im sval=8 Jval=-1 - 1im
    freq=29 polr=0 time=11020 dish=170 beam=32 Eval=0 + 3im Aval=-50 + 9im sval=6 Jval=0 - 2im
    freq=5 polr=1 time=1653 dish=338 beam=34 Eval=-4 - 1im Aval=-45 - 8im sval=8 Jval=1 + 0im
    freq=2 polr=0 time=30002 dish=269 beam=44 Eval=2 + 3im Aval=-75 - 29im sval=7 Jval=0 - 2im
    freq=36 polr=0 time=18737 dish=127 beam=76 Eval=7 + 2im Aval=-120 - 40im sval=8 Jval=-3 - 2im
    freq=19 polr=0 time=768 dish=31 beam=13 Eval=-6 + 2im Aval=15 - 110im sval=9 Jval=0 + 1im
    freq=35 polr=0 time=16835 dish=52 beam=87 Eval=1 + 0im Aval=-38 - 122im sval=6 Jval=-1 - 2im
    freq=15 polr=1 time=7711 dish=148 beam=7 Eval=-7 + 0im Aval=-74 + 91im sval=9 Jval=1 - 1im
    freq=21 polr=1 time=16862 dish=174 beam=22 Eval=2 - 2im Aval=-11 + 51im sval=8 Jval=0 + 1im
    freq=1 polr=0 time=14230 dish=430 beam=27 Eval=1 + 7im Aval=-107 + 111im sval=9 Jval=-2 - 1im
    freq=14 polr=1 time=15154 dish=320 beam=5 Eval=2 - 6im Aval=-50 - 54im sval=6 Jval=-7 + 3im
    freq=37 polr=1 time=4300 dish=124 beam=10 Eval=-7 + 2im Aval=-31 - 64im sval=9 Jval=1 + 1im
    freq=16 polr=0 time=28014 dish=11 beam=55 Eval=0 - 2im Aval=-45 - 103im sval=6 Jval=-3 + 1im
    freq=13 polr=1 time=20466 dish=506 beam=29 Eval=0 - 1im Aval=119 - 48im sval=5 Jval=-1 - 4im
    freq=42 polr=0 time=28640 dish=262 beam=46 Eval=-1 + 0im Aval=-50 + 100im sval=7 Jval=0 - 1im
    freq=23 polr=1 time=21183 dish=178 beam=90 Eval=7 - 2im Aval=118 + 98im sval=10 Jval=1 + 0im
    freq=41 polr=1 time=25288 dish=289 beam=31 Eval=-1 - 5im Aval=15 + 39im sval=7 Jval=1 - 1im
    freq=36 polr=0 time=8321 dish=342 beam=58 Eval=7 - 7im Aval=-37 + 14im sval=7 Jval=-1 + 3im
    freq=15 polr=1 time=30945 dish=13 beam=89 Eval=4 - 3im Aval=62 + 45im sval=6 Jval=6 + 0im
    freq=6 polr=0 time=31984 dish=221 beam=74 Eval=-2 + 2im Aval=-78 - 72im sval=8 Jval=1 + 0im
    freq=47 polr=0 time=765 dish=282 beam=55 Eval=-2 + 3im Aval=113 - 110im sval=7 Jval=1 + 4im
    freq=44 polr=0 time=9618 dish=174 beam=93 Eval=-4 + 7im Aval=8 + 116im sval=7 Jval=-7 - 3im
    freq=44 polr=1 time=25108 dish=91 beam=79 Eval=-2 - 2im Aval=114 - 32im sval=7 Jval=-2 - 1im
    freq=38 polr=1 time=4752 dish=3 beam=32 Eval=6 + 4im Aval=102 + 74im sval=10 Jval=0 + 1im
    freq=14 polr=1 time=24558 dish=82 beam=74 Eval=-3 - 7im Aval=83 - 13im sval=8 Jval=-1 - 2im
    freq=1 polr=1 time=26377 dish=289 beam=28 Eval=2 + 3im Aval=-126 + 29im sval=8 Jval=-1 - 1im
    freq=12 polr=0 time=8580 dish=260 beam=0 Eval=-3 + 4im Aval=98 - 32im sval=8 Jval=-1 + 2im
    freq=21 polr=0 time=24123 dish=474 beam=95 Eval=7 - 7im Aval=32 + 119im sval=11 Jval=1 + 0im
    freq=31 polr=0 time=27839 dish=152 beam=90 Eval=2 + 2im Aval=70 - 124im sval=6 Jval=6 - 2im
    freq=41 polr=1 time=29808 dish=48 beam=55 Eval=0 + 1im Aval=121 - 4im sval=6 Jval=0 + 2im
    freq=8 polr=1 time=1386 dish=34 beam=93 Eval=-4 + 5im Aval=-93 + 18im sval=7 Jval=2 - 4im
    freq=6 polr=0 time=10023 dish=296 beam=76 Eval=-6 - 4im Aval=-22 + 115im sval=8 Jval=2 - 2im
    freq=18 polr=1 time=19785 dish=439 beam=66 Eval=-3 + 7im Aval=-4 + 36im sval=6 Jval=-4 - 2im
    freq=12 polr=1 time=31506 dish=310 beam=56 Eval=4 - 3im Aval=69 - 7im sval=9 Jval=1 + 0im
    freq=44 polr=0 time=14621 dish=310 beam=45 Eval=-2 - 5im Aval=42 + 44im sval=8 Jval=1 - 1im
    freq=20 polr=1 time=25409 dish=332 beam=11 Eval=2 + 5im Aval=-93 + 59im sval=9 Jval=-1 - 1im
    freq=43 polr=0 time=12016 dish=412 beam=82 Eval=3 - 2im Aval=103 - 97im sval=7 Jval=1 - 4im
    freq=7 polr=1 time=30223 dish=59 beam=19 Eval=4 + 1im Aval=-119 + 8im sval=9 Jval=-1 + 0im
    freq=45 polr=0 time=15509 dish=133 beam=30 Eval=-7 - 7im Aval=-37 - 105im sval=9 Jval=-1 + 2im
    freq=2 polr=0 time=25353 dish=20 beam=44 Eval=-1 - 4im Aval=-14 + 31im sval=7 Jval=1 + 0im
    freq=16 polr=0 time=15100 dish=131 beam=82 Eval=-4 + 4im Aval=9 - 48im sval=7 Jval=1 + 2im
    freq=12 polr=0 time=696 dish=346 beam=59 Eval=-3 + 3im Aval=109 + 21im sval=7 Jval=-3 + 2im
    freq=1 polr=0 time=7335 dish=156 beam=38 Eval=-2 + 0im Aval=-91 + 9im sval=7 Jval=1 + 0im
    freq=31 polr=0 time=31219 dish=494 beam=20 Eval=-1 - 1im Aval=118 + 54im sval=8 Jval=0 - 1im
    freq=43 polr=1 time=26021 dish=463 beam=94 Eval=-6 + 5im Aval=-2 - 12im sval=7 Jval=1 + 1im
    freq=46 polr=1 time=9312 dish=11 beam=9 Eval=-4 - 7im Aval=-81 - 31im sval=10 Jval=0 + 1im
    freq=27 polr=1 time=23619 dish=321 beam=83 Eval=-1 - 3im Aval=-71 - 97im sval=6 Jval=-3 + 5im
    freq=27 polr=1 time=5888 dish=503 beam=31 Eval=1 - 5im Aval=-56 + 115im sval=9 Jval=1 + 1im
    freq=15 polr=1 time=14541 dish=235 beam=17 Eval=0 - 3im Aval=112 - 7im sval=8 Jval=0 - 1im
    freq=9 polr=0 time=14340 dish=189 beam=55 Eval=-4 - 1im Aval=108 - 20im sval=6 Jval=-7 + 0im
    freq=28 polr=0 time=4601 dish=71 beam=59 Eval=5 - 2im Aval=-103 - 24im sval=8 Jval=-2 + 0im
    freq=7 polr=0 time=31029 dish=122 beam=16 Eval=5 - 2im Aval=51 + 57im sval=8 Jval=1 + 1im
    freq=38 polr=0 time=9672 dish=37 beam=67 Eval=7 - 7im Aval=10 + 69im sval=9 Jval=1 + 1im
    freq=38 polr=0 time=8713 dish=40 beam=95 Eval=2 - 7im Aval=116 - 23im sval=7 Jval=1 - 7im
    freq=9 polr=0 time=18668 dish=313 beam=89 Eval=0 - 4im Aval=92 - 53im sval=7 Jval=-2 - 3im
    freq=6 polr=1 time=19285 dish=304 beam=36 Eval=-4 + 0im Aval=89 + 63im sval=6 Jval=-5 - 4im
    freq=42 polr=1 time=31698 dish=82 beam=38 Eval=-2 + 0im Aval=84 + 124im sval=8 Jval=-1 - 1im
    freq=19 polr=0 time=28174 dish=112 beam=13 Eval=-3 + 1im Aval=-68 + 106im sval=9 Jval=0 - 1im
    freq=37 polr=1 time=25082 dish=320 beam=18 Eval=-1 + 6im Aval=22 - 76im sval=7 Jval=3 + 2im
    freq=33 polr=0 time=2221 dish=122 beam=17 Eval=-2 + 0im Aval=43 - 6im sval=6 Jval=-1 + 0im
    freq=37 polr=0 time=8497 dish=287 beam=10 Eval=-3 - 1im Aval=-15 + 117im sval=7 Jval=1 - 3im
    freq=9 polr=1 time=7984 dish=20 beam=68 Eval=5 + 5im Aval=15 - 99im sval=10 Jval=1 + 0im
    freq=18 polr=1 time=8654 dish=321 beam=76 Eval=1 - 4im Aval=-2 - 116im sval=6 Jval=-7 - 2im
    freq=3 polr=0 time=5665 dish=78 beam=28 Eval=-1 + 0im Aval=-83 - 3im sval=5 Jval=3 + 0im
    freq=39 polr=0 time=30830 dish=6 beam=48 Eval=7 + 4im Aval=-69 - 66im sval=7 Jval=-2 - 6im
    freq=27 polr=0 time=7821 dish=59 beam=60 Eval=-1 - 7im Aval=-102 + 46im sval=7 Jval=3 + 5im
    freq=14 polr=0 time=25799 dish=216 beam=63 Eval=-2 + 5im Aval=39 - 49im sval=6 Jval=3 + 5im
    freq=23 polr=0 time=20699 dish=303 beam=94 Eval=-3 - 3im Aval=-46 - 118im sval=7 Jval=-2 + 4im
    freq=7 polr=1 time=16189 dish=420 beam=60 Eval=4 + 2im Aval=33 + 39im sval=6 Jval=1 + 4im
    freq=47 polr=0 time=20505 dish=171 beam=90 Eval=-7 - 2im Aval=-19 - 55im sval=7 Jval=0 + 3im
    freq=28 polr=0 time=14256 dish=286 beam=84 Eval=-7 - 2im Aval=66 + 77im sval=7 Jval=-2 - 5im
    freq=18 polr=0 time=24905 dish=152 beam=90 Eval=1 - 1im Aval=68 - 104im sval=8 Jval=0 - 1im
    freq=47 polr=0 time=4302 dish=134 beam=17 Eval=-3 - 4im Aval=19 - 42im sval=5 Jval=-7 + 2im
    freq=17 polr=1 time=8834 dish=97 beam=93 Eval=6 - 5im Aval=104 + 93im sval=9 Jval=2 + 0im
    freq=40 polr=0 time=16143 dish=459 beam=2 Eval=-4 - 5im Aval=120 + 31im sval=8 Jval=-1 - 3im
    freq=20 polr=0 time=19535 dish=281 beam=9 Eval=5 + 4im Aval=20 - 60im sval=9 Jval=1 + 0im
    freq=37 polr=1 time=5695 dish=130 beam=95 Eval=-4 - 4im Aval=-27 + 34im sval=6 Jval=4 + 0im
    freq=28 polr=0 time=24829 dish=310 beam=44 Eval=5 + 3im Aval=88 - 113im sval=9 Jval=2 - 1im
    freq=37 polr=0 time=12788 dish=251 beam=94 Eval=-4 + 0im Aval=-59 - 6im sval=8 Jval=1 + 0im
    freq=26 polr=0 time=26502 dish=349 beam=75 Eval=-6 + 1im Aval=-63 - 5im sval=7 Jval=3 + 0im
    freq=9 polr=0 time=28029 dish=67 beam=90 Eval=7 - 7im Aval=71 + 31im sval=8 Jval=3 - 1im
    freq=16 polr=0 time=28303 dish=310 beam=40 Eval=2 + 0im Aval=-87 + 109im sval=7 Jval=-1 + 2im
    freq=26 polr=0 time=17621 dish=376 beam=75 Eval=7 + 7im Aval=31 - 102im sval=7 Jval=7 - 4im
    freq=35 polr=0 time=18240 dish=405 beam=90 Eval=4 + 0im Aval=-28 - 58im sval=7 Jval=-1 - 2im
    freq=30 polr=1 time=28740 dish=495 beam=33 Eval=-5 + 2im Aval=114 - 22im sval=7 Jval=-4 + 3im
    freq=34 polr=1 time=5045 dish=439 beam=17 Eval=-4 + 7im Aval=-6 - 47im sval=9 Jval=1 + 0im
    freq=5 polr=0 time=21387 dish=469 beam=12 Eval=1 + 3im Aval=-46 - 85im sval=5 Jval=7 - 7im
    freq=44 polr=1 time=30079 dish=176 beam=44 Eval=-3 - 7im Aval=15 + 60im sval=9 Jval=1 - 1im
    freq=35 polr=0 time=1269 dish=231 beam=5 Eval=1 + 1im Aval=-66 + 109im sval=5 Jval=-5 + 1im
    freq=36 polr=1 time=28041 dish=474 beam=82 Eval=-1 - 5im Aval=34 + 101im sval=9 Jval=1 - 1im
    freq=32 polr=0 time=31785 dish=131 beam=31 Eval=3 - 7im Aval=116 - 78im sval=11 Jval=0 - 1im
    freq=45 polr=1 time=24100 dish=188 beam=36 Eval=6 + 0im Aval=-80 - 94im sval=9 Jval=-1 - 1im
    freq=46 polr=0 time=15351 dish=219 beam=23 Eval=4 + 6im Aval=79 - 88im sval=7 Jval=7 + 1im
    freq=41 polr=0 time=18247 dish=313 beam=63 Eval=5 + 7im Aval=-84 + 57im sval=9 Jval=-2 - 1im
    freq=36 polr=1 time=2141 dish=152 beam=26 Eval=-2 - 4im Aval=72 - 62im sval=7 Jval=-3 - 1im
    freq=31 polr=1 time=31146 dish=9 beam=89 Eval=-2 + 7im Aval=4 - 82im sval=9 Jval=1 + 0im
    freq=32 polr=1 time=26131 dish=461 beam=2 Eval=5 + 3im Aval=-123 - 81im sval=7 Jval=-3 - 6im
    freq=37 polr=1 time=27242 dish=298 beam=34 Eval=5 + 1im Aval=107 + 70im sval=9 Jval=1 + 1im
    freq=14 polr=0 time=29267 dish=497 beam=53 Eval=7 + 1im Aval=89 + 17im sval=7 Jval=5 + 2im
    freq=12 polr=0 time=24682 dish=243 beam=86 Eval=-7 - 5im Aval=4 + 116im sval=7 Jval=4 - 6im
    freq=31 polr=1 time=11362 dish=350 beam=60 Eval=0 + 3im Aval=37 + 111im sval=9 Jval=-1 + 0im
    freq=37 polr=1 time=3211 dish=422 beam=23 Eval=-3 - 6im Aval=63 + 126im sval=8 Jval=2 - 3im
    freq=1 polr=0 time=9477 dish=340 beam=47 Eval=0 + 2im Aval=104 + 14im sval=6 Jval=0 + 3im
    freq=36 polr=1 time=32009 dish=281 beam=19 Eval=2 + 6im Aval=7 + 23im sval=4 Jval=-7 + 6im
    freq=28 polr=1 time=12909 dish=457 beam=23 Eval=-7 - 5im Aval=40 + 112im sval=9 Jval=1 - 2im
    freq=10 polr=0 time=11788 dish=122 beam=59 Eval=1 - 7im Aval=88 - 86im sval=10 Jval=0 - 1im
    freq=27 polr=1 time=11157 dish=485 beam=21 Eval=6 - 4im Aval=-46 - 85im sval=10 Jval=-1 + 0im
    freq=31 polr=0 time=15496 dish=440 beam=17 Eval=-4 + 1im Aval=-19 + 19im sval=7 Jval=0 - 1im
    freq=32 polr=0 time=4431 dish=320 beam=93 Eval=7 + 4im Aval=-31 + 24im sval=9 Jval=-1 + 0im
    freq=9 polr=0 time=14576 dish=280 beam=2 Eval=0 - 5im Aval=17 - 5im sval=5 Jval=-1 - 3im
    freq=9 polr=0 time=31663 dish=88 beam=22 Eval=0 + 6im Aval=-80 - 125im sval=10 Jval=1 + 0im
    freq=45 polr=1 time=8564 dish=435 beam=51 Eval=-2 + 4im Aval=-28 + 95im sval=6 Jval=-5 - 5im
    freq=22 polr=0 time=3611 dish=37 beam=90 Eval=-5 - 2im Aval=-70 + 109im sval=10 Jval=1 + 0im
    freq=7 polr=0 time=3462 dish=496 beam=36 Eval=-3 + 2im Aval=77 - 83im sval=7 Jval=0 + 3im
    freq=25 polr=1 time=30385 dish=304 beam=73 Eval=0 + 2im Aval=-9 - 33im sval=4 Jval=4 - 1im
    freq=19 polr=1 time=14786 dish=505 beam=5 Eval=-1 + 7im Aval=-81 + 92im sval=7 Jval=-4 - 5im
    freq=41 polr=1 time=30598 dish=356 beam=75 Eval=-7 + 2im Aval=-47 + 47im sval=8 Jval=1 - 2im
    freq=34 polr=1 time=15410 dish=190 beam=61 Eval=7 + 1im Aval=-84 + 112im sval=10 Jval=-1 + 1im
    freq=45 polr=0 time=32516 dish=298 beam=39 Eval=2 + 7im Aval=84 + 49im sval=8 Jval=-1 + 3im
    freq=6 polr=0 time=2239 dish=366 beam=43 Eval=-5 + 7im Aval=-113 + 41im sval=8 Jval=1 - 4im
    freq=46 polr=0 time=8499 dish=468 beam=34 Eval=-3 + 5im Aval=47 - 71im sval=7 Jval=2 + 4im
    freq=13 polr=0 time=16480 dish=359 beam=91 Eval=-7 + 6im Aval=-41 + 17im sval=9 Jval=0 - 1im
    freq=40 polr=1 time=22530 dish=17 beam=72 Eval=-1 - 7im Aval=-106 - 111im sval=10 Jval=-1 + 1im
    freq=46 polr=1 time=17715 dish=127 beam=14 Eval=-2 - 7im Aval=-112 - 68im sval=10 Jval=0 + 1im
    freq=37 polr=1 time=17582 dish=256 beam=7 Eval=1 - 6im Aval=-93 + 25im sval=7 Jval=0 + 5im
    freq=38 polr=1 time=4206 dish=12 beam=73 Eval=-1 + 1im Aval=67 + 88im sval=5 Jval=-5 - 1im
    freq=23 polr=1 time=13856 dish=411 beam=47 Eval=7 + 1im Aval=-113 + 19im sval=7 Jval=-6 + 0im
    freq=10 polr=1 time=18385 dish=509 beam=41 Eval=-5 + 0im Aval=24 + 1im sval=7 Jval=-1 + 0im
    freq=24 polr=1 time=30953 dish=19 beam=44 Eval=7 - 7im Aval=23 + 108im sval=10 Jval=1 + 1im
    freq=15 polr=0 time=12752 dish=45 beam=67 Eval=-4 + 4im Aval=56 - 114im sval=9 Jval=0 + 1im
    freq=31 polr=0 time=21150 dish=395 beam=87 Eval=7 + 4im Aval=-9 + 53im sval=7 Jval=-2 + 3im
    freq=42 polr=1 time=22147 dish=24 beam=89 Eval=7 + 1im Aval=123 + 101im sval=9 Jval=1 + 2im
    freq=27 polr=0 time=26969 dish=342 beam=74 Eval=0 - 5im Aval=-107 - 97im sval=10 Jval=0 + 1im
    freq=1 polr=0 time=2625 dish=3 beam=72 Eval=7 - 6im Aval=41 + 13im sval=7 Jval=3 - 1im
    freq=13 polr=1 time=14034 dish=409 beam=54 Eval=2 - 3im Aval=-83 + 6im sval=6 Jval=-2 + 4im
    freq=27 polr=1 time=19927 dish=239 beam=61 Eval=-5 - 2im Aval=-59 + 68im sval=7 Jval=3 - 2im
    freq=2 polr=0 time=10047 dish=10 beam=88 Eval=0 - 2im Aval=63 + 15im sval=6 Jval=1 - 2im
    freq=31 polr=0 time=16461 dish=372 beam=25 Eval=0 + 1im Aval=11 - 40im sval=6 Jval=1 + 0im
    freq=46 polr=0 time=19092 dish=165 beam=76 Eval=4 - 7im Aval=-114 - 2im sval=7 Jval=-4 + 6im
    freq=8 polr=0 time=21070 dish=361 beam=71 Eval=-5 - 3im Aval=-79 - 15im sval=9 Jval=1 + 1im
    freq=8 polr=1 time=27703 dish=58 beam=77 Eval=3 + 6im Aval=68 - 40im sval=9 Jval=1 + 1im
    freq=2 polr=1 time=26919 dish=127 beam=62 Eval=2 + 0im Aval=-95 - 5im sval=6 Jval=-3 + 0im
    freq=35 polr=1 time=27691 dish=253 beam=95 Eval=0 + 1im Aval=-23 + 51im sval=5 Jval=-1 - 1im
    freq=11 polr=0 time=13897 dish=317 beam=95 Eval=3 + 5im Aval=5 + 28im sval=5 Jval=-4 + 4im
    freq=18 polr=0 time=25901 dish=313 beam=56 Eval=-7 + 2im Aval=116 - 43im sval=10 Jval=-1 + 1im
    freq=16 polr=1 time=4847 dish=336 beam=45 Eval=0 + 3im Aval=62 + 96im sval=7 Jval=-2 + 1im
    freq=36 polr=0 time=30455 dish=326 beam=12 Eval=7 + 0im Aval=-54 - 105im sval=9 Jval=-1 - 1im
    freq=44 polr=0 time=42 dish=195 beam=73 Eval=5 - 7im Aval=112 - 44im sval=10 Jval=0 - 1im
    freq=10 polr=1 time=2914 dish=70 beam=61 Eval=-7 + 0im Aval=-60 + 48im sval=7 Jval=3 - 3im
    freq=10 polr=0 time=19669 dish=299 beam=71 Eval=7 + 5im Aval=101 - 80im sval=10 Jval=1 + 0im
    freq=4 polr=1 time=2757 dish=188 beam=53 Eval=6 + 4im Aval=123 - 92im sval=9 Jval=2 + 0im
    freq=32 polr=0 time=22338 dish=288 beam=11 Eval=-7 - 2im Aval=-2 + 62im sval=6 Jval=2 - 7im
    freq=11 polr=0 time=15401 dish=51 beam=48 Eval=-5 - 7im Aval=36 - 126im sval=8 Jval=-4 + 1im
    freq=39 polr=0 time=31687 dish=287 beam=65 Eval=5 + 4im Aval=125 + 30im sval=7 Jval=4 + 5im
    freq=6 polr=0 time=28945 dish=347 beam=76 Eval=6 - 3im Aval=119 - 50im sval=8 Jval=2 - 3im
    freq=42 polr=1 time=1121 dish=393 beam=76 Eval=1 + 0im Aval=-12 - 19im sval=4 Jval=0 - 1im
    freq=10 polr=1 time=26816 dish=322 beam=47 Eval=6 - 2im Aval=-87 - 23im sval=9 Jval=-1 + 0im
    freq=43 polr=0 time=4995 dish=11 beam=89 Eval=-2 + 2im Aval=-94 - 122im sval=9 Jval=1 + 0im
    freq=27 polr=0 time=12340 dish=91 beam=83 Eval=6 + 7im Aval=36 - 18im sval=6 Jval=5 + 2im
    freq=16 polr=1 time=20046 dish=277 beam=38 Eval=-7 - 7im Aval=-51 + 37im sval=8 Jval=2 + 0im
    freq=10 polr=0 time=12408 dish=47 beam=61 Eval=4 + 6im Aval=115 - 79im sval=7 Jval=7 + 3im
    freq=38 polr=0 time=23083 dish=280 beam=68 Eval=-2 + 0im Aval=-45 - 30im sval=6 Jval=1 + 1im
    freq=15 polr=0 time=2052 dish=63 beam=54 Eval=7 + 3im Aval=-126 - 119im sval=8 Jval=-2 - 5im
    freq=8 polr=0 time=8379 dish=164 beam=55 Eval=2 - 3im Aval=28 - 67im sval=8 Jval=-1 - 1im
    freq=39 polr=1 time=30035 dish=345 beam=60 Eval=4 - 4im Aval=65 + 62im sval=7 Jval=4 + 0im
    freq=5 polr=1 time=17383 dish=240 beam=81 Eval=-2 - 7im Aval=-42 + 19im sval=6 Jval=3 + 4im
    freq=26 polr=0 time=19759 dish=143 beam=43 Eval=5 + 5im Aval=72 - 64im sval=10 Jval=1 + 0im
    freq=42 polr=1 time=1024 dish=41 beam=27 Eval=-6 + 3im Aval=-74 + 93im sval=9 Jval=0 - 2im
    freq=3 polr=0 time=28841 dish=301 beam=79 Eval=-7 + 0im Aval=127 + 105im sval=10 Jval=-1 - 1im
    freq=46 polr=1 time=24072 dish=177 beam=77 Eval=5 + 4im Aval=2 + 108im sval=7 Jval=-3 + 4im
    freq=39 polr=1 time=8671 dish=193 beam=80 Eval=-6 - 6im Aval=64 - 87im sval=7 Jval=-7 + 1im
    freq=33 polr=1 time=1361 dish=302 beam=54 Eval=-1 - 6im Aval=95 - 3im sval=9 Jval=0 - 1im
    freq=19 polr=1 time=23522 dish=376 beam=86 Eval=-2 + 1im Aval=84 + 100im sval=7 Jval=-2 - 1im
    freq=16 polr=1 time=27806 dish=10 beam=45 Eval=-2 - 6im Aval=-108 - 71im sval=7 Jval=-2 + 6im
    freq=21 polr=0 time=32412 dish=39 beam=38 Eval=2 + 2im Aval=-27 - 43im sval=5 Jval=1 - 4im
    freq=1 polr=0 time=15976 dish=59 beam=50 Eval=7 - 4im Aval=-10 + 20im sval=6 Jval=0 + 3im
    freq=19 polr=1 time=20467 dish=10 beam=32 Eval=2 + 0im Aval=-88 + 102im sval=5 Jval=-5 + 7im
    freq=28 polr=1 time=15188 dish=318 beam=58 Eval=-7 - 4im Aval=-60 + 78im sval=7 Jval=6 - 2im
    freq=40 polr=1 time=21578 dish=214 beam=49 Eval=1 + 2im Aval=-29 + 75im sval=5 Jval=-5 + 1im
    freq=20 polr=0 time=21153 dish=410 beam=92 Eval=5 - 5im Aval=-126 + 119im sval=8 Jval=0 + 5im
    freq=39 polr=1 time=8152 dish=410 beam=67 Eval=3 + 5im Aval=114 - 25im sval=9 Jval=1 + 1im
    freq=21 polr=1 time=27407 dish=135 beam=1 Eval=-2 + 1im Aval=-116 + 54im sval=7 Jval=1 - 2im
    freq=34 polr=0 time=13702 dish=50 beam=49 Eval=1 + 1im Aval=-105 - 102im sval=6 Jval=0 - 3im
    freq=22 polr=1 time=1547 dish=258 beam=13 Eval=3 + 2im Aval=85 - 17im sval=8 Jval=1 + 0im
    freq=8 polr=0 time=15506 dish=33 beam=75 Eval=-4 + 3im Aval=9 - 77im sval=6 Jval=3 + 5im
    freq=24 polr=0 time=5860 dish=159 beam=70 Eval=-3 - 4im Aval=-101 - 125im sval=9 Jval=0 + 2im
    freq=7 polr=1 time=7367 dish=104 beam=83 Eval=-1 + 3im Aval=-119 + 95im sval=9 Jval=0 - 1im
    freq=45 polr=1 time=25118 dish=267 beam=73 Eval=0 - 1im Aval=-82 - 37im sval=5 Jval=-1 + 3im
    freq=21 polr=1 time=23126 dish=293 beam=1 Eval=3 + 1im Aval=34 - 123im sval=7 Jval=2 - 3im
    freq=45 polr=1 time=27460 dish=235 beam=49 Eval=6 - 2im Aval=36 - 67im sval=7 Jval=1 - 4im
    freq=9 polr=1 time=27634 dish=62 beam=87 Eval=-1 + 7im Aval=-17 + 19im sval=6 Jval=-2 - 2im
    freq=24 polr=1 time=2830 dish=48 beam=41 Eval=-3 + 5im Aval=84 - 33im sval=10 Jval=0 + 1im
    freq=13 polr=1 time=19003 dish=369 beam=94 Eval=-4 - 7im Aval=-91 - 81im sval=9 Jval=0 + 2im
    freq=7 polr=0 time=15475 dish=460 beam=79 Eval=2 - 6im Aval=-75 + 37im sval=7 Jval=1 + 4im
    freq=9 polr=0 time=8744 dish=443 beam=1 Eval=-1 + 5im Aval=23 - 31im sval=6 Jval=2 + 2im
    freq=20 polr=1 time=25587 dish=123 beam=11 Eval=7 + 3im Aval=-13 + 61im sval=9 Jval=-1 + 1im
    freq=31 polr=1 time=4255 dish=261 beam=28 Eval=5 - 1im Aval=-15 + 27im sval=6 Jval=-1 + 2im
    freq=25 polr=1 time=32142 dish=139 beam=48 Eval=6 + 6im Aval=-38 + 24im sval=9 Jval=-1 + 0im
    freq=5 polr=1 time=24106 dish=105 beam=21 Eval=2 + 2im Aval=-69 + 23im sval=5 Jval=-6 - 3im
    freq=41 polr=0 time=22910 dish=368 beam=4 Eval=-5 + 1im Aval=-88 - 114im sval=9 Jval=1 + 1im
    freq=12 polr=0 time=21656 dish=475 beam=3 Eval=0 - 4im Aval=-98 - 29im sval=6 Jval=-2 + 6im
    freq=33 polr=0 time=27475 dish=446 beam=12 Eval=0 + 6im Aval=4 + 33im sval=6 Jval=-3 + 0im
    freq=9 polr=0 time=9819 dish=158 beam=73 Eval=1 + 1im Aval=9 - 80im sval=4 Jval=6 - 4im
    freq=16 polr=0 time=15042 dish=423 beam=63 Eval=5 + 1im Aval=-12 + 123im sval=10 Jval=0 + 1im
    freq=17 polr=1 time=7612 dish=151 beam=74 Eval=-6 + 0im Aval=27 - 26im sval=7 Jval=-1 + 1im
    freq=43 polr=1 time=19908 dish=211 beam=65 Eval=-3 - 2im Aval=-116 + 50im sval=6 Jval=7 + 1im
    freq=18 polr=1 time=13799 dish=363 beam=46 Eval=-2 - 5im Aval=68 + 113im sval=8 Jval=2 - 2im
    freq=32 polr=1 time=20865 dish=120 beam=91 Eval=-3 + 4im Aval=91 - 106im sval=9 Jval=0 + 1im
    freq=31 polr=0 time=18206 dish=19 beam=95 Eval=-3 - 2im Aval=-120 - 51im sval=8 Jval=1 + 2im
    freq=18 polr=1 time=27231 dish=39 beam=3 Eval=6 - 4im Aval=7 - 36im sval=5 Jval=-3 - 7im
    freq=36 polr=0 time=11951 dish=148 beam=93 Eval=4 + 6im Aval=93 - 41im sval=7 Jval=5 + 3im
    freq=10 polr=1 time=32661 dish=363 beam=27 Eval=1 + 6im Aval=-32 - 104im sval=8 Jval=2 - 1im
    freq=16 polr=0 time=6900 dish=490 beam=38 Eval=2 - 2im Aval=-54 + 107im sval=8 Jval=0 + 1im
    freq=37 polr=0 time=29321 dish=146 beam=86 Eval=1 + 0im Aval=-15 - 79im sval=4 Jval=-1 - 5im
    freq=1 polr=0 time=11759 dish=143 beam=75 Eval=-2 - 3im Aval=-36 + 62im sval=9 Jval=1 + 0im
    freq=26 polr=1 time=10084 dish=188 beam=73 Eval=-3 - 5im Aval=113 - 37im sval=8 Jval=-2 - 2im
    freq=40 polr=0 time=4421 dish=314 beam=70 Eval=5 - 2im Aval=51 + 102im sval=7 Jval=4 + 3im
    freq=38 polr=1 time=32645 dish=507 beam=58 Eval=-4 - 1im Aval=16 + 76im sval=8 Jval=0 - 1im
    freq=29 polr=0 time=1508 dish=2 beam=68 Eval=3 - 2im Aval=-74 + 79im sval=7 Jval=0 + 3im
    freq=27 polr=1 time=6101 dish=168 beam=66 Eval=-6 + 0im Aval=91 + 122im sval=7 Jval=-4 - 6im
    freq=47 polr=0 time=13885 dish=118 beam=90 Eval=-2 + 3im Aval=-127 + 122im sval=7 Jval=-1 - 5im
    freq=10 polr=0 time=10794 dish=411 beam=60 Eval=-7 + 4im Aval=-2 + 75im sval=7 Jval=-2 - 4im
    freq=33 polr=1 time=7515 dish=134 beam=42 Eval=2 - 6im Aval=16 - 17im sval=5 Jval=-2 - 4im
    freq=36 polr=1 time=2789 dish=286 beam=81 Eval=-6 - 5im Aval=-24 - 25im sval=9 Jval=0 + 1im
    freq=23 polr=1 time=25424 dish=77 beam=24 Eval=-7 - 7im Aval=-50 - 31im sval=9 Jval=0 + 1im
    freq=22 polr=1 time=17797 dish=271 beam=75 Eval=-1 - 3im Aval=46 - 69im sval=6 Jval=-4 - 1im
    freq=21 polr=0 time=2479 dish=436 beam=56 Eval=7 + 3im Aval=-38 + 18im sval=6 Jval=-5 + 0im
    freq=40 polr=1 time=27749 dish=354 beam=18 Eval=6 + 6im Aval=-43 - 5im sval=6 Jval=-3 - 4im
    freq=17 polr=0 time=4137 dish=334 beam=45 Eval=-5 + 1im Aval=-32 + 72im sval=9 Jval=0 - 1im
    freq=16 polr=0 time=21933 dish=308 beam=33 Eval=0 + 7im Aval=-115 + 64im sval=8 Jval=-2 - 3im
    freq=40 polr=1 time=21908 dish=492 beam=28 Eval=1 + 3im Aval=-41 + 11im sval=6 Jval=-1 - 2im
    freq=45 polr=0 time=4441 dish=425 beam=70 Eval=0 + 4im Aval=-15 - 39im sval=7 Jval=1 + 0im
    freq=42 polr=1 time=16569 dish=162 beam=45 Eval=-3 - 2im Aval=61 + 47im sval=9 Jval=0 - 1im
    freq=16 polr=0 time=1631 dish=490 beam=72 Eval=-4 - 5im Aval=-102 - 21im sval=8 Jval=1 + 2im
    freq=16 polr=1 time=3750 dish=174 beam=67 Eval=3 - 5im Aval=-35 + 99im sval=9 Jval=1 + 1im
    freq=13 polr=1 time=18050 dish=509 beam=26 Eval=2 - 4im Aval=55 + 105im sval=9 Jval=1 + 0im
    freq=15 polr=0 time=5964 dish=373 beam=2 Eval=4 - 7im Aval=55 - 71im sval=10 Jval=0 - 1im
    freq=8 polr=0 time=31708 dish=227 beam=15 Eval=0 + 1im Aval=-102 - 1im sval=5 Jval=0 - 3im
    freq=26 polr=0 time=21422 dish=152 beam=55 Eval=-6 - 1im Aval=-49 + 86im sval=6 Jval=6 - 7im
    freq=28 polr=1 time=20617 dish=429 beam=61 Eval=-5 + 5im Aval=125 - 8im sval=9 Jval=-1 + 1im
    freq=29 polr=1 time=20373 dish=310 beam=48 Eval=0 - 7im Aval=51 - 19im sval=8 Jval=-1 - 1im
    freq=16 polr=0 time=20740 dish=277 beam=32 Eval=5 + 7im Aval=-48 - 16im sval=9 Jval=0 - 1im
    freq=0 polr=1 time=2611 dish=121 beam=21 Eval=5 + 5im Aval=44 - 94im sval=10 Jval=1 + 0im
    freq=0 polr=0 time=19707 dish=209 beam=0 Eval=6 - 2im Aval=24 - 16im sval=8 Jval=0 - 1im
    freq=14 polr=1 time=9410 dish=294 beam=48 Eval=1 + 7im Aval=56 + 116im sval=10 Jval=-1 + 1im
    freq=40 polr=0 time=27568 dish=337 beam=2 Eval=3 - 2im Aval=114 + 11im sval=8 Jval=1 - 1im
    freq=34 polr=0 time=2938 dish=267 beam=27 Eval=0 - 1im Aval=24 - 109im sval=6 Jval=-2 + 0im
    freq=41 polr=1 time=4982 dish=166 beam=18 Eval=7 - 4im Aval=46 - 8im sval=8 Jval=1 - 1im
    freq=27 polr=1 time=10152 dish=12 beam=40 Eval=-1 + 0im Aval=92 + 21im sval=7 Jval=-1 + 0im
    freq=47 polr=0 time=15510 dish=245 beam=30 Eval=-4 + 5im Aval=17 - 121im sval=7 Jval=4 + 4im
    freq=26 polr=0 time=14102 dish=441 beam=75 Eval=-2 + 3im Aval=-76 - 20im sval=7 Jval=2 - 1im
    freq=25 polr=0 time=12613 dish=265 beam=39 Eval=7 + 5im Aval=-3 - 112im sval=8 Jval=2 - 3im
    freq=44 polr=0 time=6090 dish=360 beam=34 Eval=3 - 2im Aval=-53 + 42im sval=8 Jval=0 + 1im
    freq=37 polr=0 time=17249 dish=98 beam=1 Eval=-5 + 6im Aval=-20 - 74im sval=8 Jval=2 + 1im
    freq=18 polr=0 time=10236 dish=83 beam=3 Eval=-7 + 1im Aval=-42 + 13im sval=7 Jval=2 - 1im
    freq=28 polr=0 time=5610 dish=355 beam=77 Eval=-2 - 4im Aval=-113 + 76im sval=7 Jval=4 + 2im
    freq=1 polr=0 time=11191 dish=160 beam=52 Eval=6 - 2im Aval=6 + 54im sval=7 Jval=1 + 2im
    freq=20 polr=1 time=29501 dish=242 beam=76 Eval=3 - 7im Aval=41 + 19im sval=8 Jval=1 - 1im
    freq=7 polr=0 time=3173 dish=361 beam=63 Eval=1 + 3im Aval=99 + 102im sval=9 Jval=0 + 1im
    freq=13 polr=1 time=12992 dish=368 beam=10 Eval=3 - 1im Aval=-25 - 52im sval=7 Jval=-1 - 1im
Copying data from CPU to GPU...
Running kernel...
Copying data back from GPU to CPU...
Done.
