[Choosing CUDA device...]
NVIDIA A40
[Creating bb kernel...]
[Done creating bb kernel]
CHORD 8-bit baseband beamformer
J[t,p,f,b] = s[b,p,f] Σ[d] A[d,b,p,f] E[d,p,f,t]
Compiling kernel...
Allocating input data...
Setting up input data...
    freq=4 polr=0 time=1749 dish=907 beam=7 Eval=7 - 5im Aval=-43 + 3im sval=7 Jval=-2 + 2im
    freq=15 polr=1 time=1173 dish=526 beam=1 Eval=4 + 7im Aval=-18 + 77im sval=8 Jval=-2 + 1im
    freq=9 polr=0 time=7289 dish=618 beam=13 Eval=1 + 5im Aval=-40 + 23im sval=7 Jval=-1 - 1im
    freq=9 polr=1 time=1597 dish=935 beam=12 Eval=6 + 3im Aval=-48 - 66im sval=9 Jval=0 - 1im
    freq=11 polr=0 time=306 dish=87 beam=12 Eval=-7 - 6im Aval=-4 + 103im sval=8 Jval=3 - 3im
    freq=12 polr=1 time=4668 dish=195 beam=11 Eval=0 - 1im Aval=-110 + 23im sval=5 Jval=1 + 4im
    freq=6 polr=1 time=7679 dish=444 beam=8 Eval=-4 - 5im Aval=-47 + 127im sval=7 Jval=6 - 2im
    freq=2 polr=1 time=6303 dish=644 beam=2 Eval=7 - 6im Aval=53 + 38im sval=9 Jval=1 + 0im
    freq=14 polr=1 time=4612 dish=494 beam=7 Eval=-3 + 4im Aval=67 - 41im sval=8 Jval=0 + 2im
    freq=0 polr=0 time=5636 dish=1010 beam=3 Eval=1 - 6im Aval=-35 - 19im sval=5 Jval=-4 + 6im
    freq=10 polr=1 time=2251 dish=22 beam=14 Eval=-6 + 3im Aval=42 + 93im sval=7 Jval=-4 - 3im
    freq=9 polr=1 time=7998 dish=576 beam=6 Eval=-6 - 4im Aval=-65 - 117im sval=9 Jval=0 + 2im
    freq=4 polr=0 time=5041 dish=298 beam=14 Eval=-1 - 3im Aval=-23 - 34im sval=5 Jval=-2 + 3im
    freq=6 polr=0 time=1252 dish=331 beam=5 Eval=6 + 2im Aval=-45 - 25im sval=7 Jval=-2 - 2im
    freq=9 polr=1 time=5642 dish=813 beam=10 Eval=-6 + 7im Aval=-24 + 78im sval=7 Jval=-3 - 5im
    freq=0 polr=0 time=869 dish=175 beam=8 Eval=-1 - 4im Aval=-48 - 107im sval=7 Jval=-3 + 2im
    freq=2 polr=1 time=4219 dish=491 beam=4 Eval=1 + 1im Aval=-59 + 66im sval=5 Jval=-4 + 0im
    freq=4 polr=0 time=4524 dish=538 beam=3 Eval=4 + 6im Aval=-111 + 63im sval=8 Jval=-3 - 2im
    freq=15 polr=1 time=73 dish=306 beam=6 Eval=-3 + 1im Aval=61 - 51im sval=7 Jval=-1 + 2im
    freq=3 polr=1 time=3109 dish=229 beam=1 Eval=5 + 3im Aval=88 - 96im sval=7 Jval=6 - 2im
    freq=2 polr=0 time=3715 dish=619 beam=13 Eval=-5 - 3im Aval=-41 - 40im sval=6 Jval=1 + 5im
    freq=0 polr=0 time=262 dish=346 beam=12 Eval=-1 - 6im Aval=-44 + 44im sval=7 Jval=2 + 2im
    freq=11 polr=0 time=2080 dish=326 beam=15 Eval=4 - 2im Aval=-37 - 84im sval=6 Jval=-5 - 4im
    freq=9 polr=0 time=2039 dish=247 beam=15 Eval=-3 + 6im Aval=-54 + 1im sval=6 Jval=3 - 5im
    freq=3 polr=0 time=63 dish=132 beam=1 Eval=-7 + 6im Aval=108 - 119im sval=9 Jval=0 + 3im
    freq=3 polr=0 time=7126 dish=129 beam=10 Eval=-3 + 7im Aval=-82 + 54im sval=9 Jval=0 - 1im
    freq=3 polr=0 time=316 dish=175 beam=5 Eval=1 + 4im Aval=93 + 23im sval=8 Jval=0 + 2im
    freq=0 polr=1 time=6239 dish=692 beam=8 Eval=5 + 2im Aval=-83 - 15im sval=9 Jval=-1 + 0im
    freq=15 polr=0 time=2416 dish=280 beam=11 Eval=0 + 2im Aval=-110 + 34im sval=6 Jval=-1 - 3im
    freq=7 polr=1 time=4061 dish=8 beam=3 Eval=-2 - 3im Aval=83 - 11im sval=8 Jval=-1 - 1im
    freq=11 polr=1 time=5719 dish=506 beam=13 Eval=0 - 7im Aval=58 + 10im sval=8 Jval=0 - 2im
    freq=0 polr=0 time=226 dish=448 beam=12 Eval=-3 - 6im Aval=-49 - 108im sval=7 Jval=-4 + 5im
    freq=7 polr=1 time=1559 dish=130 beam=10 Eval=1 + 0im Aval=-114 + 92im sval=7 Jval=-1 + 1im
    freq=8 polr=1 time=2364 dish=437 beam=3 Eval=0 + 2im Aval=19 - 14im sval=5 Jval=1 + 1im
    freq=5 polr=1 time=4387 dish=268 beam=12 Eval=7 + 4im Aval=108 + 89im sval=11 Jval=0 + 1im
    freq=1 polr=0 time=5126 dish=401 beam=15 Eval=2 + 5im Aval=-70 - 54im sval=8 Jval=1 - 2im
    freq=10 polr=0 time=8112 dish=897 beam=8 Eval=-4 + 3im Aval=-75 - 123im sval=9 Jval=1 + 1im
    freq=6 polr=0 time=4869 dish=492 beam=0 Eval=-5 + 5im Aval=-66 - 116im sval=10 Jval=1 + 0im
    freq=3 polr=1 time=7326 dish=20 beam=0 Eval=-4 - 1im Aval=-35 - 73im sval=8 Jval=0 + 1im
    freq=10 polr=0 time=7266 dish=954 beam=11 Eval=-1 + 5im Aval=-51 - 113im sval=8 Jval=2 - 1im
    freq=13 polr=0 time=7400 dish=64 beam=13 Eval=5 + 6im Aval=39 + 28im sval=8 Jval=0 + 1im
    freq=15 polr=0 time=5198 dish=899 beam=13 Eval=-6 + 3im Aval=20 + 60im sval=9 Jval=-1 - 1im
    freq=3 polr=1 time=5580 dish=762 beam=9 Eval=-1 + 4im Aval=26 - 35im sval=5 Jval=4 + 5im
    freq=2 polr=1 time=5587 dish=591 beam=2 Eval=6 + 0im Aval=-126 + 64im sval=9 Jval=-1 + 1im
    freq=7 polr=1 time=2459 dish=1023 beam=13 Eval=-5 - 2im Aval=107 + 113im sval=7 Jval=-2 - 6im
    freq=14 polr=1 time=1874 dish=213 beam=3 Eval=5 - 1im Aval=57 + 4im sval=6 Jval=5 + 0im
    freq=13 polr=1 time=4211 dish=884 beam=12 Eval=-6 + 6im Aval=-13 - 20im sval=7 Jval=2 + 0im
    freq=10 polr=0 time=7516 dish=249 beam=8 Eval=4 + 6im Aval=10 + 71im sval=9 Jval=-1 + 1im
    freq=11 polr=0 time=924 dish=379 beam=7 Eval=-2 - 4im Aval=83 + 99im sval=8 Jval=1 - 2im
    freq=11 polr=0 time=8054 dish=164 beam=0 Eval=-5 - 2im Aval=-94 - 61im sval=7 Jval=3 + 4im
    freq=13 polr=1 time=3672 dish=739 beam=11 Eval=7 + 2im Aval=-82 + 109im sval=9 Jval=-2 + 1im
    freq=1 polr=0 time=6334 dish=804 beam=2 Eval=0 - 2im Aval=95 - 10im sval=6 Jval=0 - 3im
    freq=4 polr=0 time=3035 dish=122 beam=9 Eval=3 + 7im Aval=-120 + 66im sval=9 Jval=-2 - 1im
    freq=14 polr=0 time=3682 dish=897 beam=2 Eval=-5 - 2im Aval=-44 - 39im sval=9 Jval=0 + 1im
    freq=13 polr=0 time=3372 dish=478 beam=15 Eval=2 + 5im Aval=103 - 90im sval=8 Jval=3 + 1im
    freq=14 polr=1 time=4488 dish=737 beam=6 Eval=3 - 5im Aval=118 + 116im sval=7 Jval=7 - 2im
    freq=9 polr=0 time=8074 dish=738 beam=9 Eval=-4 - 3im Aval=-9 + 77im sval=6 Jval=4 - 4im
    freq=5 polr=0 time=597 dish=592 beam=14 Eval=-6 - 6im Aval=-117 + 94im sval=8 Jval=5 + 1im
    freq=14 polr=0 time=1693 dish=1015 beam=15 Eval=2 - 6im Aval=41 + 80im sval=9 Jval=1 + 0im
    freq=3 polr=1 time=5363 dish=580 beam=0 Eval=7 + 2im Aval=-61 + 52im sval=8 Jval=-2 + 1im
    freq=10 polr=1 time=3986 dish=930 beam=5 Eval=-1 - 7im Aval=-28 - 71im sval=6 Jval=-7 + 4im
    freq=12 polr=0 time=493 dish=824 beam=10 Eval=7 + 7im Aval=-16 - 117im sval=10 Jval=1 - 1im
    freq=6 polr=1 time=5428 dish=410 beam=11 Eval=-5 + 5im Aval=74 - 75im sval=10 Jval=0 + 1im
    freq=13 polr=0 time=125 dish=41 beam=1 Eval=-4 + 1im Aval=-124 + 85im sval=9 Jval=1 - 1im
    freq=11 polr=0 time=4654 dish=775 beam=8 Eval=-1 - 5im Aval=5 - 98im sval=9 Jval=-1 + 0im
    freq=4 polr=1 time=8139 dish=971 beam=5 Eval=5 + 0im Aval=97 - 6im sval=9 Jval=1 + 0im
    freq=10 polr=0 time=2793 dish=1016 beam=11 Eval=-4 - 2im Aval=22 - 124im sval=8 Jval=-1 + 2im
    freq=14 polr=1 time=1432 dish=689 beam=3 Eval=1 - 2im Aval=-70 - 6im sval=6 Jval=-1 + 2im
    freq=14 polr=1 time=3287 dish=963 beam=8 Eval=-4 - 4im Aval=98 + 6im sval=7 Jval=-3 - 3im
    freq=15 polr=1 time=3503 dish=130 beam=6 Eval=-4 + 7im Aval=-89 + 86im sval=7 Jval=-2 - 7im
    freq=2 polr=0 time=3266 dish=437 beam=9 Eval=-5 + 7im Aval=-88 + 2im sval=8 Jval=2 - 2im
    freq=11 polr=1 time=2619 dish=184 beam=10 Eval=2 - 7im Aval=-45 - 49im sval=6 Jval=-7 + 4im
    freq=14 polr=0 time=5134 dish=797 beam=11 Eval=4 + 7im Aval=-5 + 18im sval=5 Jval=-4 + 1im
    freq=6 polr=0 time=5302 dish=974 beam=14 Eval=6 - 5im Aval=74 - 14im sval=6 Jval=6 - 7im
    freq=11 polr=1 time=58 dish=737 beam=11 Eval=0 + 1im Aval=-77 - 27im sval=7 Jval=0 - 1im
    freq=11 polr=1 time=2761 dish=550 beam=11 Eval=2 - 5im Aval=84 + 102im sval=7 Jval=5 - 2im
    freq=5 polr=0 time=7525 dish=992 beam=12 Eval=3 - 2im Aval=-3 + 37im sval=6 Jval=1 + 2im
    freq=11 polr=0 time=1909 dish=4 beam=12 Eval=-4 - 5im Aval=27 - 122im sval=8 Jval=-3 + 1im
    freq=9 polr=1 time=2858 dish=833 beam=0 Eval=-3 + 7im Aval=-4 + 40im sval=8 Jval=-1 - 1im
    freq=15 polr=1 time=323 dish=786 beam=2 Eval=5 - 4im Aval=75 - 98im sval=9 Jval=0 - 2im
    freq=4 polr=0 time=852 dish=720 beam=10 Eval=-6 + 6im Aval=-17 + 102im sval=8 Jval=-2 - 3im
    freq=0 polr=1 time=3435 dish=683 beam=10 Eval=3 - 4im Aval=83 + 120im sval=9 Jval=1 + 0im
    freq=8 polr=0 time=6435 dish=820 beam=14 Eval=1 - 4im Aval=-38 - 100im sval=9 Jval=-1 + 0im
    freq=9 polr=1 time=7952 dish=562 beam=6 Eval=-7 - 7im Aval=28 - 70im sval=9 Jval=-1 + 1im
    freq=10 polr=0 time=2656 dish=650 beam=11 Eval=6 + 4im Aval=47 - 71im sval=8 Jval=2 - 1im
    freq=1 polr=1 time=8130 dish=325 beam=6 Eval=-2 - 7im Aval=-106 + 14im sval=9 Jval=1 + 1im
    freq=9 polr=1 time=6047 dish=45 beam=12 Eval=7 - 2im Aval=24 + 43im sval=9 Jval=1 + 1im
    freq=4 polr=1 time=4178 dish=285 beam=7 Eval=4 + 3im Aval=-37 - 74im sval=9 Jval=0 - 1im
    freq=0 polr=1 time=2009 dish=888 beam=13 Eval=6 - 3im Aval=-64 + 91im sval=10 Jval=0 + 1im
    freq=7 polr=0 time=3783 dish=855 beam=6 Eval=6 - 2im Aval=127 - 34im sval=8 Jval=3 - 2im
    freq=6 polr=0 time=6759 dish=289 beam=5 Eval=-5 + 3im Aval=109 - 28im sval=7 Jval=-4 + 4im
    freq=1 polr=0 time=4757 dish=371 beam=11 Eval=-1 + 7im Aval=-7 - 126im sval=8 Jval=4 + 0im
    freq=9 polr=1 time=4704 dish=986 beam=11 Eval=-3 - 6im Aval=-37 + 38im sval=7 Jval=3 + 1im
    freq=15 polr=1 time=4177 dish=903 beam=14 Eval=-2 + 0im Aval=23 + 61im sval=7 Jval=0 - 1im
    freq=3 polr=1 time=4524 dish=652 beam=3 Eval=6 + 6im Aval=-96 + 106im sval=11 Jval=-1 + 0im
    freq=7 polr=1 time=6764 dish=1002 beam=4 Eval=4 - 6im Aval=98 + 23im sval=8 Jval=2 - 2im
    freq=13 polr=0 time=1613 dish=880 beam=5 Eval=2 - 1im Aval=88 - 8im sval=6 Jval=3 - 1im
    freq=10 polr=0 time=5276 dish=386 beam=7 Eval=-1 + 7im Aval=-106 + 110im sval=10 Jval=-1 - 1im
    freq=15 polr=0 time=3567 dish=590 beam=3 Eval=0 + 4im Aval=-116 - 121im sval=7 Jval=4 - 4im
    freq=11 polr=0 time=6262 dish=585 beam=12 Eval=3 - 1im Aval=4 + 50im sval=8 Jval=0 + 1im
    freq=14 polr=0 time=8051 dish=971 beam=2 Eval=3 + 2im Aval=72 - 70im sval=9 Jval=1 + 0im
    freq=0 polr=0 time=664 dish=801 beam=12 Eval=5 - 7im Aval=5 + 22im sval=7 Jval=1 + 1im
    freq=15 polr=0 time=6403 dish=54 beam=2 Eval=-6 - 5im Aval=98 - 16im sval=10 Jval=-1 + 0im
    freq=4 polr=1 time=3190 dish=648 beam=2 Eval=5 + 6im Aval=127 - 111im sval=8 Jval=5 + 1im
    freq=14 polr=0 time=1508 dish=305 beam=9 Eval=-6 - 1im Aval=41 - 99im sval=9 Jval=-1 + 1im
    freq=10 polr=1 time=2957 dish=994 beam=14 Eval=7 + 4im Aval=99 + 60im sval=7 Jval=4 + 6im
    freq=4 polr=0 time=4202 dish=133 beam=10 Eval=4 - 2im Aval=34 - 38im sval=8 Jval=0 - 1im
    freq=0 polr=0 time=2415 dish=987 beam=13 Eval=-7 + 0im Aval=-39 + 49im sval=8 Jval=1 - 1im
    freq=9 polr=1 time=1472 dish=621 beam=2 Eval=3 - 7im Aval=54 + 50im sval=7 Jval=4 - 2im
    freq=9 polr=1 time=7583 dish=38 beam=1 Eval=3 - 4im Aval=41 - 103im sval=7 Jval=-2 - 4im
    freq=2 polr=0 time=3749 dish=703 beam=13 Eval=-5 + 4im Aval=-48 - 38im sval=6 Jval=6 + 0im
    freq=5 polr=1 time=3772 dish=230 beam=4 Eval=2 - 2im Aval=72 - 28im sval=8 Jval=0 - 1im
    freq=5 polr=0 time=1780 dish=521 beam=14 Eval=5 + 7im Aval=6 + 34im sval=8 Jval=-1 + 1im
    freq=10 polr=1 time=4266 dish=153 beam=7 Eval=6 + 5im Aval=-3 + 70im sval=8 Jval=-1 + 2im
    freq=5 polr=0 time=2437 dish=673 beam=7 Eval=4 + 7im Aval=33 - 105im sval=8 Jval=3 - 1im
    freq=14 polr=1 time=4227 dish=787 beam=10 Eval=0 - 7im Aval=6 + 76im sval=10 Jval=1 + 0im
    freq=13 polr=1 time=2602 dish=747 beam=12 Eval=-2 + 3im Aval=110 - 11im sval=7 Jval=-1 + 3im
    freq=13 polr=1 time=5954 dish=713 beam=13 Eval=-3 - 1im Aval=52 - 110im sval=8 Jval=-1 + 1im
    freq=8 polr=0 time=3390 dish=698 beam=5 Eval=0 - 3im Aval=-65 + 78im sval=7 Jval=2 + 2im
    freq=14 polr=0 time=4706 dish=752 beam=8 Eval=7 + 1im Aval=-22 + 40im sval=7 Jval=-1 + 2im
    freq=8 polr=0 time=7401 dish=890 beam=12 Eval=0 - 1im Aval=-110 - 42im sval=5 Jval=-1 + 4im
    freq=1 polr=1 time=5758 dish=471 beam=6 Eval=-6 + 7im Aval=87 - 26im sval=9 Jval=-1 + 2im
    freq=7 polr=1 time=1171 dish=427 beam=2 Eval=7 + 2im Aval=-47 - 31im sval=7 Jval=-2 - 2im
    freq=14 polr=1 time=6505 dish=464 beam=2 Eval=-2 - 2im Aval=-118 - 122im sval=7 Jval=0 + 4im
    freq=4 polr=1 time=2926 dish=561 beam=15 Eval=1 + 6im Aval=55 - 79im sval=7 Jval=4 + 2im
    freq=5 polr=0 time=2347 dish=589 beam=5 Eval=-7 + 5im Aval=-65 - 109im sval=10 Jval=1 + 0im
    freq=11 polr=0 time=828 dish=567 beam=10 Eval=6 + 4im Aval=-81 - 50im sval=10 Jval=0 - 1im
    freq=1 polr=0 time=7431 dish=8 beam=11 Eval=-7 + 2im Aval=-106 - 41im sval=8 Jval=3 + 0im
    freq=0 polr=0 time=5251 dish=532 beam=10 Eval=5 + 2im Aval=-80 - 87im sval=10 Jval=0 - 1im
    freq=11 polr=0 time=8063 dish=704 beam=10 Eval=4 + 7im Aval=-51 + 67im sval=10 Jval=-1 + 0im
    freq=0 polr=0 time=4015 dish=48 beam=10 Eval=-5 - 2im Aval=-5 - 123im sval=10 Jval=0 + 1im
    freq=12 polr=0 time=1059 dish=556 beam=11 Eval=-3 + 1im Aval=-37 + 81im sval=6 Jval=1 - 4im
    freq=1 polr=0 time=6854 dish=280 beam=1 Eval=-7 + 3im Aval=68 + 49im sval=8 Jval=-2 - 1im
    freq=12 polr=1 time=2704 dish=764 beam=14 Eval=-1 - 2im Aval=-86 - 3im sval=5 Jval=3 + 6im
    freq=1 polr=0 time=3244 dish=907 beam=1 Eval=-5 + 3im Aval=-34 - 27im sval=8 Jval=1 + 0im
    freq=3 polr=0 time=4594 dish=650 beam=10 Eval=-4 - 5im Aval=106 - 43im sval=9 Jval=-1 - 1im
    freq=7 polr=0 time=7592 dish=944 beam=7 Eval=5 + 5im Aval=-26 - 99im sval=7 Jval=3 - 5im
    freq=11 polr=0 time=2878 dish=911 beam=12 Eval=2 - 5im Aval=64 + 70im sval=8 Jval=2 - 1im
    freq=4 polr=1 time=7009 dish=94 beam=14 Eval=3 + 1im Aval=-65 + 48im sval=5 Jval=-7 + 3im
    freq=15 polr=1 time=3962 dish=341 beam=6 Eval=-6 - 6im Aval=34 + 6im sval=7 Jval=-1 - 2im
    freq=11 polr=0 time=8030 dish=868 beam=8 Eval=-2 - 4im Aval=-119 + 88im sval=9 Jval=1 + 1im
    freq=12 polr=0 time=7047 dish=360 beam=12 Eval=-7 - 3im Aval=71 - 37im sval=9 Jval=-1 + 0im
    freq=12 polr=0 time=4734 dish=895 beam=1 Eval=-1 + 2im Aval=109 - 10im sval=5 Jval=-3 + 7im
    freq=12 polr=0 time=3354 dish=236 beam=11 Eval=3 - 3im Aval=87 - 52im sval=6 Jval=2 - 6im
    freq=7 polr=1 time=6367 dish=141 beam=2 Eval=-2 + 4im Aval=-3 + 107im sval=7 Jval=-3 - 2im
    freq=10 polr=1 time=4565 dish=997 beam=1 Eval=-5 - 1im Aval=9 - 120im sval=7 Jval=-1 + 5im
    freq=12 polr=0 time=7498 dish=552 beam=0 Eval=-6 - 3im Aval=71 - 114im sval=8 Jval=-3 + 2im
    freq=14 polr=0 time=7637 dish=576 beam=8 Eval=5 + 6im Aval=-18 - 82im sval=7 Jval=3 - 4im
    freq=13 polr=1 time=2669 dish=973 beam=6 Eval=7 + 2im Aval=7 - 112im sval=10 Jval=0 - 1im
    freq=11 polr=0 time=933 dish=280 beam=4 Eval=-6 + 2im Aval=44 + 82im sval=6 Jval=-7 - 6im
    freq=3 polr=0 time=690 dish=178 beam=15 Eval=-5 + 3im Aval=14 - 28im sval=6 Jval=0 + 3im
    freq=9 polr=1 time=4190 dish=764 beam=2 Eval=-5 - 2im Aval=-92 - 31im sval=7 Jval=3 + 3im
    freq=4 polr=0 time=221 dish=404 beam=7 Eval=0 - 7im Aval=93 - 99im sval=7 Jval=-5 - 5im
    freq=2 polr=1 time=6706 dish=604 beam=12 Eval=4 + 6im Aval=62 + 83im sval=8 Jval=-1 + 3im
    freq=2 polr=1 time=2394 dish=748 beam=5 Eval=1 + 1im Aval=12 - 127im sval=8 Jval=1 + 0im
    freq=15 polr=0 time=7095 dish=543 beam=3 Eval=-3 + 6im Aval=40 - 105im sval=7 Jval=4 + 4im
    freq=15 polr=0 time=2282 dish=279 beam=9 Eval=7 - 4im Aval=-64 - 104im sval=8 Jval=-3 - 2im
    freq=7 polr=1 time=715 dish=442 beam=4 Eval=-4 - 5im Aval=-70 - 13im sval=8 Jval=1 + 2im
    freq=11 polr=1 time=4722 dish=779 beam=13 Eval=4 + 7im Aval=4 + 56im sval=8 Jval=-1 + 1im
    freq=3 polr=1 time=5411 dish=123 beam=1 Eval=-1 + 2im Aval=56 + 32im sval=7 Jval=-1 + 1im
    freq=8 polr=0 time=3156 dish=812 beam=14 Eval=2 - 7im Aval=99 - 5im sval=9 Jval=0 - 1im
    freq=13 polr=1 time=2590 dish=201 beam=3 Eval=-7 - 3im Aval=111 - 127im sval=9 Jval=-2 + 1im
    freq=11 polr=0 time=6029 dish=513 beam=5 Eval=-3 + 6im Aval=-72 - 9im sval=8 Jval=1 - 2im
    freq=4 polr=1 time=131 dish=630 beam=14 Eval=5 - 2im Aval=13 + 12im sval=5 Jval=3 + 1im
    freq=10 polr=0 time=7643 dish=744 beam=10 Eval=-2 + 2im Aval=122 - 47im sval=8 Jval=-1 + 1im
    freq=9 polr=0 time=3505 dish=868 beam=1 Eval=0 + 6im Aval=-54 + 103im sval=7 Jval=-5 - 2im
    freq=10 polr=0 time=4441 dish=73 beam=11 Eval=-2 - 5im Aval=63 - 97im sval=8 Jval=-2 + 0im
    freq=8 polr=1 time=3801 dish=114 beam=6 Eval=-1 - 2im Aval=85 - 27im sval=5 Jval=-4 - 4im
    freq=7 polr=0 time=6035 dish=87 beam=5 Eval=4 + 6im Aval=59 + 24im sval=6 Jval=2 + 7im
    freq=6 polr=0 time=3037 dish=873 beam=14 Eval=5 - 2im Aval=-14 - 11im sval=6 Jval=-1 + 0im
    freq=4 polr=0 time=8040 dish=146 beam=2 Eval=-6 + 7im Aval=3 + 112im sval=7 Jval=-6 - 5im
    freq=4 polr=1 time=517 dish=878 beam=5 Eval=2 + 5im Aval=-117 - 9im sval=9 Jval=0 - 1im
    freq=15 polr=1 time=2671 dish=699 beam=1 Eval=1 + 7im Aval=-66 - 5im sval=8 Jval=0 - 2im
    freq=14 polr=1 time=7286 dish=855 beam=8 Eval=-6 - 5im Aval=57 + 69im sval=7 Jval=0 - 5im
    freq=2 polr=0 time=5259 dish=727 beam=9 Eval=-4 - 4im Aval=9 + 67im sval=8 Jval=1 - 1im
    freq=12 polr=0 time=4199 dish=1012 beam=13 Eval=-5 + 7im Aval=-127 + 26im sval=8 Jval=2 - 4im
    freq=5 polr=0 time=5946 dish=806 beam=3 Eval=1 + 0im Aval=92 + 77im sval=5 Jval=3 + 3im
    freq=9 polr=0 time=2687 dish=904 beam=2 Eval=7 + 4im Aval=23 + 71im sval=9 Jval=0 + 1im
    freq=15 polr=1 time=3410 dish=937 beam=3 Eval=-6 - 2im Aval=111 - 80im sval=8 Jval=-3 + 1im
    freq=9 polr=1 time=6413 dish=704 beam=1 Eval=-2 - 2im Aval=-111 + 27im sval=7 Jval=2 + 1im
    freq=13 polr=1 time=2268 dish=883 beam=10 Eval=-1 + 2im Aval=-122 - 115im sval=9 Jval=1 + 0im
    freq=15 polr=1 time=2396 dish=823 beam=14 Eval=5 - 3im Aval=12 + 9im sval=7 Jval=1 + 0im
    freq=13 polr=0 time=5746 dish=783 beam=8 Eval=-4 - 7im Aval=108 + 70im sval=9 Jval=0 - 2im
    freq=15 polr=1 time=7934 dish=138 beam=4 Eval=3 + 0im Aval=42 + 66im sval=5 Jval=4 + 6im
    freq=0 polr=0 time=549 dish=698 beam=13 Eval=-5 + 5im Aval=-23 - 119im sval=8 Jval=3 + 2im
    freq=2 polr=1 time=1426 dish=631 beam=2 Eval=2 + 3im Aval=-110 + 62im sval=9 Jval=-1 + 0im
    freq=7 polr=1 time=5950 dish=581 beam=10 Eval=-2 + 6im Aval=74 - 126im sval=7 Jval=5 + 6im
    freq=11 polr=0 time=7732 dish=618 beam=10 Eval=7 - 4im Aval=-74 - 34im sval=10 Jval=-1 + 0im
    freq=7 polr=0 time=1871 dish=111 beam=15 Eval=1 + 5im Aval=107 + 56im sval=7 Jval=-1 + 5im
    freq=11 polr=0 time=3464 dish=687 beam=2 Eval=7 - 5im Aval=-71 + 12im sval=6 Jval=-7 + 7im
    freq=7 polr=1 time=2937 dish=666 beam=6 Eval=4 + 4im Aval=-76 + 79im sval=10 Jval=-1 + 0im
    freq=6 polr=0 time=178 dish=196 beam=3 Eval=6 + 2im Aval=-117 + 29im sval=10 Jval=-1 + 0im
    freq=11 polr=0 time=4607 dish=718 beam=5 Eval=-4 + 4im Aval=53 - 56im sval=8 Jval=0 + 2im
    freq=12 polr=0 time=2916 dish=450 beam=0 Eval=6 - 5im Aval=-63 - 92im sval=8 Jval=-3 - 1im
    freq=15 polr=0 time=7663 dish=731 beam=5 Eval=2 - 6im Aval=77 - 17im sval=7 Jval=0 - 4im
    freq=4 polr=1 time=4143 dish=681 beam=13 Eval=-5 + 0im Aval=21 - 52im sval=6 Jval=-2 + 4im
    freq=13 polr=0 time=1053 dish=634 beam=7 Eval=5 + 4im Aval=48 + 90im sval=9 Jval=0 + 1im
    freq=9 polr=1 time=6734 dish=370 beam=2 Eval=3 - 3im Aval=-34 + 28im sval=7 Jval=0 + 2im
    freq=4 polr=0 time=751 dish=427 beam=9 Eval=0 - 7im Aval=-45 + 3im sval=9 Jval=0 + 1im
    freq=9 polr=1 time=6637 dish=480 beam=1 Eval=1 - 3im Aval=125 + 117im sval=7 Jval=4 - 2im
    freq=0 polr=0 time=5979 dish=739 beam=0 Eval=-6 - 3im Aval=-73 - 52im sval=9 Jval=1 + 1im
    freq=11 polr=0 time=5569 dish=309 beam=11 Eval=0 + 6im Aval=45 + 60im sval=6 Jval=-5 + 4im
    freq=15 polr=0 time=420 dish=44 beam=7 Eval=-1 + 2im Aval=83 - 78im sval=7 Jval=1 + 2im
    freq=10 polr=1 time=4375 dish=263 beam=14 Eval=-1 - 2im Aval=53 + 62im sval=7 Jval=1 - 1im
    freq=2 polr=1 time=2608 dish=342 beam=6 Eval=-3 - 4im Aval=-117 - 65im sval=10 Jval=0 + 1im
    freq=15 polr=1 time=7222 dish=410 beam=4 Eval=-1 - 2im Aval=-42 + 16im sval=5 Jval=3 + 2im
    freq=12 polr=1 time=3037 dish=966 beam=8 Eval=6 + 3im Aval=-74 - 110im sval=10 Jval=0 - 1im
    freq=14 polr=0 time=2443 dish=333 beam=2 Eval=6 - 2im Aval=-59 + 35im sval=9 Jval=-1 + 1im
    freq=4 polr=1 time=7545 dish=871 beam=13 Eval=-4 + 0im Aval=58 - 22im sval=6 Jval=-3 + 2im
    freq=0 polr=0 time=4175 dish=272 beam=0 Eval=7 - 1im Aval=28 - 97im sval=9 Jval=0 - 1im
    freq=8 polr=1 time=3734 dish=592 beam=4 Eval=-6 + 5im Aval=87 - 104im sval=11 Jval=0 + 1im
    freq=5 polr=0 time=7581 dish=987 beam=7 Eval=4 + 4im Aval=-49 - 123im sval=8 Jval=1 - 3im
    freq=0 polr=1 time=5502 dish=722 beam=9 Eval=0 - 7im Aval=-118 - 48im sval=10 Jval=0 + 1im
    freq=2 polr=0 time=5941 dish=988 beam=13 Eval=3 - 5im Aval=38 - 90im sval=6 Jval=-5 - 7im
    freq=7 polr=0 time=5157 dish=861 beam=7 Eval=2 + 1im Aval=121 - 105im sval=7 Jval=3 - 1im
    freq=2 polr=1 time=1964 dish=186 beam=7 Eval=-1 + 1im Aval=17 - 2im sval=5 Jval=0 + 1im
    freq=13 polr=0 time=440 dish=213 beam=0 Eval=-2 - 1im Aval=-107 + 20im sval=6 Jval=4 + 1im
    freq=13 polr=1 time=3966 dish=148 beam=10 Eval=-3 - 5im Aval=97 + 107im sval=9 Jval=0 - 2im
    freq=6 polr=1 time=4031 dish=220 beam=3 Eval=0 - 2im Aval=-64 - 110im sval=5 Jval=-7 + 4im
    freq=1 polr=1 time=6298 dish=902 beam=2 Eval=0 + 7im Aval=-57 + 63im sval=6 Jval=-7 - 6im
    freq=11 polr=1 time=1921 dish=67 beam=9 Eval=-1 - 1im Aval=-114 + 45im sval=5 Jval=5 + 2im
    freq=13 polr=0 time=5603 dish=996 beam=12 Eval=-3 + 2im Aval=85 - 4im sval=8 Jval=-1 + 1im
    freq=4 polr=0 time=6667 dish=603 beam=12 Eval=-1 + 0im Aval=-60 + 119im sval=5 Jval=2 - 3im
    freq=0 polr=0 time=7735 dish=917 beam=13 Eval=-4 + 1im Aval=-13 - 90im sval=8 Jval=1 + 1im
    freq=15 polr=0 time=3293 dish=900 beam=15 Eval=-4 - 6im Aval=-86 - 86im sval=8 Jval=-1 + 3im
    freq=7 polr=1 time=446 dish=774 beam=6 Eval=6 - 7im Aval=110 + 93im sval=10 Jval=1 + 0im
    freq=0 polr=1 time=168 dish=685 beam=5 Eval=-5 - 3im Aval=36 - 58im sval=9 Jval=-1 + 0im
    freq=2 polr=0 time=1585 dish=590 beam=11 Eval=-3 + 4im Aval=-23 + 96im sval=7 Jval=-2 - 3im
    freq=13 polr=1 time=2527 dish=299 beam=0 Eval=2 + 3im Aval=83 + 95im sval=8 Jval=0 + 2im
    freq=9 polr=0 time=3216 dish=316 beam=1 Eval=4 + 2im Aval=-12 + 47im sval=7 Jval=-1 + 1im
    freq=5 polr=1 time=7818 dish=730 beam=3 Eval=1 - 6im Aval=10 - 36im sval=5 Jval=-6 - 3im
    freq=14 polr=1 time=6190 dish=860 beam=6 Eval=4 + 2im Aval=-38 + 114im sval=7 Jval=-3 + 3im
    freq=13 polr=0 time=7292 dish=52 beam=7 Eval=0 - 4im Aval=15 - 122im sval=9 Jval=-1 + 0im
    freq=12 polr=0 time=3927 dish=115 beam=10 Eval=3 + 7im Aval=-113 + 81im sval=10 Jval=-1 - 1im
    freq=1 polr=0 time=1700 dish=973 beam=3 Eval=-1 + 1im Aval=120 + 100im sval=6 Jval=-3 + 0im
    freq=15 polr=1 time=225 dish=737 beam=8 Eval=-3 + 7im Aval=9 + 94im sval=10 Jval=-1 + 0im
    freq=1 polr=1 time=5053 dish=224 beam=5 Eval=4 - 1im Aval=-65 + 92im sval=7 Jval=-1 + 3im
    freq=2 polr=1 time=7928 dish=448 beam=15 Eval=4 - 2im Aval=-15 + 123im sval=9 Jval=0 + 1im
    freq=2 polr=1 time=8104 dish=677 beam=5 Eval=2 - 7im Aval=-103 - 41im sval=8 Jval=-2 + 3im
    freq=15 polr=0 time=1397 dish=530 beam=3 Eval=4 - 4im Aval=-67 + 20im sval=7 Jval=-1 + 3im
    freq=1 polr=1 time=5776 dish=345 beam=15 Eval=-2 + 5im Aval=59 + 105im sval=7 Jval=-5 + 1im
    freq=12 polr=1 time=5599 dish=953 beam=6 Eval=-6 - 1im Aval=-28 + 127im sval=7 Jval=2 - 6im
    freq=14 polr=1 time=2247 dish=156 beam=6 Eval=1 + 1im Aval=-100 - 92im sval=7 Jval=0 - 1im
    freq=15 polr=1 time=5364 dish=204 beam=14 Eval=-5 + 3im Aval=33 + 47im sval=7 Jval=-2 - 1im
    freq=3 polr=0 time=8183 dish=2 beam=0 Eval=1 + 3im Aval=-74 + 33im sval=5 Jval=-5 - 6im
    freq=7 polr=0 time=6580 dish=182 beam=1 Eval=4 + 0im Aval=80 + 1im sval=7 Jval=3 + 0im
    freq=4 polr=0 time=994 dish=536 beam=2 Eval=-2 + 2im Aval=75 - 109im sval=7 Jval=1 + 3im
    freq=8 polr=0 time=4542 dish=614 beam=14 Eval=4 + 2im Aval=24 - 102im sval=9 Jval=1 - 1im
    freq=10 polr=1 time=5716 dish=850 beam=1 Eval=-7 - 1im Aval=-120 - 102im sval=7 Jval=6 + 7im
    freq=4 polr=1 time=1273 dish=889 beam=11 Eval=4 - 2im Aval=9 - 9im sval=5 Jval=1 - 1im
    freq=3 polr=1 time=402 dish=57 beam=5 Eval=7 + 5im Aval=42 + 117im sval=11 Jval=0 + 1im
    freq=8 polr=0 time=848 dish=931 beam=11 Eval=6 + 0im Aval=97 - 56im sval=10 Jval=1 + 0im
    freq=0 polr=1 time=8176 dish=924 beam=8 Eval=7 - 2im Aval=28 - 100im sval=9 Jval=0 - 1im
    freq=3 polr=0 time=245 dish=364 beam=6 Eval=-6 + 2im Aval=50 + 61im sval=6 Jval=-6 - 4im
    freq=3 polr=1 time=1389 dish=69 beam=2 Eval=7 + 2im Aval=69 + 61im sval=7 Jval=3 + 4im
    freq=7 polr=1 time=3514 dish=560 beam=13 Eval=-2 + 3im Aval=0 + 66im sval=7 Jval=-1 - 1im
    freq=9 polr=1 time=1555 dish=494 beam=2 Eval=-7 - 1im Aval=115 + 74im sval=7 Jval=-6 - 5im
    freq=1 polr=0 time=2264 dish=736 beam=2 Eval=-2 + 7im Aval=-52 + 36im sval=6 Jval=-2 - 7im
    freq=14 polr=0 time=7750 dish=971 beam=5 Eval=4 + 7im Aval=71 + 85im sval=9 Jval=-1 + 2im
    freq=7 polr=1 time=6065 dish=81 beam=6 Eval=7 + 3im Aval=-31 - 70im sval=10 Jval=0 - 1im
    freq=6 polr=0 time=4577 dish=192 beam=0 Eval=-7 + 5im Aval=-96 + 77im sval=10 Jval=0 - 1im
    freq=15 polr=1 time=6594 dish=596 beam=14 Eval=1 + 6im Aval=-75 - 120im sval=7 Jval=5 - 4im
    freq=11 polr=1 time=2065 dish=861 beam=2 Eval=4 - 7im Aval=-86 + 107im sval=8 Jval=2 + 4im
    freq=13 polr=0 time=8117 dish=206 beam=1 Eval=-2 - 5im Aval=106 - 111im sval=9 Jval=-1 - 1im
    freq=2 polr=0 time=2164 dish=65 beam=1 Eval=-5 + 6im Aval=-73 - 6im sval=9 Jval=1 - 1im
    freq=10 polr=0 time=3633 dish=19 beam=1 Eval=-2 + 4im Aval=-113 + 70im sval=7 Jval=0 - 5im
    freq=2 polr=1 time=4024 dish=345 beam=7 Eval=-1 - 2im Aval=26 + 91im sval=5 Jval=5 - 4im
    freq=11 polr=0 time=7031 dish=907 beam=0 Eval=-2 + 4im Aval=-91 + 84im sval=7 Jval=-1 - 4im
    freq=2 polr=0 time=5988 dish=979 beam=3 Eval=3 + 4im Aval=-18 - 11im sval=5 Jval=0 - 3im
    freq=2 polr=0 time=4173 dish=138 beam=6 Eval=7 - 6im Aval=114 - 14im sval=10 Jval=1 - 1im
    freq=4 polr=0 time=2465 dish=14 beam=15 Eval=-6 - 3im Aval=126 + 38im sval=8 Jval=-2 - 2im
    freq=1 polr=1 time=8079 dish=934 beam=12 Eval=0 - 2im Aval=26 - 99im sval=6 Jval=-3 - 1im
    freq=11 polr=1 time=493 dish=241 beam=10 Eval=2 - 2im Aval=104 + 106im sval=6 Jval=7 + 0im
    freq=4 polr=0 time=956 dish=637 beam=10 Eval=-3 - 7im Aval=-118 - 15im sval=8 Jval=1 + 3im
    freq=1 polr=0 time=4004 dish=835 beam=3 Eval=7 + 6im Aval=20 + 6im sval=6 Jval=2 + 3im
    freq=4 polr=1 time=3048 dish=642 beam=5 Eval=-2 - 3im Aval=-86 - 103im sval=9 Jval=0 + 1im
    freq=15 polr=0 time=4425 dish=66 beam=15 Eval=-4 + 2im Aval=-110 + 102im sval=8 Jval=1 - 2im
    freq=15 polr=1 time=2317 dish=981 beam=10 Eval=3 - 4im Aval=-65 - 25im sval=8 Jval=-1 + 1im
    freq=2 polr=1 time=82 dish=234 beam=12 Eval=-6 + 4im Aval=6 - 76im sval=8 Jval=1 + 2im
    freq=12 polr=1 time=4237 dish=406 beam=13 Eval=7 + 7im Aval=105 - 120im sval=11 Jval=1 + 0im
    freq=8 polr=0 time=4178 dish=41 beam=14 Eval=-7 - 2im Aval=46 + 11im sval=9 Jval=-1 + 0im
    freq=3 polr=1 time=1761 dish=617 beam=1 Eval=4 + 0im Aval=109 - 46im sval=7 Jval=3 - 1im
    freq=0 polr=1 time=2588 dish=87 beam=4 Eval=-4 - 1im Aval=-44 + 22im sval=5 Jval=6 - 1im
    freq=3 polr=1 time=1092 dish=145 beam=11 Eval=-5 + 5im Aval=-27 - 15im sval=6 Jval=3 - 1im
    freq=3 polr=0 time=917 dish=172 beam=7 Eval=1 - 6im Aval=-66 - 106im sval=7 Jval=-5 + 2im
    freq=4 polr=1 time=5780 dish=409 beam=13 Eval=3 - 7im Aval=13 - 42im sval=6 Jval=-4 - 3im
    freq=9 polr=0 time=4454 dish=800 beam=9 Eval=-3 + 7im Aval=28 + 57im sval=6 Jval=-7 + 1im
    freq=1 polr=1 time=6867 dish=420 beam=5 Eval=-1 - 7im Aval=22 - 50im sval=7 Jval=-3 - 1im
    freq=3 polr=0 time=34 dish=78 beam=11 Eval=6 + 7im Aval=-120 - 80im sval=11 Jval=0 - 1im
    freq=14 polr=1 time=4969 dish=70 beam=2 Eval=-5 + 7im Aval=-81 + 55im sval=7 Jval=0 - 7im
    freq=3 polr=0 time=5912 dish=120 beam=5 Eval=6 + 4im Aval=80 - 48im sval=8 Jval=3 + 0im
    freq=9 polr=0 time=7812 dish=675 beam=1 Eval=3 - 3im Aval=-37 + 46im sval=7 Jval=0 + 2im
    freq=13 polr=0 time=4827 dish=369 beam=8 Eval=-4 + 0im Aval=-77 + 29im sval=9 Jval=1 + 0im
    freq=13 polr=0 time=7707 dish=627 beam=0 Eval=-3 + 2im Aval=60 + 86im sval=6 Jval=-5 - 2im
    freq=10 polr=0 time=6322 dish=485 beam=8 Eval=-7 - 5im Aval=33 + 29im sval=9 Jval=0 - 1im
    freq=4 polr=0 time=3435 dish=849 beam=7 Eval=-6 - 7im Aval=106 + 23im sval=7 Jval=-4 - 7im
    freq=0 polr=1 time=7120 dish=52 beam=15 Eval=2 + 2im Aval=-16 - 83im sval=6 Jval=2 - 3im
    freq=15 polr=1 time=6822 dish=419 beam=6 Eval=-2 - 4im Aval=46 - 24im sval=7 Jval=-1 - 1im
    freq=0 polr=0 time=3093 dish=621 beam=13 Eval=-3 - 4im Aval=55 + 40im sval=8 Jval=0 - 1im
    freq=13 polr=1 time=3815 dish=308 beam=4 Eval=7 - 4im Aval=87 - 26im sval=8 Jval=2 - 2im
    freq=13 polr=1 time=6436 dish=564 beam=4 Eval=3 - 1im Aval=-57 + 38im sval=8 Jval=0 + 1im
    freq=4 polr=1 time=495 dish=337 beam=5 Eval=3 - 7im Aval=-64 - 15im sval=9 Jval=-1 + 1im
    freq=4 polr=0 time=1244 dish=767 beam=2 Eval=-1 + 6im Aval=-61 - 116im sval=7 Jval=6 - 2im
    freq=11 polr=0 time=1876 dish=603 beam=15 Eval=-1 - 3im Aval=36 + 20im sval=6 Jval=1 - 2im
    freq=2 polr=1 time=7908 dish=1000 beam=12 Eval=4 - 5im Aval=122 - 124im sval=8 Jval=0 - 4im
    freq=13 polr=1 time=5793 dish=543 beam=12 Eval=-1 - 6im Aval=-53 + 64im sval=7 Jval=3 + 2im
    freq=8 polr=0 time=505 dish=977 beam=9 Eval=-2 - 1im Aval=93 + 80im sval=6 Jval=-2 - 4im
    freq=11 polr=0 time=1982 dish=34 beam=7 Eval=-6 - 3im Aval=-78 + 121im sval=8 Jval=3 - 2im
    freq=4 polr=1 time=5314 dish=576 beam=15 Eval=-6 - 3im Aval=-119 + 11im sval=7 Jval=6 + 2im
    freq=11 polr=1 time=3646 dish=795 beam=8 Eval=2 + 4im Aval=-15 + 94im sval=7 Jval=-3 + 1im
    freq=14 polr=1 time=2223 dish=881 beam=7 Eval=0 - 4im Aval=-97 - 72im sval=8 Jval=-1 + 2im
    freq=2 polr=0 time=3664 dish=221 beam=7 Eval=-4 + 4im Aval=-82 + 125im sval=7 Jval=-1 - 6im
    freq=8 polr=1 time=7949 dish=74 beam=13 Eval=1 - 6im Aval=19 + 17im sval=6 Jval=2 - 1im
    freq=7 polr=1 time=3837 dish=639 beam=1 Eval=0 + 6im Aval=92 - 13im sval=10 Jval=0 + 1im
    freq=7 polr=1 time=3133 dish=738 beam=4 Eval=-1 - 2im Aval=23 + 114im sval=8 Jval=1 - 1im
    freq=9 polr=1 time=8038 dish=11 beam=11 Eval=-6 - 4im Aval=5 + 58im sval=7 Jval=2 - 3im
    freq=14 polr=0 time=866 dish=643 beam=0 Eval=-3 + 3im Aval=59 + 88im sval=7 Jval=-3 - 1im
    freq=13 polr=0 time=4161 dish=721 beam=1 Eval=1 + 3im Aval=-100 - 99im sval=9 Jval=0 - 1im
    freq=9 polr=0 time=5174 dish=593 beam=14 Eval=1 + 3im Aval=95 + 99im sval=9 Jval=0 + 1im
    freq=3 polr=1 time=6120 dish=486 beam=4 Eval=0 + 7im Aval=20 - 14im sval=5 Jval=3 + 5im
    freq=1 polr=0 time=1579 dish=600 beam=1 Eval=-2 + 3im Aval=111 + 92im sval=8 Jval=-2 + 1im
    freq=6 polr=1 time=1597 dish=315 beam=11 Eval=-2 + 4im Aval=97 - 104im sval=10 Jval=0 + 1im
    freq=13 polr=0 time=1475 dish=241 beam=8 Eval=4 + 0im Aval=-105 + 44im sval=9 Jval=-1 + 0im
    freq=1 polr=1 time=6815 dish=609 beam=15 Eval=7 + 2im Aval=-21 - 37im sval=7 Jval=-1 - 2im
    freq=5 polr=0 time=6908 dish=1013 beam=13 Eval=-3 - 1im Aval=36 - 26im sval=7 Jval=-1 + 0im
    freq=15 polr=1 time=5572 dish=74 beam=10 Eval=-1 - 4im Aval=110 + 100im sval=8 Jval=1 - 2im
    freq=6 polr=0 time=3415 dish=948 beam=8 Eval=0 + 3im Aval=-85 + 93im sval=8 Jval=-1 - 1im
    freq=2 polr=1 time=4711 dish=222 beam=6 Eval=4 + 6im Aval=75 + 41im sval=10 Jval=0 + 1im
    freq=11 polr=1 time=3341 dish=210 beam=5 Eval=6 + 5im Aval=-39 - 92im sval=9 Jval=0 - 1im
    freq=9 polr=0 time=4147 dish=587 beam=4 Eval=4 - 2im Aval=-21 + 9im sval=5 Jval=-2 + 3im
    freq=15 polr=0 time=5348 dish=426 beam=14 Eval=-2 + 3im Aval=-93 + 65im sval=9 Jval=0 - 1im
    freq=7 polr=1 time=7693 dish=557 beam=10 Eval=3 - 5im Aval=104 - 45im sval=7 Jval=1 - 5im
    freq=5 polr=0 time=2533 dish=834 beam=15 Eval=7 + 3im Aval=-52 + 91im sval=7 Jval=-5 + 4im
    freq=6 polr=1 time=986 dish=878 beam=9 Eval=4 + 4im Aval=63 + 114im sval=7 Jval=-2 + 6im
    freq=1 polr=0 time=2840 dish=685 beam=11 Eval=-1 - 2im Aval=-120 - 120im sval=8 Jval=0 + 1im
    freq=7 polr=0 time=4988 dish=746 beam=5 Eval=-3 + 3im Aval=-35 - 1im sval=6 Jval=2 - 1im
    freq=10 polr=0 time=6028 dish=1017 beam=11 Eval=-5 + 3im Aval=75 - 95im sval=8 Jval=0 + 3im
    freq=6 polr=0 time=8167 dish=13 beam=4 Eval=-4 + 6im Aval=7 + 108im sval=10 Jval=-1 + 0im
    freq=3 polr=1 time=7257 dish=73 beam=8 Eval=-3 + 3im Aval=-72 - 22im sval=6 Jval=5 - 2im
    freq=0 polr=1 time=2555 dish=479 beam=13 Eval=-5 + 7im Aval=31 + 74im sval=10 Jval=-1 + 0im
    freq=5 polr=1 time=2979 dish=185 beam=15 Eval=2 + 5im Aval=104 + 38im sval=7 Jval=0 + 5im
    freq=4 polr=1 time=4420 dish=451 beam=5 Eval=5 - 2im Aval=-124 + 86im sval=9 Jval=-1 + 1im
    freq=2 polr=1 time=5917 dish=101 beam=5 Eval=-7 + 1im Aval=-25 + 0im sval=8 Jval=1 + 0im
    freq=7 polr=1 time=8136 dish=27 beam=2 Eval=-1 + 1im Aval=127 - 45im sval=7 Jval=-1 + 1im
    freq=2 polr=0 time=5839 dish=299 beam=9 Eval=7 - 5im Aval=44 + 59im sval=8 Jval=2 + 1im
    freq=9 polr=1 time=1332 dish=843 beam=10 Eval=5 + 6im Aval=30 + 53im sval=7 Jval=-1 + 4im
    freq=0 polr=1 time=6262 dish=683 beam=7 Eval=2 + 2im Aval=-59 - 47im sval=5 Jval=0 - 6im
    freq=13 polr=0 time=40 dish=327 beam=1 Eval=-5 + 1im Aval=-38 - 77im sval=9 Jval=1 + 1im
    freq=0 polr=1 time=6466 dish=568 beam=7 Eval=5 + 0im Aval=-15 - 4im sval=5 Jval=-2 + 0im
    freq=2 polr=1 time=5339 dish=807 beam=13 Eval=-2 + 3im Aval=85 + 38im sval=7 Jval=-2 + 1im
    freq=5 polr=0 time=2464 dish=169 beam=2 Eval=-1 + 3im Aval=-97 - 15im sval=6 Jval=2 - 4im
    freq=0 polr=0 time=3101 dish=582 beam=14 Eval=-6 - 7im Aval=-50 + 86im sval=9 Jval=2 + 0im
    freq=0 polr=0 time=4704 dish=732 beam=1 Eval=-4 - 2im Aval=-30 - 33im sval=5 Jval=2 + 6im
    freq=8 polr=0 time=1290 dish=119 beam=8 Eval=5 + 1im Aval=3 + 35im sval=8 Jval=0 + 1im
    freq=13 polr=1 time=1039 dish=978 beam=11 Eval=-4 - 2im Aval=85 - 112im sval=9 Jval=-1 + 1im
    freq=14 polr=1 time=452 dish=868 beam=6 Eval=1 + 3im Aval=99 - 82im sval=7 Jval=3 + 2im
    freq=13 polr=0 time=3488 dish=986 beam=0 Eval=-3 + 3im Aval=10 + 92im sval=6 Jval=-5 - 4im
    freq=2 polr=0 time=1060 dish=995 beam=1 Eval=3 + 0im Aval=39 + 113im sval=9 Jval=0 + 1im
    freq=15 polr=0 time=5341 dish=979 beam=2 Eval=7 + 5im Aval=2 - 103im sval=10 Jval=1 - 1im
    freq=10 polr=0 time=2567 dish=219 beam=14 Eval=0 - 2im Aval=64 + 74im sval=5 Jval=5 - 4im
    freq=13 polr=1 time=2862 dish=105 beam=3 Eval=2 - 3im Aval=-78 - 88im sval=9 Jval=-1 + 0im
    freq=7 polr=0 time=3655 dish=971 beam=12 Eval=7 + 2im Aval=79 + 32im sval=8 Jval=2 + 2im
    freq=12 polr=1 time=5873 dish=662 beam=6 Eval=2 + 0im Aval=123 - 49im sval=7 Jval=2 - 1im
    freq=0 polr=1 time=1585 dish=880 beam=5 Eval=-4 + 1im Aval=-109 - 23im sval=9 Jval=1 + 0im
    freq=0 polr=0 time=4220 dish=307 beam=12 Eval=-5 + 5im Aval=-58 + 78im sval=7 Jval=-1 - 5im
    freq=14 polr=0 time=2326 dish=890 beam=0 Eval=-5 + 6im Aval=123 - 19im sval=7 Jval=-4 + 7im
    freq=13 polr=0 time=6262 dish=682 beam=1 Eval=1 + 7im Aval=-87 + 3im sval=9 Jval=0 - 1im
    freq=0 polr=1 time=8023 dish=462 beam=10 Eval=4 + 6im Aval=75 - 110im sval=9 Jval=2 + 0im
    freq=11 polr=1 time=5804 dish=735 beam=6 Eval=-4 - 1im Aval=-36 - 7im sval=7 Jval=1 + 1im
    freq=0 polr=0 time=2028 dish=187 beam=8 Eval=2 + 7im Aval=-5 - 60im sval=7 Jval=3 - 1im
    freq=5 polr=1 time=2161 dish=218 beam=15 Eval=-5 + 1im Aval=-94 + 95im sval=7 Jval=3 - 4im
    freq=12 polr=0 time=7125 dish=348 beam=13 Eval=-7 - 6im Aval=97 - 59im sval=8 Jval=-4 - 1im
    freq=15 polr=1 time=3669 dish=563 beam=7 Eval=-2 - 6im Aval=120 + 32im sval=10 Jval=0 - 1im
    freq=14 polr=1 time=8125 dish=546 beam=2 Eval=-1 - 2im Aval=-48 - 117im sval=7 Jval=-1 + 2im
    freq=4 polr=0 time=2767 dish=100 beam=15 Eval=0 - 2im Aval=112 + 125im sval=8 Jval=1 - 1im
    freq=6 polr=1 time=3657 dish=435 beam=0 Eval=2 - 2im Aval=63 - 74im sval=7 Jval=0 - 2im
    freq=10 polr=0 time=4735 dish=186 beam=10 Eval=-2 - 5im Aval=-61 + 49im sval=8 Jval=1 + 1im
    freq=15 polr=1 time=2310 dish=126 beam=10 Eval=-4 + 5im Aval=59 + 10im sval=8 Jval=-1 + 1im
    freq=9 polr=1 time=1198 dish=125 beam=3 Eval=3 + 7im Aval=4 + 56im sval=6 Jval=-6 + 3im
    freq=13 polr=0 time=8129 dish=674 beam=7 Eval=7 + 4im Aval=-72 - 72im sval=9 Jval=0 - 2im
    freq=9 polr=0 time=3972 dish=276 beam=14 Eval=5 + 2im Aval=24 - 125im sval=9 Jval=1 - 1im
    freq=1 polr=1 time=4831 dish=433 beam=6 Eval=3 + 5im Aval=59 + 20im sval=9 Jval=0 + 1im
    freq=8 polr=0 time=6676 dish=926 beam=9 Eval=-3 - 1im Aval=117 + 118im sval=6 Jval=-4 - 7im
    freq=0 polr=1 time=5218 dish=813 beam=2 Eval=-4 - 5im Aval=-46 + 86im sval=10 Jval=1 + 0im
    freq=15 polr=0 time=2578 dish=238 beam=9 Eval=-4 - 2im Aval=87 + 108im sval=8 Jval=0 - 2im
    freq=12 polr=0 time=444 dish=185 beam=0 Eval=2 + 1im Aval=61 + 75im sval=8 Jval=0 + 1im
    freq=4 polr=1 time=579 dish=201 beam=15 Eval=-3 + 2im Aval=-124 + 25im sval=7 Jval=3 - 2im
    freq=13 polr=1 time=2497 dish=147 beam=12 Eval=-3 - 1im Aval=27 - 119im sval=7 Jval=-1 + 3im
    freq=14 polr=0 time=5326 dish=667 beam=0 Eval=4 - 3im Aval=-121 + 79im sval=7 Jval=-2 + 5im
    freq=9 polr=0 time=1168 dish=989 beam=11 Eval=-1 - 1im Aval=-77 - 91im sval=6 Jval=0 + 3im
    freq=7 polr=1 time=5018 dish=456 beam=10 Eval=-2 + 2im Aval=-103 + 25im sval=7 Jval=1 - 2im
    freq=3 polr=0 time=696 dish=756 beam=15 Eval=-5 - 5im Aval=31 + 62im sval=6 Jval=3 - 7im
    freq=13 polr=1 time=1204 dish=605 beam=2 Eval=-3 + 2im Aval=-1 - 77im sval=8 Jval=1 + 1im
    freq=7 polr=0 time=2139 dish=482 beam=12 Eval=6 + 5im Aval=-10 - 61im sval=8 Jval=1 - 2im
    freq=12 polr=0 time=6878 dish=11 beam=10 Eval=1 - 7im Aval=90 - 35im sval=10 Jval=0 - 1im
    freq=14 polr=1 time=2851 dish=712 beam=8 Eval=-6 - 6im Aval=67 + 63im sval=7 Jval=0 - 6im
    freq=7 polr=0 time=6912 dish=910 beam=10 Eval=-4 + 7im Aval=-67 + 10im sval=9 Jval=0 - 1im
    freq=9 polr=1 time=4108 dish=121 beam=1 Eval=-2 + 4im Aval=48 - 35im sval=7 Jval=0 + 2im
    freq=13 polr=0 time=1071 dish=626 beam=15 Eval=-2 + 1im Aval=54 - 75im sval=8 Jval=0 + 1im
    freq=9 polr=0 time=4241 dish=614 beam=2 Eval=6 + 5im Aval=-115 + 108im sval=9 Jval=-2 + 0im
    freq=8 polr=0 time=4829 dish=108 beam=8 Eval=1 - 3im Aval=-106 - 110im sval=8 Jval=-2 + 1im
    freq=8 polr=0 time=2603 dish=101 beam=2 Eval=-1 + 3im Aval=74 - 60im sval=8 Jval=0 + 1im
    freq=4 polr=1 time=5003 dish=842 beam=15 Eval=-4 + 6im Aval=13 + 51im sval=7 Jval=-3 - 1im
    freq=2 polr=1 time=5789 dish=900 beam=13 Eval=-3 - 6im Aval=40 + 52im sval=7 Jval=2 - 3im
    freq=5 polr=1 time=1073 dish=652 beam=1 Eval=-1 + 4im Aval=-112 + 105im sval=9 Jval=-1 - 1im
    freq=4 polr=0 time=3656 dish=108 beam=9 Eval=-5 + 3im Aval=123 + 76im sval=9 Jval=-2 + 0im
    freq=10 polr=0 time=5301 dish=751 beam=8 Eval=-4 - 1im Aval=96 - 73im sval=9 Jval=-1 + 0im
    freq=14 polr=1 time=4791 dish=601 beam=0 Eval=-4 + 3im Aval=32 + 77im sval=7 Jval=-3 - 2im
    freq=11 polr=0 time=1945 dish=616 beam=12 Eval=-5 - 5im Aval=32 - 80im sval=8 Jval=-2 + 1im
    freq=4 polr=0 time=4917 dish=575 beam=9 Eval=-3 - 2im Aval=-47 + 92im sval=9 Jval=1 + 0im
    freq=15 polr=0 time=353 dish=982 beam=5 Eval=-6 + 2im Aval=-108 - 89im sval=7 Jval=7 + 3im
    freq=1 polr=1 time=2823 dish=46 beam=6 Eval=-1 - 3im Aval=119 - 6im sval=9 Jval=0 - 1im
    freq=6 polr=0 time=133 dish=420 beam=8 Eval=1 - 2im Aval=-27 - 91im sval=8 Jval=-1 + 0im
    freq=13 polr=1 time=2986 dish=888 beam=3 Eval=-4 + 4im Aval=54 - 67im sval=9 Jval=0 + 1im
    freq=7 polr=1 time=4501 dish=395 beam=3 Eval=-6 + 6im Aval=118 - 75im sval=8 Jval=-1 + 5im
    freq=14 polr=0 time=6451 dish=108 beam=5 Eval=-7 - 4im Aval=-81 + 106im sval=9 Jval=2 - 1im
    freq=4 polr=1 time=2830 dish=343 beam=3 Eval=-2 - 7im Aval=118 - 13im sval=10 Jval=0 - 1im
    freq=13 polr=0 time=4078 dish=276 beam=5 Eval=-2 + 2im Aval=49 - 83im sval=6 Jval=1 + 4im
    freq=13 polr=1 time=3928 dish=95 beam=4 Eval=-1 + 3im Aval=80 - 55im sval=8 Jval=0 + 1im
    freq=5 polr=0 time=2857 dish=59 beam=2 Eval=-1 - 3im Aval=-76 - 92im sval=6 Jval=-3 + 5im
    freq=7 polr=1 time=491 dish=494 beam=2 Eval=0 + 5im Aval=16 - 13im sval=7 Jval=1 + 1im
    freq=14 polr=1 time=270 dish=242 beam=6 Eval=-1 + 4im Aval=-51 + 33im sval=7 Jval=-1 - 2im
    freq=13 polr=1 time=5667 dish=743 beam=10 Eval=4 - 3im Aval=121 + 78im sval=9 Jval=1 + 0im
    freq=1 polr=0 time=6253 dish=773 beam=11 Eval=1 + 2im Aval=107 - 48im sval=8 Jval=1 + 1im
    freq=14 polr=0 time=7391 dish=315 beam=15 Eval=-6 - 7im Aval=98 - 29im sval=9 Jval=-2 - 1im
    freq=9 polr=0 time=1090 dish=779 beam=13 Eval=7 + 5im Aval=4 - 27im sval=7 Jval=1 - 1im
    freq=1 polr=1 time=5537 dish=314 beam=15 Eval=3 - 3im Aval=63 + 113im sval=7 Jval=4 + 1im
    freq=13 polr=0 time=4216 dish=815 beam=15 Eval=0 + 4im Aval=64 + 63im sval=8 Jval=-1 + 1im
    freq=1 polr=0 time=7553 dish=466 beam=5 Eval=-1 + 3im Aval=-115 - 49im sval=9 Jval=1 - 1im
    freq=1 polr=0 time=7948 dish=53 beam=3 Eval=6 + 5im Aval=-27 - 44im sval=6 Jval=1 - 6im
    freq=13 polr=1 time=3171 dish=311 beam=13 Eval=-6 + 2im Aval=-48 - 94im sval=8 Jval=2 + 2im
    freq=15 polr=1 time=7677 dish=437 beam=7 Eval=-2 - 4im Aval=-83 - 110im sval=10 Jval=0 + 1im
    freq=7 polr=0 time=6516 dish=372 beam=7 Eval=-7 + 3im Aval=27 - 24im sval=7 Jval=-1 + 2im
    freq=9 polr=0 time=2475 dish=589 beam=4 Eval=3 + 1im Aval=-45 - 61im sval=5 Jval=-2 - 7im
    freq=10 polr=1 time=2500 dish=771 beam=8 Eval=-5 - 2im Aval=48 + 119im sval=8 Jval=0 - 3im
    freq=9 polr=1 time=641 dish=582 beam=15 Eval=-7 + 4im Aval=113 - 95im sval=9 Jval=-1 + 2im
    freq=9 polr=1 time=3733 dish=758 beam=15 Eval=3 + 2im Aval=-75 + 52im sval=9 Jval=-1 + 0im
    freq=14 polr=0 time=3608 dish=944 beam=7 Eval=-1 - 7im Aval=52 + 33im sval=6 Jval=3 - 6im
    freq=6 polr=0 time=4111 dish=142 beam=13 Eval=-4 + 7im Aval=-120 + 53im sval=11 Jval=0 - 1im
    freq=12 polr=1 time=2241 dish=902 beam=11 Eval=0 + 1im Aval=-17 + 28im sval=5 Jval=-1 + 0im
    freq=1 polr=0 time=7373 dish=916 beam=14 Eval=-1 + 2im Aval=-63 + 5im sval=5 Jval=2 - 4im
    freq=10 polr=0 time=1686 dish=901 beam=6 Eval=-3 - 1im Aval=4 - 33im sval=6 Jval=-1 + 2im
    freq=15 polr=1 time=5288 dish=630 beam=6 Eval=1 + 0im Aval=127 - 21im sval=7 Jval=1 + 0im
    freq=3 polr=1 time=309 dish=802 beam=0 Eval=-5 + 3im Aval=-23 + 107im sval=8 Jval=-1 - 2im
    freq=5 polr=0 time=3734 dish=63 beam=14 Eval=5 + 2im Aval=-124 + 14im sval=8 Jval=-2 - 1im
    freq=3 polr=0 time=3621 dish=50 beam=10 Eval=7 - 6im Aval=37 - 113im sval=9 Jval=-1 - 2im
    freq=0 polr=0 time=3179 dish=602 beam=14 Eval=-5 - 3im Aval=-73 - 121im sval=9 Jval=0 + 2im
    freq=2 polr=0 time=2251 dish=305 beam=5 Eval=5 - 4im Aval=-13 - 30im sval=8 Jval=-1 + 0im
    freq=12 polr=0 time=6067 dish=835 beam=10 Eval=3 + 5im Aval=-111 + 63im sval=10 Jval=-1 + 0im
    freq=12 polr=1 time=3920 dish=230 beam=0 Eval=3 + 3im Aval=-40 + 68im sval=6 Jval=-5 + 1im
    freq=12 polr=1 time=6302 dish=55 beam=8 Eval=-6 + 6im Aval=42 + 127im sval=10 Jval=-1 + 0im
    freq=4 polr=1 time=7041 dish=643 beam=8 Eval=2 - 2im Aval=-21 + 30im sval=5 Jval=1 + 3im
    freq=10 polr=1 time=6488 dish=757 beam=14 Eval=-4 - 7im Aval=-89 - 74im sval=7 Jval=-1 + 7im
    freq=15 polr=1 time=3183 dish=672 beam=12 Eval=1 - 2im Aval=-106 + 2im sval=5 Jval=-3 + 7im
    freq=14 polr=1 time=2867 dish=887 beam=3 Eval=2 - 3im Aval=19 + 119im sval=6 Jval=6 + 3im
    freq=1 polr=0 time=1064 dish=968 beam=5 Eval=0 + 7im Aval=-86 - 110im sval=9 Jval=2 - 1im
    freq=11 polr=0 time=6154 dish=631 beam=5 Eval=-1 - 5im Aval=61 - 79im sval=8 Jval=-2 - 1im
    freq=4 polr=1 time=1294 dish=569 beam=5 Eval=2 - 2im Aval=97 - 93im sval=9 Jval=0 - 1im
    freq=0 polr=0 time=7942 dish=853 beam=3 Eval=0 + 2im Aval=21 + 87im sval=5 Jval=-5 + 2im
    freq=9 polr=1 time=6107 dish=112 beam=2 Eval=-1 + 2im Aval=125 + 18im sval=7 Jval=-1 + 2im
    freq=6 polr=0 time=4859 dish=953 beam=14 Eval=1 - 4im Aval=-15 + 73im sval=6 Jval=4 + 2im
    freq=6 polr=0 time=6438 dish=845 beam=14 Eval=4 + 6im Aval=-31 - 29im sval=6 Jval=1 - 5im
    freq=7 polr=1 time=6576 dish=788 beam=10 Eval=6 + 1im Aval=-115 + 70im sval=7 Jval=-6 + 2im
    freq=0 polr=0 time=6228 dish=485 beam=12 Eval=2 + 5im Aval=39 - 31im sval=7 Jval=2 + 1im
    freq=13 polr=0 time=3150 dish=607 beam=1 Eval=-3 - 7im Aval=75 - 100im sval=9 Jval=-2 + 0im
    freq=9 polr=0 time=1747 dish=128 beam=9 Eval=-1 - 1im Aval=111 + 20im sval=6 Jval=-1 - 2im
    freq=14 polr=1 time=4298 dish=222 beam=7 Eval=6 - 7im Aval=-73 - 100im sval=8 Jval=-4 + 0im
    freq=7 polr=0 time=3170 dish=342 beam=12 Eval=1 + 7im Aval=-10 + 106im sval=8 Jval=-3 + 0im
    freq=8 polr=1 time=149 dish=537 beam=0 Eval=-7 + 7im Aval=123 - 96im sval=11 Jval=0 + 1im
    freq=2 polr=1 time=7715 dish=1014 beam=12 Eval=6 - 3im Aval=-69 + 76im sval=8 Jval=-1 + 3im
    freq=1 polr=1 time=356 dish=1014 beam=6 Eval=-1 + 7im Aval=42 + 126im sval=9 Jval=-2 + 0im
    freq=0 polr=0 time=7640 dish=50 beam=13 Eval=4 - 3im Aval=33 + 52im sval=8 Jval=1 + 0im
    freq=5 polr=0 time=112 dish=10 beam=14 Eval=3 + 4im Aval=-61 + 91im sval=8 Jval=-2 + 0im
    freq=2 polr=0 time=3177 dish=248 beam=10 Eval=4 - 4im Aval=74 - 101im sval=10 Jval=0 - 1im
    freq=12 polr=1 time=6660 dish=1001 beam=2 Eval=-1 - 7im Aval=64 - 6im sval=6 Jval=-2 - 7im
    freq=3 polr=0 time=7884 dish=174 beam=13 Eval=-5 - 4im Aval=85 + 22im sval=6 Jval=-5 - 7im
    freq=9 polr=0 time=4107 dish=863 beam=13 Eval=-2 + 4im Aval=-126 + 46im sval=7 Jval=1 - 5im
    freq=14 polr=0 time=5142 dish=956 beam=5 Eval=7 + 1im Aval=-124 + 19im sval=9 Jval=-2 + 0im
    freq=3 polr=0 time=158 dish=632 beam=8 Eval=0 - 6im Aval=21 + 121im sval=10 Jval=1 + 0im
    freq=8 polr=0 time=6355 dish=661 beam=5 Eval=1 + 4im Aval=-101 + 95im sval=7 Jval=-4 - 2im
    freq=13 polr=1 time=4095 dish=492 beam=2 Eval=0 - 3im Aval=-103 - 106im sval=8 Jval=-1 + 1im
    freq=15 polr=1 time=7681 dish=73 beam=3 Eval=-4 - 7im Aval=-127 + 36im sval=8 Jval=3 + 3im
    freq=9 polr=0 time=3098 dish=195 beam=2 Eval=3 - 4im Aval=-46 + 74im sval=9 Jval=0 + 1im
    freq=5 polr=0 time=1492 dish=241 beam=2 Eval=3 + 1im Aval=-23 - 90im sval=6 Jval=0 - 4im
    freq=11 polr=0 time=1186 dish=358 beam=4 Eval=3 + 0im Aval=85 + 20im sval=6 Jval=4 + 1im
    freq=1 polr=1 time=5927 dish=55 beam=13 Eval=-2 - 1im Aval=115 + 69im sval=6 Jval=-2 - 4im
    freq=4 polr=1 time=7848 dish=550 beam=7 Eval=-1 + 4im Aval=-50 - 126im sval=9 Jval=1 + 0im
    freq=5 polr=1 time=4856 dish=254 beam=14 Eval=1 + 3im Aval=-37 - 72im sval=7 Jval=1 - 1im
    freq=0 polr=0 time=1060 dish=780 beam=14 Eval=-6 - 4im Aval=121 + 81im sval=9 Jval=-1 - 2im
    freq=15 polr=1 time=6633 dish=348 beam=2 Eval=6 + 6im Aval=18 - 81im sval=9 Jval=1 - 1im
    freq=6 polr=1 time=318 dish=885 beam=9 Eval=-5 + 5im Aval=66 - 40im sval=7 Jval=-1 + 4im
    freq=9 polr=1 time=3747 dish=305 beam=0 Eval=-4 - 7im Aval=-97 + 77im sval=8 Jval=4 + 1im
    freq=14 polr=0 time=334 dish=222 beam=15 Eval=-1 + 5im Aval=-125 + 75im sval=9 Jval=0 - 1im
    freq=4 polr=1 time=4874 dish=917 beam=2 Eval=-2 + 6im Aval=-34 - 73im sval=8 Jval=2 + 0im
    freq=14 polr=1 time=6874 dish=708 beam=3 Eval=0 + 4im Aval=9 - 88im sval=6 Jval=6 + 1im
    freq=15 polr=0 time=2305 dish=527 beam=2 Eval=1 - 6im Aval=-101 + 62im sval=10 Jval=0 + 1im
    freq=12 polr=0 time=3979 dish=558 beam=15 Eval=5 + 1im Aval=-108 + 35im sval=10 Jval=-1 + 0im
    freq=7 polr=1 time=1015 dish=466 beam=10 Eval=0 + 2im Aval=-77 + 98im sval=7 Jval=-1 - 1im
    freq=10 polr=1 time=6096 dish=889 beam=14 Eval=6 - 4im Aval=33 + 41im sval=7 Jval=3 + 1im
    freq=15 polr=1 time=7287 dish=1007 beam=1 Eval=-6 - 5im Aval=103 + 7im sval=8 Jval=-2 - 2im
    freq=11 polr=0 time=6227 dish=398 beam=12 Eval=-3 + 2im Aval=54 - 116im sval=8 Jval=0 + 2im
    freq=9 polr=0 time=6002 dish=421 beam=7 Eval=-7 - 4im Aval=5 + 108im sval=7 Jval=3 - 6im
    freq=4 polr=1 time=7120 dish=884 beam=5 Eval=2 - 5im Aval=79 + 15im sval=9 Jval=0 - 1im
    freq=0 polr=0 time=999 dish=727 beam=4 Eval=6 - 7im Aval=93 - 108im sval=11 Jval=0 - 1im
    freq=5 polr=0 time=7482 dish=860 beam=13 Eval=0 - 3im Aval=91 - 23im sval=7 Jval=0 - 2im
    freq=1 polr=0 time=6657 dish=177 beam=1 Eval=4 + 0im Aval=80 + 27im sval=8 Jval=1 + 0im
    freq=7 polr=0 time=7438 dish=121 beam=8 Eval=6 + 4im Aval=-77 + 45im sval=7 Jval=-5 + 0im
    freq=15 polr=0 time=1911 dish=351 beam=4 Eval=-1 - 2im Aval=40 + 27im sval=7 Jval=0 - 1im
    freq=3 polr=1 time=7158 dish=591 beam=11 Eval=-3 + 5im Aval=38 + 66im sval=6 Jval=-7 + 0im
    freq=10 polr=1 time=3606 dish=315 beam=7 Eval=2 + 3im Aval=76 - 48im sval=8 Jval=1 + 1im
    freq=14 polr=1 time=2971 dish=545 beam=6 Eval=5 + 0im Aval=-27 + 81im sval=7 Jval=-1 + 3im
    freq=13 polr=1 time=693 dish=615 beam=2 Eval=5 - 2im Aval=111 - 89im sval=8 Jval=2 - 3im
    freq=0 polr=1 time=792 dish=665 beam=4 Eval=0 + 1im Aval=32 - 102im sval=5 Jval=3 + 1im
    freq=15 polr=0 time=990 dish=483 beam=9 Eval=3 + 2im Aval=-120 + 85im sval=8 Jval=-2 + 0im
    freq=0 polr=0 time=6327 dish=491 beam=13 Eval=6 - 1im Aval=-15 + 118im sval=8 Jval=0 + 3im
    freq=6 polr=1 time=2054 dish=697 beam=9 Eval=0 - 6im Aval=98 + 64im sval=7 Jval=3 - 5im
    freq=8 polr=0 time=890 dish=218 beam=5 Eval=2 + 3im Aval=-53 - 102im sval=7 Jval=2 - 3im
    freq=3 polr=0 time=5754 dish=1001 beam=1 Eval=-4 - 6im Aval=-67 - 77im sval=9 Jval=0 + 1im
    freq=15 polr=1 time=5819 dish=77 beam=14 Eval=-7 - 4im Aval=0 - 86im sval=7 Jval=-3 + 5im
    freq=3 polr=1 time=3456 dish=765 beam=12 Eval=-4 + 7im Aval=-96 + 114im sval=11 Jval=0 - 1im
    freq=1 polr=0 time=6702 dish=25 beam=2 Eval=3 - 1im Aval=68 + 18im sval=6 Jval=4 + 0im
    freq=12 polr=0 time=7623 dish=655 beam=11 Eval=1 + 4im Aval=63 - 79im sval=6 Jval=6 + 3im
    freq=15 polr=0 time=2245 dish=406 beam=7 Eval=-1 + 3im Aval=-23 - 98im sval=7 Jval=3 + 0im
    freq=5 polr=1 time=6936 dish=228 beam=1 Eval=-7 - 1im Aval=-10 + 110im sval=9 Jval=0 - 1im
    freq=10 polr=0 time=986 dish=830 beam=10 Eval=-1 - 7im Aval=66 + 116im sval=8 Jval=3 - 2im
    freq=2 polr=0 time=7228 dish=90 beam=5 Eval=-6 + 6im Aval=-107 - 46im sval=8 Jval=4 - 1im
    freq=12 polr=0 time=5919 dish=744 beam=12 Eval=1 - 3im Aval=-46 + 99im sval=9 Jval=1 + 0im
    freq=10 polr=1 time=178 dish=921 beam=14 Eval=5 + 7im Aval=-45 + 18im sval=7 Jval=-3 - 2im
    freq=10 polr=1 time=6359 dish=423 beam=0 Eval=-6 - 5im Aval=13 - 59im sval=6 Jval=-6 + 5im
    freq=13 polr=0 time=6888 dish=604 beam=12 Eval=-5 + 3im Aval=36 - 120im sval=8 Jval=1 + 3im
    freq=6 polr=0 time=7720 dish=979 beam=5 Eval=2 + 6im Aval=11 + 45im sval=7 Jval=-2 + 1im
    freq=13 polr=0 time=7623 dish=924 beam=15 Eval=1 - 5im Aval=-68 - 110im sval=8 Jval=-2 + 1im
    freq=9 polr=0 time=1993 dish=334 beam=13 Eval=6 + 2im Aval=71 + 103im sval=7 Jval=2 + 6im
    freq=2 polr=0 time=1906 dish=984 beam=9 Eval=2 - 6im Aval=-58 + 72im sval=8 Jval=1 + 2im
    freq=7 polr=1 time=21 dish=805 beam=2 Eval=0 - 5im Aval=-79 - 3im sval=7 Jval=0 + 3im
    freq=2 polr=1 time=5429 dish=682 beam=12 Eval=1 - 1im Aval=-69 - 68im sval=8 Jval=-1 + 0im
    freq=12 polr=1 time=4903 dish=562 beam=15 Eval=4 + 6im Aval=-112 + 104im sval=11 Jval=-1 + 0im
    freq=8 polr=0 time=7232 dish=977 beam=10 Eval=0 + 6im Aval=-123 - 38im sval=10 Jval=0 - 1im
    freq=14 polr=1 time=6173 dish=134 beam=8 Eval=2 - 3im Aval=-44 - 40im sval=7 Jval=-2 + 0im
    freq=6 polr=1 time=6632 dish=883 beam=1 Eval=7 - 6im Aval=-107 + 101im sval=11 Jval=0 + 1im
    freq=8 polr=0 time=4838 dish=493 beam=3 Eval=-3 - 3im Aval=-93 - 94im sval=10 Jval=0 + 1im
    freq=3 polr=0 time=8032 dish=491 beam=7 Eval=-4 + 4im Aval=30 + 34im sval=7 Jval=-2 + 0im
    freq=0 polr=0 time=8045 dish=8 beam=12 Eval=1 - 4im Aval=-99 - 117im sval=7 Jval=-4 + 2im
    freq=15 polr=1 time=333 dish=354 beam=6 Eval=-5 - 1im Aval=31 - 89im sval=7 Jval=-2 + 3im
    freq=0 polr=1 time=3596 dish=932 beam=10 Eval=0 + 5im Aval=86 + 114im sval=9 Jval=-1 + 1im
    freq=9 polr=1 time=6090 dish=287 beam=5 Eval=4 + 1im Aval=-66 + 1im sval=7 Jval=-2 + 0im
    freq=9 polr=0 time=7164 dish=905 beam=2 Eval=4 + 2im Aval=-106 - 38im sval=9 Jval=-1 - 1im
    freq=13 polr=1 time=5304 dish=118 beam=13 Eval=3 + 3im Aval=-33 + 120im sval=8 Jval=-2 + 1im
    freq=11 polr=0 time=1725 dish=478 beam=6 Eval=-7 - 4im Aval=7 - 81im sval=10 Jval=0 + 1im
    freq=2 polr=0 time=5985 dish=4 beam=13 Eval=5 + 2im Aval=31 - 100im sval=6 Jval=6 - 7im
    freq=2 polr=0 time=6419 dish=214 beam=8 Eval=-6 + 3im Aval=-43 - 120im sval=7 Jval=5 + 5im
    freq=1 polr=1 time=5927 dish=394 beam=13 Eval=0 + 2im Aval=35 + 28im sval=6 Jval=-1 + 1im
    freq=8 polr=0 time=3944 dish=501 beam=2 Eval=7 + 7im Aval=-26 + 72im sval=8 Jval=-3 + 1im
    freq=15 polr=0 time=6206 dish=761 beam=11 Eval=3 + 2im Aval=-116 - 18im sval=6 Jval=-5 - 4im
    freq=15 polr=1 time=1105 dish=943 beam=8 Eval=7 - 7im Aval=-1 - 125im sval=10 Jval=-1 - 1im
    freq=7 polr=1 time=3995 dish=973 beam=6 Eval=-3 + 6im Aval=-62 - 109im sval=10 Jval=1 + 0im
    freq=6 polr=1 time=5659 dish=413 beam=4 Eval=6 - 2im Aval=13 + 115im sval=10 Jval=0 + 1im
    freq=15 polr=1 time=4440 dish=736 beam=14 Eval=-1 + 5im Aval=-60 + 62im sval=7 Jval=-2 - 3im
    freq=15 polr=0 time=6099 dish=7 beam=1 Eval=-2 - 2im Aval=41 - 126im sval=8 Jval=-1 + 1im
    freq=7 polr=1 time=4482 dish=8 beam=13 Eval=0 - 5im Aval=114 - 110im sval=7 Jval=-4 - 4im
    freq=14 polr=0 time=2524 dish=872 beam=15 Eval=-1 + 5im Aval=48 - 52im sval=9 Jval=0 + 1im
    freq=2 polr=0 time=1323 dish=114 beam=7 Eval=-5 + 3im Aval=-113 + 116im sval=7 Jval=2 - 7im
    freq=12 polr=0 time=5475 dish=455 beam=1 Eval=1 - 1im Aval=22 + 117im sval=5 Jval=5 + 3im
    freq=11 polr=1 time=5105 dish=883 beam=5 Eval=-3 - 4im Aval=96 - 4im sval=9 Jval=-1 - 1im
    freq=9 polr=1 time=1726 dish=876 beam=10 Eval=1 - 6im Aval=-81 - 44im sval=7 Jval=-3 + 4im
    freq=0 polr=0 time=745 dish=683 beam=14 Eval=0 + 6im Aval=52 - 12im sval=9 Jval=0 + 1im
    freq=7 polr=0 time=2377 dish=500 beam=15 Eval=7 - 5im Aval=53 + 38im sval=7 Jval=4 + 0im
    freq=14 polr=1 time=7559 dish=441 beam=0 Eval=0 + 7im Aval=71 - 61im sval=7 Jval=3 + 4im
    freq=12 polr=1 time=2372 dish=527 beam=6 Eval=-6 - 6im Aval=-7 - 113im sval=7 Jval=-5 + 6im
    freq=13 polr=1 time=1393 dish=609 beam=10 Eval=0 + 5im Aval=6 + 117im sval=9 Jval=-1 + 0im
    freq=4 polr=0 time=5248 dish=963 beam=9 Eval=3 - 4im Aval=113 - 106im sval=9 Jval=0 - 1im
    freq=14 polr=1 time=4851 dish=89 beam=6 Eval=1 + 0im Aval=111 + 84im sval=7 Jval=1 + 1im
    freq=14 polr=0 time=7535 dish=792 beam=2 Eval=-2 + 3im Aval=120 - 63im sval=9 Jval=0 + 1im
    freq=3 polr=0 time=7515 dish=539 beam=1 Eval=7 - 2im Aval=-63 - 25im sval=9 Jval=-1 + 0im
    freq=13 polr=1 time=4122 dish=192 beam=4 Eval=7 + 1im Aval=-5 - 19im sval=8 Jval=0 - 1im
    freq=10 polr=0 time=1883 dish=393 beam=1 Eval=5 + 3im Aval=-5 - 84im sval=7 Jval=2 - 3im
    freq=6 polr=0 time=7383 dish=471 beam=4 Eval=6 - 5im Aval=108 + 25im sval=10 Jval=1 + 0im
    freq=2 polr=0 time=4509 dish=181 beam=5 Eval=2 + 3im Aval=-94 + 51im sval=8 Jval=-1 - 1im
    freq=2 polr=1 time=5984 dish=681 beam=13 Eval=-4 - 2im Aval=-67 + 106im sval=7 Jval=4 - 2im
    freq=1 polr=1 time=7506 dish=495 beam=13 Eval=1 + 1im Aval=-89 + 90im sval=6 Jval=-3 + 0im
    freq=11 polr=1 time=7191 dish=214 beam=5 Eval=0 + 6im Aval=22 - 68im sval=9 Jval=1 + 0im
    freq=11 polr=1 time=3437 dish=268 beam=8 Eval=1 - 3im Aval=44 + 29im sval=7 Jval=1 - 1im
    freq=1 polr=0 time=5500 dish=509 beam=1 Eval=-3 + 6im Aval=20 + 27im sval=8 Jval=-1 + 0im
    freq=2 polr=1 time=5193 dish=1010 beam=2 Eval=-6 - 6im Aval=41 - 117im sval=9 Jval=-2 + 1im
    freq=7 polr=1 time=2299 dish=571 beam=3 Eval=-3 - 2im Aval=-62 - 111im sval=8 Jval=0 + 2im
    freq=10 polr=0 time=979 dish=201 beam=7 Eval=-3 - 7im Aval=-125 - 69im sval=10 Jval=0 + 1im
    freq=4 polr=0 time=1018 dish=424 beam=15 Eval=1 - 3im Aval=72 - 9im sval=8 Jval=0 - 1im
    freq=5 polr=1 time=2963 dish=968 beam=7 Eval=4 + 1im Aval=37 + 48im sval=5 Jval=3 + 7im
    freq=12 polr=1 time=1442 dish=770 beam=0 Eval=-2 + 0im Aval=29 - 17im sval=6 Jval=-1 + 1im
    freq=1 polr=0 time=5176 dish=646 beam=1 Eval=5 - 6im Aval=88 + 65im sval=8 Jval=3 - 1im
    freq=13 polr=0 time=2674 dish=953 beam=5 Eval=0 + 4im Aval=-87 - 116im sval=6 Jval=7 - 5im
    freq=10 polr=0 time=6102 dish=73 beam=8 Eval=-4 + 5im Aval=33 - 93im sval=9 Jval=1 + 1im
    freq=13 polr=1 time=4442 dish=797 beam=11 Eval=7 + 2im Aval=-3 + 49im sval=9 Jval=0 + 1im
    freq=1 polr=0 time=7400 dish=513 beam=15 Eval=1 - 7im Aval=-31 + 65im sval=8 Jval=2 + 1im
    freq=2 polr=1 time=1902 dish=874 beam=10 Eval=-1 + 2im Aval=83 + 59im sval=5 Jval=-6 + 4im
    freq=2 polr=1 time=7725 dish=452 beam=5 Eval=-3 + 3im Aval=-52 + 73im sval=8 Jval=0 - 1im
    freq=14 polr=0 time=4931 dish=574 beam=3 Eval=-1 + 7im Aval=20 - 25im sval=5 Jval=5 + 5im
    freq=2 polr=0 time=8131 dish=706 beam=1 Eval=-1 + 7im Aval=66 + 64im sval=9 Jval=-1 + 1im
    freq=0 polr=0 time=7139 dish=252 beam=0 Eval=4 - 5im Aval=-45 - 97im sval=9 Jval=-1 + 0im
    freq=0 polr=0 time=5931 dish=422 beam=14 Eval=-1 - 7im Aval=-79 + 51im sval=9 Jval=1 + 1im
    freq=7 polr=1 time=4133 dish=343 beam=6 Eval=6 - 6im Aval=-124 + 15im sval=10 Jval=-1 + 1im
    freq=15 polr=1 time=6498 dish=202 beam=1 Eval=-1 - 4im Aval=23 + 50im sval=8 Jval=1 - 1im
    freq=2 polr=0 time=6828 dish=332 beam=8 Eval=-7 - 2im Aval=92 - 40im sval=7 Jval=-6 + 1im
    freq=2 polr=0 time=6054 dish=950 beam=9 Eval=-4 - 7im Aval=-31 + 12im sval=8 Jval=1 + 1im
    freq=14 polr=1 time=7415 dish=226 beam=13 Eval=2 + 4im Aval=95 - 65im sval=6 Jval=7 + 4im
    freq=7 polr=0 time=4660 dish=78 beam=15 Eval=5 + 3im Aval=96 - 82im sval=7 Jval=6 - 1im
    freq=0 polr=1 time=699 dish=793 beam=8 Eval=2 - 6im Aval=38 - 80im sval=9 Jval=-1 - 1im
    freq=8 polr=0 time=3635 dish=468 beam=5 Eval=4 - 3im Aval=33 - 125im sval=7 Jval=-2 - 5im
    freq=5 polr=1 time=5537 dish=311 beam=4 Eval=6 + 1im Aval=-91 + 120im sval=8 Jval=-3 + 2im
    freq=2 polr=1 time=923 dish=239 beam=5 Eval=5 + 0im Aval=-2 - 60im sval=8 Jval=0 - 1im
    freq=0 polr=0 time=2340 dish=599 beam=13 Eval=0 + 6im Aval=-98 + 68im sval=8 Jval=-2 - 2im
    freq=9 polr=1 time=5762 dish=882 beam=2 Eval=-2 - 5im Aval=0 + 81im sval=7 Jval=3 - 1im
    freq=14 polr=0 time=6463 dish=490 beam=15 Eval=-7 - 6im Aval=-125 - 59im sval=9 Jval=1 + 2im
    freq=6 polr=1 time=8092 dish=667 beam=9 Eval=-3 - 4im Aval=116 + 3im sval=7 Jval=-3 - 4im
    freq=3 polr=0 time=39 dish=230 beam=5 Eval=7 + 3im Aval=94 + 67im sval=8 Jval=2 + 3im
    freq=13 polr=0 time=3236 dish=7 beam=1 Eval=1 + 3im Aval=115 - 64im sval=9 Jval=1 + 1im
    freq=4 polr=0 time=7647 dish=746 beam=10 Eval=-7 + 3im Aval=94 + 55im sval=8 Jval=-3 + 0im
    freq=5 polr=0 time=1180 dish=438 beam=15 Eval=4 - 7im Aval=9 - 104im sval=7 Jval=-5 - 4im
    freq=0 polr=1 time=1710 dish=229 beam=2 Eval=1 + 7im Aval=-91 + 44im sval=10 Jval=0 - 1im
    freq=7 polr=0 time=6896 dish=430 beam=5 Eval=3 - 5im Aval=19 - 10im sval=6 Jval=0 - 2im
    freq=9 polr=1 time=6552 dish=218 beam=15 Eval=3 - 3im Aval=81 - 108im sval=9 Jval=0 - 1im
    freq=0 polr=1 time=371 dish=409 beam=15 Eval=-2 + 0im Aval=87 - 28im sval=6 Jval=-3 + 1im
    freq=7 polr=0 time=4466 dish=485 beam=7 Eval=-5 + 0im Aval=-116 + 38im sval=7 Jval=5 - 1im
    freq=13 polr=0 time=3994 dish=144 beam=12 Eval=6 + 0im Aval=-68 - 65im sval=8 Jval=-2 - 1im
    freq=10 polr=1 time=5914 dish=534 beam=7 Eval=-6 + 4im Aval=28 - 84im sval=8 Jval=1 + 2im
    freq=7 polr=1 time=6709 dish=65 beam=4 Eval=6 - 3im Aval=78 + 32im sval=8 Jval=2 + 0im
    freq=15 polr=0 time=1059 dish=179 beam=13 Eval=2 + 2im Aval=50 - 104im sval=9 Jval=1 + 0im
    freq=0 polr=1 time=6614 dish=640 beam=2 Eval=-5 + 0im Aval=-114 - 90im sval=10 Jval=1 + 0im
    freq=6 polr=1 time=3295 dish=348 beam=11 Eval=-4 - 6im Aval=105 - 80im sval=10 Jval=-1 + 0im
    freq=3 polr=0 time=226 dish=978 beam=13 Eval=4 + 1im Aval=-23 + 20im sval=6 Jval=-2 + 1im
    freq=14 polr=0 time=4672 dish=763 beam=2 Eval=-7 - 6im Aval=38 + 29im sval=9 Jval=0 - 1im
    freq=2 polr=0 time=6541 dish=211 beam=11 Eval=-4 + 0im Aval=110 - 79im sval=7 Jval=-3 + 3im
    freq=14 polr=1 time=762 dish=18 beam=7 Eval=-7 - 7im Aval=-90 - 17im sval=8 Jval=2 + 3im
    freq=9 polr=0 time=5616 dish=502 beam=7 Eval=-6 - 2im Aval=5 + 93im sval=7 Jval=1 - 4im
    freq=15 polr=0 time=3995 dish=408 beam=1 Eval=3 + 1im Aval=-61 - 99im sval=8 Jval=0 - 1im
    freq=1 polr=1 time=7667 dish=621 beam=5 Eval=-5 + 2im Aval=-33 + 7im sval=7 Jval=1 - 1im
    freq=5 polr=0 time=129 dish=315 beam=2 Eval=-1 - 2im Aval=25 - 109im sval=6 Jval=-4 + 1im
    freq=2 polr=1 time=37 dish=960 beam=12 Eval=0 + 5im Aval=-58 - 3im sval=8 Jval=0 - 1im
    freq=15 polr=0 time=3696 dish=383 beam=1 Eval=-5 - 6im Aval=46 + 78im sval=8 Jval=1 - 3im
    freq=5 polr=1 time=4037 dish=53 beam=5 Eval=4 + 2im Aval=-53 + 4im sval=5 Jval=-7 - 3im
    freq=10 polr=1 time=7211 dish=392 beam=0 Eval=-2 - 5im Aval=-46 - 96im sval=6 Jval=-6 + 7im
    freq=10 polr=0 time=1852 dish=953 beam=8 Eval=-4 - 1im Aval=-84 + 8im sval=9 Jval=1 + 0im
    freq=14 polr=0 time=6369 dish=258 beam=15 Eval=5 + 4im Aval=124 + 55im sval=9 Jval=1 + 2im
    freq=13 polr=1 time=6552 dish=534 beam=12 Eval=3 - 6im Aval=-53 - 111im sval=7 Jval=-6 + 0im
    freq=2 polr=0 time=1047 dish=7 beam=10 Eval=-5 + 0im Aval=22 - 124im sval=10 Jval=0 + 1im
    freq=12 polr=0 time=4182 dish=47 beam=10 Eval=6 + 3im Aval=-1 - 110im sval=10 Jval=0 - 1im
    freq=0 polr=1 time=4108 dish=43 beam=8 Eval=7 - 2im Aval=-93 + 53im sval=9 Jval=-1 + 1im
    freq=1 polr=0 time=7571 dish=963 beam=11 Eval=4 - 4im Aval=44 + 79im sval=8 Jval=2 + 1im
    freq=13 polr=0 time=6732 dish=213 beam=0 Eval=2 - 1im Aval=20 + 108im sval=6 Jval=2 + 3im
    freq=13 polr=1 time=3895 dish=682 beam=4 Eval=-7 - 1im Aval=43 - 125im sval=8 Jval=-2 + 3im
    freq=11 polr=1 time=1121 dish=779 beam=2 Eval=1 + 2im Aval=-108 - 105im sval=8 Jval=0 - 1im
    freq=13 polr=0 time=4045 dish=629 beam=11 Eval=1 - 7im Aval=14 + 31im sval=5 Jval=7 - 2im
    freq=0 polr=1 time=4372 dish=216 beam=10 Eval=-4 + 5im Aval=-54 - 52im sval=9 Jval=1 + 0im
    freq=1 polr=1 time=3791 dish=295 beam=5 Eval=-1 - 2im Aval=-82 - 108im sval=7 Jval=-1 + 2im
    freq=7 polr=1 time=1479 dish=62 beam=4 Eval=-2 - 4im Aval=-18 - 106im sval=8 Jval=-1 + 1im
    freq=14 polr=0 time=7252 dish=627 beam=9 Eval=-6 + 3im Aval=-82 + 11im sval=9 Jval=1 - 1im
    freq=13 polr=1 time=5842 dish=172 beam=4 Eval=2 - 2im Aval=67 - 101im sval=8 Jval=0 - 1im
    freq=15 polr=1 time=563 dish=47 beam=11 Eval=-2 - 5im Aval=7 + 12im sval=5 Jval=2 - 2im
    freq=4 polr=1 time=1019 dish=376 beam=2 Eval=-5 + 4im Aval=80 - 99im sval=8 Jval=0 + 3im
    freq=5 polr=1 time=250 dish=67 beam=14 Eval=-5 + 1im Aval=-88 + 85im sval=7 Jval=3 - 4im
    freq=13 polr=1 time=7317 dish=98 beam=6 Eval=7 - 5im Aval=118 + 60im sval=10 Jval=1 + 0im
    freq=13 polr=1 time=5379 dish=67 beam=4 Eval=5 - 6im Aval=1 + 63im sval=8 Jval=2 + 1im
    freq=2 polr=1 time=5796 dish=405 beam=5 Eval=6 - 1im Aval=-125 - 127im sval=8 Jval=-3 - 2im
    freq=12 polr=0 time=2441 dish=829 beam=15 Eval=0 + 5im Aval=-111 + 17im sval=10 Jval=0 - 1im
    freq=15 polr=0 time=5899 dish=591 beam=2 Eval=-4 - 6im Aval=127 + 112im sval=10 Jval=0 - 1im
    freq=0 polr=0 time=1940 dish=523 beam=10 Eval=-4 + 6im Aval=90 - 95im sval=10 Jval=0 + 1im
    freq=7 polr=0 time=7966 dish=158 beam=14 Eval=2 - 5im Aval=40 - 58im sval=8 Jval=-1 - 1im
    freq=14 polr=0 time=557 dish=331 beam=12 Eval=-5 + 6im Aval=111 + 89im sval=11 Jval=-1 + 0im
    freq=8 polr=0 time=3604 dish=160 beam=8 Eval=-2 + 5im Aval=67 - 57im sval=8 Jval=1 + 2im
    freq=2 polr=0 time=7273 dish=482 beam=10 Eval=-7 + 2im Aval=98 - 114im sval=10 Jval=0 + 1im
    freq=11 polr=1 time=6802 dish=964 beam=11 Eval=4 - 6im Aval=39 + 95im sval=7 Jval=6 + 1im
    freq=11 polr=1 time=6325 dish=11 beam=11 Eval=-7 - 1im Aval=15 + 112im sval=7 Jval=0 - 6im
    freq=10 polr=0 time=4934 dish=133 beam=9 Eval=1 + 3im Aval=-60 - 35im sval=5 Jval=2 - 6im
    freq=8 polr=0 time=795 dish=183 beam=2 Eval=-4 - 1im Aval=-10 - 92im sval=8 Jval=0 + 2im
    freq=9 polr=0 time=7515 dish=559 beam=12 Eval=7 + 7im Aval=30 - 101im sval=7 Jval=7 - 4im
    freq=9 polr=0 time=2715 dish=730 beam=7 Eval=4 + 3im Aval=23 + 98im sval=7 Jval=-2 + 4im
    freq=0 polr=0 time=5831 dish=170 beam=14 Eval=-2 - 1im Aval=-58 - 121im sval=9 Jval=0 + 1im
    freq=12 polr=1 time=5335 dish=631 beam=4 Eval=-1 + 3im Aval=67 + 99im sval=7 Jval=-3 + 1im
    freq=9 polr=1 time=2009 dish=965 beam=1 Eval=-4 - 5im Aval=92 - 20im sval=7 Jval=-4 - 3im
    freq=9 polr=0 time=2151 dish=15 beam=11 Eval=6 + 0im Aval=-26 + 49im sval=6 Jval=-2 + 5im
    freq=3 polr=0 time=7249 dish=178 beam=5 Eval=-2 - 3im Aval=13 - 110im sval=8 Jval=-1 + 1im
    freq=3 polr=0 time=1221 dish=342 beam=15 Eval=2 + 0im Aval=14 - 63im sval=6 Jval=1 - 2im
    freq=2 polr=0 time=6590 dish=491 beam=14 Eval=5 + 3im Aval=-96 - 43im sval=8 Jval=-1 - 2im
    freq=3 polr=0 time=4410 dish=105 beam=15 Eval=3 - 1im Aval=53 - 99im sval=6 Jval=1 - 5im
    freq=13 polr=0 time=5348 dish=372 beam=12 Eval=0 - 2im Aval=-82 + 125im sval=8 Jval=1 + 1im
    freq=12 polr=1 time=1036 dish=1009 beam=6 Eval=-7 - 3im Aval=22 + 127im sval=7 Jval=2 - 7im
    freq=15 polr=1 time=2880 dish=597 beam=3 Eval=-4 - 7im Aval=100 + 115im sval=8 Jval=2 - 4im
    freq=1 polr=1 time=4275 dish=706 beam=0 Eval=3 + 0im Aval=104 - 98im sval=9 Jval=1 - 1im
    freq=6 polr=0 time=289 dish=648 beam=8 Eval=3 + 2im Aval=-52 + 23im sval=8 Jval=-1 + 0im
    freq=7 polr=0 time=1087 dish=623 beam=4 Eval=5 + 4im Aval=118 - 44im sval=10 Jval=1 + 0im
    freq=2 polr=0 time=3002 dish=547 beam=14 Eval=1 - 4im Aval=-119 - 37im sval=8 Jval=-1 + 2im
    freq=6 polr=0 time=6757 dish=930 beam=5 Eval=-4 - 4im Aval=-37 + 37im sval=7 Jval=2 + 0im
    freq=15 polr=1 time=816 dish=106 beam=12 Eval=-1 + 2im Aval=58 - 18im sval=5 Jval=0 + 4im
    freq=5 polr=0 time=6441 dish=908 beam=14 Eval=2 + 7im Aval=111 + 16im sval=8 Jval=0 + 3im
    freq=14 polr=1 time=2178 dish=301 beam=2 Eval=6 - 3im Aval=21 - 87im sval=7 Jval=-1 - 5im
    freq=4 polr=1 time=795 dish=372 beam=2 Eval=-2 + 0im Aval=-5 + 94im sval=8 Jval=0 - 1im
    freq=1 polr=1 time=6337 dish=537 beam=0 Eval=3 + 3im Aval=43 - 65im sval=9 Jval=1 + 0im
    freq=15 polr=1 time=3975 dish=228 beam=2 Eval=-2 - 7im Aval=51 + 0im sval=9 Jval=0 - 1im
    freq=8 polr=0 time=948 dish=205 beam=2 Eval=2 + 5im Aval=-30 - 71im sval=8 Jval=1 - 1im
    freq=15 polr=1 time=8015 dish=4 beam=14 Eval=-4 - 1im Aval=-58 - 118im sval=7 Jval=1 + 4im
    freq=5 polr=0 time=6930 dish=597 beam=13 Eval=1 + 3im Aval=21 + 4im sval=7 Jval=0 + 1im
    freq=10 polr=0 time=5899 dish=451 beam=13 Eval=-2 + 5im Aval=-124 + 11im sval=7 Jval=2 - 5im
    freq=2 polr=0 time=3321 dish=605 beam=9 Eval=2 - 5im Aval=105 - 95im sval=8 Jval=-1 - 3im
    freq=15 polr=1 time=3115 dish=171 beam=7 Eval=-5 - 5im Aval=51 + 77im sval=10 Jval=0 - 1im
    freq=2 polr=1 time=2931 dish=352 beam=6 Eval=-7 + 0im Aval=-68 + 91im sval=10 Jval=0 - 1im
    freq=4 polr=0 time=4829 dish=498 beam=14 Eval=3 - 1im Aval=-41 - 86im sval=5 Jval=-6 - 7im
    freq=1 polr=1 time=5081 dish=356 beam=6 Eval=5 + 0im Aval=-71 - 4im sval=9 Jval=-1 + 0im
    freq=10 polr=1 time=4017 dish=568 beam=7 Eval=3 + 1im Aval=89 + 53im sval=8 Jval=1 + 1im
    freq=1 polr=0 time=5368 dish=103 beam=1 Eval=6 + 5im Aval=-47 + 25im sval=8 Jval=-2 + 0im
    freq=3 polr=0 time=7743 dish=947 beam=1 Eval=-6 + 2im Aval=-15 - 121im sval=9 Jval=1 + 1im
    freq=0 polr=0 time=4931 dish=166 beam=5 Eval=4 - 5im Aval=22 - 70im sval=6 Jval=-4 - 6im
    freq=13 polr=0 time=77 dish=696 beam=0 Eval=-1 - 2im Aval=-50 + 84im sval=6 Jval=4 + 0im
    freq=7 polr=0 time=5832 dish=722 beam=13 Eval=-6 + 6im Aval=9 + 32im sval=5 Jval=-7 - 4im
    freq=14 polr=1 time=3508 dish=523 beam=2 Eval=3 + 2im Aval=-38 + 44im sval=7 Jval=-2 + 1im
    freq=11 polr=0 time=7631 dish=402 beam=2 Eval=-3 - 2im Aval=66 + 23im sval=6 Jval=-2 - 3im
    freq=9 polr=1 time=7205 dish=248 beam=1 Eval=-1 - 7im Aval=-20 + 41im sval=7 Jval=2 + 1im
    freq=11 polr=0 time=1091 dish=335 beam=8 Eval=-5 + 6im Aval=12 - 66im sval=9 Jval=1 + 1im
    freq=11 polr=0 time=3260 dish=43 beam=2 Eval=-3 + 0im Aval=127 + 42im sval=6 Jval=-6 - 2im
    freq=2 polr=1 time=4613 dish=51 beam=12 Eval=7 + 6im Aval=72 + 87im sval=8 Jval=0 + 4im
    freq=11 polr=0 time=3367 dish=976 beam=5 Eval=-3 - 1im Aval=-53 + 114im sval=8 Jval=1 - 1im
    freq=7 polr=0 time=778 dish=58 beam=4 Eval=7 + 2im Aval=-120 - 30im sval=10 Jval=-1 + 0im
    freq=4 polr=0 time=4201 dish=68 beam=15 Eval=4 - 4im Aval=16 + 113im sval=8 Jval=2 + 2im
    freq=4 polr=1 time=6790 dish=734 beam=5 Eval=7 + 6im Aval=-49 - 35im sval=9 Jval=0 - 1im
    freq=10 polr=1 time=6704 dish=586 beam=3 Eval=3 - 4im Aval=-118 - 32im sval=6 Jval=-7 + 6im
    freq=6 polr=0 time=5854 dish=357 beam=8 Eval=-2 + 5im Aval=51 + 1im sval=8 Jval=0 + 1im
    freq=3 polr=0 time=1599 dish=1012 beam=5 Eval=-5 - 2im Aval=46 + 7im sval=8 Jval=-1 + 0im
    freq=4 polr=1 time=3610 dish=218 beam=15 Eval=-2 + 6im Aval=52 - 71im sval=7 Jval=3 + 4im
    freq=3 polr=1 time=7496 dish=991 beam=14 Eval=-5 + 4im Aval=103 + 35im sval=9 Jval=-1 + 0im
    freq=2 polr=0 time=277 dish=946 beam=13 Eval=-6 + 4im Aval=-37 - 35im sval=6 Jval=6 + 1im
    freq=4 polr=0 time=3171 dish=788 beam=7 Eval=3 - 2im Aval=7 + 95im sval=7 Jval=2 + 2im
    freq=14 polr=1 time=5279 dish=331 beam=1 Eval=-4 - 2im Aval=-67 - 22im sval=5 Jval=7 + 7im
    freq=7 polr=1 time=6049 dish=410 beam=8 Eval=4 + 5im Aval=-24 + 43im sval=6 Jval=-5 + 1im
    freq=13 polr=0 time=3763 dish=238 beam=6 Eval=-4 + 3im Aval=-31 - 27im sval=5 Jval=7 + 1im
    freq=2 polr=1 time=7446 dish=688 beam=12 Eval=-5 - 2im Aval=-79 - 2im sval=8 Jval=2 + 1im
    freq=4 polr=0 time=5222 dish=403 beam=2 Eval=-3 + 2im Aval=92 + 16im sval=7 Jval=-2 + 1im
    freq=2 polr=0 time=6880 dish=670 beam=9 Eval=1 + 3im Aval=-83 + 115im sval=8 Jval=-2 + 0im
    freq=4 polr=0 time=7727 dish=546 beam=15 Eval=-4 + 0im Aval=73 + 39im sval=8 Jval=-1 - 1im
    freq=2 polr=1 time=4570 dish=515 beam=13 Eval=-1 - 5im Aval=-112 + 36im sval=7 Jval=2 + 4im
    freq=1 polr=0 time=2212 dish=1014 beam=0 Eval=2 + 0im Aval=41 - 79im sval=5 Jval=3 - 5im
    freq=9 polr=0 time=7055 dish=792 beam=9 Eval=0 - 4im Aval=-103 + 111im sval=6 Jval=7 + 7im
    freq=5 polr=1 time=6845 dish=582 beam=14 Eval=-1 + 1im Aval=-66 + 31im sval=7 Jval=0 - 1im
    freq=14 polr=0 time=6134 dish=249 beam=8 Eval=2 + 4im Aval=-40 - 8im sval=7 Jval=0 - 1im
    freq=2 polr=0 time=4521 dish=892 beam=8 Eval=-2 - 2im Aval=25 + 62im sval=7 Jval=1 - 1im
    freq=5 polr=0 time=1618 dish=654 beam=2 Eval=4 + 4im Aval=-19 + 99im sval=6 Jval=-7 + 5im
    freq=15 polr=1 time=6956 dish=912 beam=14 Eval=-3 - 2im Aval=29 + 98im sval=7 Jval=1 - 3im
    freq=4 polr=1 time=4889 dish=198 beam=7 Eval=-4 + 0im Aval=53 - 98im sval=9 Jval=0 + 1im
    freq=1 polr=1 time=1257 dish=388 beam=2 Eval=-4 + 3im Aval=-108 + 9im sval=6 Jval=6 - 5im
    freq=1 polr=1 time=6592 dish=608 beam=6 Eval=2 - 3im Aval=46 - 77im sval=9 Jval=0 - 1im
    freq=10 polr=1 time=748 dish=126 beam=7 Eval=-6 - 7im Aval=32 - 13im sval=8 Jval=-1 - 1im
    freq=11 polr=0 time=3282 dish=132 beam=7 Eval=1 - 6im Aval=66 - 19im sval=8 Jval=0 - 2im
    freq=10 polr=1 time=391 dish=24 beam=8 Eval=-7 + 0im Aval=90 - 14im sval=8 Jval=-2 + 0im
    freq=10 polr=0 time=372 dish=462 beam=10 Eval=-2 - 5im Aval=-104 - 82im sval=8 Jval=-1 + 3im
    freq=0 polr=0 time=7809 dish=248 beam=6 Eval=-1 - 5im Aval=-25 + 50im sval=6 Jval=4 + 1im
    freq=1 polr=1 time=4055 dish=327 beam=0 Eval=-3 - 7im Aval=-44 + 125im sval=9 Jval=2 + 0im
    freq=9 polr=0 time=5863 dish=516 beam=1 Eval=3 - 4im Aval=18 + 111im sval=7 Jval=4 + 2im
    freq=0 polr=1 time=5774 dish=86 beam=1 Eval=3 + 0im Aval=45 - 127im sval=6 Jval=2 - 6im
    freq=1 polr=1 time=4847 dish=642 beam=6 Eval=-7 - 2im Aval=-93 - 89im sval=9 Jval=1 + 2im
    freq=3 polr=1 time=6943 dish=843 beam=8 Eval=3 + 6im Aval=-43 - 33im sval=6 Jval=1 - 5im
    freq=4 polr=1 time=3840 dish=289 beam=5 Eval=-2 - 4im Aval=-104 - 19im sval=9 Jval=0 + 1im
    freq=10 polr=1 time=3732 dish=24 beam=7 Eval=2 + 5im Aval=-39 - 108im sval=8 Jval=2 - 2im
    freq=7 polr=1 time=5544 dish=305 beam=4 Eval=-7 + 7im Aval=-123 + 23im sval=8 Jval=3 - 4im
    freq=14 polr=0 time=7463 dish=572 beam=5 Eval=-5 + 0im Aval=48 + 124im sval=9 Jval=0 - 1im
    freq=3 polr=1 time=2355 dish=112 beam=8 Eval=1 - 1im Aval=-97 + 18im sval=6 Jval=-1 + 2im
    freq=12 polr=0 time=6831 dish=75 beam=13 Eval=-4 - 3im Aval=2 - 122im sval=8 Jval=-1 + 2im
    freq=15 polr=0 time=7450 dish=497 beam=1 Eval=7 - 5im Aval=74 + 50im sval=8 Jval=3 + 0im
    freq=15 polr=0 time=922 dish=877 beam=1 Eval=-6 + 3im Aval=-2 - 29im sval=8 Jval=0 + 1im
    freq=5 polr=1 time=5436 dish=132 beam=11 Eval=2 + 3im Aval=-41 - 48im sval=6 Jval=1 - 3im
    freq=0 polr=0 time=7925 dish=718 beam=6 Eval=-3 - 4im Aval=-81 - 7im sval=6 Jval=3 + 6im
    freq=8 polr=0 time=3659 dish=739 beam=9 Eval=1 - 1im Aval=75 + 50im sval=6 Jval=2 + 0im
    freq=3 polr=1 time=1748 dish=934 beam=11 Eval=5 - 4im Aval=-29 - 47im sval=6 Jval=-5 - 2im
    freq=15 polr=1 time=2550 dish=253 beam=2 Eval=-4 + 1im Aval=-117 + 53im sval=9 Jval=1 - 1im
    freq=2 polr=0 time=5231 dish=577 beam=10 Eval=-6 - 7im Aval=-46 + 104im sval=10 Jval=1 + 0im
    freq=14 polr=1 time=6662 dish=929 beam=6 Eval=-1 - 2im Aval=91 - 81im sval=7 Jval=-2 - 1im
    freq=5 polr=0 time=5447 dish=352 beam=13 Eval=-7 + 4im Aval=-78 - 95im sval=7 Jval=7 + 3im
    freq=7 polr=1 time=5126 dish=880 beam=14 Eval=4 + 5im Aval=83 - 56im sval=10 Jval=1 + 0im
    freq=14 polr=0 time=838 dish=441 beam=2 Eval=7 + 2im Aval=-63 + 80im sval=9 Jval=-1 + 1im
    freq=9 polr=1 time=2951 dish=452 beam=3 Eval=-3 + 2im Aval=-108 + 82im sval=6 Jval=3 - 7im
    freq=4 polr=1 time=2343 dish=364 beam=2 Eval=5 + 5im Aval=-79 + 44im sval=8 Jval=-2 - 1im
    freq=2 polr=0 time=3149 dish=477 beam=1 Eval=-5 + 0im Aval=-36 + 89im sval=9 Jval=0 - 1im
    freq=15 polr=1 time=2734 dish=221 beam=11 Eval=-4 - 4im Aval=4 - 53im sval=5 Jval=-7 + 6im
    freq=7 polr=0 time=2020 dish=821 beam=6 Eval=-1 + 7im Aval=-35 + 19im sval=8 Jval=0 - 1im
    freq=10 polr=0 time=4690 dish=285 beam=10 Eval=-5 + 4im Aval=-79 - 63im sval=8 Jval=3 + 0im
    freq=8 polr=0 time=976 dish=182 beam=8 Eval=-6 + 6im Aval=65 + 35im sval=8 Jval=-2 + 1im
    freq=11 polr=1 time=4006 dish=518 beam=6 Eval=-3 - 1im Aval=-119 - 32im sval=7 Jval=3 + 2im
    freq=9 polr=0 time=5236 dish=350 beam=13 Eval=3 + 7im Aval=-20 + 27im sval=7 Jval=-2 + 0im
    freq=4 polr=0 time=4665 dish=565 beam=9 Eval=-4 + 7im Aval=16 - 106im sval=9 Jval=1 + 1im
    freq=9 polr=1 time=2425 dish=869 beam=14 Eval=-1 + 2im Aval=-70 - 84im sval=6 Jval=4 - 1im
    freq=12 polr=0 time=7309 dish=61 beam=11 Eval=0 - 6im Aval=-45 + 2im sval=6 Jval=0 + 4im
    freq=15 polr=0 time=3421 dish=992 beam=7 Eval=6 + 7im Aval=-2 + 58im sval=7 Jval=-3 + 3im
    freq=12 polr=1 time=7666 dish=574 beam=9 Eval=3 - 1im Aval=-45 - 5im sval=5 Jval=-4 + 1im
    freq=13 polr=1 time=5330 dish=316 beam=6 Eval=0 - 6im Aval=25 - 101im sval=10 Jval=-1 + 0im
    freq=13 polr=1 time=6032 dish=571 beam=15 Eval=-4 + 2im Aval=-35 + 23im sval=5 Jval=3 - 5im
    freq=11 polr=1 time=505 dish=692 beam=8 Eval=-6 + 6im Aval=72 - 35im sval=7 Jval=-2 + 5im
    freq=2 polr=0 time=5466 dish=693 beam=10 Eval=7 + 6im Aval=66 - 20im sval=10 Jval=1 + 0im
    freq=14 polr=1 time=2639 dish=915 beam=0 Eval=7 + 0im Aval=11 - 72im sval=7 Jval=1 - 4im
    freq=1 polr=0 time=3261 dish=879 beam=1 Eval=3 + 3im Aval=108 - 74im sval=8 Jval=2 + 0im
    freq=14 polr=1 time=2296 dish=134 beam=6 Eval=-4 - 4im Aval=1 + 75im sval=7 Jval=2 - 2im
    freq=10 polr=1 time=5768 dish=583 beam=0 Eval=3 + 1im Aval=3 + 102im sval=6 Jval=-1 + 5im
    freq=3 polr=1 time=4267 dish=114 beam=14 Eval=-2 - 6im Aval=34 + 41im sval=9 Jval=0 - 1im
    freq=7 polr=1 time=1007 dish=374 beam=10 Eval=-4 + 3im Aval=-70 - 38im sval=7 Jval=3 + 0im
    freq=0 polr=1 time=6894 dish=56 beam=9 Eval=-7 - 1im Aval=20 + 127im sval=10 Jval=0 - 1im
    freq=9 polr=1 time=1818 dish=508 beam=0 Eval=-5 + 3im Aval=112 - 94im sval=8 Jval=-1 + 3im
    freq=7 polr=0 time=3171 dish=216 beam=12 Eval=3 - 1im Aval=-79 - 92im sval=8 Jval=-1 - 1im
    freq=15 polr=1 time=5388 dish=540 beam=10 Eval=-1 - 2im Aval=109 - 117im sval=8 Jval=-1 + 0im
    freq=15 polr=1 time=2120 dish=859 beam=5 Eval=3 - 2im Aval=-118 + 1im sval=6 Jval=-5 + 4im
    freq=2 polr=0 time=1027 dish=6 beam=11 Eval=3 + 7im Aval=124 - 70im sval=7 Jval=7 + 5im
    freq=2 polr=0 time=3492 dish=121 beam=14 Eval=-6 + 4im Aval=84 - 11im sval=8 Jval=-2 + 2im
    freq=13 polr=0 time=404 dish=849 beam=10 Eval=-7 + 1im Aval=27 - 101im sval=10 Jval=0 + 1im
    freq=3 polr=1 time=6181 dish=772 beam=2 Eval=5 + 3im Aval=53 - 125im sval=7 Jval=5 - 4im
    freq=10 polr=1 time=930 dish=796 beam=5 Eval=5 + 0im Aval=-53 - 15im sval=6 Jval=-4 - 1im
    freq=11 polr=0 time=76 dish=730 beam=4 Eval=2 + 6im Aval=-13 - 59im sval=6 Jval=5 - 3im
    freq=11 polr=1 time=7333 dish=972 beam=5 Eval=4 + 3im Aval=12 - 100im sval=9 Jval=1 - 1im
    freq=4 polr=0 time=8162 dish=345 beam=10 Eval=-5 + 5im Aval=61 + 57im sval=8 Jval=-2 + 0im
    freq=2 polr=1 time=1713 dish=680 beam=13 Eval=-2 + 5im Aval=97 + 119im sval=7 Jval=-6 + 2im
    freq=1 polr=1 time=5451 dish=988 beam=10 Eval=-1 + 3im Aval=11 + 6im sval=5 Jval=-1 + 1im
    freq=5 polr=1 time=1257 dish=580 beam=14 Eval=-4 + 5im Aval=85 - 62im sval=7 Jval=0 + 5im
    freq=11 polr=1 time=3269 dish=6 beam=2 Eval=-2 + 4im Aval=104 + 37im sval=8 Jval=-1 + 1im
    freq=10 polr=0 time=5626 dish=128 beam=1 Eval=-4 + 7im Aval=-87 + 66im sval=7 Jval=-1 - 7im
    freq=11 polr=0 time=6234 dish=857 beam=0 Eval=-1 - 4im Aval=91 - 100im sval=7 Jval=-4 - 2im
    freq=9 polr=0 time=3412 dish=984 beam=7 Eval=-2 - 5im Aval=25 + 15im sval=7 Jval=0 - 1im
    freq=7 polr=1 time=7688 dish=556 beam=8 Eval=-5 - 1im Aval=-64 + 62im sval=6 Jval=6 - 4im
    freq=3 polr=1 time=283 dish=226 beam=14 Eval=-7 + 2im Aval=-24 + 120im sval=9 Jval=0 - 2im
    freq=9 polr=0 time=6978 dish=118 beam=4 Eval=7 + 3im Aval=-14 + 26im sval=5 Jval=-5 + 5im
    freq=14 polr=1 time=5584 dish=99 beam=2 Eval=-3 + 4im Aval=-107 + 114im sval=7 Jval=-1 - 6im
    freq=11 polr=0 time=5528 dish=787 beam=8 Eval=2 - 4im Aval=-73 - 30im sval=9 Jval=-1 + 0im
    freq=13 polr=1 time=2203 dish=885 beam=2 Eval=-6 + 3im Aval=124 + 100im sval=8 Jval=-4 - 1im
    freq=15 polr=1 time=2347 dish=645 beam=2 Eval=4 + 0im Aval=70 + 93im sval=9 Jval=1 + 1im
    freq=3 polr=0 time=4252 dish=997 beam=5 Eval=-2 - 1im Aval=79 - 80im sval=8 Jval=-1 + 0im
    freq=15 polr=0 time=6236 dish=631 beam=9 Eval=-1 + 4im Aval=1 + 101im sval=8 Jval=-2 + 0im
    freq=11 polr=0 time=5416 dish=342 beam=2 Eval=-4 + 7im Aval=50 + 31im sval=6 Jval=-6 + 4im
    freq=15 polr=1 time=5771 dish=831 beam=6 Eval=4 + 7im Aval=-37 - 125im sval=7 Jval=6 - 6im
    freq=6 polr=1 time=3372 dish=633 beam=2 Eval=1 - 1im Aval=-2 - 105im sval=5 Jval=-3 - 3im
    freq=7 polr=1 time=7834 dish=585 beam=2 Eval=0 + 6im Aval=-38 + 97im sval=7 Jval=-4 - 2im
    freq=15 polr=1 time=4475 dish=840 beam=3 Eval=5 + 4im Aval=35 - 28im sval=8 Jval=1 + 0im
    freq=3 polr=0 time=6635 dish=681 beam=10 Eval=-6 - 7im Aval=34 + 50im sval=9 Jval=0 - 1im
    freq=0 polr=1 time=6033 dish=286 beam=8 Eval=-4 + 1im Aval=-88 - 54im sval=9 Jval=1 + 0im
    freq=14 polr=0 time=3486 dish=681 beam=15 Eval=-6 - 7im Aval=-86 + 124im sval=9 Jval=3 + 0im
    freq=8 polr=0 time=7458 dish=906 beam=9 Eval=0 - 1im Aval=44 + 47im sval=6 Jval=1 - 1im
    freq=14 polr=0 time=6327 dish=869 beam=2 Eval=4 + 6im Aval=51 + 6im sval=9 Jval=0 + 1im
    freq=4 polr=1 time=751 dish=182 beam=15 Eval=4 - 6im Aval=-44 + 104im sval=7 Jval=4 + 5im
    freq=15 polr=1 time=525 dish=28 beam=13 Eval=-3 - 7im Aval=-98 + 119im sval=10 Jval=1 + 0im
    freq=2 polr=0 time=687 dish=368 beam=1 Eval=7 - 1im Aval=-50 + 27im sval=9 Jval=-1 + 0im
    freq=13 polr=0 time=3595 dish=536 beam=5 Eval=-4 - 1im Aval=74 - 32im sval=6 Jval=-5 + 1im
    freq=0 polr=1 time=600 dish=260 beam=3 Eval=6 + 0im Aval=-54 - 64im sval=9 Jval=-1 - 1im
    freq=6 polr=1 time=3968 dish=72 beam=11 Eval=5 + 3im Aval=72 - 63im sval=10 Jval=1 + 0im
    freq=13 polr=0 time=6340 dish=572 beam=1 Eval=0 - 7im Aval=-100 - 113im sval=9 Jval=-2 + 1im
    freq=2 polr=1 time=3238 dish=290 beam=12 Eval=-7 + 1im Aval=77 - 112im sval=8 Jval=-2 + 3im
    freq=2 polr=1 time=2928 dish=386 beam=2 Eval=-6 - 4im Aval=-25 + 122im sval=9 Jval=1 - 1im
    freq=3 polr=0 time=5693 dish=3 beam=12 Eval=4 + 1im Aval=0 - 17im sval=5 Jval=1 - 2im
    freq=12 polr=0 time=3391 dish=429 beam=1 Eval=0 + 3im Aval=-82 + 37im sval=5 Jval=-3 - 7im
    freq=4 polr=1 time=35 dish=21 beam=3 Eval=0 + 5im Aval=-110 + 94im sval=10 Jval=0 - 1im
    freq=9 polr=1 time=6409 dish=519 beam=3 Eval=-5 + 0im Aval=-82 - 48im sval=6 Jval=7 + 4im
    freq=12 polr=0 time=4322 dish=333 beam=11 Eval=3 - 2im Aval=91 - 14im sval=6 Jval=4 - 3im
    freq=14 polr=1 time=2004 dish=95 beam=0 Eval=-2 + 3im Aval=65 + 56im sval=7 Jval=-2 + 1im
    freq=11 polr=1 time=4374 dish=420 beam=6 Eval=-5 - 4im Aval=114 - 49im sval=7 Jval=-6 - 2im
    freq=13 polr=0 time=1149 dish=381 beam=8 Eval=2 + 7im Aval=57 - 6im sval=9 Jval=0 + 1im
    freq=2 polr=0 time=6667 dish=592 beam=5 Eval=-5 - 4im Aval=-121 + 102im sval=8 Jval=4 + 0im
    freq=8 polr=0 time=5720 dish=805 beam=11 Eval=6 + 5im Aval=51 + 107im sval=10 Jval=0 + 1im
    freq=13 polr=0 time=296 dish=923 beam=12 Eval=2 - 3im Aval=-39 - 30im sval=8 Jval=-1 + 0im
    freq=0 polr=0 time=2522 dish=365 beam=14 Eval=-2 + 4im Aval=116 - 53im sval=9 Jval=0 + 1im
    freq=0 polr=1 time=3520 dish=1022 beam=2 Eval=-6 - 5im Aval=78 + 110im sval=10 Jval=0 - 1im
    freq=8 polr=0 time=4387 dish=332 beam=12 Eval=-5 - 2im Aval=28 - 34im sval=5 Jval=-6 + 4im
    freq=13 polr=0 time=7261 dish=575 beam=8 Eval=-6 + 5im Aval=-4 + 65im sval=9 Jval=-1 - 1im
    freq=4 polr=1 time=2231 dish=4 beam=13 Eval=-1 + 3im Aval=46 + 122im sval=6 Jval=-6 + 0im
    freq=4 polr=0 time=620 dish=724 beam=1 Eval=-6 + 6im Aval=121 + 75im sval=11 Jval=-1 + 0im
    freq=3 polr=0 time=2848 dish=319 beam=5 Eval=4 - 1im Aval=86 + 111im sval=8 Jval=2 + 1im
    freq=12 polr=0 time=6902 dish=730 beam=0 Eval=5 + 5im Aval=-42 + 47im sval=8 Jval=-2 + 0im
    freq=5 polr=0 time=829 dish=244 beam=15 Eval=-6 - 5im Aval=-63 - 70im sval=7 Jval=0 + 6im
    freq=12 polr=0 time=2966 dish=143 beam=1 Eval=-3 - 6im Aval=-8 - 11im sval=5 Jval=-1 + 3im
    freq=13 polr=1 time=608 dish=945 beam=13 Eval=-7 - 4im Aval=10 - 44im sval=8 Jval=-1 + 1im
    freq=7 polr=0 time=4141 dish=907 beam=10 Eval=1 - 6im Aval=65 + 2im sval=9 Jval=0 - 1im
    freq=9 polr=0 time=3338 dish=728 beam=12 Eval=7 - 3im Aval=29 - 17im sval=7 Jval=1 - 2im
    freq=8 polr=1 time=6328 dish=327 beam=3 Eval=7 + 0im Aval=11 - 11im sval=5 Jval=3 - 2im
    freq=9 polr=0 time=4206 dish=324 beam=12 Eval=-7 + 0im Aval=-52 - 125im sval=7 Jval=3 + 7im
    freq=14 polr=1 time=1476 dish=501 beam=7 Eval=7 + 6im Aval=92 + 84im sval=8 Jval=1 + 4im
    freq=7 polr=0 time=7544 dish=981 beam=6 Eval=2 + 0im Aval=34 - 69im sval=8 Jval=0 - 1im
    freq=1 polr=0 time=1827 dish=249 beam=2 Eval=-6 + 7im Aval=-23 - 44im sval=6 Jval=7 + 2im
    freq=11 polr=0 time=5906 dish=433 beam=8 Eval=1 - 5im Aval=-118 - 61im sval=9 Jval=-1 + 1im
    freq=14 polr=0 time=6448 dish=1021 beam=5 Eval=-7 + 4im Aval=64 - 35im sval=9 Jval=-1 + 1im
    freq=7 polr=1 time=580 dish=845 beam=8 Eval=-3 + 6im Aval=-67 - 32im sval=6 Jval=6 - 5im
    freq=9 polr=0 time=7421 dish=252 beam=15 Eval=0 - 3im Aval=63 + 16im sval=6 Jval=1 - 3im
    freq=4 polr=0 time=1618 dish=746 beam=2 Eval=-7 + 2im Aval=54 + 61im sval=7 Jval=-4 - 2im
    freq=8 polr=1 time=5735 dish=778 beam=4 Eval=5 + 6im Aval=109 - 113im sval=11 Jval=1 + 0im
    freq=15 polr=0 time=5858 dish=545 beam=7 Eval=-1 + 0im Aval=-16 + 97im sval=7 Jval=0 - 1im
    freq=7 polr=0 time=7317 dish=899 beam=1 Eval=-4 + 1im Aval=-120 + 46im sval=7 Jval=3 - 2im
    freq=3 polr=0 time=7122 dish=745 beam=7 Eval=-2 - 1im Aval=9 + 91im sval=7 Jval=1 - 1im
    freq=15 polr=1 time=5042 dish=254 beam=5 Eval=2 + 3im Aval=-3 + 85im sval=6 Jval=-4 + 3im
    freq=1 polr=1 time=2648 dish=832 beam=6 Eval=-6 - 4im Aval=-23 - 38im sval=9 Jval=0 + 1im
    freq=3 polr=1 time=219 dish=71 beam=0 Eval=-2 + 3im Aval=48 + 82im sval=8 Jval=-1 + 0im
    freq=0 polr=1 time=4155 dish=473 beam=13 Eval=-7 + 7im Aval=16 - 107im sval=10 Jval=1 + 1im
    freq=0 polr=1 time=3803 dish=671 beam=13 Eval=6 + 2im Aval=-106 - 22im sval=10 Jval=-1 + 0im
    freq=3 polr=1 time=7829 dish=979 beam=2 Eval=0 - 1im Aval=90 - 100im sval=7 Jval=-1 - 1im
    freq=15 polr=1 time=3359 dish=519 beam=14 Eval=-5 - 5im Aval=-76 + 9im sval=7 Jval=3 + 3im
    freq=4 polr=0 time=7936 dish=926 beam=15 Eval=0 + 2im Aval=95 + 62im sval=8 Jval=0 + 1im
    freq=9 polr=0 time=7796 dish=776 beam=4 Eval=0 - 2im Aval=12 + 20im sval=5 Jval=2 + 0im
    freq=2 polr=0 time=4628 dish=956 beam=9 Eval=4 - 6im Aval=-18 + 100im sval=8 Jval=2 + 2im
    freq=9 polr=1 time=6619 dish=737 beam=11 Eval=-3 - 2im Aval=-104 + 7im sval=7 Jval=3 + 2im
    freq=15 polr=0 time=724 dish=447 beam=4 Eval=-4 + 2im Aval=60 + 63im sval=7 Jval=-3 - 1im
    freq=10 polr=1 time=5785 dish=307 beam=8 Eval=5 + 2im Aval=56 + 17im sval=8 Jval=1 + 1im
    freq=1 polr=1 time=4850 dish=193 beam=13 Eval=2 - 1im Aval=-95 + 17im sval=6 Jval=-3 + 2im
    freq=13 polr=1 time=1874 dish=397 beam=12 Eval=-3 + 2im Aval=29 - 12im sval=7 Jval=0 + 1im
    freq=5 polr=1 time=7992 dish=202 beam=5 Eval=1 - 3im Aval=-21 + 75im sval=5 Jval=7 + 5im
    freq=9 polr=0 time=7774 dish=501 beam=14 Eval=3 + 1im Aval=-97 - 11im sval=9 Jval=-1 + 0im
    freq=5 polr=0 time=3965 dish=934 beam=14 Eval=4 + 2im Aval=-65 + 40im sval=8 Jval=-1 + 0im
    freq=7 polr=1 time=2173 dish=932 beam=6 Eval=4 + 3im Aval=-69 - 124im sval=10 Jval=0 - 1im
    freq=4 polr=0 time=6657 dish=811 beam=15 Eval=-3 - 5im Aval=-83 - 38im sval=8 Jval=0 + 2im
    freq=0 polr=0 time=4995 dish=817 beam=12 Eval=-1 + 6im Aval=-91 + 88im sval=7 Jval=-3 - 5im
    freq=9 polr=0 time=2127 dish=632 beam=14 Eval=6 + 1im Aval=111 - 37im sval=9 Jval=1 + 0im
    freq=3 polr=1 time=5143 dish=216 beam=14 Eval=0 - 4im Aval=25 + 88im sval=9 Jval=1 + 0im
    freq=6 polr=1 time=6753 dish=431 beam=0 Eval=5 + 4im Aval=39 + 69im sval=7 Jval=-1 + 4im
    freq=2 polr=0 time=1960 dish=632 beam=2 Eval=-7 - 7im Aval=102 - 83im sval=11 Jval=-1 + 0im
    freq=10 polr=1 time=735 dish=461 beam=0 Eval=4 + 3im Aval=20 + 81im sval=6 Jval=-2 + 6im
    freq=13 polr=0 time=1211 dish=269 beam=15 Eval=-4 - 1im Aval=32 - 21im sval=8 Jval=-1 + 0im
    freq=7 polr=0 time=6644 dish=723 beam=8 Eval=7 + 5im Aval=-113 - 3im sval=7 Jval=-6 - 5im
    freq=14 polr=1 time=8071 dish=695 beam=10 Eval=0 + 5im Aval=-79 - 112im sval=10 Jval=1 + 0im
    freq=1 polr=0 time=5147 dish=421 beam=1 Eval=-7 + 4im Aval=125 + 70im sval=8 Jval=-4 + 0im
    freq=9 polr=1 time=2027 dish=951 beam=11 Eval=-3 + 4im Aval=68 + 10im sval=7 Jval=-2 + 2im
    freq=6 polr=0 time=7869 dish=320 beam=11 Eval=-3 - 3im Aval=-8 - 65im sval=6 Jval=-3 + 4im
    freq=6 polr=0 time=2394 dish=430 beam=4 Eval=-4 - 1im Aval=-126 - 124im sval=10 Jval=0 + 1im
    freq=8 polr=1 time=401 dish=505 beam=2 Eval=7 + 2im Aval=-116 + 111im sval=11 Jval=-1 + 0im
    freq=7 polr=1 time=1619 dish=258 beam=4 Eval=-1 + 0im Aval=-78 - 124im sval=8 Jval=0 + 1im
    freq=13 polr=1 time=3885 dish=810 beam=11 Eval=-5 - 2im Aval=-120 + 50im sval=9 Jval=1 + 0im
    freq=11 polr=1 time=1570 dish=407 beam=10 Eval=1 - 1im Aval=-110 - 80im sval=6 Jval=-3 + 1im
    freq=15 polr=0 time=1718 dish=217 beam=5 Eval=-3 + 3im Aval=-83 - 116im sval=7 Jval=5 + 1im
    freq=5 polr=0 time=4163 dish=987 beam=12 Eval=5 - 2im Aval=101 - 34im sval=6 Jval=7 - 6im
    freq=6 polr=0 time=8130 dish=15 beam=5 Eval=3 + 4im Aval=-45 + 42im sval=7 Jval=-2 + 0im
    freq=6 polr=0 time=6395 dish=385 beam=10 Eval=-5 - 3im Aval=10 - 67im sval=6 Jval=-4 + 5im
    freq=7 polr=0 time=5802 dish=233 beam=1 Eval=-2 + 1im Aval=-61 + 77im sval=7 Jval=0 - 2im
    freq=7 polr=0 time=1196 dish=471 beam=12 Eval=6 + 1im Aval=44 + 76im sval=8 Jval=1 + 2im
    freq=0 polr=0 time=2176 dish=81 beam=12 Eval=-1 + 2im Aval=127 - 12im sval=7 Jval=-1 + 2im
    freq=15 polr=1 time=5048 dish=406 beam=2 Eval=-3 - 2im Aval=-53 - 99im sval=9 Jval=0 + 1im
    freq=1 polr=1 time=1942 dish=779 beam=15 Eval=-3 - 5im Aval=68 - 4im sval=7 Jval=-2 - 2im
    freq=0 polr=0 time=3927 dish=101 beam=0 Eval=4 + 6im Aval=73 + 52im sval=9 Jval=0 + 1im
    freq=11 polr=1 time=6791 dish=387 beam=6 Eval=-5 + 3im Aval=-103 + 113im sval=7 Jval=1 - 7im
    freq=2 polr=1 time=7919 dish=934 beam=5 Eval=-1 - 2im Aval=95 + 79im sval=8 Jval=0 - 1im
    freq=10 polr=0 time=3745 dish=580 beam=1 Eval=0 - 5im Aval=-38 - 37im sval=7 Jval=-1 + 2im
    freq=4 polr=1 time=7538 dish=176 beam=10 Eval=-1 + 6im Aval=-70 - 82im sval=8 Jval=2 - 1im
    freq=8 polr=0 time=8119 dish=583 beam=10 Eval=-2 + 3im Aval=113 - 102im sval=10 Jval=0 + 1im
    freq=3 polr=0 time=8033 dish=253 beam=10 Eval=1 - 6im Aval=-105 - 35im sval=9 Jval=-1 + 1im
    freq=0 polr=0 time=5084 dish=351 beam=12 Eval=-6 - 1im Aval=98 + 120im sval=7 Jval=-4 - 6im
    freq=5 polr=0 time=5444 dish=915 beam=13 Eval=3 - 6im Aval=62 + 92im sval=7 Jval=6 - 1im
    freq=11 polr=1 time=3896 dish=856 beam=11 Eval=3 + 0im Aval=-59 - 103im sval=7 Jval=-1 - 2im
    freq=10 polr=1 time=3257 dish=245 beam=14 Eval=-1 + 6im Aval=123 + 46im sval=7 Jval=-3 + 5im
    freq=12 polr=1 time=3866 dish=161 beam=8 Eval=-7 + 2im Aval=-110 - 92im sval=10 Jval=1 + 0im
    freq=8 polr=0 time=2757 dish=930 beam=8 Eval=2 + 0im Aval=89 - 26im sval=8 Jval=1 + 0im
    freq=15 polr=0 time=7243 dish=251 beam=15 Eval=-2 + 2im Aval=125 + 48im sval=8 Jval=-1 + 1im
    freq=12 polr=1 time=746 dish=675 beam=8 Eval=-6 + 2im Aval=-120 + 26im sval=10 Jval=1 + 0im
    freq=1 polr=1 time=5348 dish=667 beam=0 Eval=1 - 5im Aval=62 - 122im sval=9 Jval=-1 - 1im
    freq=0 polr=1 time=4735 dish=872 beam=5 Eval=3 + 6im Aval=-37 + 27im sval=9 Jval=-1 + 0im
    freq=9 polr=0 time=2963 dish=771 beam=7 Eval=-5 + 2im Aval=2 - 62im sval=7 Jval=1 + 3im
    freq=5 polr=0 time=3559 dish=819 beam=4 Eval=-1 + 1im Aval=-94 + 103im sval=5 Jval=0 - 6im
    freq=4 polr=0 time=7640 dish=804 beam=10 Eval=6 - 5im Aval=-105 + 54im sval=8 Jval=-1 + 3im
    freq=13 polr=1 time=4642 dish=73 beam=12 Eval=-2 + 3im Aval=-94 - 6im sval=7 Jval=2 - 2im
    freq=8 polr=0 time=713 dish=1015 beam=3 Eval=-5 + 7im Aval=-71 + 88im sval=10 Jval=0 - 1im
    freq=11 polr=0 time=5810 dish=310 beam=0 Eval=-1 + 3im Aval=-71 + 123im sval=7 Jval=-2 - 3im
    freq=9 polr=1 time=2373 dish=870 beam=2 Eval=-6 + 5im Aval=-25 + 23im sval=7 Jval=0 - 2im
    freq=11 polr=0 time=2339 dish=35 beam=5 Eval=-6 + 3im Aval=-19 + 95im sval=8 Jval=-1 - 2im
    freq=11 polr=0 time=8171 dish=650 beam=12 Eval=7 + 4im Aval=-16 - 100im sval=8 Jval=1 - 3im
    freq=15 polr=0 time=2877 dish=335 beam=7 Eval=6 + 2im Aval=64 - 4im sval=7 Jval=3 + 1im
    freq=14 polr=0 time=1169 dish=828 beam=0 Eval=1 - 3im Aval=101 + 55im sval=7 Jval=2 - 2im
    freq=11 polr=0 time=830 dish=461 beam=7 Eval=6 - 2im Aval=41 + 91im sval=8 Jval=2 + 2im
    freq=9 polr=1 time=4111 dish=1008 beam=11 Eval=6 - 2im Aval=96 + 73im sval=7 Jval=6 + 2im
    freq=7 polr=0 time=2452 dish=667 beam=1 Eval=-6 + 3im Aval=-10 - 61im sval=7 Jval=2 + 3im
    freq=5 polr=0 time=562 dish=923 beam=14 Eval=-3 - 1im Aval=-27 - 119im sval=8 Jval=0 + 2im
    freq=13 polr=0 time=4441 dish=466 beam=15 Eval=-3 + 6im Aval=-74 + 103im sval=8 Jval=-2 - 3im
    freq=7 polr=0 time=2029 dish=425 beam=14 Eval=-4 - 2im Aval=101 + 113im sval=8 Jval=-1 - 3im
    freq=11 polr=0 time=1392 dish=573 beam=8 Eval=0 + 3im Aval=86 + 79im sval=9 Jval=0 + 1im
    freq=11 polr=0 time=5892 dish=493 beam=10 Eval=4 - 4im Aval=91 - 89im sval=10 Jval=0 - 1im
    freq=0 polr=0 time=7834 dish=989 beam=8 Eval=-6 - 2im Aval=-23 + 109im sval=7 Jval=3 - 5im
    freq=9 polr=0 time=8173 dish=6 beam=7 Eval=5 - 7im Aval=-83 + 62im sval=7 Jval=0 + 7im
    freq=3 polr=0 time=3750 dish=730 beam=2 Eval=4 + 7im Aval=100 + 90im sval=11 Jval=0 + 1im
    freq=6 polr=0 time=8007 dish=621 beam=0 Eval=4 + 7im Aval=-122 - 58im sval=10 Jval=0 - 1im
    freq=7 polr=1 time=2154 dish=100 beam=3 Eval=-3 + 2im Aval=-36 + 50im sval=8 Jval=0 - 1im
    freq=15 polr=1 time=2852 dish=545 beam=7 Eval=1 - 6im Aval=-92 - 28im sval=10 Jval=0 + 1im
    freq=2 polr=0 time=6485 dish=875 beam=1 Eval=4 + 4im Aval=102 - 82im sval=9 Jval=1 + 0im
    freq=1 polr=1 time=2636 dish=934 beam=0 Eval=-7 - 4im Aval=2 + 116im sval=9 Jval=1 - 2im
    freq=15 polr=1 time=4080 dish=260 beam=6 Eval=3 - 4im Aval=-44 - 105im sval=7 Jval=-4 - 1im
    freq=5 polr=0 time=6776 dish=98 beam=7 Eval=-4 - 2im Aval=47 + 120im sval=8 Jval=0 - 2im
    freq=10 polr=0 time=3691 dish=987 beam=6 Eval=-4 + 5im Aval=47 - 29im sval=6 Jval=-1 + 6im
    freq=13 polr=1 time=6488 dish=609 beam=9 Eval=-6 + 2im Aval=83 + 103im sval=9 Jval=-1 - 1im
    freq=8 polr=1 time=4750 dish=536 beam=3 Eval=6 - 3im Aval=10 + 1im sval=5 Jval=2 + 0im
    freq=8 polr=0 time=3979 dish=652 beam=12 Eval=3 + 7im Aval=7 + 37im sval=5 Jval=-7 + 5im
    freq=14 polr=0 time=7492 dish=507 beam=2 Eval=-3 + 0im Aval=40 - 119im sval=9 Jval=0 + 1im
    freq=9 polr=0 time=7864 dish=534 beam=9 Eval=-2 + 5im Aval=-57 + 36im sval=6 Jval=-1 - 5im
    freq=10 polr=0 time=3472 dish=845 beam=1 Eval=-6 - 2im Aval=7 + 46im sval=7 Jval=0 - 2im
    freq=0 polr=0 time=4604 dish=37 beam=0 Eval=2 + 7im Aval=-124 + 52im sval=9 Jval=-1 - 1im
    freq=0 polr=0 time=124 dish=892 beam=0 Eval=2 + 3im Aval=80 + 7im sval=9 Jval=0 + 1im
    freq=0 polr=0 time=6717 dish=450 beam=8 Eval=-4 - 1im Aval=-126 + 76im sval=7 Jval=5 - 1im
    freq=4 polr=1 time=2944 dish=543 beam=11 Eval=0 - 1im Aval=43 - 20im sval=5 Jval=0 - 1im
    freq=13 polr=0 time=3269 dish=469 beam=0 Eval=-2 - 2im Aval=7 + 45im sval=6 Jval=1 - 1im
    freq=10 polr=0 time=7017 dish=127 beam=10 Eval=6 - 6im Aval=-96 + 115im sval=8 Jval=0 + 5im
    freq=1 polr=0 time=7219 dish=335 beam=1 Eval=3 - 3im Aval=-110 - 125im sval=8 Jval=-3 + 0im
    freq=0 polr=1 time=6414 dish=140 beam=10 Eval=-6 + 2im Aval=-34 - 66im sval=9 Jval=1 + 1im
    freq=13 polr=0 time=2437 dish=193 beam=5 Eval=0 + 2im Aval=28 - 24im sval=6 Jval=1 + 1im
    freq=0 polr=1 time=2472 dish=106 beam=8 Eval=5 + 0im Aval=104 + 71im sval=9 Jval=1 + 1im
    freq=11 polr=0 time=4368 dish=805 beam=10 Eval=4 - 7im Aval=113 - 71im sval=10 Jval=0 - 1im
    freq=13 polr=1 time=819 dish=616 beam=2 Eval=1 - 3im Aval=-45 + 2im sval=8 Jval=0 + 1im
    freq=10 polr=1 time=4857 dish=594 beam=14 Eval=6 + 4im Aval=-107 + 64im sval=7 Jval=-7 + 0im
    freq=15 polr=1 time=5440 dish=657 beam=1 Eval=-5 + 3im Aval=53 + 62im sval=8 Jval=-2 - 1im
    freq=3 polr=1 time=2477 dish=826 beam=1 Eval=4 + 4im Aval=-105 + 120im sval=7 Jval=-7 + 1im
Copying data from CPU to GPU...
Running kernel...
Copying data back from GPU to CPU...
Done.
