[Choosing CUDA device...]
NVIDIA A40
[Creating bb kernel...]
[Done creating bb kernel]
CHORD 8-bit baseband beamformer
J[t,p,f,b] = s[b,p,f] Σ[d] A[d,b,p,f] E[d,p,f,t]
Compiling kernel...
Allocating input data...
Setting up input data...
    freq=8 polr=0 time=51939 dish=191 beam=8 Eval=-3 - 5im Aval=40 + 35im sval=7 Jval=0 - 2im
    freq=37 polr=0 time=25869 dish=191 beam=11 Eval=-2 + 1im Aval=56 + 39im sval=8 Jval=-1 + 0im
    freq=23 polr=0 time=42223 dish=179 beam=0 Eval=-4 - 7im Aval=64 - 62im sval=8 Jval=-3 - 1im
    freq=9 polr=1 time=1287 dish=91 beam=2 Eval=-3 + 3im Aval=-56 + 100im sval=6 Jval=-2 - 7im
    freq=62 polr=0 time=43126 dish=203 beam=7 Eval=6 - 2im Aval=-81 - 103im sval=10 Jval=-1 + 0im
    freq=32 polr=0 time=60470 dish=198 beam=8 Eval=6 + 6im Aval=103 + 71im sval=9 Jval=0 + 2im
    freq=15 polr=0 time=7156 dish=197 beam=13 Eval=3 + 3im Aval=-5 + 89im sval=8 Jval=-1 + 1im
    freq=61 polr=1 time=40994 dish=149 beam=9 Eval=7 + 1im Aval=-23 - 127im sval=10 Jval=0 - 1im
    freq=0 polr=1 time=14895 dish=132 beam=9 Eval=-2 + 7im Aval=102 - 27im sval=9 Jval=0 + 2im
    freq=0 polr=0 time=36251 dish=170 beam=14 Eval=0 + 3im Aval=85 - 69im sval=8 Jval=1 + 1im
    freq=25 polr=1 time=54218 dish=157 beam=9 Eval=4 - 7im Aval=77 + 112im sval=8 Jval=4 + 0im
    freq=18 polr=0 time=43789 dish=77 beam=7 Eval=-4 - 7im Aval=67 - 86im sval=10 Jval=-1 + 0im
    freq=22 polr=0 time=43072 dish=159 beam=8 Eval=6 + 0im Aval=94 - 25im sval=10 Jval=1 + 0im
    freq=34 polr=1 time=26042 dish=76 beam=13 Eval=0 - 3im Aval=-10 + 69im sval=7 Jval=2 + 0im
    freq=44 polr=0 time=13862 dish=0 beam=9 Eval=-4 + 6im Aval=86 + 105im sval=8 Jval=-4 + 0im
    freq=19 polr=0 time=56192 dish=126 beam=4 Eval=-1 + 5im Aval=-18 + 95im sval=6 Jval=-7 - 3im
    freq=44 polr=1 time=25620 dish=24 beam=5 Eval=1 - 2im Aval=50 - 17im sval=7 Jval=0 - 1im
    freq=31 polr=1 time=48543 dish=235 beam=2 Eval=-5 + 2im Aval=-102 - 41im sval=7 Jval=5 + 0im
    freq=16 polr=1 time=54665 dish=133 beam=4 Eval=5 - 1im Aval=-49 + 3im sval=5 Jval=-7 + 2im
    freq=15 polr=1 time=18592 dish=60 beam=2 Eval=6 - 6im Aval=10 + 27im sval=8 Jval=1 + 0im
    freq=22 polr=0 time=28708 dish=132 beam=11 Eval=-6 + 4im Aval=-102 + 44im sval=8 Jval=2 - 3im
    freq=28 polr=0 time=23677 dish=59 beam=15 Eval=1 + 2im Aval=-73 + 101im sval=6 Jval=-4 - 1im
    freq=0 polr=1 time=64129 dish=122 beam=10 Eval=5 + 7im Aval=-59 + 73im sval=8 Jval=-3 + 0im
    freq=30 polr=0 time=59883 dish=250 beam=1 Eval=-1 + 1im Aval=-75 + 8im sval=5 Jval=2 - 2im
    freq=48 polr=0 time=1666 dish=75 beam=1 Eval=-2 - 3im Aval=-37 - 73im sval=7 Jval=-1 + 2im
    freq=19 polr=1 time=54926 dish=56 beam=9 Eval=1 + 5im Aval=118 + 70im sval=9 Jval=0 + 1im
    freq=18 polr=0 time=5670 dish=26 beam=3 Eval=1 + 4im Aval=-81 - 120im sval=6 Jval=6 - 7im
    freq=1 polr=1 time=38515 dish=246 beam=4 Eval=4 - 7im Aval=-81 - 101im sval=10 Jval=-1 + 0im
    freq=9 polr=1 time=28701 dish=156 beam=2 Eval=-3 + 6im Aval=10 + 21im sval=6 Jval=-2 + 0im
    freq=53 polr=0 time=6344 dish=161 beam=4 Eval=2 + 4im Aval=68 + 82im sval=9 Jval=0 + 1im
    freq=59 polr=1 time=4315 dish=191 beam=0 Eval=-3 + 2im Aval=92 + 16im sval=8 Jval=-1 + 1im
    freq=20 polr=0 time=752 dish=10 beam=4 Eval=4 + 7im Aval=-88 + 21im sval=7 Jval=-4 - 4im
    freq=15 polr=1 time=15968 dish=128 beam=3 Eval=-2 - 1im Aval=-18 - 102im sval=7 Jval=0 + 2im
    freq=61 polr=1 time=5030 dish=228 beam=3 Eval=-5 - 3im Aval=22 - 96im sval=6 Jval=-6 + 7im
    freq=51 polr=0 time=39867 dish=156 beam=9 Eval=1 - 5im Aval=30 - 33im sval=8 Jval=-1 - 1im
    freq=60 polr=1 time=50821 dish=67 beam=6 Eval=0 - 6im Aval=33 + 60im sval=6 Jval=6 - 3im
    freq=45 polr=0 time=61388 dish=9 beam=5 Eval=-3 + 7im Aval=86 - 117im sval=9 Jval=1 + 2im
    freq=31 polr=0 time=45439 dish=155 beam=12 Eval=-5 + 2im Aval=-82 + 55im sval=8 Jval=1 - 2im
    freq=0 polr=1 time=45713 dish=153 beam=13 Eval=6 - 7im Aval=-106 + 44im sval=9 Jval=-1 + 2im
    freq=15 polr=1 time=6360 dish=44 beam=3 Eval=-1 + 3im Aval=89 - 90im sval=7 Jval=1 + 3im
    freq=50 polr=0 time=22964 dish=85 beam=13 Eval=-1 - 4im Aval=-62 + 31im sval=6 Jval=3 + 3im
    freq=9 polr=1 time=60470 dish=172 beam=15 Eval=0 - 5im Aval=-14 + 104im sval=8 Jval=2 + 0im
    freq=55 polr=0 time=50665 dish=91 beam=7 Eval=-3 + 2im Aval=-11 + 70im sval=5 Jval=-3 - 7im
    freq=60 polr=1 time=5882 dish=49 beam=7 Eval=-2 + 2im Aval=-84 + 28im sval=6 Jval=2 - 3im
    freq=2 polr=1 time=52198 dish=27 beam=5 Eval=-5 - 5im Aval=-9 - 81im sval=7 Jval=-3 + 4im
    freq=27 polr=1 time=4540 dish=98 beam=4 Eval=-5 - 3im Aval=-125 + 20im sval=10 Jval=1 + 0im
    freq=29 polr=1 time=41588 dish=218 beam=15 Eval=-3 - 5im Aval=-101 + 81im sval=7 Jval=6 + 2im
    freq=35 polr=1 time=27452 dish=21 beam=2 Eval=6 - 5im Aval=-1 + 17im sval=7 Jval=1 + 1im
    freq=16 polr=1 time=1348 dish=228 beam=7 Eval=-5 - 7im Aval=-51 + 124im sval=11 Jval=1 + 0im
    freq=38 polr=1 time=64216 dish=183 beam=1 Eval=-2 + 1im Aval=-106 - 111im sval=7 Jval=3 + 1im
    freq=43 polr=1 time=43122 dish=236 beam=2 Eval=1 + 4im Aval=10 + 116im sval=6 Jval=-7 + 3im
    freq=29 polr=0 time=57334 dish=142 beam=7 Eval=6 + 6im Aval=69 + 3im sval=7 Jval=3 + 3im
    freq=30 polr=0 time=44338 dish=28 beam=14 Eval=3 - 1im Aval=-21 - 100im sval=7 Jval=-1 - 2im
    freq=59 polr=1 time=26105 dish=40 beam=0 Eval=-6 + 3im Aval=73 - 48im sval=8 Jval=-1 + 2im
    freq=1 polr=1 time=63182 dish=153 beam=6 Eval=4 - 3im Aval=-29 + 78im sval=8 Jval=0 + 2im
    freq=33 polr=1 time=37258 dish=58 beam=8 Eval=0 + 6im Aval=32 - 104im sval=7 Jval=5 + 2im
    freq=60 polr=0 time=65210 dish=235 beam=8 Eval=4 - 1im Aval=-83 - 34im sval=8 Jval=-1 + 0im
    freq=25 polr=0 time=1317 dish=227 beam=6 Eval=-4 + 2im Aval=53 + 107im sval=6 Jval=-7 - 5im
    freq=12 polr=0 time=65291 dish=68 beam=15 Eval=-2 + 1im Aval=121 + 25im sval=9 Jval=-1 + 0im
    freq=54 polr=0 time=4767 dish=95 beam=0 Eval=2 + 7im Aval=-22 - 24im sval=8 Jval=1 - 1im
    freq=22 polr=0 time=26567 dish=86 beam=14 Eval=-5 + 4im Aval=92 + 74im sval=7 Jval=-6 + 0im
    freq=23 polr=0 time=26967 dish=191 beam=0 Eval=-6 + 1im Aval=41 + 97im sval=8 Jval=-1 - 2im
    freq=48 polr=0 time=20002 dish=93 beam=5 Eval=4 + 0im Aval=-48 + 53im sval=6 Jval=-3 + 3im
    freq=17 polr=1 time=34453 dish=181 beam=9 Eval=-5 - 6im Aval=-121 - 76im sval=11 Jval=0 + 1im
    freq=24 polr=0 time=1222 dish=196 beam=7 Eval=-6 + 1im Aval=49 - 46im sval=9 Jval=0 + 1im
    freq=45 polr=1 time=45236 dish=204 beam=10 Eval=-3 + 4im Aval=109 - 21im sval=8 Jval=-1 + 2im
    freq=11 polr=1 time=21711 dish=207 beam=2 Eval=5 - 3im Aval=44 + 25im sval=7 Jval=2 + 0im
    freq=55 polr=1 time=40333 dish=233 beam=8 Eval=3 + 5im Aval=-50 - 100im sval=8 Jval=1 - 2im
    freq=4 polr=0 time=10945 dish=181 beam=7 Eval=-2 + 6im Aval=77 + 35im sval=6 Jval=-6 + 6im
    freq=42 polr=1 time=12919 dish=67 beam=15 Eval=5 - 6im Aval=108 + 52im sval=10 Jval=1 + 0im
    freq=35 polr=0 time=45002 dish=203 beam=2 Eval=-3 - 2im Aval=-93 + 28im sval=9 Jval=1 + 0im
    freq=16 polr=1 time=44833 dish=56 beam=13 Eval=2 - 7im Aval=-47 - 64im sval=7 Jval=-4 + 2im
    freq=41 polr=0 time=29701 dish=194 beam=1 Eval=1 + 6im Aval=-105 - 13im sval=8 Jval=0 - 2im
    freq=19 polr=1 time=19314 dish=126 beam=9 Eval=4 - 5im Aval=-81 - 35im sval=9 Jval=-1 + 1im
    freq=49 polr=0 time=60260 dish=194 beam=4 Eval=-3 + 2im Aval=102 + 0im sval=9 Jval=-1 + 0im
    freq=26 polr=1 time=2054 dish=204 beam=1 Eval=6 + 1im Aval=-123 - 97im sval=8 Jval=-2 - 3im
    freq=2 polr=0 time=3116 dish=238 beam=5 Eval=6 + 1im Aval=8 + 84im sval=7 Jval=0 + 4im
    freq=55 polr=0 time=11644 dish=215 beam=8 Eval=-3 + 7im Aval=-20 + 121im sval=8 Jval=-3 - 2im
    freq=25 polr=0 time=24904 dish=203 beam=3 Eval=-2 - 1im Aval=-37 + 111im sval=5 Jval=6 - 6im
    freq=18 polr=1 time=19898 dish=104 beam=7 Eval=7 - 4im Aval=17 - 2im sval=5 Jval=4 - 2im
    freq=9 polr=0 time=29887 dish=70 beam=7 Eval=-7 - 2im Aval=-1 + 6im sval=6 Jval=0 - 1im
    freq=3 polr=1 time=7321 dish=101 beam=8 Eval=-1 + 3im Aval=71 + 49im sval=5 Jval=-7 + 5im
    freq=32 polr=0 time=6311 dish=37 beam=8 Eval=5 + 1im Aval=67 + 70im sval=9 Jval=1 + 1im
    freq=33 polr=1 time=16423 dish=83 beam=14 Eval=-6 + 0im Aval=89 + 18im sval=10 Jval=-1 + 0im
    freq=4 polr=1 time=4923 dish=113 beam=5 Eval=1 + 6im Aval=43 - 22im sval=8 Jval=1 + 1im
    freq=10 polr=0 time=29440 dish=237 beam=7 Eval=-6 - 3im Aval=74 - 127im sval=9 Jval=-2 + 1im
    freq=36 polr=0 time=1948 dish=182 beam=13 Eval=1 + 4im Aval=87 + 67im sval=9 Jval=0 + 1im
    freq=9 polr=1 time=28980 dish=183 beam=5 Eval=4 + 0im Aval=-33 - 53im sval=6 Jval=-2 - 3im
    freq=58 polr=0 time=30438 dish=45 beam=6 Eval=5 - 1im Aval=-57 + 63im sval=8 Jval=-1 + 1im
    freq=57 polr=0 time=8693 dish=234 beam=3 Eval=7 - 7im Aval=-101 - 93im sval=11 Jval=-1 + 0im
    freq=9 polr=0 time=18971 dish=65 beam=14 Eval=-7 + 2im Aval=104 + 91im sval=8 Jval=-4 - 2im
    freq=25 polr=1 time=35762 dish=69 beam=6 Eval=5 - 5im Aval=-6 + 93im sval=9 Jval=1 + 1im
    freq=63 polr=0 time=16935 dish=13 beam=0 Eval=6 + 2im Aval=-61 - 79im sval=9 Jval=0 - 1im
    freq=40 polr=1 time=20712 dish=200 beam=2 Eval=5 - 3im Aval=-105 + 48im sval=8 Jval=-1 + 2im
    freq=12 polr=0 time=21668 dish=147 beam=0 Eval=-1 + 5im Aval=-102 + 8im sval=7 Jval=1 - 4im
    freq=45 polr=0 time=37743 dish=139 beam=15 Eval=-1 - 6im Aval=-25 - 23im sval=8 Jval=0 + 1im
    freq=24 polr=1 time=25791 dish=233 beam=1 Eval=-6 + 1im Aval=-116 + 94im sval=9 Jval=1 - 1im
    freq=21 polr=0 time=24351 dish=248 beam=12 Eval=-3 + 4im Aval=73 - 73im sval=9 Jval=0 + 1im
    freq=10 polr=0 time=10421 dish=32 beam=5 Eval=-3 + 4im Aval=92 - 116im sval=10 Jval=0 + 1im
    freq=63 polr=0 time=1340 dish=4 beam=3 Eval=4 + 3im Aval=62 + 31im sval=8 Jval=1 + 1im
    freq=12 polr=0 time=53918 dish=74 beam=15 Eval=-7 + 5im Aval=-32 + 26im sval=9 Jval=0 - 1im
    freq=59 polr=0 time=31485 dish=179 beam=9 Eval=1 + 2im Aval=-93 - 18im sval=5 Jval=-2 - 6im
    freq=33 polr=1 time=14342 dish=225 beam=8 Eval=6 + 5im Aval=3 - 104im sval=7 Jval=4 - 5im
    freq=9 polr=1 time=50376 dish=42 beam=5 Eval=2 + 3im Aval=25 - 68im sval=6 Jval=4 - 1im
    freq=59 polr=1 time=15393 dish=89 beam=4 Eval=3 + 4im Aval=-65 + 10im sval=6 Jval=-4 - 4im
    freq=33 polr=1 time=52552 dish=123 beam=8 Eval=2 - 2im Aval=115 + 54im sval=7 Jval=3 - 1im
    freq=16 polr=0 time=22543 dish=145 beam=7 Eval=-3 + 6im Aval=-81 + 111im sval=7 Jval=-3 - 6im
    freq=51 polr=1 time=51026 dish=232 beam=15 Eval=3 + 3im Aval=123 + 78im sval=8 Jval=1 + 2im
    freq=62 polr=1 time=43208 dish=23 beam=10 Eval=-7 - 6im Aval=-102 + 5im sval=9 Jval=1 + 1im
    freq=62 polr=1 time=2719 dish=4 beam=8 Eval=1 + 6im Aval=52 - 22im sval=8 Jval=1 + 1im
    freq=14 polr=0 time=18495 dish=249 beam=12 Eval=-1 + 6im Aval=-78 - 100im sval=10 Jval=1 + 0im
    freq=41 polr=0 time=3220 dish=1 beam=13 Eval=5 - 1im Aval=34 - 123im sval=10 Jval=0 - 1im
    freq=23 polr=1 time=25928 dish=245 beam=13 Eval=-3 + 5im Aval=105 + 90im sval=8 Jval=-3 + 1im
    freq=17 polr=1 time=35115 dish=213 beam=5 Eval=3 + 4im Aval=5 - 64im sval=9 Jval=1 + 0im
    freq=13 polr=1 time=38322 dish=32 beam=9 Eval=6 + 6im Aval=-113 + 20im sval=8 Jval=-3 - 2im
    freq=3 polr=0 time=32732 dish=91 beam=1 Eval=-6 + 1im Aval=-107 + 91im sval=8 Jval=2 - 3im
    freq=54 polr=0 time=28854 dish=74 beam=11 Eval=-5 + 2im Aval=26 + 6im sval=8 Jval=-1 + 0im
    freq=63 polr=0 time=48346 dish=242 beam=8 Eval=7 - 5im Aval=-57 + 50im sval=10 Jval=0 + 1im
    freq=53 polr=0 time=2286 dish=38 beam=13 Eval=-5 + 2im Aval=-80 + 39im sval=9 Jval=1 - 1im
    freq=10 polr=0 time=35752 dish=121 beam=13 Eval=-2 + 2im Aval=-21 + 75im sval=6 Jval=-2 - 3im
    freq=50 polr=0 time=53112 dish=75 beam=14 Eval=0 - 7im Aval=-54 - 26im sval=9 Jval=0 + 1im
    freq=52 polr=1 time=26300 dish=110 beam=2 Eval=-7 - 5im Aval=-76 + 107im sval=9 Jval=2 - 1im
    freq=1 polr=1 time=34582 dish=225 beam=9 Eval=4 + 6im Aval=108 + 102im sval=11 Jval=0 + 1im
    freq=63 polr=0 time=41193 dish=186 beam=6 Eval=1 + 3im Aval=-35 - 66im sval=5 Jval=5 - 5im
    freq=49 polr=1 time=18480 dish=69 beam=9 Eval=-4 - 6im Aval=-109 - 90im sval=10 Jval=0 + 1im
    freq=17 polr=0 time=7316 dish=199 beam=3 Eval=3 + 3im Aval=0 + 39im sval=7 Jval=-1 + 1im
    freq=24 polr=0 time=41271 dish=205 beam=15 Eval=-6 - 3im Aval=-2 - 52im sval=7 Jval=-1 + 3im
    freq=22 polr=0 time=62887 dish=129 beam=14 Eval=7 - 4im Aval=96 + 18im sval=7 Jval=6 - 2im
    freq=41 polr=1 time=26447 dish=252 beam=0 Eval=-2 - 5im Aval=11 + 126im sval=9 Jval=1 - 1im
    freq=21 polr=1 time=23894 dish=201 beam=10 Eval=-7 - 5im Aval=38 + 6im sval=6 Jval=-4 - 4im
    freq=14 polr=0 time=15431 dish=132 beam=5 Eval=-4 + 6im Aval=24 + 79im sval=8 Jval=-2 - 1im
    freq=19 polr=1 time=9364 dish=195 beam=4 Eval=-2 - 1im Aval=-113 + 96im sval=9 Jval=1 + 0im
    freq=5 polr=1 time=28446 dish=246 beam=1 Eval=-4 - 5im Aval=5 - 123im sval=8 Jval=-2 + 2im
    freq=12 polr=0 time=21195 dish=193 beam=0 Eval=5 - 4im Aval=-7 + 126im sval=7 Jval=4 + 5im
    freq=34 polr=1 time=19283 dish=87 beam=1 Eval=5 + 7im Aval=-100 - 112im sval=10 Jval=0 - 1im
    freq=15 polr=0 time=27456 dish=205 beam=9 Eval=1 + 2im Aval=-105 - 123im sval=7 Jval=1 - 3im
    freq=15 polr=0 time=42736 dish=166 beam=15 Eval=1 + 2im Aval=118 + 113im sval=7 Jval=-1 + 3im
    freq=62 polr=1 time=9035 dish=98 beam=3 Eval=5 + 3im Aval=-54 + 70im sval=8 Jval=-2 + 1im
    freq=62 polr=0 time=19343 dish=131 beam=14 Eval=2 + 2im Aval=-96 + 124im sval=6 Jval=-7 + 1im
    freq=20 polr=1 time=62739 dish=12 beam=3 Eval=3 + 3im Aval=-123 - 104im sval=8 Jval=0 - 3im
    freq=42 polr=1 time=12658 dish=49 beam=4 Eval=-5 + 6im Aval=104 + 91im sval=9 Jval=-2 + 0im
    freq=34 polr=0 time=29014 dish=104 beam=7 Eval=6 + 4im Aval=-9 - 117im sval=8 Jval=2 - 3im
    freq=22 polr=0 time=36753 dish=145 beam=6 Eval=1 - 6im Aval=51 - 1im sval=6 Jval=1 - 5im
    freq=43 polr=0 time=4499 dish=231 beam=1 Eval=-3 - 3im Aval=-88 + 98im sval=7 Jval=4 + 0im
    freq=54 polr=0 time=35476 dish=111 beam=5 Eval=7 - 1im Aval=102 - 99im sval=9 Jval=1 - 2im
    freq=31 polr=1 time=54285 dish=89 beam=8 Eval=-1 + 3im Aval=37 + 102im sval=7 Jval=-3 + 0im
    freq=29 polr=1 time=27102 dish=128 beam=12 Eval=5 - 2im Aval=72 - 83im sval=7 Jval=2 - 4im
    freq=26 polr=1 time=7860 dish=226 beam=2 Eval=7 + 4im Aval=-48 + 105im sval=7 Jval=-6 + 4im
    freq=53 polr=1 time=6090 dish=67 beam=8 Eval=-4 + 5im Aval=-57 + 48im sval=8 Jval=0 - 2im
    freq=12 polr=1 time=2146 dish=107 beam=0 Eval=1 + 1im Aval=34 - 77im sval=5 Jval=4 - 1im
    freq=19 polr=0 time=56008 dish=30 beam=1 Eval=-4 + 4im Aval=34 + 31im sval=7 Jval=-2 + 0im
    freq=19 polr=1 time=4496 dish=90 beam=5 Eval=6 + 7im Aval=-14 + 73im sval=8 Jval=-2 + 1im
    freq=23 polr=1 time=46844 dish=39 beam=7 Eval=3 + 7im Aval=80 + 46im sval=10 Jval=0 + 1im
    freq=11 polr=1 time=9682 dish=113 beam=6 Eval=2 + 5im Aval=-14 + 34im sval=6 Jval=-3 + 0im
    freq=35 polr=1 time=5866 dish=184 beam=0 Eval=-1 + 0im Aval=103 - 14im sval=4 Jval=-6 + 1im
    freq=3 polr=1 time=26243 dish=210 beam=3 Eval=-7 - 4im Aval=-126 - 27im sval=10 Jval=1 + 1im
    freq=29 polr=0 time=37894 dish=218 beam=10 Eval=0 - 5im Aval=46 - 56im sval=9 Jval=-1 + 0im
    freq=62 polr=1 time=28281 dish=119 beam=11 Eval=1 - 2im Aval=56 - 79im sval=6 Jval=-2 - 3im
    freq=46 polr=1 time=32719 dish=68 beam=6 Eval=-5 - 3im Aval=-120 - 125im sval=8 Jval=1 + 4im
    freq=18 polr=0 time=62942 dish=215 beam=2 Eval=-7 - 1im Aval=-67 + 39im sval=8 Jval=2 - 1im
    freq=5 polr=1 time=18437 dish=179 beam=11 Eval=-4 - 7im Aval=17 - 21im sval=5 Jval=-7 - 1im
    freq=36 polr=1 time=14191 dish=23 beam=6 Eval=3 + 2im Aval=-55 + 98im sval=8 Jval=-1 + 1im
    freq=40 polr=1 time=31790 dish=181 beam=13 Eval=-6 + 4im Aval=-59 - 28im sval=6 Jval=7 - 1im
    freq=17 polr=0 time=60606 dish=117 beam=3 Eval=-7 + 2im Aval=-90 - 111im sval=7 Jval=7 + 5im
    freq=13 polr=0 time=39933 dish=241 beam=4 Eval=-1 + 6im Aval=125 - 72im sval=10 Jval=0 + 1im
    freq=7 polr=0 time=10764 dish=123 beam=10 Eval=-7 + 4im Aval=-18 + 106im sval=8 Jval=-1 - 3im
    freq=62 polr=1 time=10023 dish=4 beam=8 Eval=7 + 6im Aval=-108 + 79im sval=8 Jval=-5 + 0im
    freq=5 polr=0 time=30908 dish=19 beam=15 Eval=4 - 2im Aval=-109 + 61im sval=6 Jval=-5 + 7im
    freq=53 polr=0 time=23808 dish=221 beam=11 Eval=-3 - 3im Aval=-120 + 35im sval=6 Jval=7 + 4im
    freq=28 polr=0 time=51802 dish=161 beam=15 Eval=-4 + 1im Aval=18 - 11im sval=6 Jval=-1 + 1im
    freq=31 polr=0 time=61674 dish=52 beam=12 Eval=7 - 6im Aval=-8 - 46im sval=8 Jval=-1 - 1im
    freq=23 polr=1 time=40876 dish=88 beam=13 Eval=4 - 6im Aval=92 + 0im sval=8 Jval=1 - 2im
    freq=16 polr=0 time=36525 dish=174 beam=4 Eval=-3 + 6im Aval=-72 - 85im sval=8 Jval=3 - 1im
    freq=63 polr=1 time=9689 dish=153 beam=5 Eval=4 - 6im Aval=-125 + 40im sval=10 Jval=0 + 1im
    freq=7 polr=1 time=23545 dish=229 beam=14 Eval=4 + 5im Aval=-23 + 63im sval=9 Jval=-1 + 0im
    freq=40 polr=0 time=62179 dish=227 beam=13 Eval=2 - 5im Aval=114 - 47im sval=7 Jval=0 - 5im
    freq=18 polr=0 time=46233 dish=135 beam=2 Eval=-6 - 5im Aval=92 - 103im sval=8 Jval=-4 + 1im
    freq=38 polr=0 time=35361 dish=21 beam=11 Eval=2 - 4im Aval=-38 + 61im sval=6 Jval=3 + 4im
    freq=15 polr=0 time=37791 dish=16 beam=13 Eval=3 - 2im Aval=127 - 29im sval=8 Jval=1 - 1im
    freq=27 polr=0 time=65340 dish=160 beam=1 Eval=-2 - 3im Aval=-80 + 82im sval=7 Jval=3 + 1im
    freq=36 polr=0 time=9102 dish=130 beam=7 Eval=-2 - 2im Aval=-2 - 32im sval=6 Jval=-1 + 1im
    freq=62 polr=1 time=40702 dish=71 beam=5 Eval=-6 - 7im Aval=-112 - 74im sval=11 Jval=0 + 1im
    freq=47 polr=0 time=56796 dish=78 beam=2 Eval=-4 - 5im Aval=92 - 92im sval=7 Jval=-6 - 1im
    freq=10 polr=0 time=42108 dish=188 beam=5 Eval=6 - 6im Aval=-58 + 93im sval=10 Jval=0 + 1im
    freq=25 polr=1 time=39201 dish=30 beam=13 Eval=6 - 2im Aval=16 - 80im sval=9 Jval=0 - 1im
    freq=44 polr=1 time=44884 dish=58 beam=5 Eval=7 - 7im Aval=-116 + 13im sval=7 Jval=-6 + 7im
    freq=41 polr=1 time=4705 dish=131 beam=1 Eval=1 + 2im Aval=103 + 67im sval=9 Jval=0 + 1im
    freq=42 polr=1 time=6554 dish=118 beam=1 Eval=2 - 5im Aval=-60 - 54im sval=9 Jval=-1 + 0im
    freq=59 polr=1 time=54156 dish=244 beam=14 Eval=6 + 6im Aval=6 - 120im sval=9 Jval=1 - 1im
    freq=13 polr=0 time=41721 dish=60 beam=10 Eval=-7 - 7im Aval=-33 + 115im sval=9 Jval=2 - 1im
    freq=1 polr=0 time=63145 dish=178 beam=1 Eval=-7 - 6im Aval=80 + 52im sval=7 Jval=-2 - 7im
    freq=39 polr=1 time=48445 dish=125 beam=14 Eval=-1 + 1im Aval=93 - 34im sval=5 Jval=-2 + 4im
    freq=61 polr=0 time=42117 dish=158 beam=11 Eval=-3 + 0im Aval=-50 - 97im sval=6 Jval=2 + 5im
    freq=53 polr=1 time=707 dish=236 beam=3 Eval=7 + 7im Aval=-40 + 67im sval=7 Jval=-6 + 2im
    freq=27 polr=1 time=20964 dish=131 beam=4 Eval=-6 + 2im Aval=-106 - 14im sval=10 Jval=1 + 0im
    freq=2 polr=1 time=13777 dish=210 beam=1 Eval=7 - 4im Aval=-106 - 37im sval=7 Jval=-7 + 1im
    freq=9 polr=1 time=4156 dish=144 beam=3 Eval=-3 + 2im Aval=-62 + 37im sval=5 Jval=4 - 7im
    freq=5 polr=0 time=29467 dish=13 beam=14 Eval=3 + 2im Aval=69 + 120im sval=7 Jval=0 + 4im
    freq=24 polr=1 time=56045 dish=176 beam=0 Eval=5 + 6im Aval=-125 - 35im sval=8 Jval=-2 - 4im
    freq=52 polr=1 time=33450 dish=42 beam=1 Eval=3 + 7im Aval=-76 + 54im sval=8 Jval=-2 - 1im
    freq=7 polr=1 time=29297 dish=75 beam=1 Eval=-6 - 5im Aval=10 + 38im sval=9 Jval=0 - 1im
    freq=59 polr=1 time=18940 dish=160 beam=4 Eval=7 - 3im Aval=-45 - 49im sval=6 Jval=-7 - 3im
    freq=13 polr=1 time=33845 dish=132 beam=9 Eval=4 - 1im Aval=-13 - 90im sval=8 Jval=-1 - 1im
    freq=29 polr=1 time=49839 dish=73 beam=12 Eval=7 - 3im Aval=7 + 121im sval=7 Jval=3 + 6im
    freq=15 polr=0 time=50319 dish=81 beam=6 Eval=7 + 5im Aval=94 + 113im sval=11 Jval=0 + 1im
    freq=59 polr=0 time=473 dish=21 beam=4 Eval=7 - 1im Aval=-14 + 81im sval=10 Jval=0 + 1im
    freq=23 polr=1 time=44085 dish=36 beam=7 Eval=6 + 5im Aval=73 + 29im sval=10 Jval=0 + 1im
    freq=2 polr=0 time=58372 dish=65 beam=6 Eval=-6 + 2im Aval=47 - 57im sval=9 Jval=0 + 1im
    freq=0 polr=0 time=28915 dish=251 beam=13 Eval=-5 - 2im Aval=-123 - 56im sval=7 Jval=4 + 4im
    freq=44 polr=1 time=64558 dish=6 beam=5 Eval=0 - 3im Aval=-101 - 23im sval=7 Jval=-1 + 2im
    freq=18 polr=0 time=6185 dish=240 beam=5 Eval=1 - 7im Aval=112 - 74im sval=8 Jval=-2 - 3im
    freq=41 polr=0 time=59076 dish=61 beam=12 Eval=3 + 7im Aval=58 + 127im sval=10 Jval=-1 + 1im
    freq=39 polr=0 time=53304 dish=37 beam=4 Eval=-7 + 7im Aval=88 + 12im sval=10 Jval=-1 + 1im
    freq=41 polr=0 time=28614 dish=246 beam=9 Eval=2 + 7im Aval=119 - 96im sval=9 Jval=2 + 1im
    freq=26 polr=1 time=32761 dish=133 beam=2 Eval=0 - 7im Aval=105 - 118im sval=7 Jval=-6 - 6im
    freq=41 polr=0 time=63687 dish=56 beam=10 Eval=-4 + 2im Aval=-99 + 64im sval=8 Jval=1 - 2im
    freq=31 polr=1 time=20863 dish=5 beam=12 Eval=-3 - 6im Aval=-51 - 70im sval=8 Jval=-1 + 2im
    freq=51 polr=0 time=28941 dish=226 beam=10 Eval=-4 - 5im Aval=45 + 66im sval=9 Jval=0 - 1im
    freq=19 polr=1 time=54253 dish=175 beam=5 Eval=4 + 4im Aval=-114 + 28im sval=8 Jval=-2 - 1im
    freq=63 polr=0 time=1884 dish=235 beam=9 Eval=1 + 5im Aval=33 + 55im sval=6 Jval=-4 + 4im
    freq=11 polr=0 time=49987 dish=193 beam=5 Eval=5 - 2im Aval=29 - 93im sval=7 Jval=0 - 4im
    freq=50 polr=1 time=22344 dish=98 beam=12 Eval=-7 - 1im Aval=-109 - 27im sval=7 Jval=6 + 2im
    freq=50 polr=0 time=55238 dish=87 beam=2 Eval=0 - 3im Aval=56 - 19im sval=6 Jval=-1 - 3im
    freq=49 polr=1 time=58953 dish=50 beam=6 Eval=-6 - 5im Aval=-7 + 24im sval=8 Jval=1 + 0im
    freq=27 polr=1 time=65146 dish=53 beam=0 Eval=-7 - 6im Aval=50 + 110im sval=10 Jval=0 - 1im
    freq=61 polr=0 time=12262 dish=111 beam=2 Eval=-5 + 1im Aval=-109 - 85im sval=7 Jval=5 + 3im
    freq=54 polr=0 time=32379 dish=200 beam=10 Eval=-5 + 1im Aval=-98 - 28im sval=8 Jval=2 + 0im
    freq=3 polr=1 time=50053 dish=188 beam=12 Eval=3 + 6im Aval=-70 - 75im sval=10 Jval=0 - 1im
    freq=44 polr=1 time=18206 dish=242 beam=8 Eval=4 - 3im Aval=118 - 86im sval=10 Jval=0 - 1im
    freq=45 polr=1 time=6444 dish=6 beam=7 Eval=-1 + 1im Aval=-39 - 114im sval=5 Jval=5 + 2im
    freq=35 polr=1 time=2277 dish=155 beam=2 Eval=7 + 2im Aval=-106 + 50im sval=7 Jval=-7 + 1im
    freq=20 polr=0 time=44506 dish=222 beam=5 Eval=1 - 2im Aval=14 - 75im sval=6 Jval=-2 - 2im
    freq=31 polr=0 time=40141 dish=220 beam=5 Eval=7 + 2im Aval=-114 - 45im sval=9 Jval=-1 - 1im
    freq=8 polr=1 time=41322 dish=17 beam=2 Eval=-3 - 2im Aval=106 - 104im sval=10 Jval=-1 + 0im
    freq=11 polr=1 time=38911 dish=246 beam=8 Eval=5 - 1im Aval=-31 - 29im sval=6 Jval=-3 - 2im
    freq=14 polr=1 time=26488 dish=120 beam=10 Eval=1 + 2im Aval=123 + 25im sval=9 Jval=0 + 1im
    freq=19 polr=1 time=40941 dish=10 beam=2 Eval=-2 + 2im Aval=81 - 53im sval=8 Jval=0 + 1im
    freq=13 polr=1 time=42949 dish=121 beam=9 Eval=-4 - 5im Aval=122 - 100im sval=8 Jval=-4 - 1im
    freq=22 polr=0 time=48920 dish=212 beam=13 Eval=4 + 1im Aval=-56 + 56im sval=8 Jval=-1 + 1im
    freq=28 polr=0 time=42443 dish=111 beam=0 Eval=-1 - 6im Aval=-110 + 16im sval=7 Jval=2 + 5im
    freq=1 polr=0 time=29006 dish=248 beam=11 Eval=-2 + 2im Aval=121 - 54im sval=7 Jval=-1 + 3im
    freq=42 polr=1 time=59218 dish=246 beam=1 Eval=-4 + 1im Aval=-21 + 119im sval=9 Jval=0 - 1im
    freq=49 polr=0 time=7380 dish=64 beam=1 Eval=-5 + 4im Aval=-92 - 13im sval=7 Jval=4 - 2im
    freq=19 polr=1 time=37869 dish=224 beam=5 Eval=6 - 5im Aval=87 + 29im sval=8 Jval=3 - 1im
    freq=37 polr=1 time=58004 dish=115 beam=1 Eval=3 + 5im Aval=-115 - 77im sval=7 Jval=0 - 6im
    freq=41 polr=1 time=35524 dish=92 beam=6 Eval=-4 - 1im Aval=24 + 55im sval=7 Jval=0 - 2im
    freq=53 polr=0 time=14163 dish=22 beam=11 Eval=-1 + 2im Aval=-72 + 82im sval=6 Jval=-1 - 3im
    freq=29 polr=1 time=17244 dish=131 beam=3 Eval=-7 + 7im Aval=17 - 30im sval=7 Jval=1 + 3im
    freq=27 polr=1 time=53242 dish=191 beam=4 Eval=-4 - 7im Aval=-10 - 100im sval=10 Jval=-1 + 0im
    freq=47 polr=0 time=56986 dish=209 beam=13 Eval=2 + 1im Aval=97 - 65im sval=8 Jval=1 + 0im
    freq=16 polr=0 time=14251 dish=92 beam=4 Eval=2 + 3im Aval=-57 - 86im sval=8 Jval=1 - 1im
    freq=38 polr=0 time=15539 dish=101 beam=11 Eval=2 + 1im Aval=-94 + 67im sval=6 Jval=-4 + 1im
    freq=7 polr=0 time=60027 dish=119 beam=0 Eval=1 - 6im Aval=87 + 112im sval=10 Jval=1 + 0im
    freq=23 polr=0 time=17411 dish=172 beam=15 Eval=3 + 1im Aval=62 - 33im sval=6 Jval=3 - 1im
    freq=52 polr=0 time=24403 dish=173 beam=2 Eval=6 - 3im Aval=-55 + 29im sval=8 Jval=-1 + 1im
    freq=34 polr=0 time=1886 dish=213 beam=5 Eval=1 + 0im Aval=-68 - 54im sval=6 Jval=-1 - 1im
    freq=55 polr=1 time=29354 dish=115 beam=12 Eval=-2 + 3im Aval=-55 - 17im sval=6 Jval=3 - 2im
    freq=63 polr=1 time=43449 dish=172 beam=2 Eval=7 - 3im Aval=69 - 66im sval=10 Jval=0 - 1im
    freq=44 polr=1 time=58194 dish=85 beam=5 Eval=2 + 6im Aval=53 - 60im sval=7 Jval=4 + 2im
    freq=63 polr=1 time=29141 dish=57 beam=0 Eval=0 + 7im Aval=74 + 31im sval=7 Jval=-2 + 4im
    freq=43 polr=1 time=56475 dish=165 beam=10 Eval=6 + 3im Aval=-62 + 106im sval=7 Jval=-5 + 4im
    freq=52 polr=1 time=8821 dish=214 beam=6 Eval=1 + 5im Aval=-26 - 68im sval=8 Jval=1 - 1im
    freq=54 polr=1 time=61017 dish=245 beam=3 Eval=5 - 4im Aval=65 - 49im sval=9 Jval=0 - 1im
    freq=31 polr=0 time=19771 dish=51 beam=15 Eval=5 + 0im Aval=123 - 110im sval=8 Jval=2 - 2im
    freq=47 polr=1 time=5966 dish=208 beam=3 Eval=-5 - 4im Aval=10 + 62im sval=9 Jval=0 - 1im
    freq=28 polr=1 time=26055 dish=242 beam=11 Eval=3 - 6im Aval=36 - 16im sval=6 Jval=0 - 4im
    freq=15 polr=1 time=58514 dish=55 beam=3 Eval=-7 - 3im Aval=-90 + 63im sval=7 Jval=6 - 1im
    freq=46 polr=0 time=56774 dish=35 beam=0 Eval=1 - 4im Aval=113 - 63im sval=7 Jval=-1 - 4im
    freq=57 polr=1 time=43285 dish=186 beam=9 Eval=-1 - 4im Aval=-35 + 103im sval=9 Jval=1 + 0im
    freq=25 polr=0 time=35204 dish=242 beam=5 Eval=2 - 1im Aval=99 - 27im sval=8 Jval=1 - 1im
    freq=38 polr=0 time=61992 dish=92 beam=14 Eval=-2 - 4im Aval=-114 - 111im sval=9 Jval=0 + 1im
    freq=34 polr=0 time=37668 dish=114 beam=11 Eval=7 + 1im Aval=41 + 51im sval=6 Jval=4 + 6im
    freq=11 polr=1 time=21082 dish=13 beam=11 Eval=3 + 2im Aval=-88 + 84im sval=6 Jval=-7 + 1im
    freq=60 polr=0 time=41743 dish=38 beam=1 Eval=-2 - 6im Aval=-121 + 55im sval=8 Jval=2 + 2im
    freq=45 polr=0 time=23905 dish=97 beam=8 Eval=-2 - 6im Aval=51 - 70im sval=9 Jval=-1 + 0im
    freq=23 polr=0 time=1912 dish=144 beam=15 Eval=-6 + 4im Aval=24 - 3im sval=6 Jval=-2 + 2im
    freq=45 polr=0 time=32587 dish=65 beam=11 Eval=-6 - 5im Aval=-102 - 31im sval=10 Jval=0 + 1im
    freq=32 polr=1 time=34058 dish=170 beam=4 Eval=4 + 7im Aval=52 - 84im sval=8 Jval=3 + 0im
    freq=22 polr=1 time=61743 dish=244 beam=8 Eval=-1 - 5im Aval=114 + 56im sval=8 Jval=1 - 2im
    freq=11 polr=1 time=27381 dish=237 beam=5 Eval=-6 - 4im Aval=-77 + 126im sval=8 Jval=4 - 2im
    freq=12 polr=0 time=31452 dish=131 beam=0 Eval=3 - 6im Aval=-74 - 4im sval=7 Jval=-2 + 3im
    freq=58 polr=1 time=60581 dish=78 beam=13 Eval=5 + 2im Aval=79 - 36im sval=7 Jval=4 + 0im
    freq=40 polr=1 time=40186 dish=65 beam=8 Eval=2 - 2im Aval=59 + 96im sval=6 Jval=5 + 1im
    freq=62 polr=1 time=27313 dish=1 beam=14 Eval=-3 + 0im Aval=84 - 89im sval=9 Jval=0 + 1im
    freq=62 polr=1 time=51787 dish=93 beam=14 Eval=-2 - 5im Aval=120 + 37im sval=9 Jval=0 - 1im
    freq=33 polr=1 time=52645 dish=181 beam=8 Eval=0 - 5im Aval=-63 + 106im sval=7 Jval=4 + 2im
    freq=41 polr=1 time=4642 dish=75 beam=14 Eval=1 - 1im Aval=-46 + 88im sval=8 Jval=0 + 1im
    freq=21 polr=0 time=54945 dish=39 beam=11 Eval=3 - 6im Aval=-43 - 119im sval=10 Jval=-1 + 0im
    freq=35 polr=0 time=32860 dish=112 beam=15 Eval=7 - 7im Aval=-92 - 14im sval=8 Jval=-3 + 2im
    freq=63 polr=1 time=25981 dish=45 beam=0 Eval=3 - 3im Aval=31 + 122im sval=7 Jval=4 + 2im
    freq=21 polr=0 time=24269 dish=135 beam=1 Eval=-5 - 6im Aval=13 + 87im sval=8 Jval=2 - 2im
    freq=43 polr=1 time=11754 dish=89 beam=10 Eval=-5 - 4im Aval=-114 + 17im sval=7 Jval=5 + 3im
    freq=46 polr=0 time=23045 dish=217 beam=6 Eval=-1 + 7im Aval=-121 - 46im sval=7 Jval=3 - 6im
    freq=33 polr=1 time=61778 dish=51 beam=9 Eval=-4 - 7im Aval=113 + 60im sval=9 Jval=0 - 2im
    freq=24 polr=0 time=35621 dish=255 beam=4 Eval=2 + 7im Aval=-95 + 114im sval=8 Jval=-4 - 2im
    freq=55 polr=1 time=17888 dish=143 beam=7 Eval=2 - 1im Aval=-115 - 127im sval=6 Jval=-6 - 2im
    freq=15 polr=0 time=63079 dish=236 beam=1 Eval=-7 - 1im Aval=-20 - 11im sval=7 Jval=1 + 1im
    freq=0 polr=0 time=1499 dish=190 beam=12 Eval=-2 + 5im Aval=22 - 60im sval=6 Jval=4 + 4im
    freq=18 polr=0 time=10271 dish=164 beam=7 Eval=-7 + 6im Aval=92 - 49im sval=10 Jval=0 + 1im
    freq=6 polr=1 time=42156 dish=115 beam=4 Eval=-1 + 7im Aval=73 + 115im sval=9 Jval=-2 + 1im
    freq=30 polr=1 time=24912 dish=200 beam=14 Eval=3 + 2im Aval=-19 + 32im sval=7 Jval=-1 + 0im
    freq=54 polr=0 time=52924 dish=233 beam=0 Eval=-3 + 6im Aval=-123 - 93im sval=8 Jval=4 - 2im
    freq=59 polr=1 time=27936 dish=208 beam=5 Eval=4 + 2im Aval=-106 + 19im sval=9 Jval=-1 + 0im
    freq=28 polr=0 time=30894 dish=87 beam=8 Eval=-6 - 4im Aval=63 + 117im sval=8 Jval=0 - 4im
    freq=58 polr=1 time=44936 dish=33 beam=5 Eval=-3 - 1im Aval=127 - 88im sval=9 Jval=-1 + 0im
    freq=21 polr=1 time=22105 dish=156 beam=2 Eval=5 + 7im Aval=-16 - 92im sval=10 Jval=1 - 1im
    freq=62 polr=0 time=17355 dish=91 beam=9 Eval=-4 - 4im Aval=120 - 83im sval=9 Jval=-2 + 0im
    freq=37 polr=0 time=57056 dish=79 beam=4 Eval=6 - 1im Aval=81 - 40im sval=8 Jval=2 - 1im
    freq=9 polr=0 time=64362 dish=81 beam=1 Eval=0 + 1im Aval=-98 - 37im sval=6 Jval=1 - 1im
    freq=45 polr=0 time=62067 dish=107 beam=15 Eval=4 - 6im Aval=-40 - 84im sval=8 Jval=-3 + 0im
    freq=33 polr=1 time=37402 dish=86 beam=6 Eval=3 + 5im Aval=-119 - 109im sval=8 Jval=1 - 4im
    freq=36 polr=1 time=19257 dish=44 beam=6 Eval=-5 - 6im Aval=82 - 67im sval=8 Jval=-3 - 1im
    freq=9 polr=0 time=57450 dish=250 beam=9 Eval=-1 + 1im Aval=-11 - 34im sval=5 Jval=2 + 1im
    freq=12 polr=1 time=59503 dish=231 beam=13 Eval=7 + 1im Aval=-92 - 17im sval=10 Jval=-1 + 0im
    freq=22 polr=0 time=2639 dish=70 beam=1 Eval=-2 - 6im Aval=119 + 3im sval=9 Jval=0 - 1im
    freq=24 polr=1 time=64869 dish=22 beam=4 Eval=-5 + 5im Aval=-24 + 81im sval=10 Jval=0 - 1im
    freq=21 polr=1 time=13753 dish=203 beam=8 Eval=1 + 6im Aval=-107 + 56im sval=8 Jval=-2 - 2im
    freq=14 polr=0 time=64961 dish=170 beam=5 Eval=1 - 5im Aval=35 - 39im sval=8 Jval=-1 - 1im
    freq=54 polr=1 time=35329 dish=158 beam=10 Eval=-5 - 6im Aval=-72 + 55im sval=9 Jval=1 + 0im
    freq=59 polr=0 time=62330 dish=200 beam=14 Eval=6 - 7im Aval=97 + 67im sval=11 Jval=1 + 0im
    freq=45 polr=0 time=40997 dish=113 beam=1 Eval=1 + 7im Aval=95 + 111im sval=10 Jval=-1 + 1im
    freq=12 polr=0 time=25387 dish=210 beam=0 Eval=7 + 2im Aval=-11 + 122im sval=7 Jval=-2 + 7im
    freq=20 polr=0 time=23047 dish=66 beam=10 Eval=-7 + 4im Aval=53 - 115im sval=10 Jval=0 + 1im
    freq=32 polr=1 time=53890 dish=149 beam=5 Eval=0 - 3im Aval=108 + 81im sval=6 Jval=4 - 5im
    freq=50 polr=0 time=43798 dish=23 beam=8 Eval=1 - 1im Aval=-30 + 54im sval=4 Jval=2 + 6im
    freq=35 polr=1 time=21952 dish=87 beam=2 Eval=5 - 1im Aval=29 - 3im sval=7 Jval=1 + 0im
    freq=26 polr=1 time=2203 dish=232 beam=0 Eval=2 + 2im Aval=-115 + 73im sval=6 Jval=-6 - 1im
    freq=20 polr=0 time=53123 dish=239 beam=4 Eval=-3 + 1im Aval=105 + 76im sval=7 Jval=-3 - 1im
    freq=30 polr=1 time=8623 dish=84 beam=3 Eval=-2 - 5im Aval=-26 - 97im sval=7 Jval=-3 + 3im
    freq=13 polr=0 time=929 dish=152 beam=7 Eval=-5 + 7im Aval=63 - 24im sval=8 Jval=-1 + 2im
    freq=40 polr=0 time=39195 dish=7 beam=8 Eval=3 + 7im Aval=-46 - 34im sval=6 Jval=2 - 7im
    freq=29 polr=0 time=63407 dish=110 beam=0 Eval=2 - 7im Aval=-98 + 71im sval=7 Jval=2 + 7im
    freq=26 polr=0 time=34845 dish=114 beam=6 Eval=-3 + 1im Aval=-80 + 117im sval=9 Jval=0 - 1im
    freq=12 polr=1 time=48803 dish=110 beam=6 Eval=2 - 7im Aval=62 + 5im sval=6 Jval=3 - 7im
    freq=38 polr=0 time=12960 dish=117 beam=7 Eval=-4 + 0im Aval=68 + 105im sval=9 Jval=-1 - 1im
    freq=36 polr=0 time=49407 dish=216 beam=11 Eval=0 - 2im Aval=103 - 118im sval=5 Jval=-7 - 6im
    freq=29 polr=0 time=49086 dish=54 beam=10 Eval=-3 + 6im Aval=45 + 92im sval=9 Jval=-1 + 0im
    freq=50 polr=1 time=23899 dish=210 beam=6 Eval=-6 + 2im Aval=118 - 34im sval=7 Jval=-5 + 3im
    freq=31 polr=1 time=7339 dish=66 beam=8 Eval=6 + 3im Aval=-121 + 0im sval=7 Jval=-6 - 3im
    freq=55 polr=0 time=60599 dish=130 beam=7 Eval=1 - 6im Aval=9 + 16im sval=5 Jval=3 - 1im
    freq=16 polr=1 time=7058 dish=69 beam=12 Eval=-6 + 5im Aval=-56 - 39im sval=10 Jval=1 + 0im
    freq=51 polr=1 time=44834 dish=79 beam=7 Eval=-7 + 4im Aval=83 - 102im sval=11 Jval=0 + 1im
    freq=45 polr=1 time=17463 dish=64 beam=6 Eval=6 + 2im Aval=81 + 64im sval=10 Jval=0 + 1im
    freq=20 polr=1 time=10361 dish=228 beam=3 Eval=-7 + 5im Aval=-55 + 27im sval=8 Jval=1 - 2im
    freq=28 polr=1 time=14107 dish=195 beam=5 Eval=6 - 4im Aval=-105 + 17im sval=9 Jval=-1 + 1im
    freq=16 polr=1 time=61163 dish=109 beam=5 Eval=-7 - 2im Aval=-61 + 48im sval=9 Jval=1 + 0im
    freq=43 polr=1 time=52673 dish=176 beam=6 Eval=-4 + 2im Aval=71 - 93im sval=9 Jval=0 + 1im
    freq=21 polr=0 time=56288 dish=228 beam=13 Eval=-5 - 2im Aval=79 + 22im sval=6 Jval=-5 - 4im
    freq=57 polr=1 time=4924 dish=252 beam=0 Eval=-7 + 7im Aval=-41 - 98im sval=8 Jval=4 + 2im
    freq=40 polr=0 time=9811 dish=19 beam=15 Eval=-2 - 7im Aval=-18 - 18im sval=7 Jval=-1 + 1im
    freq=55 polr=0 time=63794 dish=106 beam=6 Eval=-7 - 1im Aval=5 + 18im sval=6 Jval=0 - 2im
    freq=12 polr=1 time=64042 dish=248 beam=15 Eval=1 - 7im Aval=90 - 43im sval=10 Jval=0 - 1im
    freq=29 polr=0 time=33495 dish=243 beam=0 Eval=-6 + 6im Aval=82 + 30im sval=7 Jval=-5 + 2im
    freq=49 polr=1 time=15448 dish=193 beam=14 Eval=-4 + 1im Aval=-103 + 92im sval=9 Jval=1 - 1im
    freq=20 polr=0 time=40662 dish=226 beam=4 Eval=-7 - 7im Aval=-102 + 18im sval=7 Jval=7 + 5im
    freq=16 polr=0 time=60103 dish=70 beam=10 Eval=-2 - 2im Aval=-71 - 29im sval=6 Jval=1 + 3im
    freq=4 polr=1 time=29463 dish=154 beam=10 Eval=1 - 5im Aval=5 + 123im sval=7 Jval=5 + 1im
    freq=40 polr=1 time=11492 dish=166 beam=2 Eval=-3 + 7im Aval=22 - 84im sval=8 Jval=2 + 2im
    freq=45 polr=1 time=18667 dish=138 beam=4 Eval=-5 + 2im Aval=-101 - 46im sval=10 Jval=1 + 0im
    freq=19 polr=1 time=31218 dish=89 beam=4 Eval=-2 - 7im Aval=-95 - 24im sval=9 Jval=0 + 1im
    freq=19 polr=1 time=31665 dish=124 beam=12 Eval=-7 + 0im Aval=-85 - 3im sval=7 Jval=5 + 0im
    freq=51 polr=1 time=29315 dish=154 beam=15 Eval=-5 - 1im Aval=-49 + 70im sval=8 Jval=1 - 1im
    freq=52 polr=1 time=2100 dish=57 beam=2 Eval=-6 + 4im Aval=-83 + 56im sval=9 Jval=1 - 1im
    freq=25 polr=1 time=13085 dish=233 beam=14 Eval=-7 - 4im Aval=-17 - 20im sval=8 Jval=0 + 1im
    freq=48 polr=0 time=41245 dish=195 beam=10 Eval=-4 - 6im Aval=54 + 11im sval=9 Jval=0 - 1im
    freq=21 polr=0 time=9203 dish=35 beam=0 Eval=5 - 1im Aval=-55 + 76im sval=7 Jval=-2 + 3im
    freq=29 polr=1 time=25983 dish=203 beam=12 Eval=0 - 2im Aval=31 - 75im sval=7 Jval=-1 + 0im
    freq=8 polr=0 time=43637 dish=28 beam=2 Eval=4 + 4im Aval=55 + 11im sval=7 Jval=1 + 2im
    freq=0 polr=1 time=262 dish=36 beam=3 Eval=-5 + 4im Aval=72 + 88im sval=8 Jval=-3 - 1im
    freq=53 polr=1 time=25860 dish=143 beam=3 Eval=-2 + 2im Aval=56 - 16im sval=7 Jval=-1 + 1im
    freq=53 polr=1 time=25321 dish=13 beam=1 Eval=-3 + 4im Aval=-51 + 9im sval=5 Jval=4 - 7im
    freq=34 polr=0 time=46 dish=28 beam=8 Eval=3 - 3im Aval=112 + 54im sval=9 Jval=1 + 0im
    freq=26 polr=1 time=48820 dish=103 beam=1 Eval=-1 + 4im Aval=-84 + 49im sval=8 Jval=0 - 1im
    freq=55 polr=0 time=14886 dish=33 beam=10 Eval=6 + 7im Aval=58 + 37im sval=10 Jval=0 + 1im
    freq=7 polr=0 time=39911 dish=212 beam=6 Eval=0 + 4im Aval=118 - 1im sval=7 Jval=0 + 4im
    freq=44 polr=0 time=20086 dish=96 beam=3 Eval=3 + 7im Aval=110 + 96im sval=10 Jval=0 + 1im
    freq=34 polr=0 time=9073 dish=16 beam=0 Eval=7 - 7im Aval=-66 + 107im sval=10 Jval=0 + 1im
    freq=57 polr=1 time=19440 dish=58 beam=8 Eval=-2 - 2im Aval=-44 - 102im sval=6 Jval=-2 + 5im
    freq=62 polr=1 time=24921 dish=243 beam=8 Eval=7 - 1im Aval=0 - 27im sval=8 Jval=0 - 1im
    freq=38 polr=0 time=17153 dish=167 beam=12 Eval=-3 + 4im Aval=15 - 89im sval=8 Jval=1 + 1im
    freq=23 polr=1 time=63263 dish=1 beam=2 Eval=-1 - 5im Aval=91 - 20im sval=8 Jval=-1 - 2im
    freq=54 polr=0 time=40312 dish=54 beam=3 Eval=-2 - 3im Aval=14 + 32im sval=4 Jval=5 - 6im
    freq=41 polr=1 time=60994 dish=16 beam=5 Eval=-7 - 6im Aval=-124 - 120im sval=9 Jval=0 + 3im
    freq=41 polr=0 time=46060 dish=236 beam=0 Eval=-1 + 6im Aval=-9 - 17im sval=6 Jval=2 - 1im
    freq=40 polr=0 time=46130 dish=59 beam=2 Eval=-5 + 0im Aval=6 - 82im sval=6 Jval=0 + 6im
    freq=63 polr=0 time=46376 dish=129 beam=12 Eval=-2 - 3im Aval=115 + 39im sval=7 Jval=-1 - 3im
    freq=40 polr=0 time=34134 dish=88 beam=10 Eval=2 + 2im Aval=-93 + 55im sval=6 Jval=-5 - 1im
    freq=29 polr=0 time=57371 dish=56 beam=9 Eval=-7 + 4im Aval=-118 - 79im sval=11 Jval=1 + 0im
    freq=21 polr=0 time=53628 dish=60 beam=1 Eval=-1 - 7im Aval=40 + 116im sval=8 Jval=3 - 2im
    freq=17 polr=1 time=52128 dish=218 beam=14 Eval=3 + 6im Aval=112 + 44im sval=10 Jval=0 + 1im
    freq=10 polr=1 time=16746 dish=14 beam=7 Eval=-2 + 1im Aval=98 - 87im sval=7 Jval=-1 + 2im
    freq=57 polr=1 time=9661 dish=47 beam=6 Eval=-3 - 3im Aval=-44 + 81im sval=7 Jval=3 - 1im
    freq=14 polr=0 time=25122 dish=199 beam=5 Eval=4 + 5im Aval=33 + 51im sval=8 Jval=0 + 1im
    freq=31 polr=0 time=52132 dish=49 beam=8 Eval=-3 - 4im Aval=-3 - 99im sval=8 Jval=-1 + 1im
    freq=24 polr=0 time=46394 dish=67 beam=9 Eval=5 + 2im Aval=8 + 29im sval=7 Jval=0 + 1im
    freq=0 polr=0 time=13769 dish=174 beam=13 Eval=-7 + 2im Aval=47 - 108im sval=7 Jval=-1 + 7im
    freq=30 polr=1 time=2204 dish=98 beam=4 Eval=1 - 1im Aval=90 + 11im sval=5 Jval=3 - 2im
    freq=46 polr=0 time=10320 dish=252 beam=14 Eval=0 + 7im Aval=50 - 85im sval=10 Jval=1 + 0im
    freq=34 polr=0 time=34393 dish=253 beam=11 Eval=-2 + 2im Aval=75 + 23im sval=6 Jval=-3 + 2im
    freq=24 polr=0 time=33331 dish=90 beam=5 Eval=7 + 5im Aval=-78 + 33im sval=9 Jval=-1 + 0im
    freq=20 polr=1 time=63228 dish=236 beam=4 Eval=7 - 7im Aval=65 - 101im sval=8 Jval=-1 - 5im
    freq=35 polr=0 time=12495 dish=29 beam=1 Eval=-6 + 7im Aval=-34 + 8im sval=8 Jval=1 - 1im
    freq=9 polr=1 time=12336 dish=75 beam=10 Eval=-5 + 1im Aval=-44 + 42im sval=6 Jval=3 - 4im
    freq=32 polr=1 time=48472 dish=96 beam=12 Eval=-2 - 3im Aval=82 - 95im sval=6 Jval=-7 - 1im
    freq=8 polr=0 time=59547 dish=2 beam=2 Eval=7 + 5im Aval=-77 + 0im sval=7 Jval=-4 - 3im
    freq=8 polr=0 time=30707 dish=148 beam=11 Eval=4 - 6im Aval=-81 - 24im sval=9 Jval=-1 + 1im
    freq=12 polr=0 time=51546 dish=97 beam=4 Eval=4 + 5im Aval=111 + 76im sval=10 Jval=0 + 1im
    freq=37 polr=0 time=50806 dish=14 beam=4 Eval=4 + 0im Aval=78 + 38im sval=8 Jval=1 + 1im
    freq=10 polr=0 time=40566 dish=224 beam=5 Eval=3 - 6im Aval=37 + 95im sval=10 Jval=1 + 0im
    freq=1 polr=1 time=7191 dish=150 beam=2 Eval=-4 - 6im Aval=22 - 11im sval=5 Jval=-5 - 3im
    freq=10 polr=1 time=54128 dish=169 beam=8 Eval=-2 + 2im Aval=39 - 120im sval=7 Jval=1 + 3im
    freq=54 polr=0 time=12163 dish=106 beam=6 Eval=5 + 3im Aval=18 - 104im sval=8 Jval=2 - 2im
    freq=60 polr=1 time=8009 dish=38 beam=15 Eval=7 + 7im Aval=70 + 99im sval=8 Jval=-1 + 5im
    freq=22 polr=0 time=47687 dish=138 beam=12 Eval=-5 + 5im Aval=81 - 59im sval=7 Jval=-1 + 6im
    freq=1 polr=0 time=25309 dish=178 beam=11 Eval=2 - 1im Aval=50 + 97im sval=7 Jval=2 + 1im
    freq=18 polr=1 time=46229 dish=87 beam=2 Eval=-7 - 7im Aval=104 + 59im sval=10 Jval=0 - 1im
    freq=49 polr=0 time=56242 dish=40 beam=1 Eval=-2 - 4im Aval=38 + 61im sval=7 Jval=1 - 2im
    freq=24 polr=1 time=16044 dish=198 beam=15 Eval=5 + 7im Aval=-80 - 10im sval=9 Jval=-1 - 1im
    freq=47 polr=0 time=44532 dish=231 beam=6 Eval=2 + 7im Aval=-38 + 114im sval=7 Jval=-7 + 0im
    freq=35 polr=0 time=37732 dish=9 beam=4 Eval=3 + 7im Aval=-67 + 62im sval=10 Jval=-1 + 0im
    freq=39 polr=1 time=7408 dish=25 beam=13 Eval=-7 - 7im Aval=-74 - 44im sval=10 Jval=0 + 1im
    freq=15 polr=0 time=55226 dish=55 beam=5 Eval=-7 + 2im Aval=1 - 6im sval=6 Jval=0 + 1im
    freq=18 polr=0 time=5556 dish=112 beam=13 Eval=6 + 6im Aval=4 + 111im sval=9 Jval=-1 + 1im
    freq=47 polr=1 time=22889 dish=223 beam=8 Eval=7 + 2im Aval=113 + 93im sval=9 Jval=1 + 2im
    freq=43 polr=0 time=31661 dish=41 beam=4 Eval=0 - 2im Aval=-110 + 51im sval=7 Jval=1 + 2im
    freq=14 polr=0 time=51825 dish=92 beam=1 Eval=-5 - 4im Aval=-89 + 51im sval=9 Jval=1 + 0im
    freq=35 polr=0 time=9608 dish=99 beam=9 Eval=2 + 3im Aval=-97 + 102im sval=9 Jval=-1 + 0im
    freq=28 polr=1 time=50591 dish=202 beam=12 Eval=2 - 2im Aval=82 + 52im sval=8 Jval=1 + 0im
    freq=47 polr=0 time=352 dish=81 beam=9 Eval=1 - 4im Aval=102 + 19im sval=6 Jval=3 - 6im
    freq=55 polr=0 time=33043 dish=3 beam=1 Eval=-6 + 4im Aval=111 - 104im sval=8 Jval=-1 + 4im
    freq=59 polr=1 time=11985 dish=109 beam=14 Eval=-7 + 5im Aval=25 - 84im sval=9 Jval=0 + 1im
    freq=22 polr=1 time=50300 dish=227 beam=6 Eval=-7 - 4im Aval=120 - 19im sval=10 Jval=-1 + 0im
    freq=47 polr=1 time=10217 dish=243 beam=1 Eval=-3 + 0im Aval=-92 + 19im sval=9 Jval=1 + 0im
    freq=6 polr=0 time=48648 dish=192 beam=5 Eval=0 + 1im Aval=121 + 84im sval=6 Jval=-1 + 2im
    freq=39 polr=0 time=57954 dish=227 beam=8 Eval=2 - 6im Aval=111 - 58im sval=10 Jval=0 - 1im
    freq=38 polr=1 time=2860 dish=146 beam=2 Eval=3 - 1im Aval=-4 - 124im sval=6 Jval=-2 - 6im
    freq=2 polr=1 time=4926 dish=65 beam=6 Eval=3 + 7im Aval=87 + 53im sval=9 Jval=0 + 2im
    freq=51 polr=0 time=54591 dish=243 beam=7 Eval=3 + 2im Aval=-109 - 5im sval=8 Jval=-1 - 1im
    freq=47 polr=0 time=10394 dish=120 beam=7 Eval=6 - 6im Aval=10 + 104im sval=10 Jval=1 + 1im
    freq=33 polr=1 time=42733 dish=250 beam=6 Eval=-4 - 2im Aval=-48 - 14im sval=8 Jval=1 + 1im
    freq=22 polr=1 time=39655 dish=67 beam=12 Eval=0 + 4im Aval=-100 - 82im sval=7 Jval=3 - 3im
    freq=51 polr=1 time=49797 dish=169 beam=12 Eval=-1 - 3im Aval=-11 + 30im sval=5 Jval=3 + 0im
    freq=11 polr=1 time=54461 dish=147 beam=6 Eval=-1 + 1im Aval=-44 - 66im sval=6 Jval=2 + 0im
    freq=48 polr=0 time=29772 dish=104 beam=15 Eval=0 - 1im Aval=125 + 37im sval=5 Jval=1 - 4im
    freq=2 polr=0 time=46283 dish=58 beam=8 Eval=5 - 2im Aval=42 + 14im sval=6 Jval=4 + 0im
    freq=23 polr=1 time=9929 dish=12 beam=10 Eval=-6 + 2im Aval=-52 + 5im sval=8 Jval=1 - 1im
    freq=30 polr=1 time=4925 dish=169 beam=13 Eval=-7 + 7im Aval=-113 - 60im sval=9 Jval=2 - 1im
    freq=16 polr=0 time=52628 dish=242 beam=4 Eval=-6 + 0im Aval=28 + 59im sval=8 Jval=-1 - 1im
    freq=57 polr=0 time=44444 dish=103 beam=9 Eval=-4 + 3im Aval=29 - 5im sval=6 Jval=-2 + 2im
    freq=7 polr=1 time=49252 dish=138 beam=3 Eval=-6 - 4im Aval=-39 + 39im sval=7 Jval=3 - 1im
    freq=46 polr=0 time=60370 dish=47 beam=13 Eval=6 + 1im Aval=19 + 49im sval=8 Jval=0 + 1im
    freq=25 polr=1 time=38226 dish=59 beam=4 Eval=3 + 7im Aval=-99 - 64im sval=9 Jval=0 - 2im
    freq=50 polr=0 time=58392 dish=206 beam=14 Eval=-7 - 5im Aval=113 - 86im sval=9 Jval=-2 + 0im
    freq=35 polr=1 time=39400 dish=192 beam=9 Eval=6 - 1im Aval=100 + 85im sval=8 Jval=3 + 2im
    freq=41 polr=1 time=34838 dish=29 beam=14 Eval=-2 + 0im Aval=59 - 73im sval=8 Jval=0 + 1im
    freq=48 polr=0 time=44424 dish=220 beam=0 Eval=4 + 7im Aval=28 - 31im sval=7 Jval=3 + 1im
    freq=47 polr=1 time=12729 dish=213 beam=0 Eval=0 - 5im Aval=43 + 112im sval=7 Jval=4 - 2im
    freq=7 polr=1 time=11165 dish=26 beam=1 Eval=5 - 7im Aval=-89 + 59im sval=9 Jval=0 + 2im
    freq=44 polr=0 time=7642 dish=250 beam=11 Eval=2 + 6im Aval=97 + 15im sval=10 Jval=0 + 1im
    freq=20 polr=1 time=16917 dish=80 beam=14 Eval=5 - 2im Aval=-5 + 82im sval=9 Jval=0 + 1im
    freq=21 polr=1 time=10712 dish=40 beam=4 Eval=5 + 4im Aval=124 + 14im sval=9 Jval=1 + 1im
    freq=29 polr=0 time=31181 dish=168 beam=0 Eval=-6 + 5im Aval=43 - 19im sval=7 Jval=-1 + 3im
    freq=25 polr=0 time=12068 dish=177 beam=10 Eval=4 + 3im Aval=-122 + 70im sval=8 Jval=-3 + 0im
    freq=9 polr=1 time=17566 dish=216 beam=0 Eval=5 + 1im Aval=75 - 89im sval=7 Jval=4 - 3im
    freq=26 polr=0 time=23874 dish=205 beam=7 Eval=1 - 4im Aval=-9 - 85im sval=9 Jval=-1 + 0im
    freq=8 polr=0 time=49081 dish=198 beam=8 Eval=1 + 1im Aval=118 + 62im sval=7 Jval=0 + 1im
    freq=49 polr=1 time=34503 dish=100 beam=7 Eval=7 + 3im Aval=-28 - 24im sval=8 Jval=0 - 1im
    freq=17 polr=0 time=14754 dish=132 beam=3 Eval=6 + 7im Aval=34 + 6im sval=7 Jval=1 + 2im
    freq=47 polr=1 time=38797 dish=133 beam=15 Eval=6 - 7im Aval=47 - 113im sval=8 Jval=-2 - 4im
    freq=7 polr=0 time=58851 dish=132 beam=1 Eval=1 + 0im Aval=-65 - 58im sval=6 Jval=-1 - 1im
    freq=49 polr=1 time=41570 dish=99 beam=14 Eval=6 - 4im Aval=96 + 65im sval=9 Jval=2 + 0im
    freq=31 polr=0 time=46362 dish=64 beam=15 Eval=3 + 4im Aval=97 - 113im sval=8 Jval=3 + 0im
    freq=13 polr=0 time=2826 dish=255 beam=10 Eval=4 - 2im Aval=55 - 61im sval=9 Jval=0 - 1im
    freq=26 polr=0 time=58149 dish=56 beam=0 Eval=-1 - 6im Aval=54 + 89im sval=9 Jval=1 - 1im
    freq=25 polr=1 time=28594 dish=20 beam=12 Eval=1 + 3im Aval=36 + 113im sval=9 Jval=-1 + 0im
    freq=30 polr=1 time=58518 dish=217 beam=8 Eval=-1 + 0im Aval=10 - 112im sval=6 Jval=0 + 2im
    freq=27 polr=1 time=10001 dish=72 beam=0 Eval=1 + 7im Aval=5 - 115im sval=10 Jval=1 + 0im
    freq=56 polr=1 time=5398 dish=2 beam=9 Eval=-1 + 6im Aval=33 - 8im sval=7 Jval=0 + 2im
    freq=7 polr=0 time=13852 dish=168 beam=7 Eval=-1 + 3im Aval=97 + 23im sval=6 Jval=-3 + 4im
    freq=37 polr=0 time=33086 dish=22 beam=11 Eval=-5 + 6im Aval=61 + 125im sval=8 Jval=-4 - 1im
    freq=56 polr=0 time=45048 dish=240 beam=9 Eval=4 + 7im Aval=8 - 6im sval=4 Jval=5 + 2im
    freq=37 polr=0 time=1829 dish=154 beam=4 Eval=6 + 6im Aval=-82 + 73im sval=8 Jval=-4 + 0im
    freq=62 polr=0 time=44104 dish=215 beam=11 Eval=2 - 6im Aval=82 + 45im sval=6 Jval=7 - 6im
    freq=14 polr=1 time=11879 dish=183 beam=8 Eval=-3 + 0im Aval=75 - 32im sval=6 Jval=-3 + 2im
    freq=56 polr=1 time=58974 dish=177 beam=14 Eval=1 - 6im Aval=-110 - 81im sval=8 Jval=-2 + 2im
    freq=46 polr=0 time=63158 dish=42 beam=15 Eval=-2 + 1im Aval=-21 - 42im sval=6 Jval=1 + 1im
    freq=26 polr=0 time=57268 dish=135 beam=9 Eval=7 - 4im Aval=79 + 119im sval=11 Jval=1 + 0im
    freq=44 polr=0 time=1962 dish=20 beam=9 Eval=3 - 2im Aval=91 - 2im sval=8 Jval=1 - 1im
    freq=38 polr=1 time=39944 dish=39 beam=1 Eval=4 + 4im Aval=-84 - 42im sval=7 Jval=-1 - 4im
    freq=40 polr=0 time=28246 dish=255 beam=2 Eval=4 + 4im Aval=52 + 57im sval=6 Jval=0 + 7im
    freq=38 polr=0 time=28041 dish=214 beam=4 Eval=2 - 2im Aval=-83 - 21im sval=7 Jval=-2 + 1im
    freq=47 polr=0 time=39437 dish=115 beam=9 Eval=0 + 7im Aval=-30 - 47im sval=6 Jval=5 - 3im
    freq=55 polr=0 time=4673 dish=113 beam=1 Eval=6 + 2im Aval=94 + 75im sval=8 Jval=2 + 3im
    freq=31 polr=1 time=1204 dish=99 beam=8 Eval=3 - 1im Aval=-56 + 101im sval=7 Jval=0 + 3im
    freq=56 polr=0 time=51089 dish=254 beam=4 Eval=4 - 7im Aval=-111 - 31im sval=10 Jval=-1 + 1im
    freq=25 polr=1 time=468 dish=161 beam=12 Eval=4 + 4im Aval=-19 + 100im sval=9 Jval=-1 + 1im
    freq=11 polr=1 time=4473 dish=217 beam=5 Eval=2 + 7im Aval=-59 - 26im sval=8 Jval=0 - 2im
    freq=50 polr=1 time=16202 dish=200 beam=7 Eval=3 - 1im Aval=-106 + 14im sval=8 Jval=-1 + 1im
    freq=21 polr=1 time=19221 dish=185 beam=10 Eval=2 + 5im Aval=-46 - 45im sval=6 Jval=2 - 5im
    freq=7 polr=0 time=21578 dish=12 beam=0 Eval=-6 + 3im Aval=96 - 4im sval=10 Jval=-1 + 0im
    freq=19 polr=0 time=3655 dish=34 beam=10 Eval=-5 + 0im Aval=124 + 37im sval=8 Jval=-2 - 1im
    freq=23 polr=1 time=3818 dish=68 beam=10 Eval=1 - 2im Aval=-56 - 61im sval=8 Jval=-1 + 0im
    freq=0 polr=0 time=55328 dish=24 beam=0 Eval=-3 + 4im Aval=-71 - 53im sval=8 Jval=2 + 0im
    freq=43 polr=1 time=45821 dish=130 beam=11 Eval=-1 + 3im Aval=-6 - 74im sval=5 Jval=7 + 2im
    freq=10 polr=0 time=34289 dish=196 beam=13 Eval=-3 + 0im Aval=-25 - 106im sval=6 Jval=1 + 5im
    freq=52 polr=1 time=62960 dish=30 beam=11 Eval=-6 - 4im Aval=20 - 85im sval=6 Jval=-7 + 7im
    freq=49 polr=1 time=41635 dish=70 beam=7 Eval=2 + 7im Aval=22 + 51im sval=8 Jval=-1 + 1im
    freq=29 polr=1 time=54405 dish=94 beam=7 Eval=2 + 1im Aval=52 - 98im sval=6 Jval=3 - 2im
    freq=45 polr=1 time=16527 dish=55 beam=2 Eval=6 + 0im Aval=-108 + 116im sval=8 Jval=-3 + 3im
    freq=24 polr=0 time=26220 dish=6 beam=5 Eval=6 + 3im Aval=55 - 78im sval=9 Jval=1 - 1im
    freq=22 polr=1 time=28188 dish=37 beam=15 Eval=5 + 4im Aval=120 - 41im sval=7 Jval=6 + 2im
    freq=35 polr=0 time=27955 dish=174 beam=13 Eval=-4 + 1im Aval=-20 + 97im sval=8 Jval=0 - 2im
    freq=46 polr=1 time=4111 dish=144 beam=0 Eval=-2 + 0im Aval=11 + 80im sval=5 Jval=-1 - 5im
    freq=24 polr=0 time=52172 dish=35 beam=13 Eval=2 - 6im Aval=-13 - 73im sval=7 Jval=-4 + 0im
    freq=43 polr=0 time=11121 dish=103 beam=5 Eval=-5 + 6im Aval=3 + 93im sval=7 Jval=-4 - 3im
    freq=37 polr=0 time=55993 dish=221 beam=10 Eval=-7 - 4im Aval=-10 - 73im sval=10 Jval=0 + 1im
    freq=59 polr=1 time=24388 dish=178 beam=13 Eval=6 - 4im Aval=-47 - 4im sval=7 Jval=-2 + 1im
    freq=18 polr=1 time=21429 dish=73 beam=9 Eval=-5 + 0im Aval=-127 + 44im sval=8 Jval=2 - 1im
    freq=31 polr=1 time=46130 dish=38 beam=12 Eval=2 + 7im Aval=-80 - 108im sval=8 Jval=2 - 3im
    freq=6 polr=1 time=2685 dish=73 beam=1 Eval=-6 - 1im Aval=87 + 73im sval=10 Jval=0 - 1im
    freq=7 polr=0 time=46469 dish=115 beam=14 Eval=-3 + 1im Aval=-72 - 49im sval=7 Jval=2 + 1im
    freq=21 polr=0 time=4332 dish=173 beam=0 Eval=-6 - 5im Aval=-2 - 47im sval=7 Jval=-2 + 2im
    freq=21 polr=1 time=30384 dish=89 beam=8 Eval=-2 + 7im Aval=-14 + 68im sval=8 Jval=-2 - 1im
    freq=8 polr=1 time=49415 dish=89 beam=5 Eval=-1 + 6im Aval=-121 - 84im sval=10 Jval=1 - 1im
    freq=47 polr=1 time=58615 dish=213 beam=5 Eval=-3 + 6im Aval=-35 + 1im sval=7 Jval=1 - 2im
    freq=53 polr=1 time=8868 dish=215 beam=12 Eval=1 + 4im Aval=60 + 112im sval=7 Jval=-3 + 3im
    freq=41 polr=0 time=45298 dish=22 beam=6 Eval=6 + 0im Aval=112 + 16im sval=10 Jval=1 + 0im
    freq=0 polr=0 time=49480 dish=40 beam=14 Eval=-4 + 5im Aval=34 - 9im sval=8 Jval=0 + 1im
    freq=38 polr=1 time=47960 dish=10 beam=13 Eval=3 + 4im Aval=-31 - 72im sval=6 Jval=3 - 5im
    freq=56 polr=1 time=52101 dish=47 beam=14 Eval=7 - 1im Aval=-35 - 46im sval=8 Jval=-1 - 1im
    freq=44 polr=0 time=51569 dish=98 beam=15 Eval=0 - 1im Aval=103 - 72im sval=7 Jval=-1 - 1im
    freq=56 polr=1 time=40880 dish=91 beam=9 Eval=2 + 0im Aval=15 - 93im sval=7 Jval=0 - 1im
    freq=10 polr=0 time=7737 dish=86 beam=10 Eval=0 - 4im Aval=68 + 91im sval=7 Jval=3 - 2im
    freq=38 polr=0 time=18982 dish=43 beam=2 Eval=0 + 5im Aval=36 - 38im sval=7 Jval=2 + 1im
    freq=0 polr=0 time=45897 dish=180 beam=10 Eval=-6 - 5im Aval=79 - 74im sval=9 Jval=-2 + 0im
    freq=7 polr=0 time=36704 dish=197 beam=9 Eval=0 - 7im Aval=-43 - 76im sval=10 Jval=-1 + 0im
    freq=34 polr=0 time=55557 dish=153 beam=8 Eval=3 + 7im Aval=-71 - 52im sval=9 Jval=0 - 1im
    freq=15 polr=1 time=45716 dish=236 beam=10 Eval=1 + 0im Aval=-25 + 122im sval=7 Jval=0 + 1im
    freq=23 polr=1 time=59911 dish=43 beam=0 Eval=5 - 3im Aval=5 - 112im sval=7 Jval=-2 - 4im
    freq=23 polr=1 time=22449 dish=80 beam=5 Eval=-6 + 1im Aval=-100 + 58im sval=10 Jval=1 + 0im
    freq=21 polr=0 time=49888 dish=39 beam=0 Eval=4 + 6im Aval=27 - 75im sval=7 Jval=4 - 1im
    freq=20 polr=1 time=15565 dish=133 beam=14 Eval=-2 - 6im Aval=-92 - 85im sval=9 Jval=-1 + 1im
    freq=25 polr=1 time=59788 dish=180 beam=7 Eval=-7 + 5im Aval=112 - 81im sval=10 Jval=0 + 1im
    freq=11 polr=1 time=6277 dish=10 beam=2 Eval=2 - 7im Aval=-115 + 28im sval=7 Jval=0 + 7im
    freq=47 polr=1 time=16178 dish=17 beam=13 Eval=1 - 6im Aval=-11 + 5im sval=4 Jval=1 + 5im
    freq=28 polr=0 time=49343 dish=118 beam=0 Eval=-4 + 1im Aval=87 - 25im sval=7 Jval=-2 + 1im
    freq=24 polr=0 time=19421 dish=213 beam=15 Eval=4 - 2im Aval=-45 - 108im sval=7 Jval=-3 - 3im
    freq=40 polr=0 time=7456 dish=162 beam=1 Eval=-7 + 7im Aval=-121 + 23im sval=9 Jval=1 - 2im
    freq=34 polr=0 time=63660 dish=140 beam=12 Eval=1 - 3im Aval=-121 + 83im sval=6 Jval=2 + 7im
    freq=33 polr=0 time=17451 dish=102 beam=14 Eval=3 + 6im Aval=-8 + 8im sval=4 Jval=-4 - 1im
    freq=39 polr=0 time=1018 dish=233 beam=0 Eval=4 + 2im Aval=96 + 49im sval=8 Jval=1 + 2im
    freq=4 polr=1 time=14476 dish=113 beam=5 Eval=7 - 2im Aval=27 + 93im sval=8 Jval=1 + 2im
    freq=51 polr=0 time=24187 dish=34 beam=10 Eval=3 - 6im Aval=-117 - 110im sval=9 Jval=-2 + 1im
    freq=25 polr=1 time=14727 dish=209 beam=3 Eval=1 + 2im Aval=62 - 102im sval=8 Jval=1 + 0im
    freq=44 polr=0 time=44698 dish=93 beam=4 Eval=4 + 3im Aval=-26 - 79im sval=6 Jval=2 - 6im
    freq=43 polr=1 time=50028 dish=219 beam=4 Eval=-2 - 7im Aval=-104 + 10im sval=9 Jval=1 + 1im
    freq=43 polr=1 time=16314 dish=88 beam=15 Eval=1 + 6im Aval=-17 - 119im sval=9 Jval=1 + 0im
    freq=63 polr=0 time=51451 dish=64 beam=3 Eval=7 + 3im Aval=37 - 112im sval=8 Jval=2 - 3im
    freq=43 polr=1 time=47022 dish=81 beam=5 Eval=-5 - 1im Aval=120 + 70im sval=8 Jval=-2 - 2im
    freq=16 polr=0 time=38621 dish=78 beam=15 Eval=4 + 0im Aval=-98 + 118im sval=9 Jval=-1 + 1im
    freq=41 polr=1 time=5590 dish=56 beam=5 Eval=-7 - 2im Aval=-19 - 104im sval=9 Jval=0 + 2im
    freq=18 polr=0 time=4995 dish=154 beam=4 Eval=-6 - 4im Aval=42 + 35im sval=6 Jval=-2 - 6im
    freq=62 polr=0 time=44011 dish=22 beam=8 Eval=-4 + 5im Aval=47 + 7im sval=5 Jval=-7 + 7im
    freq=19 polr=1 time=30038 dish=177 beam=15 Eval=5 + 2im Aval=-111 + 64im sval=9 Jval=-1 + 0im
    freq=27 polr=1 time=1886 dish=139 beam=11 Eval=-1 + 2im Aval=-29 + 54im sval=6 Jval=-1 - 2im
    freq=32 polr=1 time=25467 dish=218 beam=12 Eval=7 + 6im Aval=5 - 14im sval=6 Jval=2 - 1im
    freq=14 polr=1 time=60092 dish=196 beam=6 Eval=1 + 1im Aval=67 - 17im sval=6 Jval=1 + 1im
    freq=27 polr=1 time=19266 dish=213 beam=7 Eval=0 - 5im Aval=68 + 107im sval=7 Jval=4 - 3im
    freq=30 polr=0 time=16151 dish=174 beam=13 Eval=3 + 0im Aval=-11 - 102im sval=6 Jval=0 - 5im
    freq=49 polr=1 time=11170 dish=93 beam=13 Eval=-2 + 4im Aval=-82 - 38im sval=6 Jval=5 - 4im
    freq=43 polr=1 time=33060 dish=117 beam=12 Eval=5 - 7im Aval=-58 + 106im sval=10 Jval=0 + 1im
    freq=20 polr=1 time=41116 dish=240 beam=3 Eval=-6 - 5im Aval=82 + 28im sval=8 Jval=-1 - 2im
    freq=40 polr=1 time=6153 dish=236 beam=14 Eval=-3 + 3im Aval=27 - 36im sval=8 Jval=0 + 1im
    freq=39 polr=0 time=50037 dish=163 beam=13 Eval=2 + 4im Aval=-57 - 68im sval=9 Jval=0 - 1im
    freq=35 polr=1 time=23464 dish=172 beam=15 Eval=2 + 7im Aval=64 + 122im sval=7 Jval=-6 + 5im
    freq=32 polr=1 time=12413 dish=79 beam=6 Eval=6 + 4im Aval=-36 + 114im sval=10 Jval=-1 + 1im
    freq=24 polr=0 time=5243 dish=195 beam=5 Eval=4 - 2im Aval=99 - 118im sval=9 Jval=0 - 1im
    freq=13 polr=1 time=61628 dish=238 beam=10 Eval=-6 - 7im Aval=-12 - 124im sval=8 Jval=-3 + 3im
    freq=6 polr=1 time=41261 dish=158 beam=0 Eval=3 + 0im Aval=-7 - 110im sval=6 Jval=0 - 5im
    freq=54 polr=0 time=9053 dish=241 beam=0 Eval=0 - 2im Aval=-111 + 46im sval=8 Jval=0 + 1im
    freq=22 polr=1 time=45630 dish=93 beam=6 Eval=-7 - 3im Aval=-82 - 16im sval=10 Jval=1 + 0im
    freq=22 polr=1 time=4836 dish=36 beam=12 Eval=-7 + 7im Aval=71 - 3im sval=7 Jval=-4 + 4im
    freq=31 polr=0 time=38011 dish=245 beam=5 Eval=-1 - 2im Aval=-105 - 80im sval=9 Jval=0 + 1im
    freq=12 polr=1 time=31003 dish=89 beam=6 Eval=1 + 3im Aval=-26 - 65im sval=6 Jval=3 - 2im
    freq=39 polr=0 time=33915 dish=184 beam=13 Eval=-5 + 6im Aval=-10 + 71im sval=9 Jval=-1 - 1im
    freq=26 polr=0 time=34725 dish=77 beam=6 Eval=5 + 0im Aval=-102 - 58im sval=9 Jval=-1 - 1im
    freq=59 polr=0 time=15978 dish=235 beam=6 Eval=4 - 4im Aval=113 + 77im sval=8 Jval=3 - 1im
    freq=15 polr=0 time=62245 dish=132 beam=7 Eval=0 - 3im Aval=-58 + 126im sval=6 Jval=6 + 3im
    freq=20 polr=1 time=6960 dish=222 beam=13 Eval=4 + 0im Aval=73 + 44im sval=6 Jval=5 + 3im
    freq=5 polr=0 time=4120 dish=40 beam=7 Eval=-6 - 7im Aval=41 - 79im sval=7 Jval=-6 + 1im
    freq=3 polr=1 time=8805 dish=213 beam=2 Eval=0 + 2im Aval=60 + 23im sval=6 Jval=-1 + 2im
    freq=36 polr=1 time=13873 dish=9 beam=11 Eval=1 - 4im Aval=38 - 69im sval=5 Jval=-7 - 7im
    freq=51 polr=0 time=19327 dish=23 beam=15 Eval=-1 - 3im Aval=-33 - 20im sval=5 Jval=-1 + 4im
    freq=24 polr=0 time=4977 dish=167 beam=10 Eval=0 + 2im Aval=92 - 121im sval=8 Jval=1 + 1im
    freq=19 polr=1 time=62622 dish=127 beam=9 Eval=-5 - 7im Aval=-49 - 29im sval=9 Jval=0 + 1im
    freq=44 polr=0 time=35646 dish=212 beam=15 Eval=3 - 5im Aval=-62 + 26im sval=7 Jval=0 + 3im
    freq=25 polr=1 time=6895 dish=191 beam=13 Eval=0 - 4im Aval=-72 - 80im sval=9 Jval=-1 + 1im
    freq=43 polr=1 time=4791 dish=255 beam=14 Eval=-6 - 7im Aval=59 - 35im sval=10 Jval=-1 + 0im
    freq=53 polr=1 time=43778 dish=64 beam=15 Eval=-6 - 2im Aval=-81 - 83im sval=7 Jval=3 + 5im
    freq=5 polr=0 time=45516 dish=163 beam=14 Eval=2 - 6im Aval=125 - 5im sval=7 Jval=2 - 6im
    freq=38 polr=1 time=47467 dish=198 beam=1 Eval=-3 + 7im Aval=114 - 15im sval=7 Jval=-2 + 7im
    freq=28 polr=0 time=47 dish=90 beam=3 Eval=-1 - 1im Aval=1 - 43im sval=4 Jval=-2 + 3im
    freq=61 polr=1 time=60815 dish=7 beam=3 Eval=-4 + 0im Aval=44 - 65im sval=6 Jval=-3 + 4im
    freq=56 polr=1 time=55640 dish=84 beam=14 Eval=-6 + 7im Aval=-22 + 26im sval=8 Jval=0 - 1im
    freq=29 polr=0 time=31005 dish=137 beam=7 Eval=-1 - 5im Aval=0 - 39im sval=7 Jval=-1 + 0im
    freq=54 polr=1 time=18114 dish=42 beam=3 Eval=6 + 0im Aval=39 - 113im sval=9 Jval=0 - 1im
    freq=38 polr=0 time=21685 dish=56 beam=12 Eval=-5 + 4im Aval=97 + 105im sval=8 Jval=-4 - 1im
    freq=63 polr=0 time=11156 dish=218 beam=6 Eval=0 - 1im Aval=19 - 89im sval=5 Jval=-3 + 0im
    freq=14 polr=1 time=9431 dish=220 beam=8 Eval=4 + 0im Aval=-23 - 87im sval=6 Jval=-1 - 5im
    freq=32 polr=0 time=55609 dish=145 beam=0 Eval=6 + 1im Aval=68 + 113im sval=8 Jval=1 + 3im
    freq=63 polr=1 time=6771 dish=146 beam=0 Eval=-3 + 3im Aval=-6 + 72im sval=7 Jval=-2 - 2im
    freq=45 polr=1 time=58018 dish=77 beam=3 Eval=1 + 4im Aval=110 + 31im sval=9 Jval=0 + 1im
    freq=32 polr=1 time=60238 dish=9 beam=7 Eval=3 - 5im Aval=98 - 37im sval=9 Jval=0 - 1im
    freq=39 polr=0 time=6349 dish=131 beam=14 Eval=-1 + 2im Aval=-75 + 84im sval=6 Jval=-1 - 4im
    freq=13 polr=1 time=54548 dish=203 beam=10 Eval=2 + 2im Aval=-60 - 14im sval=8 Jval=0 - 1im
    freq=43 polr=1 time=58269 dish=116 beam=4 Eval=2 + 5im Aval=17 + 116im sval=9 Jval=-1 + 1im
    freq=62 polr=0 time=3355 dish=253 beam=7 Eval=-4 + 5im Aval=-124 - 66im sval=10 Jval=1 + 0im
    freq=29 polr=1 time=28015 dish=62 beam=5 Eval=6 - 5im Aval=-39 - 38im sval=7 Jval=-3 + 0im
    freq=45 polr=0 time=21609 dish=125 beam=15 Eval=1 + 5im Aval=59 - 38im sval=8 Jval=1 + 1im
    freq=24 polr=1 time=25470 dish=55 beam=0 Eval=1 - 6im Aval=114 + 57im sval=8 Jval=2 - 2im
    freq=27 polr=1 time=7226 dish=87 beam=7 Eval=-2 + 1im Aval=15 + 72im sval=7 Jval=-1 - 1im
    freq=62 polr=0 time=48228 dish=255 beam=12 Eval=-2 + 1im Aval=-67 - 70im sval=8 Jval=1 + 0im
    freq=35 polr=0 time=30053 dish=78 beam=13 Eval=-2 - 7im Aval=-7 - 101im sval=8 Jval=-3 + 1im
    freq=39 polr=0 time=39304 dish=100 beam=2 Eval=-7 + 2im Aval=3 + 47im sval=8 Jval=0 - 1im
    freq=45 polr=1 time=29196 dish=121 beam=2 Eval=-6 + 2im Aval=-61 + 83im sval=8 Jval=1 - 2im
    freq=49 polr=1 time=21428 dish=66 beam=1 Eval=-2 + 6im Aval=29 + 113im sval=9 Jval=-1 + 0im
    freq=31 polr=0 time=34502 dish=81 beam=15 Eval=0 - 5im Aval=92 - 56im sval=8 Jval=-1 - 2im
    freq=26 polr=0 time=23096 dish=33 beam=2 Eval=-2 + 1im Aval=108 + 14im sval=6 Jval=-4 + 1im
    freq=5 polr=0 time=63881 dish=11 beam=5 Eval=2 + 7im Aval=127 - 43im sval=9 Jval=1 + 2im
    freq=31 polr=1 time=26002 dish=154 beam=15 Eval=2 + 4im Aval=-54 - 117im sval=9 Jval=1 - 1im
    freq=38 polr=1 time=28208 dish=86 beam=3 Eval=4 + 6im Aval=97 + 29im sval=9 Jval=0 + 1im
    freq=63 polr=1 time=36968 dish=87 beam=12 Eval=1 + 4im Aval=84 - 80im sval=7 Jval=3 + 2im
    freq=19 polr=1 time=10458 dish=71 beam=12 Eval=-6 - 2im Aval=-86 - 29im sval=7 Jval=4 + 3im
    freq=33 polr=0 time=56901 dish=4 beam=6 Eval=-2 + 2im Aval=-101 + 7im sval=5 Jval=6 - 7im
    freq=57 polr=0 time=24070 dish=17 beam=15 Eval=4 + 0im Aval=-116 + 49im sval=7 Jval=-4 + 2im
    freq=45 polr=1 time=16137 dish=248 beam=10 Eval=0 - 4im Aval=-84 - 39im sval=8 Jval=-1 + 1im
    freq=54 polr=0 time=14460 dish=241 beam=10 Eval=7 - 7im Aval=106 - 72im sval=8 Jval=1 - 5im
    freq=28 polr=0 time=2346 dish=254 beam=2 Eval=-2 + 6im Aval=-38 + 0im sval=7 Jval=1 - 2im
    freq=63 polr=0 time=20810 dish=85 beam=0 Eval=5 - 6im Aval=74 - 42im sval=9 Jval=0 - 1im
    freq=62 polr=0 time=3059 dish=168 beam=1 Eval=3 - 1im Aval=81 - 40im sval=7 Jval=2 - 2im
    freq=9 polr=1 time=44407 dish=203 beam=12 Eval=1 + 6im Aval=-119 - 89im sval=8 Jval=2 - 3im
    freq=28 polr=1 time=64080 dish=39 beam=2 Eval=-1 + 1im Aval=25 + 35im sval=4 Jval=-3 + 0im
    freq=26 polr=0 time=10787 dish=205 beam=8 Eval=7 + 2im Aval=-3 + 52im sval=6 Jval=-2 + 6im
    freq=17 polr=0 time=42472 dish=91 beam=7 Eval=-1 + 4im Aval=-126 - 26im sval=9 Jval=0 - 1im
    freq=49 polr=1 time=64985 dish=101 beam=8 Eval=-5 + 2im Aval=114 + 116im sval=7 Jval=-6 - 3im
    freq=32 polr=0 time=31789 dish=103 beam=11 Eval=0 + 6im Aval=-72 + 92im sval=7 Jval=-4 - 3im
    freq=31 polr=1 time=45833 dish=201 beam=8 Eval=-6 - 5im Aval=-15 - 117im sval=7 Jval=-4 + 6im
    freq=36 polr=1 time=63033 dish=125 beam=6 Eval=2 - 4im Aval=-95 + 111im sval=8 Jval=1 + 2im
    freq=35 polr=1 time=47693 dish=86 beam=6 Eval=6 + 7im Aval=-22 + 58im sval=10 Jval=-1 + 0im
    freq=50 polr=0 time=63965 dish=2 beam=1 Eval=-5 + 7im Aval=-13 - 36im sval=8 Jval=1 + 0im
    freq=16 polr=1 time=13603 dish=76 beam=9 Eval=-2 - 1im Aval=51 - 107im sval=8 Jval=-1 + 1im
    freq=54 polr=0 time=39222 dish=233 beam=6 Eval=2 + 7im Aval=-55 + 71im sval=8 Jval=-2 - 1im
    freq=54 polr=0 time=37995 dish=72 beam=9 Eval=0 - 4im Aval=-124 - 108im sval=7 Jval=-3 + 4im
    freq=45 polr=1 time=14815 dish=7 beam=3 Eval=2 - 5im Aval=-34 + 71im sval=9 Jval=1 + 1im
    freq=24 polr=0 time=54280 dish=121 beam=2 Eval=3 + 3im Aval=89 - 109im sval=10 Jval=1 + 0im
    freq=25 polr=1 time=38731 dish=155 beam=14 Eval=6 - 4im Aval=-105 - 25im sval=8 Jval=-3 + 1im
    freq=3 polr=0 time=43274 dish=188 beam=7 Eval=-6 - 3im Aval=11 - 83im sval=6 Jval=-5 + 7im
    freq=59 polr=1 time=15693 dish=73 beam=4 Eval=1 + 0im Aval=68 + 13im sval=6 Jval=1 + 0im
    freq=31 polr=1 time=43517 dish=39 beam=10 Eval=1 - 7im Aval=73 + 118im sval=10 Jval=1 + 0im
    freq=39 polr=0 time=24999 dish=244 beam=13 Eval=5 + 1im Aval=113 + 122im sval=9 Jval=1 + 1im
    freq=59 polr=0 time=23741 dish=168 beam=11 Eval=5 + 1im Aval=-71 + 46im sval=9 Jval=-1 + 0im
    freq=15 polr=0 time=24566 dish=204 beam=12 Eval=-4 - 3im Aval=-86 + 69im sval=10 Jval=1 + 0im
    freq=51 polr=1 time=33025 dish=91 beam=13 Eval=6 + 0im Aval=-37 + 116im sval=9 Jval=0 + 1im
    freq=40 polr=0 time=57142 dish=49 beam=13 Eval=-2 - 2im Aval=87 + 49im sval=7 Jval=-1 - 2im
    freq=35 polr=1 time=50446 dish=230 beam=2 Eval=0 + 5im Aval=-90 + 101im sval=7 Jval=-4 - 3im
    freq=53 polr=0 time=29073 dish=32 beam=11 Eval=-3 - 4im Aval=30 + 11im sval=6 Jval=-1 - 2im
    freq=37 polr=1 time=1697 dish=78 beam=5 Eval=-2 + 4im Aval=-15 + 50im sval=8 Jval=-1 - 1im
    freq=12 polr=0 time=5573 dish=212 beam=0 Eval=-1 - 4im Aval=-16 - 65im sval=7 Jval=-2 + 1im
    freq=46 polr=0 time=25862 dish=35 beam=10 Eval=6 + 3im Aval=78 - 77im sval=9 Jval=1 + 0im
    freq=21 polr=0 time=32377 dish=67 beam=3 Eval=2 - 2im Aval=-81 - 44im sval=7 Jval=-2 + 1im
    freq=41 polr=1 time=36973 dish=21 beam=2 Eval=6 + 1im Aval=0 - 107im sval=10 Jval=0 - 1im
    freq=3 polr=0 time=56976 dish=143 beam=7 Eval=1 + 4im Aval=79 + 37im sval=6 Jval=-1 + 6im
    freq=30 polr=1 time=42714 dish=37 beam=14 Eval=1 + 0im Aval=94 - 21im sval=7 Jval=1 + 0im
    freq=34 polr=0 time=48843 dish=64 beam=12 Eval=-3 + 2im Aval=-124 + 22im sval=6 Jval=5 - 5im
    freq=13 polr=1 time=7952 dish=154 beam=0 Eval=5 + 4im Aval=19 + 3im sval=7 Jval=1 + 1im
    freq=16 polr=0 time=61259 dish=231 beam=10 Eval=-4 - 1im Aval=-65 + 126im sval=6 Jval=6 - 7im
    freq=35 polr=0 time=40790 dish=232 beam=6 Eval=4 - 4im Aval=8 + 40im sval=5 Jval=6 + 4im
    freq=47 polr=0 time=30637 dish=43 beam=2 Eval=1 + 6im Aval=16 - 35im sval=7 Jval=2 + 1im
    freq=24 polr=1 time=57870 dish=164 beam=0 Eval=7 + 1im Aval=-44 + 0im sval=8 Jval=-1 + 0im
    freq=48 polr=0 time=43675 dish=79 beam=8 Eval=1 - 5im Aval=-11 - 64im sval=8 Jval=-1 + 0im
    freq=46 polr=0 time=35005 dish=29 beam=15 Eval=5 + 1im Aval=-23 + 41im sval=6 Jval=-2 + 3im
    freq=21 polr=1 time=13061 dish=236 beam=14 Eval=-2 + 1im Aval=43 + 77im sval=5 Jval=-5 - 3im
    freq=32 polr=0 time=15228 dish=108 beam=0 Eval=-2 - 3im Aval=-19 - 90im sval=8 Jval=-1 + 1im
    freq=50 polr=1 time=49983 dish=173 beam=12 Eval=6 + 1im Aval=67 - 57im sval=7 Jval=4 - 2im
    freq=37 polr=1 time=64362 dish=255 beam=5 Eval=-3 + 1im Aval=84 - 84im sval=8 Jval=-1 + 1im
    freq=2 polr=1 time=29342 dish=186 beam=0 Eval=-1 - 6im Aval=-15 + 11im sval=4 Jval=5 + 5im
    freq=23 polr=1 time=27771 dish=210 beam=2 Eval=-2 - 2im Aval=-83 + 99im sval=8 Jval=1 + 0im
    freq=33 polr=1 time=5466 dish=202 beam=11 Eval=2 - 3im Aval=-65 + 16im sval=5 Jval=-2 + 7im
    freq=49 polr=0 time=48746 dish=91 beam=12 Eval=-5 - 1im Aval=48 + 36im sval=8 Jval=-1 - 1im
    freq=0 polr=1 time=37706 dish=96 beam=11 Eval=-6 + 0im Aval=65 + 125im sval=10 Jval=0 - 1im
    freq=8 polr=0 time=24934 dish=157 beam=5 Eval=3 + 0im Aval=-104 + 51im sval=6 Jval=-5 + 2im
    freq=23 polr=0 time=9944 dish=60 beam=15 Eval=5 + 5im Aval=1 + 45im sval=6 Jval=-3 + 4im
    freq=20 polr=1 time=14632 dish=116 beam=13 Eval=3 - 4im Aval=49 + 21im sval=6 Jval=4 - 2im
    freq=19 polr=1 time=41522 dish=42 beam=12 Eval=-3 - 5im Aval=-91 + 41im sval=7 Jval=4 + 3im
    freq=17 polr=1 time=4633 dish=88 beam=2 Eval=6 + 7im Aval=-117 + 100im sval=9 Jval=-3 + 0im
    freq=47 polr=0 time=51384 dish=96 beam=12 Eval=-5 + 0im Aval=-102 - 33im sval=10 Jval=1 + 0im
    freq=53 polr=0 time=4968 dish=154 beam=0 Eval=-4 + 7im Aval=-122 + 126im sval=11 Jval=0 - 1im
    freq=62 polr=0 time=38688 dish=12 beam=0 Eval=-6 - 3im Aval=23 + 42im sval=6 Jval=0 - 5im
    freq=30 polr=1 time=64615 dish=153 beam=10 Eval=-7 - 7im Aval=17 - 87im sval=10 Jval=-1 + 0im
    freq=13 polr=1 time=17047 dish=51 beam=15 Eval=-3 - 6im Aval=8 + 14im sval=4 Jval=4 - 5im
    freq=61 polr=0 time=54084 dish=202 beam=2 Eval=5 - 6im Aval=94 - 69im sval=7 Jval=0 - 7im
    freq=11 polr=1 time=45632 dish=99 beam=5 Eval=6 - 4im Aval=77 + 34im sval=8 Jval=2 + 0im
    freq=34 polr=0 time=40752 dish=119 beam=13 Eval=-3 - 3im Aval=-120 + 65im sval=10 Jval=1 + 0im
    freq=20 polr=1 time=57893 dish=31 beam=2 Eval=-5 - 3im Aval=-121 + 28im sval=9 Jval=1 + 0im
    freq=15 polr=0 time=30875 dish=53 beam=5 Eval=4 - 4im Aval=-88 + 8im sval=6 Jval=-5 + 6im
    freq=26 polr=1 time=53480 dish=27 beam=9 Eval=1 - 2im Aval=100 + 85im sval=9 Jval=1 + 0im
    freq=51 polr=0 time=29907 dish=20 beam=9 Eval=2 - 5im Aval=65 + 45im sval=8 Jval=1 - 1im
    freq=24 polr=0 time=61848 dish=27 beam=4 Eval=-6 + 2im Aval=2 - 108im sval=8 Jval=1 + 3im
    freq=60 polr=0 time=9685 dish=78 beam=15 Eval=3 + 6im Aval=-117 + 60im sval=9 Jval=-1 - 1im
    freq=18 polr=0 time=22880 dish=166 beam=9 Eval=-4 - 5im Aval=125 - 80im sval=10 Jval=-1 + 0im
    freq=61 polr=1 time=53557 dish=178 beam=3 Eval=4 - 4im Aval=-26 - 33im sval=6 Jval=-4 + 0im
    freq=2 polr=0 time=59417 dish=69 beam=1 Eval=7 - 4im Aval=87 - 31im sval=8 Jval=2 - 2im
    freq=3 polr=1 time=17087 dish=94 beam=0 Eval=6 + 2im Aval=-103 + 99im sval=7 Jval=-6 + 3im
    freq=40 polr=0 time=53428 dish=17 beam=13 Eval=1 - 6im Aval=66 + 121im sval=7 Jval=6 - 2im
    freq=45 polr=1 time=2777 dish=3 beam=2 Eval=2 - 1im Aval=-36 - 71im sval=8 Jval=-1 + 0im
    freq=62 polr=0 time=9125 dish=46 beam=2 Eval=-2 - 1im Aval=-108 - 92im sval=9 Jval=0 + 1im
    freq=22 polr=1 time=41391 dish=52 beam=15 Eval=-2 - 7im Aval=8 + 70im sval=7 Jval=4 - 1im
    freq=2 polr=1 time=18943 dish=64 beam=3 Eval=3 - 6im Aval=-61 - 103im sval=10 Jval=-1 + 0im
    freq=40 polr=1 time=62245 dish=240 beam=0 Eval=5 + 3im Aval=38 - 7im sval=8 Jval=1 + 0im
    freq=56 polr=1 time=23865 dish=25 beam=11 Eval=3 - 1im Aval=97 - 90im sval=7 Jval=2 - 3im
    freq=34 polr=0 time=2099 dish=194 beam=7 Eval=6 - 7im Aval=61 - 7im sval=8 Jval=1 - 2im
    freq=27 polr=0 time=31420 dish=211 beam=9 Eval=2 - 3im Aval=-30 + 6im sval=7 Jval=0 + 1im
    freq=4 polr=1 time=6892 dish=46 beam=10 Eval=4 + 6im Aval=44 + 74im sval=7 Jval=-2 + 4im
    freq=4 polr=0 time=17019 dish=245 beam=15 Eval=4 + 3im Aval=77 + 19im sval=7 Jval=2 + 2im
    freq=40 polr=0 time=38660 dish=133 beam=15 Eval=-5 + 3im Aval=74 + 19im sval=7 Jval=-3 + 1im
    freq=57 polr=1 time=23658 dish=106 beam=0 Eval=3 + 6im Aval=29 - 31im sval=8 Jval=1 + 0im
    freq=56 polr=1 time=27602 dish=236 beam=14 Eval=-3 + 6im Aval=-117 + 114im sval=8 Jval=-1 - 4im
    freq=20 polr=1 time=58092 dish=91 beam=5 Eval=-4 + 0im Aval=62 + 119im sval=7 Jval=-2 - 4im
    freq=19 polr=0 time=42474 dish=233 beam=10 Eval=-3 - 6im Aval=-28 - 62im sval=8 Jval=-1 + 1im
    freq=14 polr=1 time=52096 dish=11 beam=7 Eval=5 - 7im Aval=12 + 114im sval=7 Jval=7 + 4im
    freq=32 polr=0 time=56313 dish=44 beam=0 Eval=-2 + 5im Aval=75 + 69im sval=8 Jval=-2 + 1im
    freq=35 polr=0 time=16656 dish=162 beam=9 Eval=3 + 1im Aval=-126 + 46im sval=9 Jval=-1 + 0im
    freq=42 polr=0 time=5515 dish=54 beam=9 Eval=0 - 6im Aval=106 - 32im sval=10 Jval=0 - 1im
    freq=44 polr=0 time=22873 dish=13 beam=12 Eval=5 - 7im Aval=22 - 120im sval=7 Jval=-6 - 6im
    freq=29 polr=1 time=65467 dish=158 beam=11 Eval=-4 + 0im Aval=-118 - 79im sval=6 Jval=7 + 5im
    freq=26 polr=0 time=9080 dish=193 beam=1 Eval=-7 + 7im Aval=118 + 125im sval=9 Jval=-3 + 0im
    freq=10 polr=1 time=24784 dish=221 beam=7 Eval=-6 + 3im Aval=52 - 31im sval=7 Jval=-2 + 3im
    freq=14 polr=1 time=32968 dish=253 beam=13 Eval=2 + 0im Aval=47 - 21im sval=5 Jval=3 - 1im
    freq=23 polr=0 time=32954 dish=232 beam=11 Eval=7 + 2im Aval=76 - 46im sval=10 Jval=1 + 0im
    freq=60 polr=1 time=14861 dish=44 beam=0 Eval=-1 - 6im Aval=110 - 97im sval=10 Jval=-1 - 1im
    freq=47 polr=1 time=30048 dish=48 beam=15 Eval=6 - 1im Aval=-27 - 61im sval=8 Jval=-1 - 1im
    freq=36 polr=1 time=6688 dish=86 beam=8 Eval=0 - 2im Aval=-88 - 90im sval=5 Jval=-5 + 6im
    freq=33 polr=0 time=29030 dish=188 beam=5 Eval=-7 + 3im Aval=-57 + 34im sval=6 Jval=5 - 6im
    freq=13 polr=0 time=14731 dish=132 beam=10 Eval=-7 + 6im Aval=108 - 58im sval=9 Jval=-1 + 2im
    freq=60 polr=0 time=30824 dish=68 beam=7 Eval=7 - 2im Aval=43 - 77im sval=7 Jval=1 - 5im
    freq=48 polr=0 time=6688 dish=91 beam=13 Eval=-5 + 1im Aval=103 - 72im sval=6 Jval=-7 + 7im
    freq=51 polr=1 time=16903 dish=109 beam=14 Eval=-4 - 1im Aval=58 - 115im sval=8 Jval=-1 + 2im
    freq=8 polr=1 time=32693 dish=199 beam=2 Eval=-7 + 1im Aval=-107 - 6im sval=10 Jval=1 + 0im
    freq=5 polr=0 time=1443 dish=254 beam=5 Eval=3 - 6im Aval=-120 + 35im sval=9 Jval=0 + 2im
    freq=61 polr=0 time=49580 dish=191 beam=3 Eval=4 + 5im Aval=-118 - 11im sval=10 Jval=0 - 1im
    freq=9 polr=1 time=36715 dish=116 beam=12 Eval=7 + 1im Aval=11 - 77im sval=8 Jval=1 - 2im
    freq=27 polr=0 time=48798 dish=52 beam=8 Eval=-7 - 4im Aval=108 - 125im sval=9 Jval=-2 + 1im
    freq=38 polr=0 time=63613 dish=150 beam=7 Eval=5 - 6im Aval=-59 + 127im sval=9 Jval=1 + 2im
    freq=46 polr=0 time=39498 dish=229 beam=10 Eval=3 - 6im Aval=-94 - 56im sval=9 Jval=-1 + 1im
    freq=47 polr=0 time=61975 dish=110 beam=2 Eval=-5 - 4im Aval=97 + 115im sval=7 Jval=0 - 7im
    freq=14 polr=0 time=25131 dish=90 beam=5 Eval=2 + 4im Aval=-25 + 46im sval=8 Jval=-1 + 0im
    freq=13 polr=0 time=23823 dish=44 beam=1 Eval=-7 - 6im Aval=-63 - 70im sval=8 Jval=0 + 3im
    freq=11 polr=0 time=4499 dish=63 beam=5 Eval=0 + 7im Aval=-38 - 37im sval=7 Jval=2 - 2im
    freq=27 polr=1 time=12308 dish=250 beam=3 Eval=-5 + 5im Aval=-122 - 102im sval=8 Jval=4 + 0im
    freq=60 polr=1 time=51783 dish=110 beam=7 Eval=4 + 3im Aval=45 - 62im sval=6 Jval=6 - 2im
    freq=9 polr=1 time=29172 dish=251 beam=4 Eval=4 + 2im Aval=20 - 17im sval=4 Jval=7 - 1im
    freq=48 polr=1 time=58761 dish=176 beam=0 Eval=2 - 2im Aval=-94 - 69im sval=6 Jval=-5 + 1im
    freq=23 polr=0 time=1113 dish=254 beam=8 Eval=3 + 5im Aval=-32 + 62im sval=9 Jval=-1 + 0im
    freq=62 polr=0 time=579 dish=176 beam=7 Eval=7 + 3im Aval=-101 + 81im sval=10 Jval=-1 + 0im
    freq=52 polr=0 time=58634 dish=140 beam=10 Eval=5 - 1im Aval=20 + 93im sval=8 Jval=1 + 2im
    freq=33 polr=0 time=65443 dish=175 beam=13 Eval=-7 + 1im Aval=39 - 99im sval=9 Jval=0 + 1im
    freq=48 polr=0 time=41429 dish=103 beam=6 Eval=3 + 1im Aval=66 + 99im sval=6 Jval=2 + 6im
    freq=62 polr=0 time=43819 dish=111 beam=5 Eval=-4 - 1im Aval=-91 + 104im sval=9 Jval=1 - 1im
    freq=25 polr=1 time=47931 dish=111 beam=6 Eval=3 - 5im Aval=-89 + 43im sval=9 Jval=0 + 1im
    freq=49 polr=1 time=25547 dish=205 beam=11 Eval=-2 - 3im Aval=95 + 50im sval=9 Jval=0 - 1im
    freq=54 polr=1 time=22217 dish=15 beam=10 Eval=4 - 3im Aval=9 - 70im sval=9 Jval=0 - 1im
    freq=15 polr=0 time=61140 dish=125 beam=14 Eval=6 - 4im Aval=70 - 62im sval=8 Jval=1 - 3im
    freq=23 polr=1 time=10242 dish=232 beam=0 Eval=-1 + 2im Aval=117 - 100im sval=7 Jval=1 + 3im
    freq=0 polr=0 time=64646 dish=135 beam=0 Eval=6 + 6im Aval=26 - 6im sval=8 Jval=1 + 0im
    freq=57 polr=1 time=34393 dish=149 beam=9 Eval=4 + 5im Aval=-55 - 49im sval=9 Jval=0 - 1im
    freq=15 polr=1 time=5655 dish=116 beam=8 Eval=5 - 2im Aval=60 + 7im sval=9 Jval=1 + 0im
    freq=19 polr=1 time=819 dish=243 beam=12 Eval=-7 - 4im Aval=-53 + 42im sval=7 Jval=4 - 1im
    freq=9 polr=1 time=21364 dish=74 beam=9 Eval=-6 - 5im Aval=122 + 71im sval=11 Jval=0 - 1im
    freq=7 polr=0 time=59623 dish=76 beam=15 Eval=4 - 3im Aval=-97 - 9im sval=6 Jval=-6 + 4im
    freq=27 polr=1 time=24632 dish=148 beam=3 Eval=-6 + 6im Aval=-34 + 80im sval=8 Jval=-1 - 3im
    freq=37 polr=1 time=4009 dish=187 beam=5 Eval=4 + 1im Aval=27 - 70im sval=8 Jval=1 - 1im
    freq=11 polr=1 time=58651 dish=46 beam=2 Eval=-4 + 0im Aval=72 - 42im sval=7 Jval=-2 + 1im
    freq=24 polr=0 time=15224 dish=43 beam=13 Eval=-2 - 2im Aval=-88 - 98im sval=7 Jval=0 + 3im
    freq=39 polr=0 time=8503 dish=192 beam=6 Eval=-1 - 1im Aval=-107 + 2im sval=5 Jval=4 + 3im
    freq=44 polr=0 time=42265 dish=241 beam=0 Eval=-2 + 4im Aval=68 + 82im sval=8 Jval=-2 + 0im
    freq=46 polr=1 time=43169 dish=157 beam=8 Eval=4 + 0im Aval=-65 - 84im sval=8 Jval=-1 - 1im
    freq=32 polr=0 time=20369 dish=196 beam=7 Eval=0 - 3im Aval=51 + 43im sval=8 Jval=1 - 1im
    freq=21 polr=1 time=29176 dish=239 beam=8 Eval=-4 - 6im Aval=-126 - 35im sval=8 Jval=1 + 4im
    freq=35 polr=0 time=58852 dish=218 beam=1 Eval=-5 - 2im Aval=0 + 34im sval=8 Jval=0 - 1im
    freq=10 polr=0 time=28627 dish=132 beam=10 Eval=0 - 6im Aval=99 - 1im sval=7 Jval=0 - 5im
    freq=19 polr=0 time=25020 dish=8 beam=1 Eval=-3 - 2im Aval=96 - 36im sval=7 Jval=-3 - 1im
    freq=21 polr=1 time=24133 dish=211 beam=2 Eval=6 + 1im Aval=1 - 97im sval=10 Jval=0 - 1im
    freq=54 polr=0 time=49455 dish=85 beam=6 Eval=7 - 6im Aval=-21 - 112im sval=8 Jval=-3 - 3im
    freq=14 polr=1 time=10730 dish=85 beam=1 Eval=-1 - 1im Aval=60 + 62im sval=4 Jval=0 - 7im
    freq=22 polr=1 time=17035 dish=76 beam=12 Eval=-3 - 7im Aval=88 - 24im sval=7 Jval=-3 - 4im
    freq=59 polr=1 time=52097 dish=204 beam=14 Eval=7 - 4im Aval=-74 + 105im sval=9 Jval=0 + 2im
    freq=25 polr=1 time=17125 dish=203 beam=2 Eval=5 + 3im Aval=-113 + 89im sval=7 Jval=-6 + 1im
    freq=23 polr=1 time=63347 dish=71 beam=0 Eval=3 - 5im Aval=-44 - 66im sval=7 Jval=-4 + 0im
    freq=20 polr=1 time=28308 dish=77 beam=11 Eval=6 + 4im Aval=103 - 120im sval=10 Jval=1 + 0im
    freq=41 polr=1 time=47752 dish=0 beam=6 Eval=3 - 1im Aval=127 + 36im sval=7 Jval=3 + 0im
    freq=31 polr=1 time=59468 dish=110 beam=8 Eval=4 + 0im Aval=-98 + 49im sval=7 Jval=-3 + 2im
    freq=24 polr=0 time=30285 dish=239 beam=15 Eval=-5 + 0im Aval=-14 + 124im sval=7 Jval=1 - 5im
    freq=63 polr=0 time=21429 dish=245 beam=3 Eval=-4 + 4im Aval=-17 + 79im sval=8 Jval=-1 - 1im
    freq=1 polr=1 time=38781 dish=245 beam=6 Eval=0 - 3im Aval=-122 + 122im sval=8 Jval=1 + 1im
    freq=0 polr=1 time=56424 dish=177 beam=8 Eval=3 - 5im Aval=-124 - 23im sval=8 Jval=-2 + 2im
    freq=49 polr=1 time=5595 dish=233 beam=1 Eval=4 + 7im Aval=-42 - 117im sval=9 Jval=1 - 1im
    freq=37 polr=1 time=4352 dish=114 beam=11 Eval=-6 + 5im Aval=13 - 57im sval=8 Jval=1 + 2im
    freq=58 polr=0 time=24629 dish=146 beam=1 Eval=6 - 4im Aval=124 + 6im sval=10 Jval=1 + 0im
    freq=19 polr=1 time=36849 dish=66 beam=1 Eval=-5 + 3im Aval=-83 - 126im sval=8 Jval=3 + 2im
    freq=38 polr=1 time=48452 dish=162 beam=11 Eval=0 - 6im Aval=-55 + 44im sval=7 Jval=2 + 3im
    freq=25 polr=1 time=60911 dish=136 beam=13 Eval=3 + 4im Aval=-56 + 92im sval=9 Jval=-1 + 0im
    freq=57 polr=1 time=3707 dish=115 beam=6 Eval=-7 - 5im Aval=53 - 108im sval=7 Jval=-7 + 4im
    freq=3 polr=0 time=21820 dish=247 beam=3 Eval=3 + 0im Aval=-15 - 16im sval=4 Jval=-3 - 3im
    freq=12 polr=0 time=48450 dish=188 beam=4 Eval=7 + 1im Aval=39 - 104im sval=10 Jval=0 - 1im
    freq=37 polr=0 time=44707 dish=57 beam=0 Eval=6 + 3im Aval=-9 - 26im sval=8 Jval=0 - 1im
    freq=15 polr=0 time=23118 dish=79 beam=4 Eval=4 - 2im Aval=-30 - 4im sval=6 Jval=-2 + 1im
    freq=28 polr=1 time=17656 dish=89 beam=12 Eval=-2 + 2im Aval=72 - 10im sval=8 Jval=0 + 1im
    freq=32 polr=0 time=39972 dish=8 beam=10 Eval=0 - 1im Aval=91 - 114im sval=6 Jval=-2 - 1im
    freq=63 polr=1 time=5206 dish=10 beam=9 Eval=-1 + 2im Aval=87 + 97im sval=8 Jval=-1 + 0im
    freq=41 polr=0 time=27145 dish=97 beam=0 Eval=1 + 4im Aval=27 + 81im sval=6 Jval=-5 + 3im
    freq=27 polr=1 time=7087 dish=55 beam=3 Eval=6 - 5im Aval=-115 - 109im sval=8 Jval=-5 + 0im
    freq=42 polr=1 time=48755 dish=91 beam=15 Eval=6 + 5im Aval=-78 + 19im sval=10 Jval=-1 + 0im
    freq=46 polr=0 time=60361 dish=215 beam=0 Eval=-6 + 3im Aval=-80 - 103im sval=7 Jval=6 + 3im
    freq=3 polr=0 time=51621 dish=44 beam=5 Eval=1 + 7im Aval=29 + 65im sval=7 Jval=-3 + 2im
    freq=7 polr=0 time=58448 dish=128 beam=1 Eval=0 + 2im Aval=87 + 25im sval=6 Jval=-1 + 3im
    freq=63 polr=0 time=65294 dish=77 beam=9 Eval=-6 - 6im Aval=14 - 37im sval=6 Jval=-5 + 2im
    freq=39 polr=1 time=37083 dish=28 beam=12 Eval=1 - 5im Aval=93 + 33im sval=6 Jval=4 - 7im
    freq=2 polr=1 time=8740 dish=14 beam=7 Eval=3 - 1im Aval=31 + 7im sval=4 Jval=7 + 0im
    freq=3 polr=1 time=46565 dish=140 beam=2 Eval=1 - 4im Aval=115 + 78im sval=6 Jval=7 - 6im
    freq=1 polr=0 time=30135 dish=93 beam=15 Eval=7 - 5im Aval=-48 + 14im sval=7 Jval=-2 + 3im
    freq=38 polr=0 time=43173 dish=119 beam=9 Eval=-4 + 6im Aval=-24 + 63im sval=6 Jval=-4 - 6im
    freq=46 polr=0 time=806 dish=69 beam=0 Eval=5 + 4im Aval=116 - 56im sval=7 Jval=6 + 1im
    freq=48 polr=0 time=50499 dish=226 beam=5 Eval=0 + 2im Aval=47 - 49im sval=6 Jval=2 + 2im
    freq=37 polr=1 time=9315 dish=121 beam=5 Eval=6 + 7im Aval=-36 - 80im sval=8 Jval=1 - 3im
    freq=27 polr=1 time=3930 dish=15 beam=3 Eval=7 - 4im Aval=-51 - 75im sval=8 Jval=-3 - 1im
    freq=2 polr=1 time=47420 dish=17 beam=3 Eval=-4 - 4im Aval=82 + 122im sval=10 Jval=0 - 1im
    freq=35 polr=1 time=23184 dish=60 beam=11 Eval=2 - 4im Aval=99 - 4im sval=8 Jval=1 - 2im
    freq=50 polr=1 time=50389 dish=46 beam=3 Eval=-4 + 2im Aval=-87 - 121im sval=10 Jval=1 + 0im
    freq=29 polr=1 time=29481 dish=105 beam=15 Eval=-2 - 1im Aval=-73 - 61im sval=7 Jval=1 + 2im
    freq=13 polr=1 time=5586 dish=4 beam=2 Eval=6 - 3im Aval=117 + 56im sval=7 Jval=7 + 0im
    freq=62 polr=0 time=62648 dish=214 beam=12 Eval=-5 - 1im Aval=105 + 69im sval=8 Jval=-2 - 2im
    freq=30 polr=0 time=21382 dish=72 beam=12 Eval=6 - 2im Aval=13 - 26im sval=5 Jval=1 - 6im
    freq=53 polr=0 time=22850 dish=183 beam=5 Eval=-1 + 6im Aval=80 - 6im sval=8 Jval=0 + 2im
    freq=47 polr=1 time=47167 dish=40 beam=11 Eval=-2 + 3im Aval=101 + 32im sval=7 Jval=-2 + 2im
    freq=44 polr=0 time=3130 dish=154 beam=15 Eval=-4 + 6im Aval=62 - 56im sval=7 Jval=1 + 5im
    freq=20 polr=0 time=16077 dish=102 beam=6 Eval=1 - 7im Aval=111 - 52im sval=7 Jval=-2 - 6im
    freq=30 polr=0 time=49653 dish=173 beam=5 Eval=2 + 5im Aval=90 - 102im sval=9 Jval=1 + 0im
    freq=60 polr=1 time=65077 dish=103 beam=6 Eval=-3 - 1im Aval=-59 - 62im sval=6 Jval=2 + 4im
    freq=18 polr=1 time=2259 dish=50 beam=0 Eval=3 + 5im Aval=84 - 97im sval=8 Jval=3 + 1im
    freq=4 polr=0 time=5880 dish=128 beam=15 Eval=-7 + 0im Aval=-83 + 112im sval=7 Jval=5 - 6im
    freq=1 polr=1 time=51503 dish=136 beam=7 Eval=7 + 7im Aval=-124 + 46im sval=11 Jval=-1 + 0im
    freq=0 polr=1 time=27101 dish=194 beam=5 Eval=-5 + 7im Aval=-42 + 63im sval=8 Jval=-1 - 2im
    freq=30 polr=0 time=802 dish=154 beam=1 Eval=3 - 4im Aval=-34 + 3im sval=5 Jval=-3 + 5im
    freq=55 polr=1 time=58763 dish=249 beam=7 Eval=-4 - 4im Aval=-35 - 56im sval=6 Jval=-1 + 6im
    freq=24 polr=0 time=7282 dish=15 beam=6 Eval=6 + 5im Aval=126 - 85im sval=9 Jval=2 + 0im
    freq=43 polr=0 time=61712 dish=18 beam=1 Eval=-1 + 4im Aval=-87 + 31im sval=7 Jval=0 - 3im
    freq=59 polr=1 time=64326 dish=32 beam=0 Eval=-7 + 3im Aval=69 - 98im sval=8 Jval=-1 + 4im
    freq=13 polr=1 time=55005 dish=64 beam=6 Eval=4 + 4im Aval=106 - 38im sval=9 Jval=1 + 1im
    freq=59 polr=1 time=12663 dish=224 beam=7 Eval=3 + 3im Aval=54 - 74im sval=6 Jval=6 - 1im
    freq=41 polr=1 time=22742 dish=25 beam=6 Eval=0 + 4im Aval=96 + 48im sval=7 Jval=-1 + 3im
    freq=58 polr=0 time=11714 dish=203 beam=14 Eval=-3 - 2im Aval=-86 - 4im sval=6 Jval=4 + 3im
    freq=13 polr=1 time=46412 dish=135 beam=3 Eval=7 + 1im Aval=39 - 39im sval=8 Jval=1 - 1im
    freq=22 polr=0 time=60760 dish=227 beam=8 Eval=2 + 7im Aval=104 + 32im sval=10 Jval=0 + 1im
    freq=8 polr=0 time=23798 dish=28 beam=8 Eval=3 + 5im Aval=67 - 75im sval=7 Jval=5 + 1im
    freq=17 polr=0 time=17764 dish=14 beam=1 Eval=2 - 2im Aval=68 - 108im sval=8 Jval=0 - 1im
    freq=31 polr=0 time=6245 dish=181 beam=12 Eval=0 - 5im Aval=118 - 121im sval=8 Jval=-2 - 2im
    freq=48 polr=0 time=64099 dish=77 beam=5 Eval=-2 + 2im Aval=-104 - 84im sval=6 Jval=6 - 1im
    freq=30 polr=1 time=26213 dish=140 beam=13 Eval=-2 - 5im Aval=107 + 92im sval=9 Jval=0 - 1im
    freq=29 polr=1 time=63247 dish=169 beam=11 Eval=2 - 4im Aval=-55 + 71im sval=6 Jval=3 + 6im
    freq=41 polr=1 time=45122 dish=85 beam=14 Eval=3 - 2im Aval=90 - 80im sval=8 Jval=0 - 2im
    freq=54 polr=1 time=12157 dish=40 beam=2 Eval=-5 + 7im Aval=-114 - 2im sval=9 Jval=1 - 2im
    freq=23 polr=1 time=31404 dish=125 beam=13 Eval=-6 - 1im Aval=-27 - 52im sval=8 Jval=0 + 1im
    freq=47 polr=1 time=13606 dish=170 beam=11 Eval=7 + 1im Aval=33 + 117im sval=7 Jval=1 + 7im
    freq=48 polr=0 time=3229 dish=5 beam=1 Eval=-5 + 4im Aval=61 + 49im sval=7 Jval=-4 + 0im
    freq=40 polr=0 time=39452 dish=98 beam=1 Eval=-7 - 7im Aval=115 - 20im sval=9 Jval=-2 - 1im
    freq=43 polr=1 time=61698 dish=194 beam=0 Eval=7 + 4im Aval=-70 + 12im sval=9 Jval=-1 + 0im
    freq=40 polr=0 time=32867 dish=131 beam=9 Eval=-5 + 1im Aval=105 - 16im sval=9 Jval=-1 + 0im
    freq=50 polr=0 time=8215 dish=17 beam=13 Eval=2 + 2im Aval=-124 + 23im sval=6 Jval=-5 - 3im
    freq=57 polr=0 time=39761 dish=106 beam=13 Eval=-5 + 2im Aval=-83 + 3im sval=8 Jval=2 - 1im
    freq=41 polr=1 time=16738 dish=87 beam=5 Eval=-1 + 5im Aval=-56 - 18im sval=9 Jval=0 - 1im
    freq=4 polr=0 time=6849 dish=80 beam=3 Eval=-5 + 1im Aval=56 + 86im sval=7 Jval=-3 - 3im
    freq=61 polr=0 time=55449 dish=5 beam=10 Eval=0 - 3im Aval=-1 - 113im sval=9 Jval=-1 + 0im
    freq=35 polr=0 time=11457 dish=19 beam=10 Eval=0 - 1im Aval=71 + 47im sval=5 Jval=2 - 2im
    freq=50 polr=0 time=29206 dish=117 beam=14 Eval=7 + 4im Aval=-15 + 89im sval=9 Jval=-1 + 1im
    freq=53 polr=0 time=29041 dish=134 beam=5 Eval=-3 + 7im Aval=61 + 17im sval=8 Jval=-1 + 1im
    freq=42 polr=0 time=57237 dish=183 beam=6 Eval=7 + 2im Aval=71 + 116im sval=7 Jval=2 + 7im
    freq=39 polr=1 time=31850 dish=232 beam=7 Eval=-5 + 5im Aval=-125 + 14im sval=7 Jval=4 - 5im
    freq=27 polr=1 time=42924 dish=180 beam=0 Eval=-6 - 1im Aval=-10 + 103im sval=10 Jval=0 - 1im
    freq=7 polr=0 time=26537 dish=70 beam=6 Eval=-6 + 0im Aval=33 + 107im sval=7 Jval=-2 - 5im
    freq=25 polr=1 time=26278 dish=116 beam=3 Eval=-4 - 1im Aval=105 - 74im sval=8 Jval=-2 + 1im
    freq=62 polr=0 time=17758 dish=60 beam=12 Eval=-3 + 6im Aval=81 + 42im sval=8 Jval=-2 + 1im
    freq=42 polr=0 time=45654 dish=133 beam=4 Eval=4 + 7im Aval=-110 - 114im sval=10 Jval=0 - 1im
    freq=22 polr=0 time=22979 dish=192 beam=14 Eval=-6 - 3im Aval=-34 - 13im sval=7 Jval=1 + 1im
    freq=5 polr=0 time=25660 dish=34 beam=7 Eval=4 + 5im Aval=-98 + 61im sval=7 Jval=-5 - 2im
    freq=28 polr=0 time=43225 dish=161 beam=6 Eval=2 + 7im Aval=-13 - 51im sval=7 Jval=3 - 1im
    freq=22 polr=0 time=46076 dish=84 beam=6 Eval=5 - 6im Aval=-9 - 71im sval=6 Jval=-7 - 5im
    freq=32 polr=1 time=2076 dish=145 beam=5 Eval=7 + 0im Aval=23 - 40im sval=6 Jval=3 - 4im
    freq=32 polr=0 time=45847 dish=82 beam=2 Eval=-6 + 5im Aval=8 - 5im sval=6 Jval=0 + 1im
    freq=22 polr=1 time=44520 dish=92 beam=8 Eval=3 - 1im Aval=41 - 76im sval=8 Jval=0 - 1im
    freq=31 polr=1 time=24790 dish=5 beam=2 Eval=1 - 7im Aval=-118 + 33im sval=7 Jval=1 + 7im
    freq=63 polr=0 time=46121 dish=173 beam=14 Eval=-4 - 5im Aval=112 - 76im sval=7 Jval=-6 - 2im
    freq=37 polr=0 time=52589 dish=13 beam=8 Eval=7 - 4im Aval=-29 + 1im sval=5 Jval=-6 + 4im
    freq=7 polr=0 time=36718 dish=5 beam=0 Eval=-7 + 6im Aval=-122 + 34im sval=10 Jval=1 - 1im
    freq=44 polr=1 time=34648 dish=2 beam=2 Eval=5 - 1im Aval=1 - 61im sval=6 Jval=-1 - 5im
    freq=30 polr=0 time=48422 dish=109 beam=15 Eval=-6 + 1im Aval=-29 - 100im sval=9 Jval=1 + 1im
    freq=36 polr=1 time=36031 dish=140 beam=14 Eval=-3 + 3im Aval=-115 + 110im sval=9 Jval=0 - 1im
    freq=22 polr=0 time=10055 dish=206 beam=11 Eval=2 - 6im Aval=127 - 14im sval=8 Jval=1 - 3im
    freq=2 polr=0 time=15286 dish=140 beam=14 Eval=-1 + 5im Aval=109 - 111im sval=7 Jval=4 + 5im
    freq=50 polr=0 time=10343 dish=118 beam=13 Eval=4 - 3im Aval=66 + 27im sval=6 Jval=5 - 1im
    freq=29 polr=1 time=27744 dish=210 beam=3 Eval=-2 - 1im Aval=-123 - 34im sval=7 Jval=2 + 2im
    freq=24 polr=1 time=44454 dish=79 beam=0 Eval=7 + 7im Aval=-52 - 57im sval=8 Jval=0 - 3im
    freq=60 polr=1 time=43700 dish=168 beam=0 Eval=5 - 6im Aval=43 + 105im sval=10 Jval=1 + 0im
    freq=7 polr=0 time=62382 dish=1 beam=14 Eval=2 - 6im Aval=27 + 43im sval=7 Jval=2 - 1im
    freq=61 polr=0 time=57800 dish=21 beam=4 Eval=6 - 3im Aval=-110 + 50im sval=7 Jval=-4 + 5im
    freq=48 polr=0 time=49197 dish=242 beam=13 Eval=2 + 2im Aval=-105 - 87im sval=6 Jval=0 - 6im
    freq=48 polr=0 time=63666 dish=230 beam=13 Eval=-3 + 4im Aval=-75 - 55im sval=6 Jval=7 - 2im
    freq=23 polr=1 time=3262 dish=163 beam=0 Eval=-3 - 4im Aval=65 - 33im sval=7 Jval=-3 - 1im
    freq=48 polr=1 time=3663 dish=122 beam=11 Eval=-4 + 1im Aval=74 - 90im sval=7 Jval=-2 + 3im
    freq=5 polr=1 time=57020 dish=234 beam=15 Eval=1 - 2im Aval=125 + 108im sval=6 Jval=5 - 2im
    freq=39 polr=0 time=7314 dish=11 beam=11 Eval=0 - 5im Aval=-17 - 109im sval=7 Jval=-4 + 1im
    freq=24 polr=0 time=61668 dish=111 beam=7 Eval=-7 + 3im Aval=-65 + 9im sval=9 Jval=1 + 0im
    freq=52 polr=0 time=27094 dish=4 beam=10 Eval=5 + 5im Aval=-74 - 60im sval=8 Jval=0 - 3im
    freq=29 polr=1 time=5011 dish=17 beam=7 Eval=3 - 5im Aval=-75 - 21im sval=6 Jval=-5 + 5im
    freq=44 polr=0 time=60467 dish=104 beam=3 Eval=5 + 0im Aval=-73 + 103im sval=10 Jval=0 + 1im
    freq=52 polr=1 time=61265 dish=180 beam=15 Eval=-7 - 2im Aval=34 + 100im sval=9 Jval=0 - 1im
    freq=10 polr=1 time=40457 dish=57 beam=3 Eval=3 - 7im Aval=-11 - 13im sval=5 Jval=-4 + 1im
    freq=49 polr=0 time=48329 dish=212 beam=0 Eval=-6 - 6im Aval=42 - 50im sval=7 Jval=-4 + 0im
    freq=15 polr=1 time=41536 dish=178 beam=8 Eval=1 + 6im Aval=118 + 15im sval=9 Jval=0 + 1im
    freq=30 polr=0 time=34694 dish=145 beam=1 Eval=2 - 1im Aval=53 - 89im sval=5 Jval=1 - 7im
    freq=12 polr=0 time=4422 dish=200 beam=13 Eval=-6 - 2im Aval=87 - 59im sval=7 Jval=-5 + 1im
    freq=26 polr=1 time=60111 dish=194 beam=3 Eval=4 - 3im Aval=101 + 109im sval=9 Jval=1 + 0im
    freq=21 polr=1 time=58406 dish=58 beam=4 Eval=6 + 1im Aval=57 - 82im sval=9 Jval=1 - 1im
    freq=21 polr=0 time=11847 dish=141 beam=3 Eval=-7 + 6im Aval=45 + 41im sval=7 Jval=-4 + 0im
    freq=14 polr=1 time=46211 dish=221 beam=8 Eval=2 + 1im Aval=6 + 42im sval=6 Jval=0 + 1im
    freq=49 polr=1 time=36686 dish=92 beam=11 Eval=5 + 0im Aval=92 + 10im sval=9 Jval=1 + 0im
    freq=52 polr=0 time=58464 dish=223 beam=7 Eval=0 - 1im Aval=-7 + 35im sval=5 Jval=1 + 0im
    freq=60 polr=1 time=63174 dish=49 beam=4 Eval=-6 + 6im Aval=8 + 7im sval=6 Jval=-1 + 0im
    freq=13 polr=0 time=47556 dish=161 beam=7 Eval=-6 - 6im Aval=63 - 44im sval=8 Jval=-2 + 0im
    freq=48 polr=0 time=30888 dish=127 beam=3 Eval=2 + 7im Aval=21 + 103im sval=9 Jval=-1 + 1im
    freq=52 polr=1 time=58691 dish=174 beam=6 Eval=1 + 4im Aval=5 - 62im sval=8 Jval=1 + 0im
    freq=37 polr=1 time=44736 dish=192 beam=1 Eval=7 + 1im Aval=92 + 18im sval=7 Jval=5 + 2im
    freq=52 polr=0 time=22617 dish=187 beam=2 Eval=-3 + 5im Aval=-56 - 33im sval=8 Jval=1 - 1im
    freq=11 polr=0 time=30180 dish=70 beam=12 Eval=-4 + 3im Aval=-117 + 15im sval=7 Jval=3 - 3im
    freq=6 polr=1 time=52165 dish=2 beam=4 Eval=-4 + 7im Aval=-110 + 67im sval=9 Jval=0 - 2im
    freq=4 polr=1 time=36966 dish=240 beam=3 Eval=7 + 2im Aval=21 - 97im sval=9 Jval=1 - 1im
    freq=12 polr=1 time=21541 dish=79 beam=4 Eval=2 - 2im Aval=-89 + 48im sval=6 Jval=-1 + 4im
    freq=36 polr=0 time=57998 dish=151 beam=13 Eval=4 - 2im Aval=119 - 13im sval=9 Jval=1 - 1im
    freq=48 polr=0 time=19639 dish=41 beam=12 Eval=6 + 2im Aval=63 - 61im sval=8 Jval=2 - 1im
    freq=59 polr=1 time=46439 dish=221 beam=7 Eval=1 + 3im Aval=90 - 36im sval=6 Jval=3 + 4im
    freq=46 polr=1 time=16220 dish=93 beam=10 Eval=-7 + 6im Aval=76 + 96im sval=11 Jval=-1 + 0im
    freq=61 polr=0 time=28972 dish=194 beam=2 Eval=3 + 0im Aval=-10 - 87im sval=7 Jval=0 - 2im
    freq=18 polr=1 time=40070 dish=29 beam=0 Eval=-2 + 1im Aval=47 - 103im sval=8 Jval=0 + 1im
    freq=5 polr=1 time=22732 dish=93 beam=1 Eval=-2 + 6im Aval=-32 - 99im sval=8 Jval=3 + 0im
    freq=0 polr=1 time=45909 dish=58 beam=9 Eval=0 - 3im Aval=123 + 25im sval=9 Jval=0 - 1im
    freq=4 polr=0 time=44932 dish=105 beam=7 Eval=-4 + 6im Aval=7 + 18im sval=6 Jval=-2 + 0im
    freq=31 polr=1 time=11686 dish=119 beam=4 Eval=-4 + 1im Aval=-7 - 19im sval=5 Jval=2 + 2im
    freq=19 polr=1 time=21744 dish=200 beam=9 Eval=-1 + 4im Aval=34 - 105im sval=9 Jval=1 + 0im
    freq=0 polr=1 time=37310 dish=154 beam=10 Eval=3 + 0im Aval=-113 - 40im sval=8 Jval=-1 + 0im
    freq=38 polr=0 time=15572 dish=41 beam=2 Eval=-2 + 4im Aval=-19 + 7im sval=7 Jval=0 - 1im
    freq=47 polr=1 time=40315 dish=72 beam=1 Eval=6 + 2im Aval=107 - 99im sval=9 Jval=2 - 1im
    freq=25 polr=0 time=12487 dish=201 beam=1 Eval=3 - 4im Aval=-58 + 66im sval=6 Jval=1 + 7im
    freq=42 polr=0 time=1538 dish=110 beam=5 Eval=5 + 5im Aval=-113 + 91im sval=10 Jval=-1 + 0im
    freq=17 polr=0 time=42573 dish=143 beam=14 Eval=-5 + 3im Aval=121 - 54im sval=7 Jval=-3 + 5im
    freq=11 polr=1 time=52430 dish=113 beam=2 Eval=-3 - 5im Aval=-113 - 104im sval=7 Jval=-1 + 7im
    freq=24 polr=0 time=32161 dish=220 beam=5 Eval=-1 - 2im Aval=-124 - 64im sval=9 Jval=0 + 1im
    freq=5 polr=1 time=56679 dish=22 beam=12 Eval=-6 - 7im Aval=26 + 73im sval=10 Jval=0 - 1im
    freq=36 polr=0 time=42776 dish=129 beam=13 Eval=2 - 7im Aval=82 - 120im sval=9 Jval=-1 - 2im
    freq=33 polr=0 time=2082 dish=111 beam=10 Eval=5 + 6im Aval=-103 + 38im sval=9 Jval=-1 - 1im
    freq=44 polr=0 time=53984 dish=21 beam=9 Eval=-1 - 2im Aval=-61 + 83im sval=8 Jval=1 + 0im
    freq=57 polr=0 time=11147 dish=241 beam=13 Eval=-2 + 3im Aval=107 + 16im sval=8 Jval=-1 + 1im
    freq=20 polr=1 time=41094 dish=149 beam=14 Eval=6 + 2im Aval=94 - 95im sval=9 Jval=1 - 1im
    freq=22 polr=0 time=47639 dish=139 beam=14 Eval=-6 - 3im Aval=-64 + 111im sval=7 Jval=6 - 4im
    freq=47 polr=1 time=37635 dish=24 beam=2 Eval=-4 - 7im Aval=-21 + 12im sval=8 Jval=1 + 0im
    freq=54 polr=0 time=20268 dish=47 beam=9 Eval=7 - 4im Aval=44 + 109im sval=7 Jval=6 + 5im
    freq=14 polr=1 time=9949 dish=138 beam=15 Eval=5 + 1im Aval=-120 - 121im sval=10 Jval=0 - 1im
    freq=10 polr=0 time=3215 dish=253 beam=8 Eval=-5 + 1im Aval=48 + 69im sval=8 Jval=-1 - 1im
    freq=63 polr=1 time=62634 dish=207 beam=13 Eval=-1 - 3im Aval=83 + 122im sval=8 Jval=1 - 1im
    freq=1 polr=0 time=48347 dish=29 beam=11 Eval=0 - 2im Aval=42 + 22im sval=7 Jval=0 - 1im
    freq=12 polr=0 time=12779 dish=232 beam=4 Eval=-2 - 5im Aval=31 - 119im sval=10 Jval=-1 + 0im
    freq=36 polr=0 time=20711 dish=42 beam=0 Eval=-6 - 5im Aval=-41 - 86im sval=7 Jval=-1 + 6im
    freq=47 polr=1 time=62535 dish=16 beam=15 Eval=-2 + 7im Aval=-13 - 46im sval=8 Jval=1 + 0im
    freq=52 polr=1 time=57086 dish=88 beam=13 Eval=-5 + 7im Aval=-47 + 5im sval=7 Jval=2 - 3im
    freq=5 polr=1 time=28922 dish=126 beam=1 Eval=1 - 3im Aval=82 + 118im sval=8 Jval=2 + 0im
    freq=55 polr=0 time=17297 dish=25 beam=10 Eval=-6 + 3im Aval=-93 + 40im sval=10 Jval=0 - 1im
    freq=14 polr=0 time=1175 dish=28 beam=9 Eval=7 + 0im Aval=9 + 50im sval=8 Jval=0 + 1im
    freq=31 polr=0 time=11842 dish=214 beam=14 Eval=-7 + 3im Aval=6 + 41im sval=8 Jval=-1 - 1im
    freq=26 polr=1 time=51769 dish=77 beam=1 Eval=5 + 2im Aval=57 - 105im sval=8 Jval=2 - 2im
    freq=31 polr=0 time=58719 dish=220 beam=14 Eval=0 + 2im Aval=-98 - 76im sval=8 Jval=1 - 1im
    freq=63 polr=1 time=33170 dish=45 beam=12 Eval=1 + 3im Aval=13 - 83im sval=7 Jval=2 + 0im
    freq=12 polr=0 time=36521 dish=213 beam=10 Eval=-6 - 5im Aval=98 + 64im sval=9 Jval=-1 - 2im
    freq=36 polr=0 time=1706 dish=98 beam=14 Eval=-2 + 0im Aval=77 + 0im sval=5 Jval=-5 + 0im
    freq=41 polr=0 time=34397 dish=2 beam=8 Eval=6 - 5im Aval=-50 + 116im sval=10 Jval=0 + 1im
    freq=15 polr=1 time=2086 dish=25 beam=2 Eval=7 - 5im Aval=-109 - 117im sval=8 Jval=-5 - 1im
    freq=21 polr=0 time=15752 dish=243 beam=9 Eval=-4 + 1im Aval=3 + 83im sval=9 Jval=0 - 1im
    freq=22 polr=1 time=20212 dish=55 beam=11 Eval=1 + 3im Aval=-28 + 3im sval=7 Jval=0 - 1im
    freq=49 polr=1 time=5168 dish=242 beam=8 Eval=-2 + 6im Aval=42 - 91im sval=7 Jval=4 + 3im
    freq=61 polr=0 time=46508 dish=6 beam=4 Eval=-5 + 4im Aval=-122 + 33im sval=7 Jval=4 - 5im
    freq=26 polr=0 time=48922 dish=92 beam=8 Eval=-2 + 2im Aval=-112 - 97im sval=6 Jval=7 + 0im
    freq=6 polr=1 time=8498 dish=45 beam=8 Eval=2 + 0im Aval=-92 + 118im sval=6 Jval=-3 + 4im
    freq=49 polr=0 time=59252 dish=178 beam=9 Eval=-7 - 2im Aval=-35 + 75im sval=6 Jval=6 - 7im
Copying data from CPU to GPU...
Running kernel...
Copying data back from GPU to CPU...
Done.
