[Choosing CUDA device...]
NVIDIA A40
[Creating bb kernel...]
[Done creating bb kernel]
CHORD 8-bit baseband beamformer
J[t,p,f,b] = s[b,p,f] Σ[d] A[d,b,p,f] E[d,p,f,t]
Compiling kernel...
Allocating input data...
Setting up input data...
Tmin = 0 = 0
Tmax = Tout = 2048
    freq=108 polr=0 time=3901 dish=55 beam=15 Eval=-6 - 4im Aval=-114 - 125im sval=10 Jval=0 + 1im
    freq=54 polr=1 time=819 dish=34 beam=14 Eval=-3 + 6im Aval=-39 - 96im sval=9 Jval=1 + 0im
    freq=69 polr=0 time=5906 dish=25 beam=3 Eval=4 - 6im Aval=-109 - 119im sval=9 Jval=-2 + 0im
    freq=35 polr=1 time=2175 dish=0 beam=11 Eval=-6 + 1im Aval=11 + 125im sval=7 Jval=-1 - 6im
    freq=59 polr=0 time=3281 dish=26 beam=6 Eval=5 - 2im Aval=105 - 107im sval=7 Jval=2 - 6im
    freq=15 polr=0 time=6823 dish=18 beam=15 Eval=0 + 1im Aval=-5 - 116im sval=6 Jval=2 + 0im
    freq=125 polr=0 time=1110 dish=6 beam=15 Eval=0 + 7im Aval=69 - 87im sval=7 Jval=5 + 4im
    freq=53 polr=1 time=3588 dish=10 beam=14 Eval=-2 + 2im Aval=-53 + 21im sval=6 Jval=1 - 2im
    freq=45 polr=1 time=6349 dish=3 beam=4 Eval=-2 - 4im Aval=-79 - 22im sval=9 Jval=0 + 1im
    freq=35 polr=1 time=7065 dish=2 beam=15 Eval=-3 - 5im Aval=19 - 21im sval=6 Jval=-2 + 0im
    freq=27 polr=1 time=455 dish=4 beam=15 Eval=-1 - 7im Aval=-123 - 66im sval=9 Jval=-1 + 2im
    freq=97 polr=1 time=6080 dish=39 beam=2 Eval=1 + 1im Aval=103 - 8im sval=7 Jval=1 + 1im
    freq=46 polr=1 time=14 dish=48 beam=6 Eval=0 + 7im Aval=119 + 77im sval=7 Jval=-4 + 7im
    freq=41 polr=1 time=577 dish=38 beam=14 Eval=-4 + 0im Aval=52 + 29im sval=7 Jval=-2 - 1im
    freq=76 polr=1 time=1113 dish=27 beam=8 Eval=5 - 4im Aval=97 + 5im sval=8 Jval=2 - 1im
    freq=65 polr=1 time=6942 dish=11 beam=15 Eval=-7 + 2im Aval=0 + 121im sval=8 Jval=-1 - 3im
    freq=110 polr=0 time=5078 dish=4 beam=14 Eval=1 - 4im Aval=-39 - 58im sval=7 Jval=-2 + 1im
    freq=83 polr=0 time=7799 dish=45 beam=14 Eval=3 - 5im Aval=9 - 103im sval=8 Jval=-2 - 1im
    freq=35 polr=1 time=5423 dish=27 beam=10 Eval=-7 - 7im Aval=-126 + 83im sval=11 Jval=1 + 0im
    freq=99 polr=1 time=1970 dish=50 beam=1 Eval=7 - 6im Aval=45 + 26im sval=8 Jval=2 + 0im
    freq=89 polr=1 time=4250 dish=16 beam=0 Eval=6 + 4im Aval=-87 - 112im sval=9 Jval=0 - 2im
    freq=77 polr=1 time=6177 dish=4 beam=3 Eval=6 + 1im Aval=-96 + 24im sval=8 Jval=-2 + 0im
    freq=1 polr=1 time=7538 dish=26 beam=0 Eval=-3 + 0im Aval=-36 - 104im sval=7 Jval=1 + 2im
    freq=123 polr=0 time=2258 dish=44 beam=8 Eval=2 + 4im Aval=120 + 121im sval=8 Jval=-1 + 3im
    freq=16 polr=0 time=4756 dish=42 beam=7 Eval=-4 - 2im Aval=-9 - 63im sval=6 Jval=-1 + 4im
    freq=54 polr=1 time=1423 dish=63 beam=2 Eval=-4 + 1im Aval=-7 + 84im sval=8 Jval=0 - 1im
    freq=2 polr=0 time=1653 dish=58 beam=10 Eval=-7 + 2im Aval=58 - 27im sval=8 Jval=-1 + 1im
    freq=92 polr=1 time=4091 dish=41 beam=5 Eval=1 + 4im Aval=2 - 37im sval=6 Jval=2 + 0im
    freq=10 polr=0 time=4020 dish=18 beam=5 Eval=-6 + 7im Aval=2 + 96im sval=9 Jval=-1 - 1im
    freq=18 polr=0 time=3122 dish=16 beam=5 Eval=4 - 2im Aval=73 + 45im sval=7 Jval=3 + 0im
    freq=29 polr=1 time=4874 dish=51 beam=2 Eval=5 - 1im Aval=17 + 31im sval=6 Jval=2 + 2im
    freq=126 polr=0 time=4421 dish=27 beam=8 Eval=0 + 6im Aval=125 + 104im sval=10 Jval=-1 + 1im
    freq=45 polr=0 time=460 dish=56 beam=2 Eval=-4 - 5im Aval=118 - 12im sval=8 Jval=-2 - 2im
    freq=107 polr=0 time=3878 dish=63 beam=14 Eval=5 - 1im Aval=100 - 32im sval=7 Jval=4 - 2im
    freq=76 polr=0 time=6298 dish=26 beam=4 Eval=-1 - 1im Aval=-49 + 25im sval=6 Jval=1 + 0im
    freq=109 polr=1 time=892 dish=3 beam=8 Eval=-1 + 2im Aval=93 - 72im sval=9 Jval=0 + 1im
    freq=16 polr=1 time=3980 dish=52 beam=12 Eval=3 + 5im Aval=46 - 88im sval=9 Jval=1 + 0im
    freq=108 polr=0 time=6229 dish=43 beam=3 Eval=-4 - 1im Aval=77 + 21im sval=6 Jval=-4 - 2im
    freq=74 polr=1 time=709 dish=1 beam=6 Eval=2 + 0im Aval=-40 - 80im sval=6 Jval=-1 - 2im
    freq=69 polr=1 time=7879 dish=60 beam=15 Eval=4 - 5im Aval=-29 - 69im sval=7 Jval=-4 - 1im
    freq=105 polr=1 time=2373 dish=49 beam=4 Eval=2 + 6im Aval=23 + 75im sval=6 Jval=-6 + 5im
    freq=87 polr=0 time=7989 dish=30 beam=15 Eval=-2 - 3im Aval=3 + 108im sval=8 Jval=1 - 1im
    freq=103 polr=0 time=949 dish=35 beam=5 Eval=7 + 7im Aval=-115 - 75im sval=8 Jval=-1 - 5im
    freq=93 polr=1 time=156 dish=5 beam=4 Eval=-4 - 3im Aval=58 - 25im sval=9 Jval=-1 + 0im
    freq=87 polr=0 time=6015 dish=30 beam=14 Eval=3 + 4im Aval=124 - 12im sval=9 Jval=1 + 1im
    freq=118 polr=1 time=7527 dish=45 beam=14 Eval=0 - 1im Aval=38 + 14im sval=4 Jval=1 - 2im
    freq=40 polr=0 time=3146 dish=18 beam=3 Eval=-7 - 4im Aval=86 + 56im sval=10 Jval=0 - 1im
    freq=30 polr=0 time=4660 dish=19 beam=13 Eval=-5 + 1im Aval=-16 - 41im sval=5 Jval=4 + 6im
    freq=126 polr=0 time=7361 dish=7 beam=7 Eval=2 + 5im Aval=-38 + 1im sval=7 Jval=-1 - 1im
    freq=117 polr=1 time=6942 dish=16 beam=7 Eval=3 - 1im Aval=0 + 75im sval=8 Jval=0 + 1im
    freq=103 polr=0 time=6403 dish=11 beam=2 Eval=7 - 5im Aval=61 + 88im sval=10 Jval=1 + 0im
    freq=73 polr=1 time=1918 dish=46 beam=6 Eval=4 - 4im Aval=-115 - 35im sval=7 Jval=-5 + 3im
    freq=65 polr=0 time=420 dish=63 beam=6 Eval=2 - 6im Aval=98 - 90im sval=8 Jval=-1 - 3im
    freq=126 polr=1 time=2555 dish=58 beam=2 Eval=-7 - 2im Aval=-44 - 96im sval=7 Jval=1 + 6im
    freq=10 polr=0 time=2830 dish=9 beam=6 Eval=3 + 4im Aval=5 + 7im sval=4 Jval=-1 + 3im
    freq=58 polr=1 time=2378 dish=6 beam=13 Eval=5 - 6im Aval=-60 + 16im sval=6 Jval=-3 + 7im
    freq=75 polr=1 time=5203 dish=12 beam=4 Eval=-7 + 5im Aval=-97 - 110im sval=8 Jval=5 + 1im
    freq=32 polr=1 time=5185 dish=39 beam=4 Eval=6 - 6im Aval=-38 - 44im sval=7 Jval=-4 + 0im
    freq=92 polr=1 time=6666 dish=43 beam=2 Eval=2 - 5im Aval=-15 - 19im sval=6 Jval=-2 + 1im
    freq=30 polr=0 time=4059 dish=26 beam=8 Eval=1 + 0im Aval=7 - 113im sval=7 Jval=0 - 1im
    freq=6 polr=0 time=62 dish=25 beam=7 Eval=-6 + 1im Aval=90 + 46im sval=10 Jval=-1 + 0im
    freq=62 polr=1 time=6025 dish=40 beam=0 Eval=-1 - 4im Aval=56 + 11im sval=5 Jval=0 - 7im
    freq=62 polr=0 time=1962 dish=31 beam=5 Eval=-4 - 6im Aval=55 - 104im sval=8 Jval=-3 + 0im
    freq=22 polr=1 time=956 dish=58 beam=11 Eval=5 + 0im Aval=-59 - 21im sval=6 Jval=-5 - 2im
    freq=18 polr=0 time=246 dish=0 beam=5 Eval=-5 - 4im Aval=116 - 87im sval=7 Jval=-7 + 0im
    freq=116 polr=1 time=3629 dish=63 beam=13 Eval=-6 + 4im Aval=-49 - 122im sval=8 Jval=3 + 2im
    freq=22 polr=0 time=5806 dish=0 beam=4 Eval=-3 + 7im Aval=88 - 85im sval=7 Jval=3 + 7im
    freq=3 polr=0 time=1952 dish=41 beam=1 Eval=1 - 3im Aval=51 + 63im sval=7 Jval=2 - 1im
    freq=93 polr=0 time=5346 dish=5 beam=2 Eval=-1 - 1im Aval=-101 - 77im sval=6 Jval=0 + 3im
    freq=13 polr=1 time=2185 dish=24 beam=12 Eval=-1 - 2im Aval=-61 - 47im sval=5 Jval=-1 + 5im
    freq=6 polr=0 time=5029 dish=31 beam=4 Eval=-1 + 6im Aval=-11 - 64im sval=8 Jval=2 + 0im
    freq=96 polr=0 time=582 dish=47 beam=13 Eval=-3 - 2im Aval=93 + 62im sval=9 Jval=0 - 1im
    freq=98 polr=0 time=7065 dish=32 beam=12 Eval=-5 + 5im Aval=-8 + 7im sval=6 Jval=0 - 1im
    freq=61 polr=1 time=4035 dish=58 beam=0 Eval=-5 + 6im Aval=102 - 3im sval=10 Jval=0 + 1im
    freq=18 polr=0 time=970 dish=5 beam=3 Eval=5 - 1im Aval=-36 - 22im sval=5 Jval=-6 - 2im
    freq=76 polr=0 time=7767 dish=20 beam=7 Eval=2 - 7im Aval=-81 - 97im sval=10 Jval=-1 + 0im
    freq=33 polr=1 time=6346 dish=38 beam=4 Eval=-2 + 3im Aval=8 - 95im sval=9 Jval=1 + 0im
    freq=63 polr=1 time=7617 dish=43 beam=9 Eval=-7 + 2im Aval=-108 + 71im sval=7 Jval=5 - 6im
    freq=95 polr=1 time=6040 dish=54 beam=15 Eval=-7 - 1im Aval=66 - 34im sval=9 Jval=-1 + 0im
    freq=26 polr=1 time=2029 dish=27 beam=9 Eval=7 + 6im Aval=32 - 35im sval=8 Jval=2 + 0im
    freq=105 polr=0 time=6903 dish=2 beam=9 Eval=-5 + 1im Aval=-106 + 55im sval=9 Jval=1 - 1im
    freq=78 polr=0 time=2873 dish=47 beam=7 Eval=-4 + 5im Aval=-92 + 22im sval=8 Jval=1 - 2im
    freq=36 polr=0 time=789 dish=21 beam=3 Eval=7 - 5im Aval=79 + 51im sval=7 Jval=6 + 0im
    freq=2 polr=1 time=6609 dish=38 beam=5 Eval=-6 - 5im Aval=41 - 32im sval=6 Jval=-6 + 0im
    freq=50 polr=0 time=1514 dish=52 beam=10 Eval=-5 - 6im Aval=99 + 105im sval=9 Jval=0 - 2im
    freq=90 polr=1 time=2226 dish=61 beam=15 Eval=7 + 2im Aval=-56 - 46im sval=9 Jval=-1 - 1im
    freq=11 polr=0 time=501 dish=13 beam=1 Eval=3 + 2im Aval=-36 - 125im sval=9 Jval=0 - 1im
    freq=32 polr=0 time=7062 dish=8 beam=2 Eval=0 + 2im Aval=60 - 47im sval=5 Jval=3 + 4im
    freq=115 polr=0 time=2248 dish=55 beam=1 Eval=-3 - 7im Aval=-20 - 5im sval=6 Jval=0 + 2im
    freq=24 polr=0 time=6720 dish=36 beam=7 Eval=-6 - 5im Aval=-21 + 78im sval=8 Jval=2 - 1im
    freq=118 polr=0 time=4621 dish=12 beam=15 Eval=2 + 5im Aval=-98 + 103im sval=9 Jval=-1 - 1im
    freq=57 polr=1 time=4909 dish=12 beam=11 Eval=7 + 4im Aval=-33 + 83im sval=9 Jval=-1 + 1im
    freq=89 polr=1 time=989 dish=0 beam=6 Eval=-7 - 6im Aval=-59 + 67im sval=8 Jval=3 + 0im
    freq=19 polr=1 time=5724 dish=47 beam=5 Eval=1 - 1im Aval=40 + 29im sval=7 Jval=1 + 0im
    freq=112 polr=1 time=5618 dish=58 beam=14 Eval=5 + 5im Aval=116 + 103im sval=10 Jval=0 + 1im
    freq=6 polr=0 time=3048 dish=60 beam=13 Eval=2 + 7im Aval=71 + 58im sval=9 Jval=-1 + 1im
    freq=87 polr=1 time=1772 dish=54 beam=0 Eval=0 + 7im Aval=50 - 97im sval=8 Jval=3 + 1im
    freq=6 polr=0 time=6672 dish=45 beam=4 Eval=-4 + 5im Aval=2 - 36im sval=8 Jval=1 + 1im
    freq=60 polr=0 time=5542 dish=24 beam=15 Eval=-4 - 3im Aval=-66 - 12im sval=8 Jval=1 + 1im
    freq=3 polr=0 time=3139 dish=7 beam=10 Eval=3 + 4im Aval=-66 + 83im sval=7 Jval=-4 + 0im
    freq=21 polr=0 time=1406 dish=63 beam=9 Eval=4 + 4im Aval=-3 + 105im sval=8 Jval=-2 + 2im
    freq=24 polr=0 time=1382 dish=0 beam=6 Eval=7 + 4im Aval=37 - 102im sval=8 Jval=3 - 2im
    freq=35 polr=1 time=1105 dish=22 beam=15 Eval=-3 + 2im Aval=31 + 58im sval=6 Jval=-3 - 2im
    freq=37 polr=1 time=2503 dish=7 beam=13 Eval=5 - 7im Aval=108 - 75im sval=11 Jval=0 - 1im
    freq=61 polr=0 time=2486 dish=53 beam=4 Eval=-5 + 4im Aval=-2 + 14im sval=6 Jval=-1 - 1im
    freq=71 polr=0 time=340 dish=2 beam=13 Eval=-6 + 5im Aval=126 + 66im sval=8 Jval=-4 + 1im
    freq=103 polr=1 time=7406 dish=36 beam=14 Eval=-4 - 7im Aval=8 - 85im sval=9 Jval=-1 + 1im
    freq=117 polr=0 time=4404 dish=62 beam=12 Eval=3 - 2im Aval=-105 - 34im sval=6 Jval=-6 + 2im
    freq=35 polr=0 time=7607 dish=21 beam=2 Eval=-5 + 4im Aval=39 - 26im sval=8 Jval=0 + 1im
    freq=109 polr=1 time=68 dish=23 beam=12 Eval=-5 + 5im Aval=44 + 119im sval=7 Jval=-6 - 3im
    freq=48 polr=0 time=3362 dish=4 beam=3 Eval=-3 + 4im Aval=-93 - 19im sval=8 Jval=1 - 1im
    freq=65 polr=0 time=3513 dish=61 beam=1 Eval=7 - 1im Aval=-52 - 101im sval=10 Jval=0 - 1im
    freq=126 polr=0 time=2647 dish=19 beam=3 Eval=2 + 0im Aval=4 + 24im sval=5 Jval=0 + 2im
    freq=98 polr=0 time=3671 dish=9 beam=8 Eval=5 + 3im Aval=-60 - 87im sval=7 Jval=0 - 5im
    freq=52 polr=1 time=2071 dish=24 beam=2 Eval=5 + 5im Aval=112 + 90im sval=8 Jval=0 + 4im
    freq=126 polr=1 time=6424 dish=30 beam=6 Eval=2 - 6im Aval=60 + 76im sval=10 Jval=1 + 0im
    freq=123 polr=0 time=3643 dish=52 beam=5 Eval=5 + 3im Aval=-91 - 15im sval=9 Jval=-1 - 1im
    freq=17 polr=1 time=7787 dish=62 beam=14 Eval=7 + 1im Aval=-94 + 11im sval=9 Jval=-1 + 0im
    freq=69 polr=0 time=7709 dish=13 beam=10 Eval=-6 + 6im Aval=-66 + 75im sval=7 Jval=0 - 7im
    freq=88 polr=1 time=5948 dish=63 beam=1 Eval=-7 + 5im Aval=116 + 89im sval=10 Jval=-1 + 0im
    freq=78 polr=1 time=3183 dish=36 beam=9 Eval=-7 + 5im Aval=-90 - 59im sval=9 Jval=2 + 0im
    freq=23 polr=1 time=938 dish=29 beam=10 Eval=-1 - 1im Aval=118 + 16im sval=7 Jval=-1 - 1im
    freq=66 polr=0 time=7143 dish=62 beam=15 Eval=6 - 7im Aval=105 - 45im sval=10 Jval=0 - 1im
    freq=83 polr=0 time=3135 dish=43 beam=6 Eval=1 + 0im Aval=6 - 80im sval=5 Jval=0 - 2im
    freq=115 polr=1 time=2742 dish=12 beam=10 Eval=1 - 6im Aval=120 + 124im sval=7 Jval=7 - 5im
    freq=38 polr=0 time=3889 dish=32 beam=10 Eval=-1 + 7im Aval=-71 + 35im sval=7 Jval=-1 - 4im
    freq=71 polr=1 time=5169 dish=45 beam=2 Eval=-3 + 4im Aval=65 - 45im sval=6 Jval=0 + 6im
    freq=106 polr=0 time=5038 dish=8 beam=12 Eval=7 - 2im Aval=-29 + 79im sval=10 Jval=0 + 1im
    freq=26 polr=0 time=5027 dish=7 beam=5 Eval=-1 - 3im Aval=34 - 109im sval=7 Jval=-3 + 0im
    freq=14 polr=0 time=3867 dish=37 beam=1 Eval=-4 - 6im Aval=-56 + 25im sval=8 Jval=1 + 1im
    freq=90 polr=0 time=6826 dish=44 beam=0 Eval=1 - 2im Aval=26 - 66im sval=5 Jval=-3 - 4im
    freq=69 polr=1 time=4782 dish=20 beam=15 Eval=2 + 3im Aval=-108 + 13im sval=7 Jval=-2 - 2im
    freq=44 polr=0 time=4676 dish=63 beam=6 Eval=5 + 7im Aval=-74 - 113im sval=9 Jval=1 - 2im
    freq=42 polr=0 time=1137 dish=23 beam=15 Eval=3 - 5im Aval=-76 - 53im sval=7 Jval=-4 + 2im
    freq=40 polr=0 time=7621 dish=39 beam=15 Eval=1 - 3im Aval=71 - 26im sval=6 Jval=0 - 4im
    freq=58 polr=1 time=2842 dish=3 beam=8 Eval=2 - 7im Aval=27 - 87im sval=10 Jval=-1 + 0im
    freq=122 polr=1 time=680 dish=44 beam=5 Eval=-2 + 3im Aval=94 - 32im sval=8 Jval=0 + 1im
    freq=111 polr=0 time=7902 dish=42 beam=10 Eval=-1 - 5im Aval=-35 - 45im sval=6 Jval=-3 + 3im
    freq=23 polr=1 time=1849 dish=1 beam=2 Eval=1 + 2im Aval=-110 - 94im sval=7 Jval=1 - 2im
    freq=106 polr=0 time=3104 dish=24 beam=3 Eval=3 - 1im Aval=-7 + 39im sval=5 Jval=1 + 4im
    freq=48 polr=1 time=6693 dish=18 beam=3 Eval=3 + 2im Aval=-7 + 23im sval=4 Jval=-4 + 4im
    freq=25 polr=0 time=8012 dish=6 beam=7 Eval=7 - 1im Aval=-41 - 7im sval=6 Jval=-5 + 0im
    freq=103 polr=1 time=6291 dish=40 beam=14 Eval=6 - 5im Aval=66 + 10im sval=9 Jval=1 - 1im
    freq=100 polr=1 time=2312 dish=46 beam=7 Eval=-3 + 2im Aval=-16 - 116im sval=6 Jval=4 + 5im
    freq=51 polr=0 time=552 dish=35 beam=10 Eval=5 + 1im Aval=-63 + 79im sval=8 Jval=-2 + 1im
    freq=7 polr=0 time=2886 dish=45 beam=0 Eval=-4 - 1im Aval=120 + 55im sval=9 Jval=-1 - 1im
    freq=49 polr=1 time=7969 dish=18 beam=6 Eval=-2 - 7im Aval=-73 - 124im sval=7 Jval=-6 + 6im
    freq=22 polr=0 time=477 dish=53 beam=10 Eval=6 + 6im Aval=118 - 107im sval=11 Jval=1 + 0im
    freq=24 polr=0 time=7822 dish=18 beam=7 Eval=6 - 5im Aval=-28 - 67im sval=8 Jval=-2 - 1im
    freq=122 polr=1 time=3960 dish=25 beam=5 Eval=4 + 6im Aval=-80 + 87im sval=8 Jval=-3 - 1im
    freq=90 polr=1 time=6420 dish=25 beam=1 Eval=-3 + 4im Aval=103 + 22im sval=6 Jval=-6 + 5im
    freq=56 polr=1 time=1796 dish=52 beam=7 Eval=6 - 4im Aval=3 - 71im sval=9 Jval=-1 - 1im
    freq=7 polr=1 time=4643 dish=24 beam=6 Eval=5 + 5im Aval=63 - 63im sval=8 Jval=2 + 0im
    freq=30 polr=0 time=3768 dish=6 beam=4 Eval=-5 + 7im Aval=-91 - 73im sval=10 Jval=1 + 0im
    freq=24 polr=0 time=6641 dish=33 beam=9 Eval=0 + 1im Aval=-63 + 82im sval=6 Jval=-1 - 1im
    freq=79 polr=1 time=7206 dish=15 beam=4 Eval=4 - 5im Aval=66 + 93im sval=9 Jval=1 + 0im
    freq=73 polr=1 time=7891 dish=7 beam=14 Eval=-7 - 3im Aval=99 + 1im sval=9 Jval=-1 - 1im
    freq=34 polr=1 time=3838 dish=31 beam=4 Eval=-6 - 4im Aval=-36 - 57im sval=8 Jval=0 + 2im
    freq=120 polr=0 time=6845 dish=14 beam=5 Eval=-4 - 3im Aval=68 - 41im sval=7 Jval=-3 + 0im
    freq=82 polr=1 time=1069 dish=48 beam=8 Eval=5 + 6im Aval=98 - 85im sval=10 Jval=1 + 0im
    freq=39 polr=1 time=4130 dish=11 beam=1 Eval=-5 + 6im Aval=-9 - 114im sval=10 Jval=1 + 1im
    freq=57 polr=0 time=3822 dish=15 beam=11 Eval=-5 + 7im Aval=49 + 60im sval=9 Jval=-1 + 0im
    freq=58 polr=1 time=7667 dish=3 beam=5 Eval=0 - 4im Aval=44 + 114im sval=8 Jval=2 - 1im
    freq=114 polr=0 time=2335 dish=39 beam=8 Eval=-2 - 7im Aval=85 - 33im sval=7 Jval=-3 - 4im
    freq=59 polr=1 time=573 dish=33 beam=13 Eval=5 - 1im Aval=-12 + 68im sval=6 Jval=0 + 6im
    freq=48 polr=1 time=2321 dish=27 beam=5 Eval=1 + 7im Aval=-102 - 88im sval=8 Jval=2 - 3im
    freq=43 polr=1 time=1115 dish=60 beam=4 Eval=-2 - 6im Aval=-40 - 31im sval=8 Jval=0 + 1im
    freq=10 polr=0 time=2531 dish=22 beam=15 Eval=6 + 2im Aval=45 - 90im sval=9 Jval=1 - 1im
    freq=10 polr=0 time=7552 dish=28 beam=3 Eval=-7 - 6im Aval=-46 - 74im sval=10 Jval=0 + 1im
    freq=125 polr=0 time=6117 dish=8 beam=3 Eval=0 + 3im Aval=106 - 40im sval=9 Jval=0 + 1im
    freq=13 polr=1 time=364 dish=19 beam=11 Eval=3 + 5im Aval=-76 + 32im sval=7 Jval=-3 - 2im
    freq=108 polr=0 time=247 dish=17 beam=13 Eval=7 + 2im Aval=34 + 111im sval=9 Jval=0 + 2im
    freq=17 polr=0 time=1143 dish=32 beam=1 Eval=2 + 6im Aval=88 + 117im sval=7 Jval=-4 + 6im
    freq=80 polr=1 time=7658 dish=35 beam=11 Eval=6 + 6im Aval=-42 - 39im sval=8 Jval=0 - 2im
    freq=108 polr=1 time=4773 dish=34 beam=12 Eval=-3 - 7im Aval=-73 + 40im sval=8 Jval=2 + 2im
    freq=95 polr=0 time=2213 dish=31 beam=15 Eval=1 - 1im Aval=-70 - 122im sval=8 Jval=-1 + 0im
    freq=74 polr=1 time=3270 dish=14 beam=13 Eval=2 + 6im Aval=117 - 77im sval=7 Jval=5 + 4im
    freq=23 polr=0 time=4404 dish=47 beam=8 Eval=-6 + 3im Aval=-100 + 7im sval=8 Jval=2 - 1im
    freq=106 polr=1 time=7792 dish=60 beam=10 Eval=-1 - 2im Aval=-41 - 64im sval=6 Jval=-1 + 2im
    freq=87 polr=0 time=5248 dish=27 beam=3 Eval=6 + 6im Aval=-72 - 73im sval=9 Jval=0 - 2im
    freq=75 polr=0 time=7724 dish=16 beam=12 Eval=-6 + 2im Aval=-83 + 28im sval=6 Jval=7 - 5im
    freq=69 polr=1 time=8040 dish=9 beam=15 Eval=2 + 2im Aval=19 - 43im sval=7 Jval=1 + 0im
    freq=64 polr=1 time=2117 dish=47 beam=6 Eval=-1 + 1im Aval=114 - 33im sval=8 Jval=0 + 1im
    freq=48 polr=0 time=432 dish=4 beam=0 Eval=1 - 3im Aval=16 - 8im sval=6 Jval=0 - 1im
    freq=96 polr=0 time=5217 dish=40 beam=4 Eval=6 + 0im Aval=91 + 44im sval=9 Jval=1 + 1im
    freq=63 polr=1 time=8139 dish=50 beam=1 Eval=3 - 3im Aval=76 + 85im sval=9 Jval=1 + 0im
    freq=51 polr=0 time=224 dish=45 beam=11 Eval=-7 - 2im Aval=-30 + 4im sval=8 Jval=1 + 0im
    freq=9 polr=1 time=4865 dish=31 beam=9 Eval=6 + 7im Aval=-126 - 89im sval=10 Jval=0 - 1im
    freq=18 polr=0 time=3732 dish=10 beam=5 Eval=2 - 2im Aval=27 - 26im sval=7 Jval=0 - 1im
    freq=112 polr=1 time=4650 dish=22 beam=0 Eval=1 + 5im Aval=-4 - 25im sval=5 Jval=4 - 1im
    freq=86 polr=0 time=1709 dish=30 beam=2 Eval=-3 - 2im Aval=-29 - 33im sval=8 Jval=0 + 1im
    freq=46 polr=0 time=7940 dish=41 beam=13 Eval=6 + 2im Aval=76 + 93im sval=7 Jval=2 + 6im
    freq=61 polr=0 time=2056 dish=58 beam=10 Eval=6 - 6im Aval=-53 + 97im sval=8 Jval=1 + 4im
    freq=69 polr=0 time=2617 dish=54 beam=5 Eval=-7 + 5im Aval=-88 + 53im sval=7 Jval=3 - 6im
    freq=92 polr=0 time=2708 dish=2 beam=8 Eval=-1 + 0im Aval=-15 + 120im sval=6 Jval=0 - 2im
    freq=34 polr=1 time=7069 dish=46 beam=15 Eval=6 - 2im Aval=-82 - 123im sval=7 Jval=-6 - 4im
    freq=20 polr=1 time=5337 dish=53 beam=14 Eval=2 + 3im Aval=-114 + 34im sval=8 Jval=-1 - 1im
    freq=27 polr=0 time=3350 dish=34 beam=13 Eval=-4 - 5im Aval=88 - 69im sval=7 Jval=-5 - 1im
    freq=0 polr=0 time=852 dish=11 beam=8 Eval=-2 - 5im Aval=-20 - 56im sval=5 Jval=-7 + 7im
    freq=12 polr=0 time=3668 dish=25 beam=6 Eval=5 - 3im Aval=-121 + 109im sval=9 Jval=-1 + 2im
    freq=83 polr=1 time=6656 dish=21 beam=11 Eval=5 + 2im Aval=7 + 89im sval=6 Jval=-2 + 7im
    freq=28 polr=0 time=2464 dish=38 beam=2 Eval=2 - 6im Aval=-1 + 51im sval=6 Jval=5 + 2im
    freq=31 polr=1 time=4928 dish=47 beam=10 Eval=-1 - 4im Aval=-113 - 17im sval=9 Jval=0 + 1im
    freq=48 polr=1 time=7371 dish=5 beam=1 Eval=-3 + 5im Aval=-118 - 43im sval=7 Jval=4 - 4im
    freq=73 polr=1 time=680 dish=15 beam=5 Eval=-2 - 2im Aval=7 - 105im sval=6 Jval=-3 + 3im
    freq=16 polr=1 time=6027 dish=13 beam=5 Eval=5 - 7im Aval=103 + 109im sval=8 Jval=5 - 1im
    freq=25 polr=0 time=426 dish=36 beam=10 Eval=-2 - 4im Aval=-123 - 55im sval=7 Jval=0 + 5im
    freq=54 polr=1 time=211 dish=20 beam=10 Eval=1 + 5im Aval=-106 - 6im sval=8 Jval=0 - 2im
    freq=22 polr=1 time=4343 dish=19 beam=6 Eval=-5 + 2im Aval=-81 - 39im sval=9 Jval=1 + 0im
    freq=31 polr=0 time=7728 dish=47 beam=3 Eval=5 - 6im Aval=120 + 106im sval=11 Jval=1 + 0im
    freq=83 polr=1 time=1029 dish=60 beam=13 Eval=0 - 6im Aval=41 - 105im sval=8 Jval=-2 - 1im
    freq=98 polr=1 time=5581 dish=33 beam=13 Eval=5 - 3im Aval=15 - 14im sval=4 Jval=2 - 7im
    freq=44 polr=0 time=1904 dish=40 beam=4 Eval=-5 - 5im Aval=37 - 4im sval=5 Jval=-6 - 5im
    freq=68 polr=1 time=4327 dish=0 beam=1 Eval=4 + 2im Aval=-13 - 62im sval=7 Jval=1 - 2im
    freq=57 polr=1 time=6434 dish=60 beam=9 Eval=5 + 2im Aval=-3 - 41im sval=8 Jval=0 - 1im
    freq=51 polr=1 time=342 dish=23 beam=7 Eval=5 - 2im Aval=72 + 99im sval=10 Jval=1 + 0im
    freq=91 polr=1 time=3501 dish=39 beam=7 Eval=7 - 3im Aval=-22 + 10im sval=6 Jval=-2 + 2im
    freq=36 polr=1 time=145 dish=8 beam=14 Eval=7 - 1im Aval=80 - 35im sval=8 Jval=2 - 1im
    freq=97 polr=1 time=702 dish=36 beam=14 Eval=-5 + 0im Aval=-127 + 47im sval=10 Jval=1 + 0im
    freq=125 polr=0 time=5209 dish=48 beam=13 Eval=4 - 6im Aval=54 + 98im sval=7 Jval=6 + 1im
    freq=8 polr=0 time=6120 dish=61 beam=11 Eval=3 - 3im Aval=119 - 37im sval=8 Jval=1 - 2im
    freq=31 polr=0 time=4290 dish=39 beam=15 Eval=0 - 4im Aval=-37 + 22im sval=7 Jval=1 + 1im
    freq=111 polr=0 time=6697 dish=21 beam=11 Eval=0 - 5im Aval=60 - 33im sval=6 Jval=-3 - 5im
    freq=3 polr=0 time=2195 dish=15 beam=4 Eval=7 + 6im Aval=-69 + 108im sval=10 Jval=-1 + 0im
    freq=45 polr=1 time=1610 dish=2 beam=2 Eval=-4 + 7im Aval=-47 - 108im sval=7 Jval=7 + 1im
    freq=28 polr=1 time=3195 dish=22 beam=12 Eval=4 + 1im Aval=118 - 16im sval=7 Jval=4 + 0im
    freq=107 polr=0 time=3317 dish=18 beam=14 Eval=-6 - 6im Aval=38 - 44im sval=7 Jval=-4 + 0im
    freq=80 polr=1 time=4852 dish=16 beam=11 Eval=-4 + 7im Aval=-21 + 124im sval=8 Jval=-3 - 3im
    freq=24 polr=0 time=444 dish=23 beam=8 Eval=0 + 1im Aval=-41 - 30im sval=5 Jval=1 - 1im
    freq=43 polr=0 time=7924 dish=32 beam=6 Eval=7 + 7im Aval=-105 - 50im sval=11 Jval=0 - 1im
    freq=23 polr=1 time=3329 dish=52 beam=13 Eval=-3 - 3im Aval=96 + 75im sval=7 Jval=0 - 4im
    freq=57 polr=0 time=403 dish=39 beam=5 Eval=4 - 4im Aval=75 + 11im sval=8 Jval=1 - 1im
    freq=69 polr=1 time=672 dish=46 beam=3 Eval=-6 + 7im Aval=42 - 43im sval=10 Jval=0 + 1im
    freq=36 polr=0 time=5605 dish=15 beam=13 Eval=3 + 1im Aval=31 + 38im sval=8 Jval=0 + 1im
    freq=96 polr=0 time=1026 dish=26 beam=14 Eval=-3 + 7im Aval=73 + 97im sval=10 Jval=-1 + 0im
    freq=1 polr=0 time=3865 dish=45 beam=11 Eval=-2 + 2im Aval=-15 - 107im sval=6 Jval=4 + 3im
    freq=37 polr=0 time=284 dish=4 beam=11 Eval=0 + 1im Aval=-117 - 22im sval=7 Jval=0 - 1im
    freq=81 polr=1 time=1441 dish=13 beam=2 Eval=-3 + 5im Aval=95 + 3im sval=8 Jval=-1 + 2im
    freq=107 polr=0 time=5022 dish=31 beam=13 Eval=1 + 4im Aval=-57 + 65im sval=7 Jval=-2 - 1im
    freq=9 polr=0 time=8074 dish=17 beam=10 Eval=-7 + 1im Aval=88 + 43im sval=9 Jval=-1 + 0im
    freq=87 polr=1 time=7788 dish=4 beam=7 Eval=1 - 6im Aval=-43 - 68im sval=9 Jval=-1 + 0im
    freq=10 polr=1 time=7937 dish=9 beam=3 Eval=2 + 4im Aval=-17 - 20im sval=4 Jval=3 - 7im
    freq=54 polr=0 time=4636 dish=8 beam=5 Eval=7 + 2im Aval=81 + 95im sval=8 Jval=1 + 3im
    freq=33 polr=0 time=6284 dish=58 beam=13 Eval=-1 - 4im Aval=69 - 70im sval=8 Jval=-1 - 1im
    freq=108 polr=1 time=5427 dish=15 beam=14 Eval=-4 + 1im Aval=-63 + 72im sval=8 Jval=1 - 1im
    freq=5 polr=1 time=7168 dish=14 beam=9 Eval=-2 + 4im Aval=89 + 62im sval=9 Jval=-1 + 0im
    freq=37 polr=1 time=5549 dish=55 beam=0 Eval=3 + 5im Aval=24 + 125im sval=10 Jval=-1 + 0im
    freq=64 polr=0 time=814 dish=23 beam=12 Eval=3 - 2im Aval=82 - 21im sval=7 Jval=2 - 2im
    freq=116 polr=1 time=211 dish=32 beam=5 Eval=6 - 6im Aval=24 - 16im sval=5 Jval=2 - 7im
    freq=66 polr=1 time=1362 dish=57 beam=13 Eval=-7 + 6im Aval=2 - 12im sval=6 Jval=1 + 2im
    freq=88 polr=1 time=4170 dish=46 beam=4 Eval=1 - 6im Aval=-58 + 73im sval=8 Jval=1 + 2im
    freq=79 polr=1 time=2136 dish=21 beam=1 Eval=5 + 2im Aval=5 - 70im sval=7 Jval=1 - 3im
    freq=40 polr=0 time=1494 dish=26 beam=11 Eval=4 - 4im Aval=-63 - 19im sval=8 Jval=-1 + 1im
    freq=90 polr=1 time=6688 dish=20 beam=1 Eval=2 + 3im Aval=7 + 57im sval=6 Jval=-2 + 2im
    freq=36 polr=0 time=6210 dish=20 beam=13 Eval=6 - 7im Aval=-33 + 78im sval=8 Jval=1 + 3im
    freq=16 polr=1 time=943 dish=26 beam=11 Eval=-7 + 6im Aval=94 - 98im sval=8 Jval=0 + 5im
    freq=14 polr=1 time=5324 dish=30 beam=5 Eval=1 - 5im Aval=100 - 73im sval=9 Jval=-1 - 1im
    freq=57 polr=0 time=4971 dish=12 beam=11 Eval=7 + 4im Aval=45 - 125im sval=9 Jval=2 - 1im
    freq=82 polr=1 time=4232 dish=14 beam=7 Eval=6 - 4im Aval=67 - 40im sval=8 Jval=1 - 2im
    freq=118 polr=0 time=711 dish=36 beam=4 Eval=0 + 6im Aval=-18 - 46im sval=7 Jval=2 - 1im
    freq=1 polr=0 time=2122 dish=44 beam=5 Eval=6 - 3im Aval=72 + 126im sval=7 Jval=6 + 4im
    freq=37 polr=0 time=7867 dish=32 beam=10 Eval=1 - 3im Aval=86 - 19im sval=9 Jval=0 - 1im
    freq=102 polr=1 time=7471 dish=49 beam=2 Eval=5 + 6im Aval=101 + 34im sval=7 Jval=2 + 6im
    freq=74 polr=1 time=98 dish=13 beam=10 Eval=2 + 5im Aval=48 - 23im sval=5 Jval=7 + 6im
    freq=2 polr=0 time=4267 dish=36 beam=5 Eval=-2 - 5im Aval=66 - 9im sval=6 Jval=-3 - 5im
    freq=70 polr=0 time=4625 dish=3 beam=3 Eval=2 + 7im Aval=120 + 116im sval=10 Jval=-1 + 1im
    freq=70 polr=0 time=1858 dish=5 beam=14 Eval=7 - 4im Aval=67 + 72im sval=8 Jval=3 + 1im
    freq=7 polr=0 time=831 dish=36 beam=10 Eval=-1 + 3im Aval=109 - 121im sval=7 Jval=2 + 4im
    freq=100 polr=0 time=2954 dish=0 beam=4 Eval=-5 + 6im Aval=-57 + 40im sval=8 Jval=0 - 2im
    freq=72 polr=0 time=4264 dish=62 beam=9 Eval=-5 - 7im Aval=-35 - 70im sval=10 Jval=0 + 1im
    freq=17 polr=1 time=840 dish=20 beam=4 Eval=5 + 0im Aval=-39 - 61im sval=6 Jval=-3 - 5im
    freq=7 polr=0 time=1368 dish=31 beam=12 Eval=1 - 1im Aval=27 + 125im sval=6 Jval=2 + 2im
    freq=25 polr=0 time=2507 dish=49 beam=13 Eval=6 - 7im Aval=-70 - 95im sval=11 Jval=-1 + 0im
    freq=9 polr=1 time=1427 dish=45 beam=6 Eval=0 - 5im Aval=105 + 105im sval=7 Jval=4 - 4im
    freq=88 polr=1 time=5332 dish=48 beam=4 Eval=7 + 5im Aval=124 + 119im sval=8 Jval=1 + 6im
    freq=124 polr=0 time=7995 dish=54 beam=14 Eval=2 - 1im Aval=126 - 76im sval=9 Jval=0 - 1im
    freq=39 polr=1 time=3086 dish=48 beam=7 Eval=1 - 2im Aval=76 + 78im sval=6 Jval=4 - 1im
    freq=4 polr=1 time=1073 dish=16 beam=10 Eval=-4 - 2im Aval=-39 + 95im sval=6 Jval=5 - 5im
    freq=95 polr=1 time=5004 dish=13 beam=12 Eval=2 - 7im Aval=-68 + 47im sval=10 Jval=0 + 1im
    freq=30 polr=1 time=4801 dish=37 beam=0 Eval=7 - 7im Aval=-91 - 72im sval=11 Jval=-1 + 0im
    freq=86 polr=0 time=7680 dish=45 beam=5 Eval=4 + 7im Aval=121 + 91im sval=10 Jval=0 + 1im
    freq=36 polr=1 time=1885 dish=40 beam=1 Eval=-3 + 2im Aval=84 - 26im sval=6 Jval=-3 + 4im
    freq=45 polr=0 time=2673 dish=6 beam=15 Eval=3 - 2im Aval=115 + 4im sval=7 Jval=3 - 2im
    freq=119 polr=0 time=4093 dish=25 beam=3 Eval=-5 - 6im Aval=-9 - 65im sval=8 Jval=-1 + 1im
    freq=101 polr=0 time=3989 dish=3 beam=11 Eval=2 - 1im Aval=29 - 54im sval=6 Jval=0 - 2im
    freq=48 polr=0 time=4554 dish=39 beam=10 Eval=0 + 6im Aval=-111 - 43im sval=8 Jval=1 - 3im
    freq=10 polr=1 time=7776 dish=3 beam=12 Eval=7 - 6im Aval=18 + 104im sval=9 Jval=1 + 1im
    freq=58 polr=1 time=7817 dish=45 beam=10 Eval=-4 + 3im Aval=108 - 126im sval=8 Jval=0 + 3im
    freq=56 polr=1 time=960 dish=31 beam=10 Eval=-3 + 3im Aval=-68 - 85im sval=7 Jval=4 + 0im
    freq=64 polr=0 time=7072 dish=14 beam=15 Eval=-7 + 3im Aval=1 + 77im sval=8 Jval=-1 - 2im
    freq=115 polr=1 time=7540 dish=28 beam=10 Eval=-4 + 0im Aval=-39 + 39im sval=7 Jval=1 - 1im
    freq=78 polr=1 time=1113 dish=45 beam=11 Eval=5 + 1im Aval=39 - 14im sval=7 Jval=2 + 0im
    freq=26 polr=1 time=3289 dish=18 beam=7 Eval=0 - 2im Aval=116 + 2im sval=5 Jval=0 - 7im
    freq=82 polr=1 time=3499 dish=38 beam=7 Eval=7 - 1im Aval=107 - 123im sval=8 Jval=2 - 4im
    freq=56 polr=0 time=5375 dish=60 beam=1 Eval=2 - 7im Aval=-123 + 96im sval=10 Jval=0 + 1im
    freq=87 polr=1 time=7689 dish=43 beam=13 Eval=3 - 6im Aval=-41 + 108im sval=10 Jval=1 + 1im
    freq=35 polr=0 time=2692 dish=52 beam=3 Eval=-1 - 2im Aval=71 - 38im sval=7 Jval=-1 - 1im
    freq=94 polr=1 time=5156 dish=44 beam=12 Eval=-7 + 4im Aval=66 + 2im sval=9 Jval=-1 + 0im
    freq=59 polr=0 time=2958 dish=10 beam=6 Eval=-1 + 5im Aval=-64 - 61im sval=7 Jval=3 - 2im
    freq=89 polr=0 time=5301 dish=36 beam=10 Eval=6 + 5im Aval=18 + 33im sval=7 Jval=0 + 2im
    freq=120 polr=1 time=5001 dish=52 beam=0 Eval=-7 + 1im Aval=73 + 0im sval=7 Jval=-4 + 1im
    freq=52 polr=1 time=2486 dish=61 beam=6 Eval=-1 + 3im Aval=-60 + 25im sval=7 Jval=0 - 2im
    freq=110 polr=1 time=4347 dish=39 beam=6 Eval=-1 + 2im Aval=32 + 1im sval=5 Jval=-1 + 2im
    freq=70 polr=0 time=6982 dish=34 beam=11 Eval=-3 - 5im Aval=124 + 107im sval=10 Jval=0 - 1im
    freq=63 polr=1 time=5696 dish=10 beam=8 Eval=-7 + 0im Aval=125 + 54im sval=9 Jval=-2 - 1im
    freq=49 polr=1 time=6496 dish=37 beam=6 Eval=-6 + 0im Aval=-38 - 43im sval=7 Jval=2 + 2im
    freq=124 polr=1 time=1586 dish=40 beam=4 Eval=-1 + 5im Aval=105 + 104im sval=8 Jval=-2 + 2im
    freq=16 polr=1 time=3012 dish=33 beam=15 Eval=-5 - 6im Aval=59 - 107im sval=10 Jval=-1 + 0im
    freq=90 polr=1 time=2249 dish=39 beam=8 Eval=6 + 4im Aval=-32 + 75im sval=8 Jval=-2 + 1im
    freq=50 polr=0 time=6719 dish=8 beam=3 Eval=0 - 5im Aval=3 + 58im sval=7 Jval=2 + 0im
    freq=15 polr=1 time=823 dish=38 beam=2 Eval=0 + 6im Aval=-125 - 88im sval=7 Jval=4 - 6im
    freq=95 polr=0 time=1482 dish=25 beam=9 Eval=7 + 1im Aval=-47 - 37im sval=7 Jval=-2 - 2im
    freq=61 polr=0 time=1347 dish=21 beam=0 Eval=4 + 5im Aval=-19 - 62im sval=9 Jval=0 - 1im
    freq=100 polr=1 time=7659 dish=51 beam=14 Eval=-2 - 2im Aval=-99 - 45im sval=8 Jval=0 + 1im
    freq=87 polr=0 time=5291 dish=55 beam=6 Eval=-4 + 4im Aval=85 + 17im sval=8 Jval=-2 + 1im
    freq=29 polr=1 time=1344 dish=38 beam=2 Eval=4 + 5im Aval=42 + 12im sval=6 Jval=2 + 4im
    freq=46 polr=1 time=5340 dish=1 beam=14 Eval=-2 - 5im Aval=-3 - 44im sval=5 Jval=-7 + 3im
    freq=107 polr=1 time=4675 dish=5 beam=13 Eval=5 + 5im Aval=-92 + 31im sval=8 Jval=-2 - 1im
    freq=119 polr=0 time=7048 dish=51 beam=4 Eval=2 + 3im Aval=-40 - 87im sval=8 Jval=1 - 1im
    freq=68 polr=1 time=537 dish=5 beam=5 Eval=-5 + 5im Aval=-73 - 14im sval=7 Jval=3 - 2im
    freq=6 polr=0 time=1730 dish=20 beam=3 Eval=-5 + 5im Aval=-72 - 42im sval=8 Jval=2 - 1im
    freq=2 polr=1 time=4119 dish=30 beam=1 Eval=1 + 7im Aval=10 - 14im sval=6 Jval=2 + 1im
    freq=99 polr=1 time=2867 dish=34 beam=11 Eval=-6 + 6im Aval=87 + 100im sval=8 Jval=-4 + 0im
    freq=111 polr=1 time=6784 dish=19 beam=11 Eval=7 - 2im Aval=95 + 2im sval=7 Jval=5 - 1im
    freq=124 polr=1 time=7737 dish=55 beam=10 Eval=-7 + 0im Aval=-87 - 53im sval=10 Jval=1 + 0im
    freq=62 polr=0 time=554 dish=44 beam=11 Eval=2 + 2im Aval=105 - 13im sval=5 Jval=7 + 6im
    freq=120 polr=0 time=1940 dish=16 beam=0 Eval=-7 + 2im Aval=-116 + 53im sval=9 Jval=1 - 1im
    freq=48 polr=0 time=1361 dish=44 beam=3 Eval=-3 + 4im Aval=-36 - 105im sval=8 Jval=2 + 1im
    freq=23 polr=0 time=1243 dish=44 beam=8 Eval=-1 - 5im Aval=-28 + 28im sval=8 Jval=1 + 0im
    freq=81 polr=1 time=979 dish=57 beam=15 Eval=5 + 0im Aval=55 - 62im sval=9 Jval=1 - 1im
    freq=78 polr=0 time=6718 dish=45 beam=2 Eval=0 + 6im Aval=-49 + 82im sval=7 Jval=-4 - 2im
    freq=16 polr=1 time=7658 dish=5 beam=3 Eval=7 + 5im Aval=-30 + 114im sval=10 Jval=-1 + 1im
    freq=35 polr=1 time=3176 dish=17 beam=6 Eval=-7 - 2im Aval=88 + 122im sval=9 Jval=-1 - 2im
    freq=103 polr=0 time=1409 dish=55 beam=14 Eval=1 - 5im Aval=-18 + 110im sval=8 Jval=2 + 1im
    freq=76 polr=1 time=1133 dish=24 beam=14 Eval=-2 - 4im Aval=110 + 54im sval=9 Jval=0 - 1im
    freq=107 polr=1 time=1919 dish=31 beam=11 Eval=1 - 5im Aval=115 - 98im sval=8 Jval=-1 - 3im
    freq=62 polr=1 time=7998 dish=53 beam=8 Eval=-6 + 2im Aval=-10 + 116im sval=7 Jval=-1 - 6im
    freq=82 polr=0 time=7646 dish=17 beam=2 Eval=7 + 5im Aval=37 + 86im sval=8 Jval=-1 + 3im
    freq=95 polr=1 time=7600 dish=58 beam=3 Eval=2 + 2im Aval=112 + 19im sval=8 Jval=1 + 1im
    freq=44 polr=1 time=2455 dish=29 beam=14 Eval=-4 - 5im Aval=18 - 116im sval=9 Jval=-1 + 1im
    freq=80 polr=1 time=4116 dish=28 beam=3 Eval=-4 + 5im Aval=53 - 24im sval=8 Jval=0 + 1im
    freq=97 polr=0 time=6383 dish=19 beam=9 Eval=3 - 7im Aval=19 - 92im sval=9 Jval=-1 - 1im
    freq=93 polr=0 time=3971 dish=0 beam=3 Eval=0 + 6im Aval=-49 + 44im sval=6 Jval=-4 - 5im
    freq=111 polr=1 time=3042 dish=39 beam=2 Eval=5 + 1im Aval=122 - 20im sval=9 Jval=1 + 0im
    freq=15 polr=1 time=2290 dish=56 beam=0 Eval=5 - 6im Aval=-62 - 24im sval=8 Jval=-2 + 1im
    freq=93 polr=1 time=6875 dish=45 beam=12 Eval=-3 + 5im Aval=115 - 14im sval=7 Jval=-2 + 5im
    freq=110 polr=0 time=3264 dish=63 beam=14 Eval=-5 - 1im Aval=-37 - 117im sval=7 Jval=1 + 5im
    freq=104 polr=0 time=923 dish=51 beam=8 Eval=5 + 2im Aval=8 + 108im sval=9 Jval=0 + 1im
    freq=108 polr=1 time=7124 dish=30 beam=14 Eval=7 + 5im Aval=38 + 6im sval=8 Jval=1 + 1im
    freq=115 polr=1 time=1159 dish=6 beam=11 Eval=-2 - 5im Aval=-8 - 11im sval=4 Jval=-2 + 4im
    freq=35 polr=1 time=7524 dish=31 beam=8 Eval=7 + 2im Aval=122 - 18im sval=9 Jval=2 + 0im
    freq=3 polr=0 time=4293 dish=47 beam=2 Eval=-7 - 4im Aval=-79 + 74im sval=9 Jval=2 + 0im
    freq=111 polr=1 time=6127 dish=20 beam=12 Eval=2 + 4im Aval=41 + 77im sval=7 Jval=-2 + 3im
    freq=46 polr=1 time=3275 dish=54 beam=8 Eval=-2 + 5im Aval=110 - 98im sval=7 Jval=2 + 6im
    freq=48 polr=1 time=3518 dish=21 beam=2 Eval=1 + 5im Aval=20 - 29im sval=6 Jval=3 + 1im
    freq=99 polr=1 time=3634 dish=40 beam=14 Eval=-6 + 2im Aval=-122 + 25im sval=9 Jval=1 - 1im
    freq=1 polr=1 time=466 dish=16 beam=4 Eval=-3 + 5im Aval=114 - 58im sval=9 Jval=0 + 1im
    freq=15 polr=0 time=5005 dish=46 beam=10 Eval=-7 + 5im Aval=-113 - 124im sval=10 Jval=1 + 0im
    freq=47 polr=0 time=3687 dish=2 beam=14 Eval=-7 + 3im Aval=-25 + 16im sval=7 Jval=1 - 1im
    freq=21 polr=0 time=7586 dish=45 beam=2 Eval=-5 - 2im Aval=93 + 108im sval=10 Jval=0 - 1im
    freq=32 polr=0 time=5558 dish=48 beam=11 Eval=-1 - 1im Aval=121 + 99im sval=6 Jval=0 - 3im
    freq=113 polr=0 time=5507 dish=34 beam=4 Eval=3 - 4im Aval=12 - 79im sval=9 Jval=-1 - 1im
    freq=50 polr=0 time=6814 dish=27 beam=15 Eval=-5 + 7im Aval=-90 - 68im sval=10 Jval=1 + 0im
    freq=106 polr=0 time=2604 dish=43 beam=12 Eval=-7 + 6im Aval=79 + 102im sval=10 Jval=-1 + 0im
    freq=115 polr=0 time=7323 dish=53 beam=3 Eval=-1 - 7im Aval=66 + 50im sval=8 Jval=1 - 2im
    freq=48 polr=0 time=5978 dish=13 beam=12 Eval=-4 + 3im Aval=92 - 126im sval=7 Jval=0 + 6im
    freq=119 polr=1 time=5648 dish=37 beam=12 Eval=4 - 5im Aval=-107 + 21im sval=8 Jval=-1 + 2im
    freq=100 polr=0 time=3853 dish=46 beam=4 Eval=-3 + 5im Aval=121 - 38im sval=8 Jval=-1 + 3im
    freq=108 polr=0 time=989 dish=1 beam=6 Eval=-1 + 6im Aval=-107 - 53im sval=7 Jval=3 - 5im
    freq=15 polr=1 time=5469 dish=27 beam=0 Eval=4 + 7im Aval=-51 + 6im sval=8 Jval=-1 - 1im
    freq=112 polr=0 time=2891 dish=5 beam=14 Eval=-6 - 3im Aval=-9 + 35im sval=7 Jval=1 - 1im
    freq=2 polr=1 time=7306 dish=51 beam=15 Eval=-3 + 1im Aval=40 + 49im sval=7 Jval=-1 - 1im
    freq=107 polr=1 time=6520 dish=9 beam=11 Eval=2 - 7im Aval=100 + 118im sval=8 Jval=4 - 2im
    freq=73 polr=0 time=3798 dish=10 beam=0 Eval=5 - 2im Aval=-17 - 12im sval=7 Jval=-1 + 0im
    freq=98 polr=1 time=199 dish=30 beam=7 Eval=0 + 4im Aval=-68 + 75im sval=7 Jval=-2 - 2im
    freq=65 polr=0 time=6602 dish=62 beam=8 Eval=-2 + 3im Aval=92 - 50im sval=7 Jval=0 + 3im
    freq=29 polr=1 time=4758 dish=40 beam=2 Eval=-3 + 4im Aval=-66 - 18im sval=6 Jval=4 - 3im
    freq=0 polr=1 time=1400 dish=30 beam=2 Eval=-5 + 0im Aval=-100 + 117im sval=8 Jval=2 - 2im
    freq=105 polr=0 time=7354 dish=16 beam=0 Eval=4 + 0im Aval=-80 + 11im sval=9 Jval=-1 + 0im
    freq=101 polr=0 time=712 dish=40 beam=14 Eval=4 + 4im Aval=7 + 0im sval=5 Jval=1 + 1im
    freq=76 polr=1 time=7884 dish=47 beam=14 Eval=-7 + 6im Aval=-114 - 40im sval=9 Jval=2 - 1im
    freq=24 polr=1 time=4243 dish=12 beam=8 Eval=3 + 3im Aval=-95 - 123im sval=9 Jval=0 - 1im
    freq=119 polr=0 time=5605 dish=3 beam=8 Eval=6 - 6im Aval=109 + 24im sval=8 Jval=3 - 2im
    freq=75 polr=0 time=2006 dish=17 beam=4 Eval=-5 - 6im Aval=-73 - 119im sval=11 Jval=0 + 1im
    freq=125 polr=0 time=3797 dish=13 beam=12 Eval=2 + 2im Aval=-29 + 110im sval=7 Jval=-2 + 1im
    freq=116 polr=0 time=7183 dish=48 beam=0 Eval=6 + 0im Aval=-105 - 104im sval=9 Jval=-1 - 1im
    freq=86 polr=1 time=3354 dish=60 beam=7 Eval=-4 + 3im Aval=-63 + 122im sval=7 Jval=-1 - 5im
    freq=125 polr=0 time=6271 dish=34 beam=3 Eval=-6 - 7im Aval=127 + 33im sval=9 Jval=-1 - 2im
    freq=46 polr=1 time=1897 dish=44 beam=6 Eval=-3 + 6im Aval=-71 - 117im sval=7 Jval=7 - 1im
    freq=59 polr=0 time=4427 dish=3 beam=4 Eval=-2 + 5im Aval=114 + 84im sval=9 Jval=-1 + 1im
    freq=51 polr=1 time=7211 dish=37 beam=14 Eval=5 + 6im Aval=-74 + 70im sval=7 Jval=-6 - 1im
    freq=6 polr=1 time=5782 dish=2 beam=4 Eval=6 - 2im Aval=28 + 91im sval=8 Jval=1 + 2im
    freq=95 polr=0 time=2624 dish=50 beam=9 Eval=-4 + 0im Aval=-105 + 53im sval=7 Jval=3 - 2im
    freq=99 polr=1 time=4359 dish=30 beam=9 Eval=-7 - 7im Aval=27 - 63im sval=8 Jval=-2 + 1im
    freq=82 polr=0 time=6717 dish=43 beam=11 Eval=-2 + 7im Aval=78 + 1im sval=9 Jval=0 + 1im
    freq=77 polr=0 time=6756 dish=14 beam=8 Eval=7 - 6im Aval=51 - 32im sval=8 Jval=1 - 2im
    freq=40 polr=1 time=6507 dish=23 beam=2 Eval=1 + 6im Aval=101 + 47im sval=7 Jval=-1 + 5im
    freq=72 polr=0 time=564 dish=11 beam=11 Eval=-6 + 7im Aval=-85 + 112im sval=9 Jval=-1 - 2im
    freq=50 polr=1 time=3422 dish=21 beam=6 Eval=0 + 6im Aval=7 + 28im sval=6 Jval=-3 + 1im
    freq=123 polr=0 time=6637 dish=61 beam=5 Eval=-7 + 6im Aval=-84 - 46im sval=9 Jval=2 + 0im
    freq=93 polr=0 time=6865 dish=52 beam=9 Eval=2 - 6im Aval=-100 + 91im sval=9 Jval=1 + 2im
    freq=94 polr=1 time=1395 dish=21 beam=3 Eval=1 - 4im Aval=3 - 109im sval=8 Jval=-2 + 0im
    freq=80 polr=0 time=1440 dish=26 beam=0 Eval=3 + 0im Aval=-107 + 105im sval=7 Jval=-2 + 2im
    freq=74 polr=0 time=6055 dish=43 beam=13 Eval=-3 + 6im Aval=112 + 40im sval=9 Jval=-1 + 1im
    freq=17 polr=1 time=4512 dish=62 beam=0 Eval=0 - 7im Aval=-38 + 32im sval=9 Jval=0 + 1im
    freq=31 polr=1 time=6912 dish=29 beam=11 Eval=0 + 2im Aval=-13 + 21im sval=4 Jval=-2 - 1im
    freq=88 polr=0 time=2294 dish=57 beam=5 Eval=1 + 7im Aval=0 - 18im sval=6 Jval=2 + 0im
    freq=123 polr=1 time=8019 dish=11 beam=5 Eval=7 + 6im Aval=-34 + 118im sval=7 Jval=-7 + 5im
    freq=86 polr=1 time=2704 dish=53 beam=0 Eval=1 + 1im Aval=66 + 100im sval=5 Jval=-1 + 5im
    freq=41 polr=1 time=1743 dish=47 beam=14 Eval=-2 + 4im Aval=126 - 52im sval=7 Jval=0 + 5im
    freq=79 polr=1 time=2216 dish=25 beam=6 Eval=7 + 1im Aval=-46 + 63im sval=6 Jval=-6 + 6im
    freq=98 polr=0 time=4677 dish=49 beam=1 Eval=-6 + 4im Aval=-33 + 57im sval=7 Jval=0 - 4im
    freq=66 polr=0 time=4264 dish=54 beam=12 Eval=6 - 4im Aval=72 - 10im sval=6 Jval=6 - 5im
    freq=58 polr=1 time=4754 dish=20 beam=11 Eval=4 + 6im Aval=-114 - 100im sval=11 Jval=0 - 1im
    freq=79 polr=1 time=2603 dish=20 beam=4 Eval=6 + 0im Aval=-95 + 116im sval=9 Jval=-1 + 1im
    freq=28 polr=0 time=6565 dish=51 beam=14 Eval=-4 - 4im Aval=85 + 95im sval=9 Jval=0 - 1im
    freq=20 polr=1 time=253 dish=22 beam=8 Eval=-3 + 4im Aval=-18 + 121im sval=6 Jval=-7 - 7im
    freq=10 polr=0 time=2914 dish=17 beam=8 Eval=3 + 4im Aval=24 + 34im sval=7 Jval=0 + 2im
    freq=26 polr=1 time=5233 dish=37 beam=1 Eval=-5 - 3im Aval=-115 - 122im sval=7 Jval=2 + 7im
    freq=11 polr=1 time=7192 dish=31 beam=14 Eval=3 - 1im Aval=-96 - 56im sval=9 Jval=-1 + 0im
    freq=70 polr=0 time=2302 dish=16 beam=5 Eval=-4 + 0im Aval=-41 - 119im sval=8 Jval=1 + 2im
    freq=59 polr=0 time=4601 dish=50 beam=0 Eval=2 + 4im Aval=70 + 57im sval=6 Jval=-1 + 6im
    freq=75 polr=0 time=6518 dish=43 beam=5 Eval=1 - 1im Aval=-8 - 92im sval=5 Jval=-3 - 3im
    freq=44 polr=1 time=177 dish=13 beam=0 Eval=-7 + 5im Aval=-103 - 115im sval=8 Jval=5 + 1im
    freq=0 polr=0 time=4074 dish=30 beam=10 Eval=5 + 3im Aval=3 + 60im sval=8 Jval=-1 + 1im
    freq=118 polr=0 time=129 dish=31 beam=15 Eval=4 - 4im Aval=-37 - 42im sval=9 Jval=-1 + 0im
    freq=10 polr=0 time=4724 dish=10 beam=4 Eval=-5 - 3im Aval=4 + 80im sval=9 Jval=0 - 1im
    freq=117 polr=1 time=1166 dish=22 beam=11 Eval=7 - 4im Aval=-73 - 93im sval=9 Jval=-2 - 1im
    freq=117 polr=1 time=617 dish=61 beam=6 Eval=-4 - 1im Aval=-121 - 36im sval=7 Jval=4 + 2im
    freq=117 polr=1 time=5877 dish=12 beam=5 Eval=6 - 1im Aval=-90 + 124im sval=8 Jval=-2 + 3im
    freq=105 polr=1 time=7963 dish=21 beam=8 Eval=-4 - 7im Aval=93 + 57im sval=7 Jval=0 - 7im
    freq=30 polr=1 time=3466 dish=56 beam=11 Eval=5 - 7im Aval=16 - 112im sval=10 Jval=-1 - 1im
    freq=46 polr=1 time=4458 dish=52 beam=6 Eval=-3 + 4im Aval=-92 + 93im sval=7 Jval=-1 - 5im
    freq=77 polr=0 time=3690 dish=13 beam=8 Eval=-7 + 3im Aval=-75 + 121im sval=8 Jval=1 - 4im
    freq=41 polr=0 time=2798 dish=10 beam=12 Eval=-1 - 6im Aval=46 - 78im sval=9 Jval=-1 + 0im
    freq=29 polr=0 time=615 dish=53 beam=10 Eval=0 - 5im Aval=-24 - 44im sval=8 Jval=-1 + 0im
    freq=34 polr=0 time=6770 dish=30 beam=7 Eval=6 - 3im Aval=2 - 88im sval=7 Jval=-2 - 4im
    freq=51 polr=0 time=1799 dish=18 beam=5 Eval=3 - 4im Aval=-27 - 63im sval=8 Jval=-1 + 0im
    freq=70 polr=0 time=2663 dish=41 beam=11 Eval=-6 + 3im Aval=120 + 35im sval=10 Jval=-1 + 0im
    freq=0 polr=1 time=4188 dish=47 beam=10 Eval=-4 - 1im Aval=-91 + 79im sval=7 Jval=3 - 2im
    freq=93 polr=1 time=7005 dish=15 beam=5 Eval=-4 + 6im Aval=-31 + 48im sval=8 Jval=-1 - 1im
    freq=112 polr=0 time=3950 dish=13 beam=3 Eval=-5 - 1im Aval=-111 + 110im sval=9 Jval=1 - 1im
    freq=112 polr=0 time=2600 dish=30 beam=14 Eval=1 - 4im Aval=-100 - 69im sval=7 Jval=-3 + 3im
    freq=53 polr=0 time=4416 dish=35 beam=5 Eval=3 + 2im Aval=-104 - 127im sval=7 Jval=0 - 5im
    freq=96 polr=1 time=115 dish=31 beam=1 Eval=-4 + 4im Aval=87 + 122im sval=8 Jval=-3 - 1im
    freq=68 polr=1 time=4960 dish=60 beam=1 Eval=-5 + 3im Aval=-13 + 109im sval=7 Jval=-2 - 5im
    freq=15 polr=0 time=7936 dish=34 beam=5 Eval=4 - 1im Aval=-39 + 12im sval=5 Jval=-4 + 3im
    freq=46 polr=1 time=3654 dish=49 beam=8 Eval=2 + 3im Aval=65 + 76im sval=7 Jval=-1 + 3im
    freq=28 polr=0 time=4293 dish=55 beam=8 Eval=5 + 3im Aval=-105 - 73im sval=7 Jval=-2 - 5im
    freq=54 polr=1 time=209 dish=10 beam=6 Eval=6 - 1im Aval=-19 + 46im sval=9 Jval=0 + 1im
    freq=95 polr=0 time=4479 dish=16 beam=13 Eval=2 - 5im Aval=87 + 67im sval=7 Jval=4 - 2im
    freq=115 polr=1 time=7706 dish=36 beam=0 Eval=-2 + 4im Aval=-87 + 99im sval=8 Jval=-1 - 2im
    freq=29 polr=1 time=5204 dish=29 beam=9 Eval=5 + 3im Aval=-117 + 83im sval=10 Jval=-1 + 0im
    freq=86 polr=1 time=3092 dish=14 beam=2 Eval=1 + 3im Aval=-43 - 78im sval=5 Jval=6 - 6im
    freq=73 polr=1 time=389 dish=46 beam=14 Eval=3 + 4im Aval=-81 + 97im sval=9 Jval=-1 + 0im
    freq=77 polr=1 time=1945 dish=27 beam=15 Eval=1 - 1im Aval=-10 - 58im sval=5 Jval=-2 - 1im
    freq=19 polr=0 time=8092 dish=47 beam=10 Eval=6 - 3im Aval=-83 - 34im sval=7 Jval=-5 + 0im
    freq=28 polr=1 time=2470 dish=16 beam=5 Eval=2 + 6im Aval=-41 + 81im sval=8 Jval=-2 + 0im
    freq=87 polr=0 time=27 dish=11 beam=0 Eval=5 + 3im Aval=-120 - 40im sval=8 Jval=-2 - 2im
    freq=62 polr=1 time=5268 dish=22 beam=7 Eval=-2 - 5im Aval=-19 + 87im sval=9 Jval=1 + 0im
    freq=62 polr=1 time=7989 dish=53 beam=5 Eval=7 - 1im Aval=-123 - 90im sval=10 Jval=-1 + 0im
    freq=92 polr=0 time=7223 dish=27 beam=0 Eval=-5 + 3im Aval=52 + 40im sval=8 Jval=-1 + 0im
    freq=111 polr=0 time=3858 dish=20 beam=8 Eval=-4 + 5im Aval=25 + 2im sval=6 Jval=-2 + 2im
    freq=90 polr=1 time=1815 dish=18 beam=15 Eval=7 - 7im Aval=118 + 98im sval=9 Jval=3 + 0im
    freq=101 polr=0 time=932 dish=26 beam=3 Eval=1 + 3im Aval=108 + 33im sval=8 Jval=0 + 1im
    freq=12 polr=1 time=893 dish=46 beam=5 Eval=-4 + 4im Aval=-88 - 121im sval=10 Jval=1 + 0im
    freq=45 polr=0 time=1142 dish=10 beam=1 Eval=-7 - 2im Aval=-115 + 93im sval=9 Jval=2 - 1im
    freq=5 polr=1 time=7678 dish=11 beam=2 Eval=6 - 6im Aval=-117 - 87im sval=10 Jval=-1 + 0im
    freq=79 polr=0 time=415 dish=38 beam=10 Eval=3 - 1im Aval=103 + 17im sval=7 Jval=3 + 0im
    freq=23 polr=1 time=5306 dish=36 beam=6 Eval=-7 - 3im Aval=85 + 121im sval=10 Jval=0 - 1im
    freq=7 polr=0 time=2374 dish=48 beam=0 Eval=4 + 0im Aval=60 - 123im sval=9 Jval=0 - 1im
    freq=24 polr=1 time=1590 dish=10 beam=15 Eval=5 - 2im Aval=20 - 110im sval=8 Jval=0 - 2im
    freq=95 polr=1 time=547 dish=27 beam=10 Eval=-2 + 2im Aval=-7 - 108im sval=5 Jval=7 + 6im
    freq=72 polr=0 time=7763 dish=51 beam=11 Eval=6 - 5im Aval=-122 + 76im sval=9 Jval=-1 + 2im
    freq=9 polr=0 time=487 dish=49 beam=8 Eval=-4 + 7im Aval=15 - 50im sval=9 Jval=1 + 1im
    freq=3 polr=1 time=193 dish=37 beam=14 Eval=5 - 7im Aval=0 - 32im sval=7 Jval=-2 - 1im
    freq=86 polr=0 time=2469 dish=57 beam=8 Eval=-5 + 7im Aval=12 + 73im sval=8 Jval=-2 - 1im
    freq=73 polr=0 time=202 dish=52 beam=4 Eval=-6 + 3im Aval=-80 + 78im sval=8 Jval=1 - 3im
    freq=93 polr=1 time=3842 dish=33 beam=9 Eval=-7 - 7im Aval=105 - 113im sval=9 Jval=-3 + 0im
    freq=94 polr=1 time=7165 dish=44 beam=14 Eval=-2 - 3im Aval=100 - 17im sval=9 Jval=0 - 1im
    freq=102 polr=1 time=3165 dish=40 beam=4 Eval=-5 + 5im Aval=96 + 94im sval=10 Jval=-1 + 0im
    freq=109 polr=1 time=3126 dish=32 beam=4 Eval=6 - 3im Aval=74 + 59im sval=9 Jval=1 + 0im
    freq=36 polr=1 time=6744 dish=30 beam=14 Eval=-6 + 4im Aval=-85 - 63im sval=8 Jval=3 + 0im
    freq=97 polr=1 time=3251 dish=12 beam=5 Eval=-3 - 1im Aval=3 + 105im sval=9 Jval=0 - 1im
    freq=40 polr=0 time=7450 dish=37 beam=9 Eval=-7 - 3im Aval=-74 - 45im sval=8 Jval=2 + 2im
    freq=0 polr=0 time=3003 dish=62 beam=10 Eval=6 + 4im Aval=91 - 58im sval=8 Jval=3 + 0im
    freq=50 polr=0 time=743 dish=34 beam=10 Eval=7 - 4im Aval=-39 + 114im sval=9 Jval=0 + 2im
    freq=69 polr=1 time=3536 dish=2 beam=15 Eval=-7 + 4im Aval=-63 - 65im sval=7 Jval=5 + 2im
    freq=7 polr=0 time=3493 dish=5 beam=4 Eval=-4 - 6im Aval=27 - 52im sval=8 Jval=-2 + 0im
    freq=52 polr=1 time=3178 dish=45 beam=4 Eval=4 + 4im Aval=-7 - 13im sval=4 Jval=2 - 5im
    freq=107 polr=0 time=2578 dish=43 beam=3 Eval=1 - 1im Aval=27 + 60im sval=6 Jval=1 + 1im
    freq=5 polr=0 time=7812 dish=24 beam=8 Eval=5 - 2im Aval=90 + 69im sval=10 Jval=1 + 0im
    freq=69 polr=0 time=3669 dish=11 beam=7 Eval=-7 + 2im Aval=-47 + 75im sval=8 Jval=1 - 2im
    freq=71 polr=1 time=6260 dish=27 beam=6 Eval=6 - 3im Aval=85 - 1im sval=9 Jval=1 - 1im
    freq=62 polr=0 time=6294 dish=58 beam=7 Eval=-4 - 4im Aval=46 + 84im sval=9 Jval=0 - 1im
    freq=92 polr=1 time=3729 dish=6 beam=12 Eval=2 - 5im Aval=-35 + 91im sval=9 Jval=1 + 1im
    freq=104 polr=0 time=2236 dish=58 beam=5 Eval=5 + 2im Aval=112 - 68im sval=10 Jval=1 + 0im
    freq=103 polr=0 time=4063 dish=25 beam=13 Eval=-5 - 3im Aval=-84 + 71im sval=8 Jval=2 + 0im
    freq=102 polr=1 time=3722 dish=50 beam=14 Eval=-5 + 5im Aval=-40 + 16im sval=6 Jval=2 - 4im
    freq=96 polr=0 time=4488 dish=7 beam=7 Eval=0 - 7im Aval=-118 + 28im sval=8 Jval=1 + 3im
    freq=103 polr=1 time=1361 dish=11 beam=7 Eval=-7 - 5im Aval=-21 + 52im sval=8 Jval=2 - 1im
    freq=51 polr=0 time=5965 dish=14 beam=1 Eval=6 - 5im Aval=32 + 66im sval=8 Jval=2 + 1im
    freq=32 polr=0 time=6080 dish=23 beam=9 Eval=5 + 3im Aval=-28 - 100im sval=8 Jval=1 - 2im
    freq=75 polr=0 time=5509 dish=18 beam=5 Eval=3 + 0im Aval=71 + 62im sval=5 Jval=7 + 6im
    freq=102 polr=0 time=5756 dish=16 beam=8 Eval=6 - 5im Aval=-49 - 24im sval=6 Jval=-6 + 2im
    freq=95 polr=0 time=7284 dish=2 beam=7 Eval=4 + 1im Aval=-36 + 19im sval=6 Jval=-3 + 1im
    freq=44 polr=1 time=6416 dish=35 beam=3 Eval=6 + 7im Aval=110 + 44im sval=11 Jval=0 + 1im
    freq=38 polr=0 time=8074 dish=14 beam=4 Eval=3 - 1im Aval=85 + 88im sval=6 Jval=5 + 3im
    freq=118 polr=0 time=6798 dish=18 beam=7 Eval=-5 + 1im Aval=117 - 34im sval=7 Jval=-4 + 2im
    freq=94 polr=1 time=5691 dish=1 beam=14 Eval=6 + 2im Aval=-36 + 109im sval=9 Jval=-1 + 1im
    freq=25 polr=1 time=3769 dish=49 beam=7 Eval=1 - 5im Aval=17 + 83im sval=9 Jval=1 + 0im
    freq=112 polr=0 time=155 dish=22 beam=3 Eval=-3 - 6im Aval=45 - 103im sval=9 Jval=-1 + 0im
    freq=108 polr=1 time=827 dish=17 beam=7 Eval=3 + 6im Aval=-96 + 110im sval=9 Jval=-2 + 0im
    freq=96 polr=0 time=7585 dish=29 beam=14 Eval=-5 - 4im Aval=107 - 25im sval=10 Jval=-1 + 0im
    freq=65 polr=0 time=5296 dish=56 beam=10 Eval=0 - 6im Aval=-51 - 124im sval=10 Jval=-1 + 0im
    freq=64 polr=0 time=4213 dish=62 beam=5 Eval=-5 + 3im Aval=46 - 42im sval=8 Jval=0 + 1im
    freq=33 polr=1 time=1245 dish=20 beam=0 Eval=7 - 5im Aval=85 - 84im sval=10 Jval=0 - 1im
    freq=63 polr=1 time=6014 dish=37 beam=0 Eval=1 + 2im Aval=68 + 70im sval=6 Jval=-1 + 3im
    freq=59 polr=0 time=3044 dish=26 beam=6 Eval=-5 - 6im Aval=40 + 44im sval=7 Jval=1 - 4im
    freq=64 polr=1 time=7045 dish=1 beam=2 Eval=3 + 2im Aval=-29 - 16im sval=4 Jval=-3 - 6im
    freq=78 polr=0 time=5212 dish=5 beam=14 Eval=-2 + 0im Aval=74 - 71im sval=5 Jval=-5 + 5im
    freq=8 polr=0 time=5978 dish=23 beam=2 Eval=0 + 1im Aval=-111 - 62im sval=6 Jval=1 - 2im
    freq=3 polr=0 time=7170 dish=10 beam=8 Eval=-5 + 5im Aval=-63 - 30im sval=8 Jval=2 - 1im
    freq=99 polr=1 time=2646 dish=24 beam=5 Eval=4 + 7im Aval=113 - 86im sval=10 Jval=1 + 0im
    freq=112 polr=1 time=245 dish=0 beam=1 Eval=-3 + 3im Aval=35 + 103im sval=7 Jval=-3 - 2im
    freq=102 polr=0 time=5971 dish=12 beam=10 Eval=-2 + 6im Aval=116 - 56im sval=7 Jval=1 + 6im
    freq=70 polr=1 time=3745 dish=47 beam=1 Eval=0 - 1im Aval=-11 - 9im sval=4 Jval=0 + 1im
    freq=43 polr=0 time=2181 dish=49 beam=5 Eval=-2 - 1im Aval=102 - 87im sval=6 Jval=-5 + 1im
    freq=8 polr=0 time=6240 dish=11 beam=14 Eval=7 + 5im Aval=-43 + 106im sval=7 Jval=-6 + 4im
    freq=69 polr=0 time=5817 dish=27 beam=3 Eval=-6 + 7im Aval=49 + 34im sval=9 Jval=-1 + 0im
    freq=106 polr=1 time=5908 dish=49 beam=1 Eval=2 + 6im Aval=57 + 96im sval=7 Jval=-4 + 4im
    freq=98 polr=0 time=5837 dish=2 beam=7 Eval=1 + 7im Aval=-104 - 4im sval=7 Jval=-1 - 6im
    freq=19 polr=1 time=2110 dish=41 beam=5 Eval=7 + 7im Aval=44 - 36im sval=7 Jval=4 + 0im
    freq=99 polr=1 time=3359 dish=10 beam=8 Eval=-1 + 5im Aval=18 - 118im sval=9 Jval=1 + 0im
    freq=91 polr=0 time=7231 dish=22 beam=7 Eval=-3 - 7im Aval=-67 + 98im sval=7 Jval=7 + 1im
    freq=53 polr=0 time=3970 dish=25 beam=9 Eval=-6 - 6im Aval=4 + 105im sval=8 Jval=2 - 3im
    freq=113 polr=0 time=2830 dish=22 beam=4 Eval=1 - 6im Aval=91 - 120im sval=9 Jval=-1 - 1im
    freq=13 polr=1 time=41 dish=11 beam=2 Eval=-1 - 2im Aval=-76 - 73im sval=6 Jval=-1 + 4im
    freq=72 polr=1 time=5983 dish=22 beam=6 Eval=3 - 2im Aval=-73 - 126im sval=6 Jval=-7 - 4im
    freq=42 polr=1 time=4588 dish=50 beam=1 Eval=-4 + 1im Aval=93 - 118im sval=8 Jval=-1 + 2im
    freq=42 polr=0 time=5451 dish=21 beam=15 Eval=-1 + 4im Aval=127 + 65im sval=7 Jval=-3 + 3im
    freq=70 polr=0 time=5219 dish=24 beam=8 Eval=-5 - 1im Aval=-49 + 81im sval=9 Jval=1 - 1im
    freq=102 polr=0 time=6071 dish=15 beam=0 Eval=-1 + 5im Aval=-90 - 8im sval=6 Jval=2 - 7im
    freq=66 polr=1 time=47 dish=44 beam=8 Eval=6 - 6im Aval=-99 - 83im sval=10 Jval=-1 + 0im
    freq=32 polr=0 time=2195 dish=44 beam=9 Eval=-5 + 1im Aval=-27 - 94im sval=8 Jval=1 + 2im
    freq=4 polr=1 time=4183 dish=43 beam=10 Eval=-3 + 1im Aval=47 + 64im sval=6 Jval=-3 - 2im
    freq=71 polr=1 time=3284 dish=33 beam=5 Eval=-4 + 6im Aval=75 - 93im sval=8 Jval=1 + 3im
    freq=87 polr=1 time=1921 dish=59 beam=7 Eval=-3 + 6im Aval=118 + 38im sval=9 Jval=-1 + 1im
    freq=16 polr=1 time=2128 dish=52 beam=12 Eval=7 - 3im Aval=-61 - 104im sval=9 Jval=-1 - 1im
    freq=50 polr=0 time=6721 dish=45 beam=6 Eval=-7 - 2im Aval=-94 - 94im sval=9 Jval=1 + 2im
    freq=46 polr=1 time=7556 dish=35 beam=3 Eval=-7 - 2im Aval=106 - 77im sval=10 Jval=-1 + 0im
    freq=50 polr=1 time=68 dish=61 beam=1 Eval=-6 + 7im Aval=-116 - 43im sval=8 Jval=4 - 2im
    freq=80 polr=1 time=8189 dish=21 beam=7 Eval=1 - 2im Aval=26 + 124im sval=7 Jval=2 + 1im
    freq=80 polr=1 time=2356 dish=2 beam=12 Eval=-5 + 2im Aval=-29 - 59im sval=7 Jval=2 + 2im
    freq=105 polr=1 time=2808 dish=14 beam=4 Eval=-2 + 2im Aval=114 + 97im sval=6 Jval=-7 + 1im
    freq=100 polr=1 time=7222 dish=39 beam=15 Eval=7 + 1im Aval=-40 + 73im sval=9 Jval=-1 + 1im
    freq=75 polr=1 time=6807 dish=11 beam=11 Eval=-1 - 2im Aval=104 + 74im sval=6 Jval=1 - 4im
    freq=12 polr=0 time=1343 dish=24 beam=8 Eval=0 + 6im Aval=-123 - 18im sval=9 Jval=0 - 1im
    freq=42 polr=1 time=836 dish=33 beam=1 Eval=2 - 7im Aval=-65 + 118im sval=8 Jval=3 + 3im
    freq=49 polr=1 time=7492 dish=16 beam=14 Eval=-4 - 2im Aval=-110 + 119im sval=8 Jval=3 - 1im
    freq=99 polr=1 time=353 dish=44 beam=11 Eval=3 - 4im Aval=120 + 43im sval=8 Jval=2 - 1im
    freq=59 polr=0 time=2101 dish=23 beam=5 Eval=0 - 1im Aval=76 + 92im sval=4 Jval=6 - 5im
    freq=14 polr=0 time=1030 dish=40 beam=13 Eval=-2 - 4im Aval=113 + 39im sval=9 Jval=0 - 1im
    freq=125 polr=0 time=7488 dish=13 beam=7 Eval=-3 - 7im Aval=126 - 93im sval=10 Jval=-1 - 1im
    freq=67 polr=1 time=7626 dish=23 beam=7 Eval=5 + 7im Aval=11 - 5im sval=5 Jval=3 + 2im
    freq=108 polr=1 time=6875 dish=35 beam=11 Eval=1 + 0im Aval=-117 + 2im sval=4 Jval=-7 + 0im
    freq=27 polr=0 time=5519 dish=34 beam=15 Eval=-4 - 7im Aval=40 - 106im sval=9 Jval=-2 + 0im
    freq=16 polr=1 time=7344 dish=31 beam=7 Eval=6 + 7im Aval=-88 - 85im sval=10 Jval=0 - 1im
    freq=117 polr=1 time=3468 dish=14 beam=11 Eval=-4 - 2im Aval=126 + 110im sval=9 Jval=-1 - 1im
    freq=10 polr=0 time=3262 dish=1 beam=12 Eval=-6 + 5im Aval=-83 + 29im sval=10 Jval=0 - 1im
    freq=45 polr=0 time=3286 dish=3 beam=8 Eval=-4 + 5im Aval=-59 - 65im sval=8 Jval=2 + 0im
    freq=75 polr=0 time=7660 dish=45 beam=6 Eval=-2 - 5im Aval=77 + 8im sval=6 Jval=-2 - 6im
    freq=53 polr=1 time=50 dish=25 beam=12 Eval=2 + 7im Aval=-27 + 8im sval=6 Jval=-2 - 3im
    freq=79 polr=0 time=3433 dish=51 beam=8 Eval=-4 + 0im Aval=-25 + 57im sval=8 Jval=0 - 1im
    freq=75 polr=0 time=5831 dish=50 beam=13 Eval=-1 + 5im Aval=-101 - 32im sval=8 Jval=1 - 2im
    freq=9 polr=0 time=3626 dish=2 beam=10 Eval=-4 + 4im Aval=94 + 112im sval=9 Jval=-2 + 0im
    freq=62 polr=0 time=5598 dish=34 beam=7 Eval=2 + 1im Aval=34 + 111im sval=9 Jval=0 + 1im
    freq=62 polr=1 time=3915 dish=45 beam=8 Eval=5 + 3im Aval=25 - 57im sval=7 Jval=2 - 2im
    freq=38 polr=0 time=6010 dish=24 beam=4 Eval=7 - 4im Aval=-51 + 26im sval=6 Jval=-4 + 6im
    freq=120 polr=1 time=821 dish=4 beam=10 Eval=-1 - 7im Aval=34 + 13im sval=6 Jval=1 - 4im
    freq=70 polr=1 time=7994 dish=25 beam=13 Eval=-4 + 1im Aval=-56 + 24im sval=7 Jval=2 - 1im
    freq=1 polr=1 time=225 dish=27 beam=6 Eval=-3 + 5im Aval=-7 - 94im sval=7 Jval=4 + 2im
    freq=17 polr=0 time=4439 dish=11 beam=14 Eval=1 - 4im Aval=-54 - 56im sval=6 Jval=-4 + 3im
    freq=50 polr=0 time=1383 dish=19 beam=7 Eval=7 + 2im Aval=-88 + 41im sval=8 Jval=-3 + 0im
    freq=52 polr=1 time=2805 dish=19 beam=7 Eval=-3 + 7im Aval=-9 - 30im sval=5 Jval=7 + 1im
    freq=12 polr=0 time=2394 dish=62 beam=9 Eval=-7 - 2im Aval=116 + 86im sval=10 Jval=-1 - 1im
    freq=91 polr=0 time=4465 dish=25 beam=12 Eval=3 + 0im Aval=-36 + 91im sval=6 Jval=-2 + 4im
    freq=64 polr=1 time=1203 dish=57 beam=13 Eval=-2 - 1im Aval=-95 + 59im sval=6 Jval=4 + 0im
    freq=117 polr=1 time=7552 dish=9 beam=12 Eval=6 + 2im Aval=-40 - 116im sval=10 Jval=0 - 1im
    freq=122 polr=1 time=4882 dish=14 beam=3 Eval=-3 + 1im Aval=-89 - 126im sval=7 Jval=3 + 2im
    freq=49 polr=1 time=3604 dish=44 beam=6 Eval=0 + 6im Aval=105 + 18im sval=7 Jval=-1 + 5im
    freq=82 polr=0 time=886 dish=16 beam=6 Eval=-4 - 1im Aval=-14 + 107im sval=8 Jval=1 - 2im
    freq=115 polr=0 time=5953 dish=49 beam=3 Eval=-7 - 6im Aval=84 - 120im sval=8 Jval=-5 + 1im
    freq=95 polr=1 time=7549 dish=3 beam=15 Eval=7 + 2im Aval=-113 - 71im sval=9 Jval=-1 - 1im
    freq=104 polr=0 time=2202 dish=20 beam=9 Eval=0 + 6im Aval=-92 - 119im sval=10 Jval=1 - 1im
    freq=107 polr=1 time=4777 dish=37 beam=11 Eval=-5 + 7im Aval=72 + 87im sval=8 Jval=-4 + 0im
    freq=22 polr=1 time=5352 dish=32 beam=0 Eval=-6 + 6im Aval=16 - 13im sval=5 Jval=0 + 6im
    freq=120 polr=1 time=7760 dish=14 beam=7 Eval=4 + 2im Aval=-90 + 97im sval=10 Jval=-1 + 0im
    freq=53 polr=1 time=2252 dish=13 beam=8 Eval=-1 + 4im Aval=-63 + 66im sval=7 Jval=-2 - 2im
    freq=95 polr=0 time=4345 dish=41 beam=11 Eval=-2 + 0im Aval=-84 - 85im sval=8 Jval=1 + 1im
    freq=76 polr=0 time=3750 dish=15 beam=7 Eval=3 - 6im Aval=-86 + 12im sval=10 Jval=0 + 1im
    freq=109 polr=0 time=2142 dish=54 beam=11 Eval=4 + 0im Aval=-107 + 0im sval=9 Jval=-1 + 0im
    freq=38 polr=0 time=7365 dish=31 beam=12 Eval=0 - 6im Aval=52 - 70im sval=7 Jval=-3 - 2im
    freq=51 polr=0 time=3622 dish=34 beam=1 Eval=4 - 1im Aval=40 + 70im sval=8 Jval=1 + 1im
    freq=84 polr=0 time=2012 dish=36 beam=12 Eval=-3 + 4im Aval=-37 + 75im sval=6 Jval=-3 - 6im
    freq=122 polr=0 time=3339 dish=27 beam=2 Eval=-1 + 3im Aval=-96 + 69im sval=6 Jval=-2 - 6im
    freq=63 polr=0 time=468 dish=17 beam=0 Eval=-3 + 7im Aval=-38 - 104im sval=8 Jval=3 + 0im
    freq=12 polr=1 time=6016 dish=16 beam=0 Eval=2 + 1im Aval=-32 + 55im sval=4 Jval=-7 + 5im
    freq=9 polr=1 time=6198 dish=63 beam=2 Eval=0 - 2im Aval=30 - 33im sval=5 Jval=-2 - 2im
    freq=108 polr=1 time=4117 dish=43 beam=14 Eval=-3 - 2im Aval=-77 + 76im sval=8 Jval=2 + 0im
    freq=76 polr=0 time=4719 dish=51 beam=14 Eval=-4 - 5im Aval=-27 - 127im sval=10 Jval=-1 + 1im
    freq=60 polr=0 time=2976 dish=24 beam=3 Eval=-6 - 1im Aval=5 + 124im sval=8 Jval=0 - 3im
    freq=7 polr=0 time=5947 dish=19 beam=4 Eval=7 - 6im Aval=-39 - 85im sval=8 Jval=-3 - 1im
    freq=58 polr=0 time=3628 dish=42 beam=13 Eval=-2 - 6im Aval=27 - 126im sval=10 Jval=-1 + 0im
    freq=33 polr=1 time=161 dish=63 beam=9 Eval=-3 - 1im Aval=-9 + 71im sval=8 Jval=0 - 1im
    freq=118 polr=0 time=6576 dish=40 beam=2 Eval=3 - 1im Aval=108 + 119im sval=7 Jval=3 + 2im
    freq=40 polr=0 time=1827 dish=62 beam=1 Eval=5 - 4im Aval=122 - 81im sval=8 Jval=1 - 3im
    freq=85 polr=1 time=7410 dish=15 beam=13 Eval=-7 + 6im Aval=-110 - 44im sval=8 Jval=4 - 1im
    freq=36 polr=0 time=245 dish=48 beam=3 Eval=7 + 2im Aval=-67 - 12im sval=7 Jval=-3 - 2im
    freq=103 polr=0 time=3006 dish=18 beam=5 Eval=5 + 6im Aval=-97 - 84im sval=8 Jval=0 - 4im
    freq=21 polr=0 time=210 dish=39 beam=12 Eval=3 + 4im Aval=-116 - 77im sval=8 Jval=0 - 3im
    freq=14 polr=1 time=4165 dish=4 beam=15 Eval=-3 - 5im Aval=-49 + 127im sval=9 Jval=2 + 0im
    freq=27 polr=1 time=6008 dish=52 beam=3 Eval=-2 - 3im Aval=34 - 8im sval=7 Jval=-1 - 1im
    freq=39 polr=0 time=1367 dish=14 beam=8 Eval=-7 + 3im Aval=-55 + 120im sval=9 Jval=0 - 2im
    freq=40 polr=0 time=4804 dish=25 beam=1 Eval=0 - 6im Aval=124 + 3im sval=8 Jval=0 - 3im
    freq=88 polr=1 time=5554 dish=18 beam=10 Eval=5 - 3im Aval=-93 - 1im sval=6 Jval=-7 + 4im
    freq=120 polr=0 time=6898 dish=24 beam=0 Eval=1 - 4im Aval=-33 - 126im sval=9 Jval=-1 + 0im
    freq=117 polr=1 time=802 dish=56 beam=9 Eval=-4 + 7im Aval=105 + 25im sval=8 Jval=-2 + 2im
    freq=80 polr=1 time=7452 dish=48 beam=13 Eval=5 - 3im Aval=106 - 113im sval=7 Jval=2 - 7im
    freq=13 polr=0 time=1131 dish=61 beam=10 Eval=-4 + 5im Aval=-111 + 87im sval=8 Jval=0 - 4im
    freq=36 polr=0 time=1515 dish=54 beam=13 Eval=-5 + 3im Aval=44 - 92im sval=8 Jval=0 + 2im
    freq=95 polr=1 time=2464 dish=59 beam=11 Eval=6 - 7im Aval=-124 - 91im sval=11 Jval=-1 + 0im
    freq=83 polr=0 time=2946 dish=14 beam=15 Eval=-5 - 5im Aval=-81 - 83im sval=8 Jval=0 + 3im
    freq=42 polr=0 time=5663 dish=14 beam=4 Eval=0 - 3im Aval=62 + 115im sval=9 Jval=1 + 0im
    freq=11 polr=0 time=5319 dish=5 beam=10 Eval=6 + 7im Aval=101 - 30im sval=8 Jval=3 + 2im
    freq=112 polr=1 time=7567 dish=58 beam=8 Eval=0 - 4im Aval=-3 - 84im sval=7 Jval=-3 + 0im
    freq=31 polr=1 time=3522 dish=29 beam=15 Eval=-2 + 1im Aval=-79 + 102im sval=8 Jval=0 - 1im
    freq=71 polr=0 time=2363 dish=40 beam=11 Eval=-6 + 3im Aval=44 - 127im sval=9 Jval=0 + 2im
    freq=15 polr=0 time=4191 dish=4 beam=14 Eval=4 + 2im Aval=-11 + 124im sval=7 Jval=-2 + 4im
    freq=72 polr=1 time=5098 dish=13 beam=15 Eval=1 - 6im Aval=-19 - 12im sval=5 Jval=-3 + 3im
    freq=37 polr=1 time=7484 dish=28 beam=9 Eval=-4 - 5im Aval=66 - 93im sval=9 Jval=-1 + 0im
    freq=113 polr=1 time=1909 dish=4 beam=8 Eval=0 + 1im Aval=87 + 0im sval=4 Jval=0 + 6im
    freq=117 polr=1 time=2253 dish=13 beam=0 Eval=2 - 3im Aval=-63 - 65im sval=6 Jval=-5 + 1im
    freq=86 polr=0 time=7223 dish=9 beam=8 Eval=-2 - 7im Aval=66 - 5im sval=8 Jval=-1 - 2im
    freq=92 polr=0 time=1795 dish=56 beam=3 Eval=-5 + 7im Aval=-65 + 34im sval=8 Jval=0 - 2im
    freq=53 polr=1 time=4065 dish=56 beam=15 Eval=0 + 3im Aval=-54 - 94im sval=6 Jval=4 - 2im
    freq=119 polr=1 time=5088 dish=43 beam=6 Eval=-3 + 0im Aval=83 + 16im sval=6 Jval=-4 - 1im
    freq=99 polr=1 time=5506 dish=50 beam=1 Eval=-3 - 4im Aval=117 + 115im sval=8 Jval=0 - 3im
    freq=97 polr=1 time=6567 dish=36 beam=1 Eval=-1 + 5im Aval=86 + 24im sval=8 Jval=-1 + 2im
    freq=94 polr=1 time=7692 dish=13 beam=10 Eval=-2 + 1im Aval=6 + 115im sval=5 Jval=-4 - 7im
    freq=7 polr=1 time=4290 dish=4 beam=14 Eval=4 - 2im Aval=-21 - 124im sval=8 Jval=-1 - 2im
    freq=86 polr=1 time=5031 dish=24 beam=7 Eval=2 + 7im Aval=-89 - 111im sval=7 Jval=5 - 7im
    freq=31 polr=0 time=6097 dish=61 beam=4 Eval=-1 + 2im Aval=105 + 38im sval=5 Jval=-6 + 5im
    freq=35 polr=0 time=3209 dish=16 beam=3 Eval=0 + 4im Aval=-116 - 11im sval=7 Jval=0 - 4im
    freq=110 polr=0 time=4484 dish=60 beam=14 Eval=-4 + 7im Aval=31 - 108im sval=7 Jval=5 + 5im
    freq=90 polr=1 time=36 dish=43 beam=9 Eval=0 + 6im Aval=-26 - 111im sval=9 Jval=1 + 0im
    freq=20 polr=0 time=7393 dish=48 beam=10 Eval=-6 - 6im Aval=-73 + 19im sval=9 Jval=1 + 1im
    freq=107 polr=0 time=4796 dish=1 beam=7 Eval=1 + 7im Aval=31 + 52im sval=6 Jval=-5 + 4im
    freq=28 polr=0 time=298 dish=12 beam=11 Eval=7 - 6im Aval=-14 - 40im sval=9 Jval=-1 + 0im
    freq=10 polr=0 time=107 dish=63 beam=4 Eval=-7 - 4im Aval=-85 - 77im sval=9 Jval=1 + 2im
    freq=7 polr=1 time=684 dish=9 beam=3 Eval=3 + 0im Aval=125 + 92im sval=6 Jval=6 + 4im
    freq=84 polr=1 time=5616 dish=26 beam=5 Eval=6 - 7im Aval=118 + 114im sval=10 Jval=1 + 0im
    freq=121 polr=1 time=6527 dish=20 beam=4 Eval=-3 + 7im Aval=-91 - 44im sval=9 Jval=1 - 1im
    freq=16 polr=0 time=5956 dish=43 beam=15 Eval=7 - 4im Aval=-83 - 113im sval=8 Jval=-4 - 2im
    freq=54 polr=0 time=7644 dish=7 beam=11 Eval=5 - 1im Aval=-79 + 126im sval=7 Jval=-2 + 6im
    freq=14 polr=1 time=2797 dish=53 beam=8 Eval=-3 - 1im Aval=60 - 44im sval=5 Jval=-7 + 2im
    freq=114 polr=1 time=2888 dish=10 beam=14 Eval=-5 - 4im Aval=26 - 111im sval=7 Jval=-4 + 4im
    freq=51 polr=0 time=1182 dish=24 beam=12 Eval=6 + 2im Aval=-102 + 4im sval=10 Jval=-1 + 0im
    freq=81 polr=0 time=4602 dish=4 beam=2 Eval=7 - 1im Aval=46 - 125im sval=8 Jval=1 - 4im
    freq=87 polr=0 time=869 dish=13 beam=15 Eval=-5 + 4im Aval=-100 + 88im sval=8 Jval=1 - 3im
    freq=97 polr=1 time=297 dish=29 beam=4 Eval=5 - 6im Aval=21 - 55im sval=8 Jval=-1 - 2im
    freq=4 polr=0 time=7577 dish=0 beam=9 Eval=-1 + 7im Aval=22 - 9im sval=7 Jval=0 + 1im
    freq=24 polr=0 time=7214 dish=60 beam=4 Eval=-2 - 6im Aval=-84 + 65im sval=7 Jval=4 + 3im
    freq=86 polr=1 time=4572 dish=42 beam=3 Eval=-4 - 2im Aval=-37 - 41im sval=8 Jval=0 + 1im
    freq=80 polr=1 time=3290 dish=43 beam=9 Eval=2 - 5im Aval=81 + 125im sval=9 Jval=2 + 0im
    freq=48 polr=0 time=2359 dish=20 beam=0 Eval=6 + 3im Aval=33 + 28im sval=6 Jval=2 + 4im
    freq=97 polr=1 time=4747 dish=27 beam=12 Eval=0 + 6im Aval=48 - 112im sval=10 Jval=1 + 0im
    freq=90 polr=1 time=3082 dish=47 beam=15 Eval=-2 - 7im Aval=48 - 14im sval=9 Jval=0 - 1im
    freq=117 polr=1 time=4977 dish=39 beam=2 Eval=-3 + 2im Aval=107 + 53im sval=7 Jval=-3 + 0im
    freq=109 polr=1 time=4101 dish=3 beam=13 Eval=-6 + 5im Aval=91 - 119im sval=11 Jval=0 + 1im
    freq=24 polr=1 time=1966 dish=43 beam=8 Eval=-5 + 7im Aval=47 + 90im sval=9 Jval=-2 + 0im
    freq=86 polr=0 time=1231 dish=42 beam=1 Eval=-4 + 4im Aval=11 + 25im sval=6 Jval=-2 - 1im
    freq=103 polr=1 time=5217 dish=8 beam=0 Eval=2 + 3im Aval=-51 + 7im sval=8 Jval=0 - 1im
    freq=59 polr=1 time=7168 dish=23 beam=6 Eval=0 + 7im Aval=52 + 7im sval=9 Jval=0 + 1im
    freq=21 polr=1 time=6646 dish=11 beam=15 Eval=-5 + 6im Aval=-70 + 26im sval=10 Jval=0 - 1im
    freq=6 polr=0 time=3259 dish=7 beam=3 Eval=0 + 6im Aval=-3 + 111im sval=8 Jval=-3 + 0im
    freq=116 polr=0 time=6336 dish=16 beam=5 Eval=3 - 5im Aval=104 - 122im sval=7 Jval=-2 - 7im
    freq=6 polr=0 time=2402 dish=42 beam=2 Eval=6 - 3im Aval=-53 + 21im sval=9 Jval=0 + 1im
    freq=11 polr=0 time=8003 dish=49 beam=1 Eval=-3 + 6im Aval=-51 + 114im sval=9 Jval=-1 - 1im
    freq=8 polr=0 time=6822 dish=20 beam=0 Eval=-6 + 7im Aval=-89 - 88im sval=9 Jval=2 + 0im
    freq=106 polr=0 time=7726 dish=39 beam=12 Eval=-6 + 0im Aval=96 - 70im sval=10 Jval=-1 + 0im
    freq=9 polr=0 time=1629 dish=59 beam=8 Eval=-3 - 4im Aval=-19 + 98im sval=9 Jval=1 + 0im
    freq=47 polr=1 time=7456 dish=25 beam=0 Eval=-1 - 1im Aval=83 - 59im sval=6 Jval=-2 + 0im
    freq=31 polr=0 time=6393 dish=21 beam=6 Eval=-5 - 4im Aval=-84 + 89im sval=8 Jval=3 + 0im
    freq=52 polr=0 time=648 dish=32 beam=11 Eval=-5 + 2im Aval=113 - 123im sval=10 Jval=0 + 1im
    freq=83 polr=1 time=5648 dish=4 beam=11 Eval=1 + 2im Aval=29 + 13im sval=6 Jval=0 + 1im
    freq=100 polr=1 time=2016 dish=10 beam=8 Eval=-5 - 3im Aval=68 - 15im sval=8 Jval=-1 + 0im
    freq=89 polr=1 time=6006 dish=59 beam=13 Eval=3 + 6im Aval=69 + 58im sval=9 Jval=0 + 1im
    freq=7 polr=1 time=7040 dish=6 beam=2 Eval=-3 - 1im Aval=4 + 34im sval=5 Jval=1 - 3im
    freq=66 polr=0 time=7265 dish=31 beam=5 Eval=-2 + 7im Aval=88 - 78im sval=8 Jval=1 + 3im
    freq=72 polr=1 time=5893 dish=56 beam=4 Eval=-5 - 1im Aval=62 - 38im sval=6 Jval=-5 + 2im
    freq=44 polr=0 time=2747 dish=48 beam=6 Eval=5 + 7im Aval=1 + 83im sval=9 Jval=-1 + 1im
    freq=54 polr=1 time=4363 dish=13 beam=6 Eval=0 - 4im Aval=75 - 86im sval=9 Jval=-1 - 1im
    freq=107 polr=1 time=459 dish=54 beam=13 Eval=-2 + 3im Aval=-37 - 19im sval=8 Jval=1 + 0im
    freq=12 polr=0 time=7811 dish=6 beam=2 Eval=-4 - 4im Aval=-113 + 29im sval=10 Jval=1 + 0im
    freq=88 polr=0 time=2679 dish=15 beam=5 Eval=4 - 7im Aval=-13 - 12im sval=6 Jval=-2 + 1im
    freq=98 polr=0 time=1627 dish=61 beam=8 Eval=1 - 1im Aval=-98 + 102im sval=7 Jval=0 + 2im
    freq=55 polr=0 time=3907 dish=41 beam=10 Eval=1 + 3im Aval=-127 - 28im sval=9 Jval=0 - 1im
    freq=92 polr=0 time=8169 dish=41 beam=0 Eval=6 + 1im Aval=-50 - 10im sval=8 Jval=-1 + 0im
    freq=122 polr=1 time=773 dish=44 beam=7 Eval=1 + 6im Aval=-18 + 13im sval=4 Jval=-6 - 6im
    freq=65 polr=0 time=6368 dish=2 beam=8 Eval=-3 - 7im Aval=91 - 37im sval=7 Jval=-4 - 4im
    freq=50 polr=0 time=2535 dish=5 beam=10 Eval=4 - 4im Aval=71 + 67im sval=9 Jval=1 + 0im
    freq=117 polr=1 time=3181 dish=40 beam=7 Eval=2 - 4im Aval=-99 - 120im sval=8 Jval=-3 + 1im
    freq=93 polr=0 time=115 dish=26 beam=8 Eval=-4 + 5im Aval=59 - 80im sval=7 Jval=1 + 5im
    freq=92 polr=0 time=4129 dish=36 beam=2 Eval=-7 - 4im Aval=68 + 11im sval=9 Jval=-1 - 1im
    freq=104 polr=0 time=5816 dish=35 beam=12 Eval=2 - 6im Aval=105 - 96im sval=8 Jval=-1 - 3im
    freq=115 polr=0 time=8064 dish=33 beam=4 Eval=4 + 1im Aval=-61 - 98im sval=8 Jval=-1 - 2im
    freq=25 polr=1 time=1432 dish=0 beam=9 Eval=3 + 4im Aval=34 + 63im sval=7 Jval=-1 + 3im
    freq=18 polr=0 time=8038 dish=42 beam=6 Eval=1 + 6im Aval=9 + 91im sval=10 Jval=-1 + 0im
    freq=127 polr=1 time=5342 dish=5 beam=3 Eval=1 + 4im Aval=-3 - 72im sval=8 Jval=1 + 0im
    freq=1 polr=1 time=6676 dish=59 beam=14 Eval=3 - 5im Aval=-86 + 64im sval=10 Jval=0 + 1im
    freq=41 polr=1 time=3104 dish=6 beam=3 Eval=-1 - 2im Aval=-48 - 56im sval=7 Jval=0 + 1im
    freq=45 polr=1 time=6404 dish=29 beam=3 Eval=-6 - 1im Aval=94 - 118im sval=8 Jval=-3 + 2im
    freq=38 polr=0 time=4041 dish=58 beam=0 Eval=4 - 4im Aval=-65 + 72im sval=10 Jval=0 + 1im
    freq=3 polr=0 time=318 dish=24 beam=11 Eval=3 + 5im Aval=88 + 45im sval=9 Jval=0 + 1im
    freq=64 polr=0 time=7014 dish=3 beam=15 Eval=1 - 6im Aval=-117 + 30im sval=8 Jval=0 + 3im
    freq=113 polr=0 time=407 dish=4 beam=13 Eval=-7 + 1im Aval=117 + 51im sval=7 Jval=-7 - 2im
    freq=52 polr=1 time=7214 dish=11 beam=2 Eval=-4 + 1im Aval=112 + 55im sval=8 Jval=-2 + 0im
    freq=124 polr=1 time=7773 dish=33 beam=10 Eval=6 + 4im Aval=-36 + 124im sval=10 Jval=-1 + 1im
    freq=111 polr=1 time=1597 dish=36 beam=11 Eval=-4 - 4im Aval=64 - 22im sval=7 Jval=-3 - 1im
    freq=5 polr=0 time=2638 dish=39 beam=11 Eval=-6 + 6im Aval=87 - 122im sval=11 Jval=0 + 1im
    freq=60 polr=1 time=6878 dish=38 beam=15 Eval=-2 + 7im Aval=-50 + 20im sval=7 Jval=0 - 3im
    freq=103 polr=1 time=5983 dish=17 beam=6 Eval=-6 + 0im Aval=119 - 99im sval=9 Jval=-1 + 1im
    freq=11 polr=0 time=2484 dish=13 beam=10 Eval=4 + 4im Aval=47 + 28im sval=8 Jval=0 + 1im
    freq=85 polr=0 time=5080 dish=33 beam=0 Eval=2 + 3im Aval=12 - 91im sval=9 Jval=1 + 0im
    freq=73 polr=0 time=7793 dish=51 beam=13 Eval=-4 + 0im Aval=97 + 31im sval=9 Jval=-1 + 0im
    freq=78 polr=1 time=6495 dish=27 beam=14 Eval=-5 + 5im Aval=63 - 84im sval=9 Jval=0 + 1im
    freq=43 polr=0 time=4955 dish=11 beam=6 Eval=6 - 7im Aval=-112 - 68im sval=11 Jval=-1 + 0im
    freq=122 polr=0 time=2455 dish=13 beam=6 Eval=-3 + 6im Aval=107 + 82im sval=7 Jval=-6 + 3im
    freq=8 polr=0 time=7149 dish=11 beam=0 Eval=2 + 3im Aval=-110 - 77im sval=9 Jval=0 - 1im
    freq=105 polr=0 time=466 dish=55 beam=12 Eval=2 + 4im Aval=-81 - 64im sval=6 Jval=2 - 7im
    freq=30 polr=1 time=1304 dish=1 beam=1 Eval=6 - 5im Aval=-52 + 51im sval=10 Jval=0 + 1im
    freq=18 polr=0 time=8135 dish=17 beam=7 Eval=2 - 1im Aval=112 - 121im sval=9 Jval=0 - 1im
    freq=49 polr=0 time=3207 dish=14 beam=7 Eval=7 - 1im Aval=-22 + 123im sval=10 Jval=0 + 1im
    freq=37 polr=1 time=5520 dish=35 beam=15 Eval=-7 + 7im Aval=86 + 77im sval=11 Jval=-1 + 0im
    freq=112 polr=0 time=4528 dish=25 beam=13 Eval=-7 - 2im Aval=56 - 45im sval=9 Jval=-1 + 0im
    freq=51 polr=0 time=4774 dish=6 beam=11 Eval=-5 - 4im Aval=30 - 78im sval=8 Jval=-2 + 1im
    freq=80 polr=0 time=600 dish=1 beam=11 Eval=7 + 4im Aval=-47 - 108im sval=9 Jval=0 - 2im
    freq=66 polr=1 time=5487 dish=30 beam=11 Eval=0 - 7im Aval=26 + 126im sval=9 Jval=2 + 0im
    freq=31 polr=1 time=6092 dish=18 beam=12 Eval=4 + 1im Aval=46 - 88im sval=7 Jval=2 - 2im
    freq=42 polr=0 time=2638 dish=17 beam=3 Eval=7 - 2im Aval=-29 - 123im sval=8 Jval=-2 - 3im
    freq=74 polr=0 time=7664 dish=18 beam=13 Eval=3 - 7im Aval=-63 - 64im sval=9 Jval=-1 + 0im
    freq=94 polr=0 time=787 dish=47 beam=4 Eval=-7 + 1im Aval=-75 - 60im sval=10 Jval=1 + 0im
    freq=34 polr=0 time=7331 dish=40 beam=8 Eval=5 + 3im Aval=106 - 106im sval=8 Jval=3 - 1im
    freq=79 polr=1 time=3229 dish=10 beam=4 Eval=3 - 7im Aval=-77 - 127im sval=9 Jval=-2 + 0im
    freq=20 polr=1 time=2748 dish=47 beam=4 Eval=7 + 0im Aval=77 + 54im sval=7 Jval=4 + 3im
    freq=91 polr=0 time=3004 dish=32 beam=13 Eval=-1 + 5im Aval=90 + 109im sval=7 Jval=-5 + 3im
    freq=24 polr=0 time=5612 dish=36 beam=6 Eval=-6 - 5im Aval=-99 - 13im sval=8 Jval=2 + 2im
    freq=39 polr=0 time=4878 dish=10 beam=13 Eval=6 + 6im Aval=121 - 14im sval=8 Jval=3 + 3im
    freq=56 polr=0 time=2090 dish=6 beam=12 Eval=6 - 4im Aval=-103 + 120im sval=11 Jval=0 + 1im
    freq=52 polr=0 time=2454 dish=15 beam=12 Eval=7 - 5im Aval=107 - 117im sval=10 Jval=0 - 1im
    freq=106 polr=0 time=3375 dish=10 beam=10 Eval=-6 + 7im Aval=-109 - 98im sval=9 Jval=3 + 0im
    freq=2 polr=1 time=6304 dish=7 beam=6 Eval=7 - 4im Aval=-89 + 39im sval=8 Jval=-2 + 2im
    freq=93 polr=1 time=5841 dish=13 beam=4 Eval=-2 + 7im Aval=-112 - 41im sval=9 Jval=1 - 1im
    freq=56 polr=1 time=3670 dish=9 beam=1 Eval=-2 - 3im Aval=-62 - 3im sval=6 Jval=2 + 3im
    freq=55 polr=1 time=4176 dish=55 beam=9 Eval=-5 - 6im Aval=-90 + 61im sval=8 Jval=3 + 1im
    freq=17 polr=1 time=373 dish=50 beam=2 Eval=-7 - 2im Aval=-92 + 105im sval=8 Jval=3 - 2im
    freq=123 polr=1 time=2767 dish=28 beam=5 Eval=6 + 5im Aval=44 - 18im sval=7 Jval=3 + 1im
    freq=37 polr=0 time=1318 dish=30 beam=15 Eval=2 - 5im Aval=-2 - 61im sval=7 Jval=-2 - 1im
    freq=24 polr=1 time=6826 dish=63 beam=6 Eval=-6 + 0im Aval=-66 + 34im sval=9 Jval=1 + 0im
    freq=29 polr=1 time=2015 dish=29 beam=3 Eval=5 + 3im Aval=7 - 68im sval=6 Jval=4 - 5im
    freq=81 polr=1 time=7441 dish=39 beam=8 Eval=7 - 2im Aval=-78 - 58im sval=8 Jval=-3 - 1im
    freq=125 polr=0 time=5427 dish=36 beam=2 Eval=-6 - 2im Aval=-99 + 4im sval=10 Jval=1 + 0im
    freq=28 polr=0 time=3370 dish=7 beam=12 Eval=-5 + 7im Aval=-50 - 38im sval=8 Jval=2 - 1im
    freq=44 polr=1 time=765 dish=11 beam=5 Eval=2 + 0im Aval=36 + 31im sval=6 Jval=1 + 1im
    freq=86 polr=0 time=7002 dish=11 beam=13 Eval=7 - 5im Aval=-87 - 89im sval=11 Jval=-1 + 0im
    freq=121 polr=1 time=5168 dish=61 beam=11 Eval=4 - 1im Aval=-51 - 15im sval=8 Jval=-1 + 0im
    freq=83 polr=0 time=7206 dish=26 beam=12 Eval=-4 - 7im Aval=-122 - 97im sval=11 Jval=0 + 1im
    freq=83 polr=1 time=115 dish=37 beam=2 Eval=4 - 7im Aval=-21 - 64im sval=10 Jval=-1 + 0im
    freq=59 polr=0 time=8170 dish=49 beam=0 Eval=2 + 6im Aval=39 - 9im sval=6 Jval=2 + 3im
    freq=80 polr=1 time=6442 dish=12 beam=12 Eval=-2 + 6im Aval=26 - 66im sval=7 Jval=3 + 2im
    freq=55 polr=1 time=2286 dish=27 beam=9 Eval=-6 + 6im Aval=-111 - 104im sval=8 Jval=5 + 0im
    freq=72 polr=0 time=6183 dish=24 beam=11 Eval=-6 + 0im Aval=104 + 23im sval=9 Jval=-1 + 0im
    freq=32 polr=1 time=2810 dish=25 beam=7 Eval=-3 + 1im Aval=4 + 65im sval=8 Jval=0 - 1im
    freq=11 polr=1 time=1826 dish=9 beam=15 Eval=-4 + 5im Aval=-122 + 39im sval=10 Jval=0 - 1im
    freq=61 polr=0 time=4072 dish=3 beam=3 Eval=6 + 5im Aval=-92 + 100im sval=9 Jval=-2 + 0im
    freq=35 polr=0 time=2144 dish=13 beam=2 Eval=3 + 6im Aval=11 + 54im sval=8 Jval=-1 + 1im
    freq=105 polr=0 time=7766 dish=9 beam=8 Eval=-3 - 5im Aval=-108 + 42im sval=9 Jval=1 + 1im
    freq=35 polr=1 time=6050 dish=36 beam=7 Eval=-4 + 3im Aval=81 + 58im sval=9 Jval=-1 + 0im
    freq=51 polr=0 time=5103 dish=9 beam=1 Eval=5 - 6im Aval=-116 - 121im sval=8 Jval=-5 + 0im
    freq=52 polr=1 time=5669 dish=19 beam=13 Eval=-7 - 1im Aval=54 - 13im sval=6 Jval=-6 + 1im
    freq=44 polr=0 time=3843 dish=59 beam=9 Eval=4 + 0im Aval=104 - 1im sval=7 Jval=3 + 0im
    freq=1 polr=1 time=375 dish=9 beam=6 Eval=4 + 2im Aval=52 - 122im sval=7 Jval=4 - 3im
    freq=12 polr=0 time=3766 dish=57 beam=6 Eval=2 + 5im Aval=22 + 61im sval=9 Jval=-1 + 0im
    freq=64 polr=1 time=6007 dish=57 beam=5 Eval=6 + 4im Aval=-122 - 86im sval=10 Jval=0 - 1im
    freq=48 polr=0 time=4815 dish=42 beam=8 Eval=-1 - 7im Aval=-11 - 122im sval=7 Jval=-7 + 2im
    freq=38 polr=1 time=758 dish=7 beam=11 Eval=-1 - 4im Aval=-43 - 61im sval=6 Jval=-3 + 4im
    freq=69 polr=0 time=7780 dish=17 beam=14 Eval=-4 + 6im Aval=-59 - 81im sval=10 Jval=1 + 0im
    freq=31 polr=0 time=7470 dish=13 beam=5 Eval=6 + 7im Aval=58 - 90im sval=8 Jval=4 - 1im
    freq=92 polr=0 time=5167 dish=51 beam=3 Eval=5 - 5im Aval=-96 + 65im sval=8 Jval=-1 + 3im
    freq=9 polr=1 time=6536 dish=10 beam=9 Eval=7 - 6im Aval=-104 + 19im sval=10 Jval=-1 + 1im
    freq=125 polr=1 time=195 dish=50 beam=15 Eval=-7 - 3im Aval=-67 + 79im sval=10 Jval=1 + 0im
    freq=33 polr=0 time=1593 dish=19 beam=10 Eval=-2 + 3im Aval=5 - 55im sval=8 Jval=1 + 0im
    freq=51 polr=0 time=3975 dish=63 beam=5 Eval=-4 - 2im Aval=64 + 102im sval=8 Jval=0 - 2im
    freq=38 polr=1 time=5428 dish=13 beam=10 Eval=0 - 7im Aval=-43 + 55im sval=9 Jval=1 + 1im
    freq=54 polr=0 time=5106 dish=24 beam=7 Eval=0 + 2im Aval=33 - 31im sval=6 Jval=1 + 1im
    freq=81 polr=1 time=3194 dish=14 beam=10 Eval=-6 + 0im Aval=43 - 19im sval=8 Jval=-1 + 0im
    freq=45 polr=0 time=720 dish=53 beam=5 Eval=-4 - 1im Aval=85 + 77im sval=8 Jval=-1 - 2im
    freq=100 polr=0 time=43 dish=0 beam=6 Eval=-7 - 2im Aval=-60 + 119im sval=7 Jval=5 - 6im
    freq=43 polr=1 time=2001 dish=13 beam=5 Eval=0 - 7im Aval=55 - 64im sval=7 Jval=-3 - 3im
    freq=118 polr=0 time=5884 dish=6 beam=8 Eval=-6 + 3im Aval=-45 - 92im sval=8 Jval=2 + 2im
    freq=54 polr=1 time=922 dish=7 beam=5 Eval=0 + 3im Aval=-35 + 3im sval=7 Jval=0 - 1im
    freq=29 polr=0 time=7709 dish=13 beam=9 Eval=-6 + 5im Aval=-114 + 9im sval=10 Jval=1 - 1im
    freq=122 polr=0 time=3151 dish=32 beam=14 Eval=-4 + 3im Aval=-67 + 114im sval=8 Jval=0 - 3im
    freq=19 polr=1 time=3981 dish=4 beam=1 Eval=-5 + 1im Aval=-122 - 119im sval=7 Jval=6 + 4im
    freq=1 polr=1 time=169 dish=40 beam=11 Eval=5 + 0im Aval=-125 - 85im sval=9 Jval=-1 - 1im
    freq=126 polr=1 time=5413 dish=7 beam=7 Eval=-1 + 4im Aval=-18 + 122im sval=8 Jval=-2 - 1im
    freq=41 polr=1 time=406 dish=59 beam=5 Eval=-4 - 5im Aval=78 + 56im sval=8 Jval=0 - 2im
    freq=80 polr=0 time=8164 dish=28 beam=7 Eval=2 - 1im Aval=-51 + 6im sval=4 Jval=-6 + 4im
    freq=101 polr=0 time=6230 dish=38 beam=10 Eval=-7 + 3im Aval=-51 + 20im sval=8 Jval=1 - 1im
    freq=80 polr=0 time=4971 dish=42 beam=6 Eval=0 - 1im Aval=116 + 7im sval=5 Jval=0 - 4im
    freq=43 polr=0 time=4649 dish=15 beam=15 Eval=-5 + 6im Aval=-106 - 53im sval=10 Jval=1 + 0im
    freq=38 polr=0 time=4470 dish=55 beam=7 Eval=6 + 4im Aval=60 - 37im sval=8 Jval=2 + 0im
    freq=75 polr=1 time=7661 dish=55 beam=12 Eval=-6 + 4im Aval=115 + 85im sval=9 Jval=-2 + 0im
    freq=43 polr=1 time=2213 dish=18 beam=3 Eval=5 + 0im Aval=-60 - 63im sval=6 Jval=-5 - 5im
    freq=38 polr=1 time=915 dish=47 beam=12 Eval=-6 + 7im Aval=102 + 85im sval=11 Jval=-1 + 0im
    freq=40 polr=0 time=6191 dish=23 beam=6 Eval=7 + 7im Aval=-50 + 112im sval=10 Jval=-1 + 0im
    freq=64 polr=0 time=5031 dish=60 beam=12 Eval=4 - 7im Aval=-6 + 62im sval=7 Jval=3 + 2im
    freq=72 polr=0 time=8101 dish=59 beam=9 Eval=-4 - 6im Aval=-116 + 56im sval=10 Jval=1 + 0im
    freq=63 polr=0 time=3548 dish=4 beam=3 Eval=2 + 5im Aval=-41 - 19im sval=7 Jval=0 - 2im
    freq=4 polr=0 time=6498 dish=40 beam=4 Eval=-5 + 5im Aval=-17 - 117im sval=10 Jval=1 + 0im
    freq=6 polr=1 time=2017 dish=34 beam=0 Eval=-1 + 1im Aval=68 + 54im sval=5 Jval=-4 + 1im
    freq=83 polr=0 time=922 dish=24 beam=14 Eval=1 - 3im Aval=-57 - 23im sval=8 Jval=0 + 1im
    freq=32 polr=1 time=2530 dish=21 beam=4 Eval=2 + 4im Aval=33 + 38im sval=7 Jval=-1 + 2im
    freq=78 polr=0 time=3290 dish=43 beam=3 Eval=4 + 1im Aval=-7 + 34im sval=6 Jval=-1 + 2im
    freq=48 polr=1 time=5767 dish=30 beam=7 Eval=7 - 6im Aval=-110 - 9im sval=10 Jval=-1 + 1im
    freq=100 polr=0 time=4504 dish=35 beam=14 Eval=-3 + 0im Aval=-43 - 44im sval=5 Jval=4 + 4im
    freq=92 polr=1 time=248 dish=21 beam=6 Eval=-7 - 5im Aval=85 + 89im sval=9 Jval=0 - 2im
    freq=2 polr=1 time=1247 dish=11 beam=11 Eval=-5 + 6im Aval=-23 - 69im sval=9 Jval=1 + 0im
    freq=109 polr=0 time=1746 dish=57 beam=15 Eval=-6 - 5im Aval=-33 + 31im sval=6 Jval=6 + 0im
    freq=121 polr=1 time=4680 dish=8 beam=11 Eval=-2 - 6im Aval=-91 - 37im sval=8 Jval=0 + 2im
    freq=61 polr=0 time=3499 dish=42 beam=13 Eval=5 + 7im Aval=52 + 127im sval=10 Jval=-1 + 1im
    freq=6 polr=0 time=5179 dish=57 beam=2 Eval=2 + 2im Aval=-70 - 67im sval=9 Jval=0 - 1im
    freq=68 polr=1 time=7900 dish=35 beam=6 Eval=0 - 7im Aval=15 + 71im sval=9 Jval=1 + 0im
    freq=44 polr=0 time=5226 dish=38 beam=3 Eval=-1 - 6im Aval=72 + 85im sval=9 Jval=1 - 1im
    freq=13 polr=0 time=6901 dish=17 beam=8 Eval=-4 + 0im Aval=47 - 92im sval=7 Jval=-1 + 3im
    freq=36 polr=1 time=3070 dish=42 beam=6 Eval=2 + 6im Aval=66 - 65im sval=7 Jval=4 + 2im
    freq=113 polr=1 time=5921 dish=11 beam=5 Eval=-1 - 5im Aval=13 - 68im sval=8 Jval=-1 + 0im
    freq=4 polr=1 time=5541 dish=42 beam=3 Eval=4 + 3im Aval=93 + 13im sval=8 Jval=1 + 1im
    freq=93 polr=1 time=460 dish=45 beam=6 Eval=-6 + 2im Aval=-110 + 119im sval=7 Jval=3 - 7im
    freq=57 polr=1 time=365 dish=58 beam=6 Eval=-5 + 2im Aval=50 - 9im sval=6 Jval=-4 + 2im
    freq=58 polr=0 time=68 dish=15 beam=8 Eval=-6 + 4im Aval=-66 - 57im sval=9 Jval=1 + 0im
    freq=0 polr=0 time=2615 dish=6 beam=0 Eval=1 - 6im Aval=-57 - 2im sval=7 Jval=-1 + 3im
    freq=96 polr=1 time=6151 dish=41 beam=4 Eval=-3 + 4im Aval=40 + 12im sval=6 Jval=-3 + 2im
    freq=13 polr=1 time=4366 dish=33 beam=5 Eval=7 + 7im Aval=-105 - 106im sval=11 Jval=0 - 1im
    freq=30 polr=1 time=6603 dish=55 beam=1 Eval=-7 + 6im Aval=-107 + 65im sval=10 Jval=0 - 1im
    freq=69 polr=0 time=196 dish=56 beam=12 Eval=-2 - 4im Aval=87 - 32im sval=6 Jval=-5 - 4im
    freq=109 polr=0 time=3855 dish=12 beam=3 Eval=-5 + 3im Aval=33 - 5im sval=5 Jval=-5 + 4im
    freq=10 polr=0 time=6121 dish=21 beam=4 Eval=-7 + 1im Aval=105 - 117im sval=9 Jval=-1 + 2im
    freq=72 polr=0 time=1992 dish=63 beam=12 Eval=-1 + 0im Aval=0 - 65im sval=4 Jval=0 + 4im
    freq=84 polr=1 time=4761 dish=57 beam=6 Eval=0 - 3im Aval=-116 + 36im sval=6 Jval=2 + 5im
    freq=74 polr=1 time=4260 dish=16 beam=9 Eval=4 + 3im Aval=65 - 99im sval=7 Jval=4 - 2im
    freq=120 polr=1 time=7066 dish=36 beam=13 Eval=-4 - 2im Aval=59 - 88im sval=6 Jval=-6 + 4im
    freq=40 polr=1 time=2300 dish=23 beam=2 Eval=-6 - 1im Aval=-57 + 71im sval=7 Jval=3 - 3im
    freq=30 polr=1 time=330 dish=35 beam=1 Eval=6 + 4im Aval=-125 - 60im sval=10 Jval=0 - 1im
    freq=33 polr=1 time=549 dish=48 beam=1 Eval=4 + 1im Aval=112 - 73im sval=9 Jval=1 + 0im
    freq=98 polr=1 time=24 dish=63 beam=6 Eval=-5 + 1im Aval=-7 + 112im sval=9 Jval=0 - 1im
    freq=73 polr=1 time=6983 dish=23 beam=11 Eval=2 - 4im Aval=-34 + 42im sval=6 Jval=2 + 3im
    freq=99 polr=1 time=5438 dish=22 beam=1 Eval=7 + 5im Aval=89 - 66im sval=8 Jval=4 + 0im
    freq=57 polr=0 time=6550 dish=35 beam=13 Eval=2 - 2im Aval=-26 - 81im sval=7 Jval=-2 - 1im
    freq=87 polr=0 time=3778 dish=10 beam=14 Eval=-5 + 0im Aval=61 + 17im sval=9 Jval=-1 + 0im
    freq=25 polr=1 time=509 dish=46 beam=4 Eval=7 + 2im Aval=-98 - 120im sval=8 Jval=-2 - 4im
    freq=28 polr=1 time=5593 dish=53 beam=5 Eval=-3 - 7im Aval=-76 - 85im sval=8 Jval=-1 + 3im
    freq=52 polr=0 time=2972 dish=6 beam=2 Eval=5 + 6im Aval=65 - 14im sval=7 Jval=3 + 3im
    freq=96 polr=1 time=3106 dish=6 beam=1 Eval=-5 + 3im Aval=-23 - 4im sval=8 Jval=1 + 0im
    freq=101 polr=0 time=747 dish=10 beam=2 Eval=-1 + 4im Aval=43 + 104im sval=9 Jval=-1 + 0im
    freq=112 polr=1 time=7307 dish=55 beam=15 Eval=4 + 2im Aval=-107 + 117im sval=7 Jval=-5 + 2im
    freq=84 polr=0 time=7044 dish=52 beam=5 Eval=-3 - 7im Aval=9 - 75im sval=10 Jval=-1 + 0im
    freq=24 polr=1 time=1012 dish=38 beam=4 Eval=5 - 3im Aval=72 + 23im sval=9 Jval=1 + 0im
    freq=55 polr=0 time=2772 dish=47 beam=0 Eval=6 + 1im Aval=26 + 33im sval=6 Jval=2 + 4im
    freq=51 polr=0 time=5862 dish=23 beam=9 Eval=-7 - 4im Aval=-86 - 81im sval=7 Jval=2 + 7im
    freq=111 polr=1 time=7527 dish=7 beam=6 Eval=0 - 5im Aval=73 - 104im sval=9 Jval=-1 - 1im
    freq=37 polr=1 time=3973 dish=30 beam=10 Eval=-6 - 7im Aval=-18 - 47im sval=8 Jval=-1 + 2im
    freq=50 polr=0 time=4446 dish=30 beam=15 Eval=7 - 2im Aval=0 - 109im sval=10 Jval=0 - 1im
    freq=64 polr=0 time=613 dish=54 beam=5 Eval=-4 + 7im Aval=-5 + 111im sval=8 Jval=-3 - 2im
    freq=86 polr=0 time=1647 dish=44 beam=3 Eval=-6 - 1im Aval=83 - 94im sval=10 Jval=-1 + 0im
    freq=69 polr=0 time=3057 dish=40 beam=14 Eval=-5 - 5im Aval=113 + 95im sval=10 Jval=0 - 1im
    freq=117 polr=1 time=7122 dish=8 beam=5 Eval=-7 + 3im Aval=11 + 103im sval=8 Jval=-1 - 3im
    freq=3 polr=1 time=1351 dish=51 beam=11 Eval=0 + 1im Aval=-103 - 91im sval=4 Jval=6 - 6im
    freq=28 polr=0 time=3426 dish=35 beam=4 Eval=-3 - 2im Aval=12 + 1im sval=4 Jval=-2 - 2im
    freq=82 polr=0 time=7313 dish=51 beam=0 Eval=-1 + 0im Aval=66 + 50im sval=4 Jval=-4 - 3im
    freq=121 polr=0 time=2729 dish=49 beam=13 Eval=2 - 3im Aval=59 - 32im sval=5 Jval=1 - 7im
    freq=119 polr=0 time=5524 dish=59 beam=3 Eval=0 - 5im Aval=10 + 123im sval=8 Jval=2 + 0im
    freq=35 polr=0 time=5766 dish=61 beam=2 Eval=-2 - 7im Aval=125 + 4im sval=8 Jval=-1 - 3im
    freq=20 polr=1 time=5651 dish=49 beam=13 Eval=1 + 0im Aval=68 - 58im sval=5 Jval=2 - 2im
    freq=2 polr=0 time=64 dish=1 beam=15 Eval=5 + 7im Aval=79 + 84im sval=9 Jval=0 + 2im
    freq=48 polr=0 time=5105 dish=2 beam=8 Eval=-1 - 4im Aval=60 - 117im sval=7 Jval=-4 - 1im
    freq=40 polr=1 time=7776 dish=59 beam=9 Eval=0 - 3im Aval=-85 - 116im sval=9 Jval=-1 + 1im
    freq=12 polr=1 time=3960 dish=51 beam=13 Eval=-1 - 4im Aval=-102 + 37im sval=9 Jval=0 + 1im
    freq=123 polr=1 time=4388 dish=44 beam=5 Eval=5 + 2im Aval=48 - 22im sval=7 Jval=2 + 0im
    freq=21 polr=0 time=7785 dish=17 beam=12 Eval=-4 - 4im Aval=62 + 127im sval=8 Jval=1 - 3im
    freq=89 polr=0 time=8068 dish=40 beam=10 Eval=7 + 2im Aval=29 + 4im sval=7 Jval=2 + 1im
    freq=28 polr=0 time=7109 dish=8 beam=7 Eval=-1 - 5im Aval=86 + 109im sval=10 Jval=0 - 1im
    freq=0 polr=1 time=4283 dish=42 beam=6 Eval=7 + 4im Aval=-51 - 105im sval=9 Jval=0 - 2im
    freq=60 polr=1 time=946 dish=12 beam=0 Eval=7 - 7im Aval=21 + 102im sval=9 Jval=2 + 1im
    freq=69 polr=1 time=6365 dish=56 beam=15 Eval=7 + 0im Aval=-82 + 80im sval=7 Jval=-4 + 4im
    freq=71 polr=1 time=4505 dish=11 beam=3 Eval=-4 + 1im Aval=85 + 37im sval=6 Jval=-6 - 1im
    freq=10 polr=0 time=7233 dish=47 beam=5 Eval=3 + 6im Aval=92 - 41im sval=9 Jval=1 + 1im
    freq=81 polr=1 time=1325 dish=40 beam=15 Eval=3 - 4im Aval=-66 - 125im sval=9 Jval=-1 + 0im
    freq=18 polr=0 time=5009 dish=33 beam=5 Eval=1 - 4im Aval=-8 + 96im sval=7 Jval=3 + 1im
    freq=63 polr=0 time=137 dish=29 beam=1 Eval=0 - 1im Aval=-46 + 62im sval=7 Jval=1 + 0im
    freq=113 polr=1 time=3461 dish=17 beam=9 Eval=-4 - 7im Aval=-29 + 109im sval=7 Jval=7 - 2im
    freq=60 polr=1 time=2153 dish=25 beam=6 Eval=0 + 2im Aval=92 + 52im sval=5 Jval=-3 + 6im
    freq=34 polr=0 time=3066 dish=43 beam=7 Eval=-1 + 6im Aval=-92 - 9im sval=7 Jval=1 - 4im
    freq=56 polr=1 time=7236 dish=53 beam=5 Eval=-4 - 4im Aval=115 + 21im sval=9 Jval=-1 - 1im
    freq=33 polr=1 time=4179 dish=52 beam=6 Eval=-3 + 3im Aval=-71 + 27im sval=7 Jval=1 - 2im
    freq=57 polr=0 time=6961 dish=46 beam=5 Eval=5 - 3im Aval=-72 + 51im sval=8 Jval=-1 + 2im
    freq=49 polr=1 time=5455 dish=9 beam=9 Eval=4 - 5im Aval=-51 + 122im sval=9 Jval=1 + 1im
    freq=20 polr=1 time=164 dish=40 beam=11 Eval=1 - 3im Aval=-67 - 77im sval=9 Jval=-1 + 0im
    freq=39 polr=0 time=39 dish=26 beam=13 Eval=-5 + 0im Aval=13 - 48im sval=8 Jval=0 + 1im
    freq=110 polr=1 time=7319 dish=24 beam=14 Eval=-4 + 3im Aval=55 + 70im sval=6 Jval=-7 - 2im
    freq=23 polr=0 time=2726 dish=12 beam=2 Eval=-5 + 0im Aval=39 - 63im sval=7 Jval=-2 + 2im
    freq=97 polr=0 time=1971 dish=28 beam=6 Eval=0 + 4im Aval=-35 + 5im sval=7 Jval=0 - 1im
    freq=80 polr=1 time=1152 dish=61 beam=8 Eval=3 + 1im Aval=9 + 71im sval=5 Jval=-1 + 7im
    freq=94 polr=1 time=528 dish=56 beam=12 Eval=-6 + 6im Aval=50 + 29im sval=9 Jval=-1 + 0im
    freq=65 polr=1 time=5259 dish=54 beam=2 Eval=6 + 3im Aval=82 - 69im sval=9 Jval=1 + 0im
    freq=88 polr=1 time=4391 dish=60 beam=3 Eval=5 - 4im Aval=-43 + 21im sval=6 Jval=-2 + 4im
    freq=0 polr=1 time=3050 dish=52 beam=0 Eval=5 + 6im Aval=-81 + 30im sval=10 Jval=-1 + 0im
    freq=25 polr=1 time=2209 dish=51 beam=4 Eval=-6 - 5im Aval=-55 + 65im sval=8 Jval=3 + 0im
    freq=1 polr=1 time=2913 dish=51 beam=0 Eval=3 - 7im Aval=-11 + 7im sval=7 Jval=0 + 1im
    freq=69 polr=0 time=5760 dish=42 beam=14 Eval=1 - 6im Aval=-35 + 109im sval=10 Jval=1 + 0im
    freq=6 polr=0 time=3563 dish=44 beam=3 Eval=0 - 3im Aval=97 + 82im sval=8 Jval=1 - 1im
    freq=13 polr=1 time=2195 dish=21 beam=0 Eval=7 - 1im Aval=4 - 64im sval=6 Jval=-1 - 7im
    freq=104 polr=1 time=5831 dish=16 beam=8 Eval=-5 - 7im Aval=87 + 61im sval=10 Jval=0 - 1im
    freq=42 polr=1 time=597 dish=60 beam=14 Eval=7 - 1im Aval=-97 + 40im sval=9 Jval=-1 + 1im
    freq=119 polr=0 time=5412 dish=23 beam=3 Eval=-1 - 3im Aval=-8 - 114im sval=8 Jval=-1 + 1im
    freq=9 polr=1 time=6357 dish=22 beam=12 Eval=-3 - 7im Aval=-99 - 43im sval=7 Jval=0 + 6im
    freq=60 polr=1 time=1904 dish=24 beam=3 Eval=-7 - 1im Aval=-76 + 123im sval=9 Jval=1 - 2im
    freq=126 polr=1 time=2794 dish=14 beam=9 Eval=-2 - 1im Aval=51 - 68im sval=5 Jval=-5 + 3im
    freq=63 polr=1 time=5010 dish=6 beam=9 Eval=5 + 4im Aval=-82 + 121im sval=7 Jval=-7 + 2im
    freq=7 polr=1 time=7811 dish=51 beam=12 Eval=-1 + 6im Aval=82 + 108im sval=10 Jval=-1 + 0im
    freq=61 polr=0 time=3396 dish=16 beam=3 Eval=-1 + 3im Aval=79 - 122im sval=9 Jval=1 + 1im
    freq=26 polr=0 time=6885 dish=18 beam=9 Eval=7 - 6im Aval=111 - 32im sval=10 Jval=1 - 1im
    freq=43 polr=1 time=6803 dish=3 beam=3 Eval=-3 - 2im Aval=-115 - 76im sval=6 Jval=3 + 7im
    freq=95 polr=1 time=5950 dish=28 beam=14 Eval=5 + 4im Aval=-2 - 53im sval=7 Jval=2 - 2im
    freq=51 polr=0 time=3755 dish=51 beam=14 Eval=-5 - 5im Aval=-96 - 41im sval=10 Jval=0 + 1im
    freq=122 polr=1 time=8108 dish=19 beam=8 Eval=-1 + 7im Aval=-48 - 107im sval=7 Jval=6 - 2im
    freq=37 polr=1 time=4202 dish=31 beam=6 Eval=0 - 3im Aval=100 - 4im sval=9 Jval=0 - 1im
    freq=78 polr=0 time=922 dish=47 beam=4 Eval=7 - 7im Aval=-10 - 10im sval=6 Jval=-2 + 0im
    freq=99 polr=1 time=3250 dish=37 beam=2 Eval=1 + 6im Aval=127 + 12im sval=10 Jval=0 + 1im
    freq=40 polr=0 time=4996 dish=24 beam=9 Eval=5 + 5im Aval=68 + 83im sval=8 Jval=0 + 3im
    freq=58 polr=0 time=506 dish=43 beam=4 Eval=-5 + 0im Aval=88 - 20im sval=7 Jval=-3 + 1im
    freq=112 polr=1 time=7305 dish=20 beam=4 Eval=2 + 5im Aval=26 - 121im sval=10 Jval=1 + 0im
    freq=124 polr=1 time=215 dish=59 beam=12 Eval=-3 + 4im Aval=45 - 122im sval=10 Jval=0 + 1im
    freq=3 polr=1 time=7118 dish=10 beam=10 Eval=3 + 6im Aval=-56 + 49im sval=9 Jval=-1 + 0im
    freq=42 polr=0 time=2791 dish=62 beam=3 Eval=7 + 0im Aval=116 + 106im sval=8 Jval=3 + 3im
    freq=101 polr=1 time=1458 dish=53 beam=5 Eval=-2 + 7im Aval=-32 + 76im sval=7 Jval=-4 - 3im
    freq=85 polr=0 time=49 dish=21 beam=14 Eval=4 + 6im Aval=74 - 50im sval=7 Jval=5 + 2im
    freq=105 polr=1 time=1325 dish=49 beam=4 Eval=-7 + 5im Aval=-13 + 29im sval=6 Jval=-1 - 4im
    freq=113 polr=1 time=4633 dish=18 beam=10 Eval=3 - 7im Aval=29 - 59im sval=8 Jval=-1 - 1im
    freq=43 polr=0 time=4168 dish=0 beam=5 Eval=4 + 6im Aval=-32 + 35im sval=6 Jval=-5 - 1im
    freq=0 polr=1 time=7169 dish=11 beam=3 Eval=4 - 2im Aval=53 - 101im sval=7 Jval=0 - 4im
    freq=89 polr=0 time=4087 dish=42 beam=11 Eval=0 - 1im Aval=-64 - 114im sval=6 Jval=-2 + 1im
    freq=77 polr=1 time=6491 dish=6 beam=12 Eval=0 - 1im Aval=-104 + 42im sval=4 Jval=3 + 7im
    freq=15 polr=0 time=2783 dish=5 beam=6 Eval=-4 + 7im Aval=-121 - 55im sval=10 Jval=1 - 1im
    freq=87 polr=0 time=2187 dish=61 beam=12 Eval=1 + 4im Aval=-12 - 5im sval=5 Jval=0 - 2im
    freq=56 polr=0 time=4010 dish=49 beam=4 Eval=7 + 4im Aval=-44 - 88im sval=9 Jval=0 - 2im
    freq=104 polr=1 time=778 dish=36 beam=8 Eval=1 + 7im Aval=-4 + 86im sval=10 Jval=-1 + 0im
    freq=13 polr=1 time=3347 dish=0 beam=3 Eval=5 + 7im Aval=-98 + 67im sval=7 Jval=-7 - 3im
    freq=60 polr=0 time=115 dish=15 beam=8 Eval=4 - 7im Aval=49 - 90im sval=7 Jval=-3 - 5im
    freq=102 polr=1 time=967 dish=56 beam=13 Eval=3 - 1im Aval=-15 + 53im sval=6 Jval=0 + 3im
    freq=117 polr=1 time=4968 dish=37 beam=11 Eval=-3 + 4im Aval=-7 + 108im sval=9 Jval=-1 - 1im
    freq=10 polr=0 time=4968 dish=30 beam=5 Eval=-5 + 2im Aval=44 - 123im sval=9 Jval=0 + 1im
    freq=82 polr=0 time=7885 dish=55 beam=13 Eval=-2 + 2im Aval=-79 + 21im sval=8 Jval=0 - 1im
    freq=117 polr=1 time=995 dish=50 beam=13 Eval=7 + 1im Aval=112 + 103im sval=8 Jval=3 + 3im
    freq=32 polr=1 time=329 dish=29 beam=7 Eval=-4 - 1im Aval=31 - 127im sval=8 Jval=-1 + 2im
    freq=83 polr=1 time=249 dish=53 beam=2 Eval=6 - 4im Aval=93 + 100im sval=10 Jval=1 + 0im
    freq=68 polr=0 time=4993 dish=21 beam=14 Eval=6 + 4im Aval=-18 - 39im sval=9 Jval=0 - 1im
    freq=56 polr=0 time=5547 dish=39 beam=4 Eval=3 + 6im Aval=21 - 86im sval=9 Jval=1 + 0im
    freq=121 polr=0 time=806 dish=12 beam=10 Eval=0 - 4im Aval=-43 - 71im sval=9 Jval=-1 + 0im
    freq=75 polr=1 time=4962 dish=8 beam=2 Eval=-2 - 7im Aval=27 + 39im sval=7 Jval=2 - 2im
    freq=92 polr=1 time=7420 dish=62 beam=2 Eval=5 + 0im Aval=-12 + 42im sval=6 Jval=-1 + 3im
    freq=87 polr=0 time=708 dish=36 beam=0 Eval=-4 - 6im Aval=124 + 33im sval=8 Jval=-1 - 3im
    freq=12 polr=1 time=4003 dish=31 beam=12 Eval=-4 - 1im Aval=79 + 119im sval=9 Jval=0 - 1im
    freq=48 polr=0 time=6500 dish=53 beam=13 Eval=-2 - 1im Aval=-76 - 20im sval=5 Jval=4 + 4im
    freq=85 polr=0 time=7313 dish=40 beam=1 Eval=6 - 5im Aval=-123 + 116im sval=11 Jval=0 + 1im
    freq=34 polr=0 time=1042 dish=0 beam=8 Eval=0 + 3im Aval=50 + 17im sval=8 Jval=0 + 1im
    freq=24 polr=0 time=1149 dish=39 beam=13 Eval=-2 - 6im Aval=-24 - 42im sval=6 Jval=-3 + 4im
    freq=50 polr=1 time=1682 dish=46 beam=2 Eval=0 - 7im Aval=16 - 88im sval=10 Jval=-1 + 0im
    freq=20 polr=0 time=607 dish=44 beam=15 Eval=-7 + 1im Aval=69 - 117im sval=9 Jval=-1 + 2im
    freq=41 polr=0 time=641 dish=63 beam=9 Eval=-7 + 7im Aval=-23 - 36im sval=8 Jval=2 + 0im
    freq=20 polr=1 time=1792 dish=8 beam=4 Eval=1 - 4im Aval=106 + 70im sval=7 Jval=3 - 3im
    freq=20 polr=0 time=1967 dish=11 beam=6 Eval=0 + 3im Aval=-6 + 93im sval=6 Jval=-4 + 0im
    freq=43 polr=0 time=4593 dish=7 beam=4 Eval=-1 - 1im Aval=117 - 76im sval=6 Jval=-3 - 1im
    freq=96 polr=0 time=322 dish=45 beam=13 Eval=5 + 1im Aval=-99 - 27im sval=9 Jval=-1 + 0im
    freq=86 polr=1 time=4351 dish=59 beam=3 Eval=4 + 3im Aval=127 + 12im sval=8 Jval=2 + 2im
    freq=28 polr=0 time=1143 dish=0 beam=2 Eval=-4 + 0im Aval=93 - 92im sval=6 Jval=-6 + 6im
    freq=15 polr=1 time=2739 dish=60 beam=1 Eval=-2 - 1im Aval=-55 - 93im sval=6 Jval=0 + 4im
    freq=108 polr=1 time=1057 dish=35 beam=12 Eval=-1 - 4im Aval=-103 + 24im sval=8 Jval=1 + 2im
    freq=102 polr=0 time=1557 dish=62 beam=14 Eval=-5 + 6im Aval=93 - 26im sval=10 Jval=0 + 1im
Copying data from CPU to GPU...
Running kernel...
Copying data back from GPU to CPU...
Done.
