Determining if the pthread_create exist failed with the following output:
Change Dir: /root/arun/kotekan/cmake/CMakeFiles/CMakeTmp

Run Build Command:"/usr/bin/make" "cmTC_57c8d/fast"
/usr/bin/make -f CMakeFiles/cmTC_57c8d.dir/build.make CMakeFiles/cmTC_57c8d.dir/build
make[1]: Entering directory '/root/arun/kotekan/cmake/CMakeFiles/CMakeTmp'
Building C object CMakeFiles/cmTC_57c8d.dir/CheckSymbolExists.c.o
/usr/bin/cc     -o CMakeFiles/cmTC_57c8d.dir/CheckSymbolExists.c.o   -c /root/arun/kotekan/cmake/CMakeFiles/CMakeTmp/CheckSymbolExists.c
Linking C executable cmTC_57c8d
/usr/bin/cmake -E cmake_link_script CMakeFiles/cmTC_57c8d.dir/link.txt --verbose=1
/usr/bin/cc       CMakeFiles/cmTC_57c8d.dir/CheckSymbolExists.c.o  -o cmTC_57c8d -rdynamic 
CMakeFiles/cmTC_57c8d.dir/CheckSymbolExists.c.o: In function `main':
CheckSymbolExists.c:(.text+0x16): undefined reference to `pthread_create'
collect2: error: ld returned 1 exit status
CMakeFiles/cmTC_57c8d.dir/build.make:97: recipe for target 'cmTC_57c8d' failed
make[1]: *** [cmTC_57c8d] Error 1
make[1]: Leaving directory '/root/arun/kotekan/cmake/CMakeFiles/CMakeTmp'
Makefile:126: recipe for target 'cmTC_57c8d/fast' failed
make: *** [cmTC_57c8d/fast] Error 2

File /root/arun/kotekan/cmake/CMakeFiles/CMakeTmp/CheckSymbolExists.c:
/* */
#include <pthread.h>

int main(int argc, char** argv)
{
  (void)argv;
#ifndef pthread_create
  return ((int*)(&pthread_create))[argc];
#else
  (void)argc;
  return 0;
#endif
}

Determining if the function pthread_create exists in the pthreads failed with the following output:
Change Dir: /root/arun/kotekan/cmake/CMakeFiles/CMakeTmp

Run Build Command:"/usr/bin/make" "cmTC_ec11b/fast"
/usr/bin/make -f CMakeFiles/cmTC_ec11b.dir/build.make CMakeFiles/cmTC_ec11b.dir/build
make[1]: Entering directory '/root/arun/kotekan/cmake/CMakeFiles/CMakeTmp'
Building C object CMakeFiles/cmTC_ec11b.dir/CheckFunctionExists.c.o
/usr/bin/cc    -DCHECK_FUNCTION_EXISTS=pthread_create   -o CMakeFiles/cmTC_ec11b.dir/CheckFunctionExists.c.o   -c /usr/share/cmake-3.5/Modules/CheckFunctionExists.c
Linking C executable cmTC_ec11b
/usr/bin/cmake -E cmake_link_script CMakeFiles/cmTC_ec11b.dir/link.txt --verbose=1
/usr/bin/cc   -DCHECK_FUNCTION_EXISTS=pthread_create    CMakeFiles/cmTC_ec11b.dir/CheckFunctionExists.c.o  -o cmTC_ec11b -rdynamic -lpthreads 
/usr/bin/ld: cannot find -lpthreads
collect2: error: ld returned 1 exit status
CMakeFiles/cmTC_ec11b.dir/build.make:97: recipe for target 'cmTC_ec11b' failed
make[1]: *** [cmTC_ec11b] Error 1
make[1]: Leaving directory '/root/arun/kotekan/cmake/CMakeFiles/CMakeTmp'
Makefile:126: recipe for target 'cmTC_ec11b/fast' failed
make: *** [cmTC_ec11b/fast] Error 2


